  -18.7138963651    	  -143.722206613    	  -10.5633864878    
           0
         800
   2.15033184149    	  0.158046462366    
  -2.11625499551    	 -0.155541860588    
  -4.17897831499    	 -0.307149215878    
  -4.28803684366    	 -0.315164869237    
   1.63471161885    	  0.120149078093    
   1.83740134322    	  0.135046496843    
  -3.98272766368    	 -0.292725060230    
   6.13772910092    	  0.451114731526    
   3.94007849433    	  0.289590404356    
   25.6438517468    	   1.88478818564    
   4.42457507984    	  0.325200243680    
  -3.59355359356    	 -0.264121295992    
  -20.0207289848    	  -1.47149631931    
  -2.85875355805    	 -0.210114493917    
  -6.26941688926    	 -0.460793604658    
   17.0882506778    	   1.25596315673    
  -2.76859998823    	 -0.203488329292    
  0.467912567127    	  0.343909365543E-01
  -3.00950403527    	 -0.221194448724    
  0.647121899291    	  0.475625784493E-01
  -3.42903607903    	 -0.252029482688    
  -33.6142649952    	  -2.47060270654    
   11.2931541656    	  0.830031453935    
  -3.31116374199    	 -0.243366026415    
  -17.7762038699    	  -1.30652677960    
  -11.3036913062    	 -0.830805919420    
   4.81445592243    	  0.353855954732    
  -5.88353189252    	 -0.432431582834    
  -4.32355150774    	 -0.317775148689    
   1.48580541871    	  0.109204675140    
  0.571705077688    	  0.420195447522E-01
   2.30248882686    	  0.169229793608    
  -2.18801709722    	 -0.160816277349    
  -3.77299747395    	 -0.277310176862    
  -3.38218242464    	 -0.248585802888    
  -29.0555878907    	  -2.13554614665    
  -2.32018061272    	 -0.170530115779    
  -7.23015230805    	 -0.531406349760    
  -9.00837199518    	 -0.662103075465    
   6.69229977658    	  0.491874921060    
   4.91389960975    	  0.361164930343    
  -2.95935069073    	 -0.217508246191    
  -3.45719386915    	 -0.254099041921    
  -3.24799404228    	 -0.238723139501    
  0.148364658648    	  0.109046003910E-01
  -2.05509381856    	 -0.151046597362    
   11.7783358986    	  0.865691650665    
  -4.25421935953    	 -0.312679330200    
  -2.44910750583    	 -0.180006066870    
  0.825499304327    	  0.606730748333E-01
   12.9810865835    	  0.954092188291    
  -15.7459438256    	  -1.15730543084    
  -8.92920577951    	 -0.656284466410    
   43.5001582587    	   3.19720240036    
  -4.06239605151    	 -0.298580578256    
  -4.53096101102    	 -0.333019464762    
  -9.47073554734    	 -0.696086166975    
  -6.97437340557    	 -0.512606948708    
  -3.24511160443    	 -0.238511284244    
  -3.17418719102    	 -0.233298436432    
   4.72639599716    	  0.347383670131    
  -2.03316236261    	 -0.149434665212    
   7.60035602850    	  0.558615819128    
  -1.86408826554    	 -0.137007949295    
   12.0852559633    	  0.888249857510    
  -15.1715047290    	  -1.11508493942    
   1.34903423846    	  0.991521796247E-01
  -1.03706534181    	 -0.762228905107E-01
   31.1411335996    	   2.28883091649    
  -1.44232926825    	 -0.106009237280    
  -6.02561987928    	 -0.442874856388    
  -6.43681042260    	 -0.473096801428    
  -1.56480639437    	 -0.115011139280    
  -5.23276773321    	 -0.384601303233    
  -3.50339574375    	 -0.257494816794    
   8.80806794212    	  0.647381000308    
  0.700690424564    	  0.514997921157E-01
  -4.62517023972    	 -0.339943714792    
 -0.660216462260E-01	 -0.485250109974E-02
   22.2025002224    	   1.63185353448    
  -2.43718253571    	 -0.179129597804    
 -0.380927705044    	 -0.279976676334E-01
   6.27936122503    	  0.461524499796    
  -4.66610632101    	 -0.342952461027    
   10.9569315011    	  0.805319545909    
  0.453134251320    	  0.333047504653E-01
  -5.26390568202    	 -0.386889900072    
  -15.6694529559    	  -1.15168345607    
 -0.155864901007    	 -0.114558579918E-01
  -3.38315047787    	 -0.248656953483    
  -6.00515096107    	 -0.441370418771    
  -7.36155513171    	 -0.541064278376    
   1.41744184513    	  0.104180045568    
  -7.56421935216    	 -0.555959822622    
 -0.506927085312    	 -0.372584505170E-01
   18.7037324877    	   1.37469887005    
  -2.55816546774    	 -0.188021678573    
  -10.7169630659    	 -0.787682192674    
  -4.40859878419    	 -0.324026007703    
  -5.19436505131    	 -0.381778758404    
  -5.36129648472    	 -0.394047991459    
  -4.30519850636    	 -0.316426228077    
  -5.82348369595    	 -0.428018122150    
   2.30303149648    	  0.169269679086    
 -0.169922437378    	 -0.124890677737E-01
  -3.86460720036    	 -0.284043367014    
  -3.50735864206    	 -0.257786084424    
  -2.83810622750    	 -0.208596943236    
  -7.83143955838    	 -0.575600143921    
  -19.3355081747    	  -1.42113352279    
  -4.98040184419    	 -0.366052754022    
   12.6925699804    	  0.932886610821    
  -2.53746327606    	 -0.186500095673    
  -8.11066872358    	 -0.596123107354    
  -1.53395871054    	 -0.112743876522    
  -3.54640621625    	 -0.260656027958    
   3.61629412314    	  0.265792693952    
   7.54936524365    	  0.554868065873    
  -5.92898937359    	 -0.435772645796    
  -3.19290345294    	 -0.234674056199    
   1.28180477803    	  0.942109058257E-01
   10.5993268877    	  0.779036093753    
  -3.62839662562    	 -0.266682211405    
  -3.69733583505    	 -0.271749149428    
  -5.24599377896    	 -0.385573399586    
  -2.05439739588    	 -0.150995411243    
  -2.01360980336    	 -0.147997578731    
   2.11927902299    	  0.155764122490    
   10.4272191224    	  0.766386407353    
  -1.27586611984    	 -0.937744225348E-01
  -6.40034816204    	 -0.470416874925    
  -2.20502639711    	 -0.162066437731    
  -8.29958368294    	 -0.610008099632    
   11.8333318256    	  0.869733776419    
   1.65016127626    	  0.121284606876    
  -2.19988299522    	 -0.161688404695    
  -3.01049982231    	 -0.221267637716    
  0.182830232600    	  0.134377731467E-01
   7.79000604221    	  0.572554836901    
   2.30845527794    	  0.169668319639    
  -7.53714235546    	 -0.553969700234    
  -14.3200269258    	  -1.05250248029    
  -4.44936472452    	 -0.327022248809    
  -13.2941933553    	 -0.977105109677    
   2.82057183476    	  0.207308189245    
   2.08122433908    	  0.152967155039    
  -4.69121501568    	 -0.344797915896    
   3.86520451367    	  0.284087268729    
   20.2786836358    	   1.49045563492    
  -4.68590163569    	 -0.344407389701    
  -1.56205810305    	 -0.114809143610    
   3.70274349314    	  0.272146604933    
  -1.21747115949    	 -0.894824724627E-01
  -3.78469106112    	 -0.278169639597    
  0.681220570957E-01	  0.500687843866E-02
  -3.98765585741    	 -0.293087275759    
  -1.17951209703    	 -0.866925330582E-01
   1.36299019356    	  0.100177923322    
  -2.83857605524    	 -0.208631474935    
  -1.33411859916    	 -0.980559004459E-01
   7.39699109318    	  0.543668773292    
  -12.1409544383    	 -0.892343619581    
   8.93816511111    	  0.656942965083    
  -18.5340196964    	  -1.36222521098    
  -3.73266133750    	 -0.274345525756    
   3.02287840218    	  0.222177446481    
   13.6946417748    	   1.00653752324    
  -3.09035931240    	 -0.227137201497    
  -4.60133436831    	 -0.338191810700    
  -6.74132031920    	 -0.495477864194    
   4.66820902524    	  0.343107006925    
   4.43624983931    	  0.326058322604    
  -3.46115048891    	 -0.254389848086    
  -3.64919914931    	 -0.268211168570    
  -2.47810438802    	 -0.182137298228    
   3.50089673633    	  0.257311143151    
  -3.44352118634    	 -0.253094118352    
  -1.36360327116    	 -0.100222983690    
  -5.52912940008    	 -0.406383482209    
  -1.25307027779    	 -0.920989591843E-01
  -4.64360626747    	 -0.341298737728    
  -3.17135273651    	 -0.233090107886    
  -8.09255656694    	 -0.594791888502    
  -3.42731043525    	 -0.251902650220    
  -1.98611435255    	 -0.145976700535    
  -2.21494176778    	 -0.162795203973    
   5.12929952268    	  0.376996530646    
   5.10322365460    	  0.375079989848    
  -1.94354000800    	 -0.142847544182    
   1.67689947148    	  0.123249827816    
  -1.41240889227    	 -0.103810130386    
   126.273418950    	   9.28092435359    
   7.39445587430    	  0.543482438157    
  -1.21721107030    	 -0.894633562606E-01
  -4.04307623386    	 -0.297160597965    
  -5.55669102434    	 -0.408409224063    
  -2.76772162710    	 -0.203423770945    
  -1.60546220299    	 -0.117999285855    
  -2.23132990284    	 -0.163999709586    
   9.12298989454    	  0.670527335000    
  -4.38079280119    	 -0.321982305815    
   48.3711926261    	   3.55521679375    
  -5.20986849846    	 -0.382918240659    
  -3.10704830261    	 -0.228363819553    
  -7.55268111436    	 -0.555111777855    
  -2.84359400057    	 -0.209000287084    
   1.36569265169    	  0.100376550315    
   36.8245391311    	   2.70655348428    
  0.313141458325    	  0.230154708002E-01
   4.35247501760    	  0.319900987279    
  -4.05037757307    	 -0.297697236455    
  -30.5100485300    	  -2.24244702318    
  -10.0001920148    	 -0.735000496401    
   6.74338763167    	  0.495629808846    
  0.172970989788    	  0.127131322248E-01
  -2.32115735645    	 -0.170601905113    
  -1.38017511490    	 -0.101440991641    
  -3.77813790547    	 -0.277687991580    
  -2.49552332658    	 -0.183417566494    
   21.3808311887    	   1.57146197933    
  -6.78490417707    	 -0.498681218402    
   22.1343113821    	   1.62684174757    
 -0.875798758666    	 -0.643700162374E-01
  -1.61023976750    	 -0.118350430341    
  -3.03419533739    	 -0.223009225810    
  -13.8791949399    	  -1.02010192958    
  -21.9521419944    	  -1.61345254562    
   6.59494341235    	  0.484719360854    
   6.47337019395    	  0.475783894841    
 -0.368541414140E-01	 -0.270872921177E-02
  -2.01959383578    	 -0.148437396966    
  -1.07058696702    	 -0.786866843192E-01
  -3.57874602652    	 -0.263032959978    
  -2.64060037433    	 -0.194080531960    
  -3.11363263690    	 -0.228847759158    
  0.287065113700    	  0.210988949769E-01
  -2.10681566656    	 -0.154848082763    
  -5.73226246557    	 -0.421313485928    
  -2.32186578141    	 -0.170653973383    
  -6.37928523935    	 -0.468868778788    
   4.20000747396    	  0.308694830428    
  -1.83544946703    	 -0.134903036601    
  -5.13306859507    	 -0.377273552335    
  -3.12958582650    	 -0.230020296871    
 -0.305760776804    	 -0.224730007583E-01
  -2.61825368721    	 -0.192438080885    
  -1.57429871022    	 -0.115708811569    
  -2.99500844240    	 -0.220129042386    
  -10.7386353764    	 -0.789275077989    
  -9.25264680120    	 -0.680056941093    
  -1.88902573763    	 -0.138840819538    
  -2.51340209107    	 -0.184731631339    
   4.07665182622    	  0.299628358286    
  -15.0507822133    	  -1.10621199890    
   9.96547094198    	  0.732448544828    
  -2.28585522844    	 -0.168007246773    
   3.36418721017    	  0.247263179128    
  -6.54061266419    	 -0.480726124843    
  -1.00625325098    	 -0.739582437899E-01
   35.6662777772    	   2.62142285191    
  -2.06821084173    	 -0.152010680704    
  0.235050646174    	  0.172759024389E-01
 -0.977676123013    	 -0.718578637963E-01
  -4.11490978776    	 -0.302440266365    
   6.65174268901    	  0.488894030348    
  -1.80230675736    	 -0.132467092569    
  -2.94289732886    	 -0.216298946498    
  -8.42707989820    	 -0.619378897849    
  -2.16592706358    	 -0.159192689955    
  -42.8142257396    	  -3.14678729420    
  -8.87048728923    	 -0.651968737328    
  -2.76639599537    	 -0.203326338818    
  -1.24191995801    	 -0.912794258632E-01
  -6.92572194424    	 -0.509031132546    
  -3.47894960358    	 -0.255698058779    
  -2.01192729875    	 -0.147873916933    
  -4.23278801602    	 -0.311104155634    
  0.280995003144    	  0.206527501164E-01
  -3.41147996600    	 -0.250739132286    
  -3.78187582902    	 -0.277962723871    
  -3.49248452835    	 -0.256692857319    
  -12.1177894268    	 -0.890641022774    
  -3.32710437159    	 -0.244537640986    
  -3.53106895934    	 -0.259528760459    
  -4.43163440677    	 -0.325719094596    
  0.865671376142    	  0.636256674116E-01
  -2.06144623042    	 -0.151513490983    
  -1.65641514349    	 -0.121744257601    
  -3.44502484240    	 -0.253204635025    
   9.07329358022    	  0.666874723566    
  -3.69562240069    	 -0.271623214335    
  -4.30604315628    	 -0.316488308696    
  -5.18629630544    	 -0.381185716570    
  -2.87706866624    	 -0.211460629431    
  -3.78499959289    	 -0.278192316262    
  -5.88891786317    	 -0.432827444344    
   14.4085391272    	   1.05900800657    
  -10.0203563917    	 -0.736482550648    
  -2.89478240151    	 -0.212762564853    
  -3.04809386237    	 -0.224030748471    
  -1.40097550587    	 -0.102969792054    
  -2.57384408003    	 -0.189174035227    
  -3.30981792017    	 -0.243267110344    
  -5.37502607301    	 -0.395057097504    
  -8.57359341498    	 -0.630147441834    
  -1.42588924257    	 -0.104800917778    
   4.78784621536    	  0.351900177495    
  -9.88519316104    	 -0.726548237239    
   8.01261296682    	  0.588916142748    
  -4.79827812389    	 -0.352666908567    
  -2.38791271615    	 -0.175508333154    
  -2.66443805084    	 -0.195832568725    
   17.1441512185    	   1.26007177036    
  -3.76957104880    	 -0.277058339280    
 -0.170531544664    	 -0.125338363298E-01
  -6.53648524307    	 -0.480422765011    
  -1.72339151785    	 -0.126666929919    
   1.29087975021    	  0.948779039237E-01
  -1.80794827693    	 -0.132881736576    
  -5.06742884149    	 -0.372449119824    
  -2.89776764047    	 -0.212981975852    
  -7.48301846003    	 -0.549991667618    
   1.79259790560    	  0.131753505184    
  -3.91907454009    	 -0.288046642319    
  -4.69870261173    	 -0.345348244010    
  -4.13618584352    	 -0.304004027493    
  -12.0738144120    	 -0.887408919068    
 -0.726688027900    	 -0.534105805615E-01
   5.66864803686    	  0.416637912038    
  -5.90640554373    	 -0.434112765052    
  0.521537551159    	  0.383322998626E-01
  -8.10734661603    	 -0.595878936972    
  0.504166839091    	  0.370555761783E-01
  -4.22992439568    	 -0.310893683439    
  0.914227793952    	  0.671944980043E-01
  -12.6663159245    	 -0.930956973462    
  -5.90357620413    	 -0.433904812445    
 -0.315232864661    	 -0.231691863182E-01
  0.975687059408E-01	  0.717116703297E-02
   4.35551216088    	  0.320124213175    
  -2.73569893316    	 -0.201070146544    
  -3.37235523331    	 -0.247863517707    
   2.88355070801    	  0.211937050674    
  -2.08982759169    	 -0.153599482392    
  -4.98196758771    	 -0.366167834039    
  0.607801289395    	  0.446725671626E-01
  -1.85992651792    	 -0.136702066512    
   19.9390334690    	   1.46549181014    
   4.06503398877    	  0.298774463053    
   3.40178161375    	  0.250026316601    
   13.1564803378    	  0.966983390411    
  -3.31392466274    	 -0.243568950331    
   1.53446290520    	  0.112780934143    
  -2.06005816020    	 -0.151411469713    
   1.54069954900    	  0.113239318970    
  -9.38919493358    	 -0.690093042893    
  -2.88484429842    	 -0.212032127808    
   7.11818733239    	  0.523177076506    
  -5.82099379536    	 -0.427835117848    
 -0.563148387073    	 -0.413906396432E-01
  -1.89850699143    	 -0.139537678783    
 -0.564427084727E-01	 -0.414846221797E-02
  -2.89999327329    	 -0.213145556833    
   4.46625505958    	  0.328263665437    
  0.485394447502E-01	  0.356758309578E-02
   11.4753712651    	  0.843424162633    
  -24.3132293585    	  -1.78698925192    
  -4.71059900351    	 -0.346222612607    
  -2.40109403137    	 -0.176477141875    
  -12.5008981068    	 -0.918798989095    
  -10.7085264730    	 -0.787062114586    
 -0.747354691044    	 -0.549295521620E-01
   12.0993173312    	  0.889283348904    
   2.83471010701    	  0.208347333004    
  -9.65366488200    	 -0.709531223988    
  -5.80282656455    	 -0.426499851121    
  -3.61331509740    	 -0.265573739616    
  0.447480712937    	  0.328892230922E-01
  -4.90185211561    	 -0.360279455928    
  -9.31238387357    	 -0.684447534572    
  -3.78802618648    	 -0.278414766770    
  -3.87427973902    	 -0.284754285435    
  -1.73966360604    	 -0.127862906245    
  -4.60368695302    	 -0.338364722472    
  -6.30821762356    	 -0.463645405795    
  -10.0624716713    	 -0.739577966356    
  -17.9358785654    	  -1.31826265230    
   16.0635822556    	   1.18065142294    
  -3.43775009370    	 -0.252669950901    
   5.82074364219    	  0.427816731930    
   31.9816861255    	   2.35061038261    
  0.594555736204    	  0.436990370388E-01
  -7.88342870151    	 -0.579421275151    
  -2.81977170353    	 -0.207249380689    
  -3.91660739817    	 -0.287865310747    
  -3.19543432271    	 -0.234860071681    
  -5.21237039285    	 -0.383102126491    
 -0.143498202075    	 -0.105469224593E-01
  0.150795486239    	  0.110832629091E-01
 -0.472357847976    	 -0.347176586438E-01
  -4.03204952940    	 -0.296350150202    
  -5.06280354188    	 -0.372109166601    
  -3.59261337944    	 -0.264052191535    
  -3.48164985247    	 -0.255896523395    
 -0.991963877010    	 -0.729079942603E-01
  -5.92381261291    	 -0.435392160935    
   2.76312128441    	  0.203085652021    
 -0.724497250056    	 -0.532495613730E-01
   4.59335653796    	  0.337605451031    
  -9.68056238557    	 -0.711508153876    
  -4.51000887100    	 -0.331479511000    
  -4.57153738530    	 -0.336001773021    
   35.6281078550    	   2.61861741460    
  -2.33693592215    	 -0.171761608207    
  0.505671546824    	  0.371661701478E-01
 -0.600494240668    	 -0.441355090307E-01
  0.741211807161    	  0.544780585610E-01
  -38.2351334893    	  -2.81023024889    
  -1.37320448739    	 -0.100928660010    
  -2.88681527335    	 -0.212176991781    
  -3.13401368465    	 -0.230345738416    
 -0.550053338206E-02	 -0.404281713822E-03
 -0.511309215910    	 -0.375805311491E-01
  -7.19993499595    	 -0.529185418466    
  -13.3913672269    	 -0.984247256928    
   10.7775644616    	  0.792136312740    
  -2.33810215433    	 -0.171847324685    
  -13.0313363375    	 -0.957785476787    
  -3.97144824805    	 -0.291896038540    
  -4.30322839658    	 -0.316281427691    
  -3.13043492081    	 -0.230082704147    
  -5.70713178014    	 -0.419466414768    
  0.598867278029    	  0.440159294921E-01
   1.73820397587    	  0.127755625414    
  -1.00023410924    	 -0.735158450684E-01
  -28.4008153748    	  -2.08742125830    
  -3.35425142231    	 -0.246532912249    
   14.8954295522    	   1.09479378984    
  -3.05776277990    	 -0.224741400744    
  0.116213318878    	  0.854152069653E-02
  -1.20155120088    	 -0.883123771818E-01
  0.416951003901    	  0.306453310486E-01
  -2.31261631014    	 -0.169974149839    
  0.253110149231    	  0.186032513230E-01
  -1.47643705000    	 -0.108516112796    
  -6.31434957416    	 -0.464096095815    
   7.95946270688    	  0.585009671015    
   17.4722341706    	   1.28418542061    
  -2.06201296813    	 -0.151555145433    
  -3.28887651777    	 -0.241727945783    
  -4.06109692192    	 -0.298485094000    
  -7.80477053206    	 -0.573640006800    
  -7.36185578201    	 -0.541086375764    
  -3.27897746798    	 -0.241000379102    
  0.650860938278    	  0.478373927237E-01
 -0.263386931499    	 -0.193585808264E-01
  -2.97837942505    	 -0.218906832254    
  -1.68784173694    	 -0.124054069429    
  -3.20084566171    	 -0.235257797729    
  -5.56485668310    	 -0.409009388864    
  -2.87442987325    	 -0.211266681739    
  -28.7845966170    	  -2.11562865702    
  -3.33018785721    	 -0.244764272981    
  -3.53500923754    	 -0.259818365541    
  -3.65101437940    	 -0.268344585510    
   8.15946557562    	  0.599709609535    
   17.7990457273    	   1.30820562502    
  -3.03603058176    	 -0.223144113772    
   53.9892178067    	   3.96813399479    
   5.70597988976    	  0.419381752394    
  -1.82434382067    	 -0.134086786715    
  -16.4712045492    	  -1.21061110648    
  -3.22797235491    	 -0.237251572742    
  -2.59812969530    	 -0.190958994881    
  -2.71063929888    	 -0.199228297547    
  -1.86474832666    	 -0.137056462889    
  -35.4170478063    	  -2.60310478841    
  -3.03532715461    	 -0.223092412834    
  -4.23685785183    	 -0.311403283025    
  -6.67399893611    	 -0.490529834205    
 -0.746221754014    	 -0.548462828329E-01
  -3.26056373097    	 -0.239646994505    
  -2.68525435285    	 -0.197362538579    
 -0.432406981036    	 -0.317813243225E-01
  -13.9404167990    	  -1.02460165287    
  -1.65788997536    	 -0.121852655736    
   1.06139015165    	  0.780107309127E-01
  -2.86331950794    	 -0.210450085016    
  -11.6359265814    	 -0.855224759764    
  -1.28812154601    	 -0.946751796708E-01
   8.24020759782    	  0.605644038225    
  -3.23724322370    	 -0.237932968975    
  -1.37928240647    	 -0.101375378786    
   16.3245892153    	   1.19983507907    
  -1.00718302463    	 -0.740265808875E-01
  -6.83445283597    	 -0.502322977363    
  -85.5025447765    	  -6.28432061719    
  -2.39519922532    	 -0.176043881656    
  -1.37324558499    	 -0.100931680628    
   20.7920806463    	   1.52818961613    
  -2.68480872228    	 -0.197329785339    
  -15.0917737299    	  -1.10922481955    
   5.89965668338    	  0.433616733006    
  -2.10575021532    	 -0.154769773548    
   2.10379411972    	  0.154626003185    
   3.45056398455    	  0.253611754431    
   5.72426078531    	  0.420725373325    
  -6.96738717046    	 -0.512093469940    
  0.312118597409    	  0.229402919157E-01
  -6.60450276782    	 -0.485421960464    
  -1.56804552623    	 -0.115249211061    
   9.00667531097    	  0.661978371486    
  -4.85724586857    	 -0.357000957508    
  -3.80707550560    	 -0.279814865786    
  -2.58678723712    	 -0.190125339650    
  -12.3888079150    	 -0.910560512629    
  0.104459042698E-01	  0.767759740243E-03
  -1.05097662075    	 -0.772453505708E-01
   41.5648682053    	   3.05496121661    
  -6.92617174937    	 -0.509064192610    
  -3.82605868810    	 -0.281210103852    
   1.55394529704    	  0.114212863415    
   58.2155825379    	   4.27876604774    
   26.8906033763    	   1.97642273277    
   4.50838132960    	  0.331359888923    
   14.9827798658    	   1.10121391895    
  -5.10332896995    	 -0.375087730383    
   4.60445671482    	  0.338421298917    
  -3.20317029628    	 -0.235428655204    
  -4.11984016858    	 -0.302802642642    
   3.96197864591    	  0.291200035677    
  -4.81516964013    	 -0.353908412011    
  -7.35945980449    	 -0.540910274679    
  -1.50773997214    	 -0.110816834950    
  -6.82870045046    	 -0.501900184861    
   21.2885075957    	   1.56467632095    
  -3.60626328667    	 -0.265055441129    
  -4.76222673862    	 -0.350017180839    
  -2.43717515812    	 -0.179129055561    
   6.67522499549    	  0.490619947900    
  -2.86123530916    	 -0.210296899244    
   10.9491951458    	  0.804750934331    
  -2.79871369035    	 -0.205701645394    
  -5.05577696449    	 -0.371592722730    
   36.1805883427    	   2.65922397817    
   5.63196478881    	  0.413941743256    
  -2.28068820170    	 -0.167627477344    
 -0.384550402121    	 -0.282639309358E-01
 -0.590133991424    	 -0.433740448183E-01
 -0.124011337607    	 -0.911466445503E-02
  -3.98915889880    	 -0.293197747254    
  -3.26738484780    	 -0.240148337304    
   1.12780969298    	  0.828924767605E-01
   11.8916457581    	  0.874019771053    
  -1.28328069978    	 -0.943193840647E-01
  -3.15713646654    	 -0.232045231400    
  -7.47925853180    	 -0.549715318012    
  -3.69375362996    	 -0.271485862231    
  -1.26825083286    	 -0.932147093115E-01
   5.42632222944    	  0.398827295154    
  -3.80751695696    	 -0.279847311860    
   5.27109744780    	  0.387418485064    
   30.6141662016    	   2.25009953027    
  -3.34571049724    	 -0.245905165886    
   3.05102753005    	  0.224246369050    
   6.14762877229    	  0.451842343892    
  -14.5096545565    	  -1.06643985294    
  -1.39704177991    	 -0.102680668553    
 -0.420310273175    	 -0.308922327661E-01
  -2.74840925682    	 -0.202004338026    
  -15.5535905963    	  -1.14316773040    
  -2.31486635113    	 -0.170139524788    
   1.70261954802    	  0.125140218420    
   1.76398398610    	  0.129650421063    
  -10.1397357533    	 -0.745256771173    
  -1.26284436309    	 -0.928173411449E-01
  -4.22037337604    	 -0.310191696500    
   1.24256507006    	  0.913268407202E-01
  -6.03533594523    	 -0.443588974005    
  -2.31556880367    	 -0.170191154093    
 -0.156176542723E-01	 -0.114787632335E-02
  -1.33676520354    	 -0.982504222643E-01
  -5.36894621274    	 -0.394610236052    
  -3.08333588926    	 -0.226620989460    
  -2.92971242133    	 -0.215329873748    
   2.54782197702    	  0.187261446089    
  -17.3388548918    	  -1.27438222523    
  -3.97746022648    	 -0.292337910768    
  -8.78282648831    	 -0.645525787823    
 -0.592316095958    	 -0.435344265303E-01
  -7.02836527143    	 -0.516575277331    
   1.36312352180    	  0.100187722766    
   3.44355436665    	  0.253096557059    
  -2.65211941911    	 -0.194927166067    
   1.46714521645    	  0.107833175682    
  -5.88082540677    	 -0.432232659817    
  -2.81688194246    	 -0.207036987185    
   5.94154734859    	  0.436695639859    
  -4.77150449052    	 -0.350699082971    
  0.130088999636    	  0.956136433854E-02
  -2.29551047755    	 -0.168716894435    
  -3.12934531963    	 -0.230002619944    
 -0.320109613228    	 -0.235276206975E-01
  -2.33063994126    	 -0.171298862185    
  -3.09216957743    	 -0.227270253512    
 -0.781949596735    	 -0.574722306244E-01
  -5.70399256040    	 -0.419235686392    
   7.39731706370    	  0.543692731682    
  -3.10757380724    	 -0.228402443428    
   21.0504384533    	   1.54717856315    
  -1.81498376668    	 -0.133398835492    
  0.173353450640    	  0.127412425767E-01
  -9.66328205446    	 -0.710238073069    
  -3.09359182265    	 -0.227374786599    
 -0.597119234205    	 -0.438874506512E-01
  -5.01943381262    	 -0.368921550554    
   5.43924262198    	  0.399776926413    
  -3.68684322825    	 -0.270977957115    
   2.93667189021    	  0.215841385234    
  -3.62463760476    	 -0.266405928490    
   60.5938373642    	   4.45356453913    
  -4.07515393833    	 -0.299518265565    
  -2.93723607555    	 -0.215882852088    
  -2.07094412171    	 -0.152211573061    
  -1.49096605349    	 -0.109583974769    
   3.11766829823    	  0.229144374771    
  0.511526201455    	  0.375964792912E-01
  -6.03555033120    	 -0.443604731083    
  -15.0063186551    	  -1.10294398791    
  -4.16633408135    	 -0.306219881923    
   1.09164863149    	  0.802346879798E-01
  -1.89981128442    	 -0.139633542541    
  -2.96931874422    	 -0.218240884550    
  -1.39059578845    	 -0.102206896957    
   1.78398237470    	  0.131120275395    
   27.3702770342    	   2.01167809349    
  -1.57367367230    	 -0.115662872133    
   3.98854832724    	  0.293152871076    
  -2.77395123325    	 -0.203881638515    
  -3.22859935345    	 -0.237297656281    
  -30.3891485956    	  -2.23356104263    
  -1.72864149500    	 -0.127052796091    
   3.82944464973    	  0.281458967421    
  -1.99167255176    	 -0.146385220609    
  -10.5020947596    	 -0.771889664732    
   33.2080618358    	   2.44074732743    
  -2.96800122695    	 -0.218144048825    
   3.14516273863    	  0.231165178703    
  -3.88555704907    	 -0.285583152367    
  -5.01286949846    	 -0.368439082402    
  -2.50481195148    	 -0.184100267776    
 -0.601654519846    	 -0.442207879704E-01
  -5.96791394733    	 -0.438633548964    
  -2.63319480332    	 -0.193536232574    
  -3.06270055011    	 -0.225104320131    
   5.49951933596    	  0.404207182815    
  0.445578354735    	  0.327494023547E-01
 -0.602510654473    	 -0.442837126998E-01
  -3.93175379941    	 -0.288978550614    
  -7.33389412432    	 -0.539031231997    
  -6.64584762507    	 -0.488460751175    
  -4.11775256555    	 -0.302649206662    
   1.39404536910    	  0.102460436438    
  -1.00336855817    	 -0.737462227963E-01
   8.84348762184    	  0.649984298538    
  -11.0547356254    	 -0.812508015868    
  -1.51882125762    	 -0.111631294343    
  -4.45793430375    	 -0.327652101213    
  -1.80228658283    	 -0.132465609768    
  -7.05819273350    	 -0.518767555178    
   13.0996324864    	  0.962805150735    
  -6.28131764793    	 -0.461668294215    
  -7.28103328189    	 -0.535146032056    
  -1.88721285215    	 -0.138707574924    
   5.22544874546    	  0.384063367599    
  -8.55424909037    	 -0.628725660315    
 -0.729344153052E-01	 -0.536058021435E-02
  -4.75394255688    	 -0.349408304762    
  -6.65157955575    	 -0.488882040276    
  -15.4678911125    	  -1.13686893504    
  -2.53811174442    	 -0.186547757215    
  -2.99119771507    	 -0.219848959116    
  -15.4277312370    	  -1.13391723887    
   16.5191159936    	   1.21413253240    
  -2.55875726109    	 -0.188065174578    
  -3.32556632848    	 -0.244424596912    
  0.237605831247    	  0.174637050625E-01
  0.657941857874    	  0.483578306723E-01
  -8.92619568468    	 -0.656063228538    
  -9.91616483976    	 -0.728824613453    
  -9.56898162021    	 -0.703307119555    
  -1.54261345391    	 -0.113379988374    
  -1.64552259519    	 -0.120943670133    
  -3.53015943439    	 -0.259461911613    
  -2.15216776849    	 -0.158181400502    
  -3.48028438908    	 -0.255796163695    
  -14.2538519223    	  -1.04763870764    
  -4.25618888960    	 -0.312824087979    
  -2.86224701717    	 -0.210371258405    
  0.716310179119    	  0.526478228070E-01
  -3.28540233584    	 -0.241472598141    
   6.14217057029    	  0.451441173477    
  -1.31173125600    	 -0.964104612074E-01
  -2.36317328929    	 -0.173690018966    
   9.44088249513    	  0.693892008287    
  -2.85951893205    	 -0.210170747864    
   30.9956202998    	   2.27813588709    
   4.51095524926    	  0.331549068513    
  -1.99936544863    	 -0.146950638054    
   3.37255945576    	  0.247878527779    
  -6.41093132556    	 -0.471194723033    
  -9.81146132509    	 -0.721129047693    
  -3.33277072597    	 -0.244954110317    
  0.451129375742    	  0.331573948402E-01
   5.86823619030    	  0.431307369548    
  -5.10537726076    	 -0.375238276968    
  -2.68646151776    	 -0.197451263556    
   3.27037100417    	  0.240367815731    
  -4.04956622184    	 -0.297637603245    
 -0.209432807580    	 -0.153930261846E-01
  -1.17893954272    	 -0.866504510961E-01
   47.5420868974    	   3.49427865164    
  -2.20048411841    	 -0.161732586431    
  -6.76801699503    	 -0.497440033516    
  -4.38983612706    	 -0.322646977952    
   1.72149950588    	  0.126527869616    
   4.17302070934    	  0.306711339975    
 -0.640803379768    	 -0.470981758680E-01
   43.1601053436    	   3.17220897413    
  -3.32122321992    	 -0.244105384346    
  -11.9174047829    	 -0.875913024303    
  -5.77145092817    	 -0.424193784568    
  -2.77225898209    	 -0.203757260358    
  -3.36676602811    	 -0.247452718735    
   5.95780999257    	  0.437890922048    
   2.05496472428    	  0.151037109108    
   45.0576336935    	   3.31167472409    
   5.74000275728    	  0.421882386829    
   18.3703519183    	   1.35019585215    
   2.64452660122    	  0.194369104290    
  -2.11710493458    	 -0.155604329952    
  -2.39805032981    	 -0.176253433954    
  -2.48192957094    	 -0.182418443964    
  -4.09714730392    	 -0.301134747989    
  -1.18921310181    	 -0.874055437002E-01
  -7.61031083743    	 -0.559347484030    
  0.296311810202    	  0.217785145791E-01
  -2.52606799013    	 -0.185662557674    
  0.548431595485    	  0.403089755005E-01
  -9.46375375781    	 -0.695573014952    
  -3.03989218125    	 -0.223427936076    
   4.95555102404    	  0.364226252579    
   4.79919928730    	  0.352734612824    
  -2.43822331684    	 -0.179206093800    
  -4.74868761496    	 -0.349022073686    
  -3.88655324423    	 -0.285656371356    
  -1.34913501380    	 -0.991595864752E-01
  -1.77897573587    	 -0.130752294258    
 -0.611373397564    	 -0.449351122491E-01
  0.752476302251    	  0.553059836119E-01
  -2.24772658341    	 -0.165204843281    
  -21.6119296779    	  -1.58844740361    
  -7.08936412867    	 -0.521058610279    
  -3.53767325881    	 -0.260014167477    
   5.60888496414    	  0.412245407569    
 -0.802067565690    	 -0.589508739491E-01
  -7.24754769566    	 -0.532684887063    
  -2.17968744857    	 -0.160204059516    
  -12.5031346122    	 -0.918963369198    
  -2.67701430474    	 -0.196756906262    
   16.0932492844    	   1.18283190915    
  -2.22967663138    	 -0.163878196385    
  -3.74432726465    	 -0.275202955517    
  -2.33575272346    	 -0.171674644715    
  -3.35248951095    	 -0.246403414163    
   11.5266515028    	  0.847193190280    
  0.909796156063E-01	  0.668687786537E-02
  -1.77666693383    	 -0.130582600452    
  -2.56015398750    	 -0.188167832067    
  -2.44126807440    	 -0.179429879334    
  -5.44593028846    	 -0.400268460793    
   10.5852058562    	  0.777998217168    
  -3.56281149727    	 -0.261861793774    
  -1.70705645247    	 -0.125466324857    
  -4.04849609794    	 -0.297558950595    
 -0.754269085547    	 -0.554377507430E-01
  -3.40428725480    	 -0.250210477806    
  -3.95097926442    	 -0.290391596114    
 -0.106198886496    	 -0.780547355253E-02
  -3.68304931849    	 -0.270699109913    
  -2.97750835164    	 -0.218842809544    
  -5.37076143956    	 -0.394743652752    
  -3.31205378613    	 -0.243431443448    
  0.247628700006    	  0.182003722687E-01
  -2.87821346947    	 -0.211544770909    
  -11.2066472654    	 -0.823673314563    
  -1.20196478781    	 -0.883427752581E-01
  -3.01408816080    	 -0.221531375709    
  0.514676482751E-01	  0.378280206769E-02
  -3.50709825133    	 -0.257766946060    
