  -18.7138963651    	  -143.722206613    	  -10.5633864878    
           0
         800
  -2.75399990636    	 -0.202415243155    
   6.70656034671    	  0.492923053547    
   10.3192623748    	  0.758451733406    
  0.534605699846    	  0.392927909970E-01
  -3.31047133031    	 -0.243315135100    
  -2.64236029666    	 -0.194209883855    
  0.672393380833    	  0.494199979320E-01
  -35.9811922601    	  -2.64456863760    
  -3.62304348878    	 -0.266288763136    
   3.59070075719    	  0.263911616404    
  -8.91359329591    	 -0.655136970124    
  -6.15391468019    	 -0.452304349563    
   7.85660490540    	  0.577449762662    
   7.50244886590    	  0.551419775992    
  0.485503473488E-01	  0.356838442193E-02
  -11.4231144732    	 -0.839583359584    
   12.6058362599    	  0.926511800461    
  0.655873197746    	  0.482057869696E-01
   4.08713185455    	  0.300398626098    
  -12.6466446145    	 -0.929511158958    
  -4.00689285636    	 -0.294501168988    
  -11.7051743119    	 -0.860314373662    
   3.20343259815    	  0.235447934034    
   35.0951575889    	   2.57944629573    
  0.537029540617    	  0.394709399932E-01
 -0.291951976801    	 -0.214580727607E-01
  -2.70128844762    	 -0.198541022711    
  0.492195715247    	  0.361757148761E-01
  -4.09771990918    	 -0.301176833696    
  -2.76512458362    	 -0.203232891785    
   6.20024905997    	  0.455709863387    
  -2.05973899966    	 -0.151388011848    
  -2.66743072800    	 -0.196052526421    
  -1.72440787773    	 -0.126741630987    
   4.01322395735    	  0.294966496290    
  -3.02076547135    	 -0.222022148942    
  -3.06791233503    	 -0.225487379225    
  -3.32482570951    	 -0.244370162425    
  -14.3583061547    	  -1.05531595149    
  -1.90939154243    	 -0.140337678460    
  -3.84374927061    	 -0.282510337578    
  -4.92645996694    	 -0.362088099494    
   2.67062806694    	  0.196287526480    
  -10.7566922770    	 -0.790602235593    
 -0.540915593669    	 -0.397565596011E-01
  -1.44157474600    	 -0.105953780922    
  -3.48634233810    	 -0.256241414699    
  0.889294614246    	  0.653619432459E-01
  -1.26855883930    	 -0.932373473652E-01
   1.99304881153    	  0.146486373828    
  -10.0377298123    	 -0.737759473409    
  -24.3043442437    	  -1.78633620809    
   3.45495603394    	  0.253934564081    
  -3.18021030071    	 -0.233741126793    
   2.16659389565    	  0.159241701205    
   38.4334884751    	   2.82480907026    
  -13.6611401779    	  -1.00407520149    
  -5.77089499648    	 -0.424152924346    
   1.94791129998    	  0.143168828190    
  -17.0969127492    	  -1.25659980719    
   13.3357333967    	  0.980158246159    
  -4.65136277740    	 -0.341868830647    
  -3.34380343387    	 -0.245764999325    
   6.68240080014    	  0.491147359771    
   1.24977685233    	  0.918568968971E-01
  -26.3399510978    	  -1.93595054010    
  -2.28101178327    	 -0.167651260148    
   1.07173166643    	  0.787708181678E-01
   28.9209438635    	   2.12564999399    
  -6.20635724588    	 -0.456158806734    
 -0.634712194029    	 -0.466504820102E-01
   8.40559997696    	  0.617800152886    
  -7.55164441384    	 -0.555035581778    
  -8.48611763573    	 -0.623718091170    
  -1.76613818933    	 -0.129808752067    
  -12.1896723621    	 -0.895924320639    
   1.86193189462    	  0.136849458969    
  -5.64949283729    	 -0.415230030953    
   3.10576576991    	  0.228269555146    
   21.3388270976    	   1.56837473582    
   17.7911043180    	   1.30762194225    
  -9.62295398022    	 -0.707274014525    
 -0.622062583122E-01	 -0.457207528327E-02
 -0.472879411559    	 -0.347559928570E-01
  -3.50740912220    	 -0.257789794645    
  -1.51176584811    	 -0.111112731352    
  -2.46105227392    	 -0.180883991061    
   13.8943000359    	   1.02121213357    
  -14.7027862332    	  -1.08063476820    
  -3.64041693898    	 -0.267565688069    
  -2.68329656121    	 -0.197218643559    
   19.1392458877    	   1.40670851194    
  -3.38665930842    	 -0.248914847750    
  0.503865196440    	  0.370334058542E-01
  -3.53536552513    	 -0.259844552194    
  -2.62932063247    	 -0.193251486292    
  -13.0991980404    	 -0.962773219545    
   1.64654870354    	  0.121019087700    
  -2.75975063456    	 -0.202837913847    
   1.94008258343    	  0.142593428184    
  -5.25673326818    	 -0.386362737421    
  -3.01533973951    	 -0.221623365040    
   9.33371699726    	  0.686015490115    
  -4.25475525439    	 -0.312718717743    
  -6.65654073624    	 -0.489246680286    
   2.36559340334    	  0.173867894053    
  0.748714062154    	  0.550294640876E-01
  -1.69285806982    	 -0.124422763065    
  -2.65546567297    	 -0.195173111169    
  -11.0082411293    	 -0.809090733714    
  -1.05056503291    	 -0.772150994250E-01
  -2.51807295203    	 -0.185074933260    
   9.52324037203    	  0.699945200097    
  -2.60808361001    	 -0.191690594059    
  -29.9837490172    	  -2.20376472562    
   12.8954699089    	  0.947799479285    
  -3.38613084106    	 -0.248876006119    
  -3.95409874478    	 -0.290620873673    
  -2.31327746715    	 -0.170022743979    
   14.6422273214    	   1.07618377064    
  0.968453723032    	  0.711800299553E-01
  -2.53633906103    	 -0.186417467399    
 -0.134832546733    	 -0.991000859119E-02
  -6.01717155433    	 -0.442253916008    
  -2.47909438836    	 -0.182210061905    
  0.285734948834    	  0.210011296705E-01
   4.18486583893    	  0.307581940871    
  -2.57799124484    	 -0.189478846194    
  -7.36291339323    	 -0.541164108748    
  -2.60870934152    	 -0.191736584472    
   6.10635334381    	  0.448808656101    
  -11.0010458812    	 -0.808561892777    
   1.62957394802    	  0.119771466283    
  -1.45764429948    	 -0.107134871222    
   2.65060856102    	  0.194816120055    
  -2.64992572638    	 -0.194765932638    
  -2.10415721507    	 -0.154652690198    
   27.9914362838    	   2.05733245254    
  -2.82783646870    	 -0.207842129948    
   3.32321998141    	  0.244252143597    
   10.6601890426    	  0.783509379270    
  -4.04019820903    	 -0.296949067059    
  -4.04578064144    	 -0.297359368240    
  -2.43645723830    	 -0.179076289432    
   3.32782381475    	  0.244590519078    
  -2.71320354381    	 -0.199416766058    
  -3.11169330246    	 -0.228705220717    
  -2.77830880411    	 -0.204201914039    
  -2.47690687037    	 -0.182049282311    
  -3.92277031290    	 -0.288318276588    
  -3.22444162142    	 -0.236992068638    
  -12.5026536162    	 -0.918928016648    
   11.1696261198    	  0.820952310767    
  -16.1890690325    	  -1.18987453017    
  -1.67372641272    	 -0.123016612318    
  -3.50540711645    	 -0.257642649949    
  -1.96961318522    	 -0.144763887205    
   10.4718434285    	  0.769666233092    
   4.61852979528    	  0.339455651168    
  -15.3520438432    	  -1.12835431848    
  -11.8922647089    	 -0.874065263094    
  -2.85825928278    	 -0.210078165358    
  -1.56640517441    	 -0.115128647436    
   21.3895572611    	   1.57210333377    
  -1.62361747740    	 -0.119333673803    
   31.1775354082    	   2.29150639985    
  -3.40144629811    	 -0.250001671358    
   22.9893817069    	   1.68968825214    
   13.8532004991    	   1.01819137358    
 -0.809992077568E-01	 -0.595333147818E-02
  -9.07902273251    	 -0.667295808458    
  -1.45498163217    	 -0.106939168800    
  -3.12911843348    	 -0.229985944121    
  -4.32975020330    	 -0.318230744372    
  -1.72363483762    	 -0.126684813591    
   1.58173156330    	  0.116255116150    
  -42.6260087750    	  -3.13295360358    
  -4.97564296752    	 -0.365702983067    
   9.30021487711    	  0.683553129901    
   1.64642031541    	  0.121009651347    
   6.46183575065    	  0.474936128964    
  -3.17660906183    	 -0.233476440640    
  -3.79687025375    	 -0.279064793671    
  -5.90611926914    	 -0.434091724260    
  -1.88346421326    	 -0.138432055070    
  -3.21479442752    	 -0.236283013022    
  -10.7405623424    	 -0.789416707363    
 -0.806890475303    	 -0.593053512386E-01
 -0.691444420526    	 -0.508202234087E-01
  -1.93665962323    	 -0.142341845270    
   20.4867448335    	   1.50574784965    
  -4.48806823797    	 -0.329866904348    
  -3.23390324717    	 -0.237687485248    
  -8.53625417941    	 -0.627403058862    
  -2.62613359541    	 -0.193017243408    
  -10.7725123907    	 -0.791764992405    
  -12.4268475499    	 -0.913356373998    
  -1.39204207467    	 -0.102313197025    
  -1.32445025372    	 -0.973452902210E-01
   7.40824500208    	  0.544495920273    
  -1.40814704831    	 -0.103496890658    
  -9.04388951163    	 -0.664713564563    
   39.7817120207    	   2.92390166506    
  -1.16866445161    	 -0.858952458906E-01
  -3.01298363377    	 -0.221450194476    
  -14.0829788451    	  -1.03507976913    
 -0.569882690278    	 -0.418856017591E-01
   16.5730972321    	   1.21810007993    
 -0.795925647473    	 -0.584994513233E-01
  -4.03036385294    	 -0.296226255277    
  -3.19539456325    	 -0.234857149414    
  -3.59073146890    	 -0.263913873672    
  -5.30580726370    	 -0.389969609270    
  -8.03673603607    	 -0.590689155492    
  -8.14776358639    	 -0.598849529260    
 -0.471986572975    	 -0.346903704368E-01
  -1.37690133480    	 -0.101200373261    
  -5.01129438751    	 -0.368323313892    
   7.56115519761    	  0.555734611436    
  -3.25903556130    	 -0.239534676115    
   26.4016587738    	   1.94048597026    
  -8.14781078778    	 -0.598852998498    
  -3.05927414153    	 -0.224852483765    
   20.5102828157    	   1.50747785929    
  -1.35497303688    	 -0.995886732218E-01
  -1.84572770973    	 -0.135658473445    
  -30.3477313385    	  -2.23051693063    
  -3.52131572530    	 -0.258811911037    
  -3.55230456568    	 -0.261089548609    
   4.21538173383    	  0.309824817594    
  -2.72514576754    	 -0.200294503240    
  -1.90660977717    	 -0.140133222502    
  0.352322951943    	  0.258952572300E-01
  -3.86943857866    	 -0.284398466741    
  -3.73215738540    	 -0.274308485963    
  -15.8036162921    	  -1.16154427860    
  -3.70252959585    	 -0.272130883774    
  -3.31816887738    	 -0.243880894329    
   19.6440338666    	   1.44380974104    
  -2.92266804684    	 -0.214812121814    
  -7.47831232395    	 -0.549645773024    
   7.49209132014    	  0.550658510482    
  0.180003780908    	  0.132300327960E-01
   3.63064610210    	  0.266847544863    
   4.05081922219    	  0.297729697064    
   3.59614953962    	  0.264312094493    
  -3.77234371888    	 -0.277262126755    
   15.2486557920    	   1.12075543750    
   3.63265956420    	  0.266995531586    
  0.194359400331    	  0.142851512763E-01
  -35.6429768303    	  -2.61971026404    
  -2.57487490716    	 -0.189249799617    
  -3.31773676228    	 -0.243849134457    
  -3.27517107375    	 -0.240720614309    
   2.28124131817    	  0.167668130650    
  -2.28086735572    	 -0.167640644920    
  -2.26475659098    	 -0.166456525649    
   6.84518816328    	  0.503112009303    
  -4.11578995120    	 -0.302504957179    
   67.1129997393    	   4.93271409694    
   5.27463794363    	  0.387678706687    
  -3.53753157451    	 -0.260003753874    
  -2.30277889570    	 -0.169251113273    
  -3.60995516839    	 -0.265326789409    
  -4.70208440215    	 -0.345596801001    
  -1.62987030161    	 -0.119793247868    
   100.189397021    	   7.36378425895    
  -3.02757897854    	 -0.222522932443    
   19.7841558304    	   1.45410851459    
   2.43080988236    	  0.178661216460    
  -5.72418552818    	 -0.420719842028    
   1.30935155198    	  0.962355562022E-01
  -2.94179677999    	 -0.216218057654    
   5.01874982163    	  0.368871278147    
  -3.12941307481    	 -0.230007599857    
   17.2036638650    	   1.26444586884    
  -5.95726349118    	 -0.437850754940    
  -2.40842962885    	 -0.177016298300    
  -1.30031044181    	 -0.955710469153E-01
  -4.71195281655    	 -0.346322116022    
 -0.281421620336    	 -0.206841058991E-01
  -15.1354741715    	  -1.11243674250    
  -3.40294556851    	 -0.250111865691    
  0.948991894468    	  0.697496120559E-01
  -5.54479058949    	 -0.407534558306    
   17.1158465432    	   1.25799141526    
  -4.16616223598    	 -0.306207251522    
   19.3095572293    	   1.41922616364    
 -0.251938080984    	 -0.185171059028E-01
  -3.06071528277    	 -0.224958405684    
   1.41296600207    	  0.103851077198    
  -10.6654927832    	 -0.783899196980    
   3.22530334540    	  0.237055404177    
  -2.27340658163    	 -0.167092288183    
  -13.6178008047    	  -1.00088981657    
  -20.7785730054    	  -1.52719682292    
   96.2232898270    	   7.07228078059    
  -3.88770081566    	 -0.285740716293    
  -5.76543618422    	 -0.423751709079    
   3.19924100750    	  0.235139857830    
   3.23300562080    	  0.237621510931    
   5.44162743670    	  0.399952207047    
  -2.08070823029    	 -0.152929221746    
  -2.25298681087    	 -0.165591462837    
  -1.41107345156    	 -0.103711977313    
  -3.17965154954    	 -0.233700059343    
  -9.11542576396    	 -0.669971381702    
  -3.09379569212    	 -0.227389770728    
  -3.31890778873    	 -0.243935203307    
   1.71955284571    	  0.126384792744    
  -3.26637256095    	 -0.240073935599    
  -2.92047344560    	 -0.214650821611    
  -3.16852351265    	 -0.232882163784    
   1.14174869676    	  0.839169745582E-01
  -1.96011442843    	 -0.144065741515    
  -2.84700884055    	 -0.209251273172    
  -3.17116335360    	 -0.233076188499    
  -4.95019859684    	 -0.363832856468    
  -5.36346507651    	 -0.394207380003    
   30.3697667747    	   2.23213650518    
   5.22492271696    	  0.384024705221    
   1.26736824310    	  0.931498401656E-01
   26.8888898447    	   1.97629679054    
  -3.46167675607    	 -0.254428528006    
   19.5326310468    	   1.43562178549    
 -0.890898694758    	 -0.654798409794E-01
  0.641402840712    	  0.471422354311E-01
  -5.94733662825    	 -0.437121144031    
   1.04822694109    	  0.770432528597E-01
  -10.0478518343    	 -0.738503428244    
  -15.0554217550    	  -1.10655299889    
  -2.07275002797    	 -0.152344304712    
  -2.97184679569    	 -0.218426692891    
  -3.25924381257    	 -0.239549982300    
  -57.7153866813    	  -4.24200233336    
  -3.59670764098    	 -0.264353114183    
  -18.5761746125    	  -1.36532353992    
  -6.42296676904    	 -0.472079311741    
  -2.65811594168    	 -0.195367902310    
  -1.03228718005    	 -0.758717021281E-01
  -2.93859144706    	 -0.215982470048    
   7.84009429711    	  0.576236255434    
  -2.35583561416    	 -0.173150709835    
  -3.85787527715    	 -0.283548579824    
  -3.49201179572    	 -0.256658112115    
   6.37236517039    	  0.468360163142    
   1.02185686855    	  0.751050884347E-01
  -1.87148420031    	 -0.137551540431    
  -2.12014751365    	 -0.155827955371    
  -2.38292311993    	 -0.175141604626    
  -1.81628199015    	 -0.133494253150    
   6.09719127797    	  0.448135256737    
   2.55357704711    	  0.187684435904    
 -0.928028163253    	 -0.682088063567E-01
  -6.84946729214    	 -0.503426519448    
  -2.30954006331    	 -0.169748049886    
  -13.7064417852    	  -1.00740480794    
  -26.8741229484    	  -1.97521144377    
   5.98509115723    	  0.439896050503    
  -3.37745679727    	 -0.248238475711    
 -0.951940622053    	 -0.699663395183E-01
  -5.94953747441    	 -0.437282903227    
  -3.07345600856    	 -0.225894831682    
  -3.65215762586    	 -0.268428612568    
  -21.7179579314    	  -1.59624033587    
   3.94552935195    	  0.289991034969    
   21.9040334181    	   1.60991663078    
  -2.22527108478    	 -0.163554394708    
  -2.44024525956    	 -0.179354703837    
  -10.3846167294    	 -0.763255189479    
  -1.95144134193    	 -0.143428281467    
  -2.88750453320    	 -0.212227651442    
  -2.99659774032    	 -0.220245853619    
   22.3188976201    	   1.64040858472    
  -5.10822258304    	 -0.375447404282    
  -2.70151918658    	 -0.198557981711    
  -3.32920671789    	 -0.244692160576    
  -5.11215780999    	 -0.375736638104    
  -2.50509696432    	 -0.184121215831    
  -2.75556435639    	 -0.202530228102    
  -4.77207020859    	 -0.350740662479    
  -9.02204228538    	 -0.663107823181    
  -4.08864616919    	 -0.300509926162    
  -5.99710090601    	 -0.440778750686    
  -2.76243926224    	 -0.203035524321    
   4.68467084221    	  0.344316928056    
  0.936558959677E-01	  0.688358082780E-02
   1.79959302834    	  0.132267637181    
 -0.524340775203    	 -0.385383330128E-01
  -15.5428577974    	  -1.14237888430    
  0.178172544166    	  0.130954393889E-01
  -1.41264030716    	 -0.103827139065    
  -4.41088264118    	 -0.324193868082    
  -1.27112265686    	 -0.934257844650E-01
   14.0608990436    	   1.03345693379    
  -10.8496811139    	 -0.797436788488    
  -3.42803720525    	 -0.251956066825    
  -3.14511818661    	 -0.231161904190    
  -2.65931879523    	 -0.195456310409    
  -5.02835611847    	 -0.369577327885    
  -5.36398511168    	 -0.394245601880    
  -6.49569966050    	 -0.477425080228    
  -1.50887345202    	 -0.110900144178    
  -1.96982970421    	 -0.144779801056    
  -2.49005218220    	 -0.183015444831    
  -14.2334240910    	  -1.04613728986    
  -2.72827459961    	 -0.200524468137    
   3.72656154365    	  0.273897199214    
  -3.21485842356    	 -0.236287716645    
  -1.12306202791    	 -0.825435298429E-01
  -1.29183917742    	 -0.949484205178E-01
  -2.33771780978    	 -0.171819075884    
  -3.84616336907    	 -0.282687770528    
   7.63027652309    	  0.560814934740    
  0.213119718522    	  0.156640091186E-01
  -2.12682122484    	 -0.156318464056    
   13.5738017319    	  0.997655944634    
  -2.76022457711    	 -0.202872747979    
  -4.20119403028    	 -0.308782040702    
  0.420473548544E-01	  0.309042332834E-02
  -3.57234228675    	 -0.262562293824    
  -10.1519106291    	 -0.746151607967    
  -2.63892222910    	 -0.193957190571    
  -14.6842502806    	  -1.07927240092    
  -3.64054021808    	 -0.267574748915    
  -6.12445037746    	 -0.450138763432    
  0.195122778960    	  0.143412585661E-01
  -38.2034560464    	  -2.80790199997    
  -17.3430780001    	  -1.27469261794    
  -1.97581293622    	 -0.145219560462    
  -2.85713642409    	 -0.209995636773    
   17.6411127891    	   1.29659776911    
   21.8543827738    	   1.60626737602    
   16.6231388740    	   1.22177807247    
  -3.96684645164    	 -0.291557812770    
  -2.27312954073    	 -0.167071926054    
  -15.8294238567    	  -1.16344109946    
  -17.2785646795    	  -1.26995097672    
  -1.80035733781    	 -0.132323812886    
  -6.28228188991    	 -0.461739164688    
   1.90300565889    	  0.139868324715    
  -6.27201265956    	 -0.460984390240    
 -0.497729669352    	 -0.365824529676E-01
  -4.22282594420    	 -0.310371956921    
  -2.56884901910    	 -0.188806905050    
  -3.89892877723    	 -0.286565956180    
   8.89693466234    	  0.653912583239    
  -2.47693575619    	 -0.182051405380    
  -1.39051540510    	 -0.102200988890    
  -3.36038968783    	 -0.246984066407    
  0.184310494887    	  0.135465704092E-01
  -1.76184270997    	 -0.129493040183    
   10.5680188235    	  0.776734993667    
  -4.84654542880    	 -0.356214489755    
   170.056226894    	   12.4989011209    
   1.36997894339    	  0.100691586918    
  -25.3898222073    	  -1.86611736038    
   3.06324257068    	  0.225144157904    
  -2.98992191517    	 -0.219755189561    
  -3.63814085371    	 -0.267398398901    
  -2.04222969949    	 -0.150101102126    
  -2.58423302434    	 -0.189937608488    
 -0.807751874700    	 -0.593686629213E-01
  -12.0957627110    	 -0.889022089160    
  -4.11989535705    	 -0.302806698920    
   8.12284511607    	  0.597018055622    
  -10.3434504241    	 -0.760229522091    
  -3.08007230709    	 -0.226381120614    
  -2.37960895867    	 -0.174898018286    
  0.646150126733    	  0.474911544895E-01
  -1.69300822070    	 -0.124433798950    
  -9.63088374735    	 -0.707856841612    
  -1.08829818707    	 -0.799884348770E-01
  -4.13971183325    	 -0.304263182937    
  -3.53678174227    	 -0.259948642225    
  -5.81202837305    	 -0.427176171515    
  0.246389100257E-01	  0.181092633751E-02
  -4.50758418003    	 -0.331301299515    
  -4.71635917241    	 -0.346645977178    
   4.32248048434    	  0.317696429926    
  -1.77289939498    	 -0.130305691476    
 -0.626694206779    	 -0.460611708649E-01
  -1.56998520792    	 -0.115391775024    
  -3.50265151204    	 -0.257440116776    
  0.410731106796    	  0.301881770807E-01
  -1.15037092014    	 -0.845506962366E-01
  -7.82597136652    	 -0.575198239265    
  -4.98317833787    	 -0.366256822527    
  -8.11560066859    	 -0.596485598596    
  -20.7039846441    	  -1.52171467992    
   1.24980958791    	  0.918593029178E-01
  -4.74768685288    	 -0.348948519035    
  -13.5472833420    	 -0.995706879084    
  -2.52615062693    	 -0.185668631366    
  -4.47810024079    	 -0.329134270128    
  -2.85889581764    	 -0.210124949803    
  0.963614730447    	  0.708243705893E-01
  -4.59784711265    	 -0.337935502157    
   8.09833185548    	  0.595216364347    
  -2.74089491595    	 -0.201452044204    
  -12.2440357617    	 -0.899919956489    
  -1.33723203481    	 -0.982847337272E-01
  -3.28095417027    	 -0.241145664029    
  -2.39466729915    	 -0.176004785807    
  -3.65463302376    	 -0.268610550943    
 -0.500996275173    	 -0.368225440475E-01
  -4.24377479909    	 -0.311911669230    
  -11.4951752085    	 -0.844879725511    
 -0.317781092939    	 -0.233564776268E-01
  -2.28670367100    	 -0.168069606146    
  0.525518954362    	  0.386249275767E-01
   4.73627167936    	  0.348109519325    
  -1.34354161745    	 -0.987484794594E-01
  -9.50624757709    	 -0.698696252807    
  -2.86530694176    	 -0.210596158696    
  -4.14161033382    	 -0.304402720144    
  -1.97748760053    	 -0.145342646008    
  -2.96399811541    	 -0.217849825578    
  -1.08182491081    	 -0.795126578857E-01
  -2.76681256234    	 -0.203356955923    
  -2.95524287334    	 -0.217206327207    
   1.26113570831    	  0.926917573449E-01
 -0.592511713698    	 -0.435488041678E-01
   2.51595764577    	  0.184919461129    
  -5.32542287899    	 -0.391411330284    
   3.99138878700    	  0.293361641001    
  -3.71412925115    	 -0.272983442644    
   5.63884758620    	  0.414447619492    
  -1.73038069803    	 -0.127180625146    
  -5.82456511115    	 -0.428097604696    
  -2.81062029727    	 -0.206576764790    
   57.4092767959    	   4.21950367360    
  -5.18103092018    	 -0.380798717922    
  -1.39818181362    	 -0.102764459477    
   5.64054567999    	  0.414572427074    
  -3.73988711694    	 -0.274876610707    
   1.85818563641    	  0.136574114092    
   35.0803781883    	   2.57836002991    
  -3.24671283401    	 -0.238628972438    
 -0.483256321669    	 -0.355186816205E-01
  -3.20464312417    	 -0.235536906049    
 -0.640274859704    	 -0.470593303629E-01
  -4.00481640542    	 -0.294348552671    
  -2.64221545762    	 -0.194199238383    
  -2.45494508889    	 -0.180435121277    
   2.94618722146    	  0.216540749124    
  0.289498233764    	  0.212777259886E-01
  -8.92764243016    	 -0.656169562361    
   8.40158424064    	  0.617505001734    
   1.99669644056    	  0.146754469595    
  -2.52221334868    	 -0.185379246776    
  -2.57958877123    	 -0.189596262208    
   38.0949521329    	   2.79992711007    
  -2.36601590653    	 -0.173898947463    
  -1.21187857680    	 -0.890714252498E-01
   1.77396835911    	  0.130384258884    
  -2.99915912957    	 -0.220434112241    
  -6.05945969531    	 -0.445362036789    
   5.47151872780    	  0.402149176242    
  -2.22251365827    	 -0.163351727615    
  -14.6107104990    	  -1.07386732712    
  -9.85475053205    	 -0.724310745461    
  -1.77889070221    	 -0.130746044400    
  -2.64878288379    	 -0.194681935264    
   2.77053753100    	  0.203630736047    
  -3.11659137088    	 -0.229065222077    
  -2.46413886740    	 -0.181110851478    
  -8.44856846586    	 -0.620958278313    
  -1.56019438515    	 -0.114672162882    
 -0.693674927632    	 -0.509841626438E-01
  -5.00427407505    	 -0.367807330485    
 -0.149126043184E-01	 -0.109605611177E-02
  -2.28264931497    	 -0.167771616499    
  -3.41525379693    	 -0.251016503721    
  -3.28701957055    	 -0.241591462691    
   6.70225849433    	  0.492606873254    
  -2.67452179388    	 -0.196573710108    
   22.4604363414    	   1.65081148801    
  -14.0918683891    	  -1.03573313851    
   6.30235861659    	  0.463214776761    
  -3.35391073897    	 -0.246507872487    
   7.78490660677    	  0.572180035339    
  -5.11114465053    	 -0.375662172263    
   16.8033427020    	   1.23502280846    
  -2.95170817020    	 -0.216946531339    
  -16.2247935138    	  -1.19250023090    
  0.367368820355E-01	  0.270011080712E-02
  -6.55585344164    	 -0.481846301234    
  -4.17754252933    	 -0.307043687588    
   20.0370789717    	   1.47269802109    
  -4.03781368644    	 -0.296773807895    
 -0.242012579885E-02	 -0.177875950870E-03
  -6.05643170262    	 -0.445139483449    
   79.2800737722    	   5.82697747115    
   10.7937557048    	  0.793326347070    
  -2.50142679001    	 -0.183851463017    
  -3.54358219511    	 -0.260448466249    
  -8.20472946794    	 -0.603036443987    
  -7.45800120677    	 -0.548152933568    
  -4.08175524991    	 -0.300003452978    
  -16.4542565288    	  -1.20936545006    
  0.510716702062    	  0.375369821881E-01
  -3.90624474105    	 -0.287103669559    
  -3.42756596885    	 -0.251921431592    
   4.29269632975    	  0.315507335120    
  -2.99988444431    	 -0.220487421887    
   24.2665477496    	   1.78355821724    
  -3.91463481557    	 -0.287720328612    
  -2.28344761929    	 -0.167830290779    
  -2.93997612622    	 -0.216084242081    
 -0.957005301049    	 -0.703385865282E-01
  -3.99914267666    	 -0.293931541332    
 -0.232287973199    	 -0.170728497370E-01
  -2.06790852141    	 -0.151988460572    
  -6.07454121331    	 -0.446470507826    
   3.45454398024    	  0.253904278694    
  -3.01164286803    	 -0.221351650020    
  -3.19072008567    	 -0.234513581677    
   4.19500177529    	  0.308326918392    
  -5.20927873527    	 -0.382874893868    
  -1.86579928723    	 -0.137133707061    
  -7.52613413100    	 -0.553160610726    
  -3.48739408916    	 -0.256318716970    
  -7.33907052668    	 -0.539411690522    
  -4.75441018451    	 -0.349442674756    
 -0.918370055945    	 -0.674989486204E-01
  -1.74746893338    	 -0.128436587176    
  -9.21246975965    	 -0.677103983246    
  -2.62666970733    	 -0.193056646904    
  -3.26504269825    	 -0.239976192501    
   9.70559462425    	  0.713347989334    
  -3.47835825198    	 -0.255654595241    
   3.22241684422    	  0.236843250271    
   1.17212503034    	  0.861495937147E-01
   19.7261440749    	   1.44984472956    
   7.26703302943    	  0.534117032563    
  -5.40836841632    	 -0.397507714337    
   43.7244303683    	   3.21368609503    
   8.56574713882    	  0.629570751220    
   22.8796053341    	   1.68161983822    
  -2.54453246256    	 -0.187019671255    
  -2.33333603944    	 -0.171497021729    
  -1.40921001887    	 -0.103575017547    
  -3.88612441464    	 -0.285624852965    
   141.213257206    	   10.3789821227    
  -1.79982411923    	 -0.132284622047    
   14.9315055522    	   1.09744532671    
  -10.7219913934    	 -0.788051767900    
  -36.1487849939    	  -2.65688647533    
  -5.10385177582    	 -0.375126155902    
  -3.12232881798    	 -0.229486916626    
  -3.51451509496    	 -0.258312073967    
   3.54641789903    	  0.260656886626    
  -3.64836390221    	 -0.268149779046    
 -0.154118898463    	 -0.113275291822E-01
   7.76211690653    	  0.570505023403    
   54.0670956757    	   3.97385791212    
  -3.71367246478    	 -0.272949869468    
  -1.16173975070    	 -0.853862898024E-01
  -10.4234594713    	 -0.766110078120    
  -9.87317831924    	 -0.725665162727    
  -3.35174846125    	 -0.246348948020    
   4.79519077702    	  0.352439992776    
  -4.34824023292    	 -0.319589736372    
  -3.50489401870    	 -0.257604937963    
  -4.27241299191    	 -0.314016537407    
  -4.10992033805    	 -0.302073548605    
  -3.38131479296    	 -0.248522033141    
   23.2017694907    	   1.70529846506    
  -4.22247063824    	 -0.310345842416    
   15.0875582949    	   1.10891499082    
  -3.06237140389    	 -0.225080128331    
  -4.98160261354    	 -0.366141008935    
  0.151633859432    	  0.111448821971E-01
   1.73478812259    	  0.127504564850    
  -3.22925607646    	 -0.237345924528    
  -5.97911747911    	 -0.439456993296    
   83.4040256905    	   6.13008232180    
  -2.76565336987    	 -0.203271756855    
  0.736060107977    	  0.540994156857E-01
  -2.03638477884    	 -0.149671508417    
  -3.12295728485    	 -0.229533108086    
 -0.540220910477    	 -0.397055013324E-01
  -5.75486437560    	 -0.422974695540    
  -1.70409734420    	 -0.125248834427    
   13.5748818047    	  0.997735328515    
   20.1516792832    	   1.48112098793    
  -7.30120986044    	 -0.536628983106    
  -2.96317213688    	 -0.217789117280    
 -0.781689616110    	 -0.574531224025E-01
  0.964961416563    	  0.709233501851E-01
  -14.5219064327    	  -1.06734034916    
  -1.99615878195    	 -0.146714952419    
  -2.83427133010    	 -0.208315083499    
  -2.68416840482    	 -0.197282722877    
  -2.54282835708    	 -0.186894421823    
   38.5470748649    	   2.83315751524    
   4.88020088471    	  0.358688119938    
  -3.31332929915    	 -0.243525191918    
  -2.97088847916    	 -0.218356257931    
  -3.86740415867    	 -0.284248939641    
  -7.35019075821    	 -0.540229012398    
   32.1822096843    	   2.36534859114    
   12.9144488843    	  0.949194408138    
  -3.90345999076    	 -0.286898994205    
  -2.09477166902    	 -0.153962865343    
  -20.0665028444    	  -1.47486063566    
   6.20223977057    	  0.455856177905    
  -16.6130035002    	  -1.22103313630    
  -2.93199874328    	 -0.215497915298    
 -0.215141286165    	 -0.158125915877E-01
  -10.4905320789    	 -0.771039823451    
   10.5353278128    	  0.774332248896    
   6.78172214886    	  0.498447343662    
  -2.26277259277    	 -0.166310704482    
   14.7950140790    	   1.08741338929    
  -2.41207860887    	 -0.177284493363    
  0.418313030571    	  0.307454381543E-01
  -2.90743855617    	 -0.213692774987    
  -2.27233180448    	 -0.167013293527    
  -14.5459867132    	  -1.06911021699    
  -1.14387880387    	 -0.840735345304E-01
  -1.49059120730    	 -0.109556424085    
   95.2273395028    	   6.99907978788    
   7.87226315115    	  0.578600622403    
  -4.60486639683    	 -0.338451409986    
  -2.26971875674    	 -0.166821238075    
   21.9488306738    	   1.61320916807    
  -2.50800300327    	 -0.184334805737    
  -3.73288331726    	 -0.274361840967    
  -6.95150786405    	 -0.510926362540    
   5.83568228444    	  0.428914701794    
   2.61212788507    	  0.191987842769    
 -0.473306561333    	 -0.347873877838E-01
   50.9128573928    	   3.74202569327    
   8.97403048846    	  0.659579021483    
  -2.81951832409    	 -0.207230757646    
   23.1682720711    	   1.70283645032    
  0.626193492963E-01	  0.460243690813E-02
   10.7742920660    	  0.791895796116    
  -3.61346936537    	 -0.265585078102    
 -0.896361585214    	 -0.658813559893E-01
   18.2339939524    	   1.34017372732    
   2.08202827685    	  0.153026243371    
  -2.70232763298    	 -0.198617401421    
  -20.4876062841    	  -1.50581116509    
  -4.97970327376    	 -0.366001410047    
  -5.72791629085    	 -0.420994048004    
  -4.50488174297    	 -0.331102674071    
  -6.21437062731    	 -0.456747779357    
  -1.49157396432    	 -0.109628655387    
 -0.316023015979    	 -0.232272613642E-01
  -2.22146979772    	 -0.163275005285    
  -2.79175466474    	 -0.205190166487    
  -4.25607877628    	 -0.312815994800    
  -4.03663595650    	 -0.296687246349    
  -14.2125631400    	  -1.04460403836    
  -3.01675610538    	 -0.221727466002    
   10.2160876478    	  0.750868531457    
   25.6787544584    	   1.88735348742    
  -4.66225839764    	 -0.342669643899    
  0.399241587681    	  0.293437130703E-01
  -2.94621618763    	 -0.216542878098    
  -2.73591940251    	 -0.201086350741    
 -0.336038701224    	 -0.246983869755E-01
   4.87352012473    	  0.358197093176    
  -2.73333398832    	 -0.200896326319    
  -1.60449320263    	 -0.117928065648    
  -6.79497619324    	 -0.499421497876    
  -2.74156271003    	 -0.201501126160    
  -6.40925382396    	 -0.471071428950    
  -4.47012896758    	 -0.328548392401    
  -2.24688366290    	 -0.165142889772    
  -4.32784352156    	 -0.318090605860    
  -1.82754605352    	 -0.134322146469    
  -2.69836588663    	 -0.198326218458    
   2.50181162140    	  0.183879747600    
   2.31028024899    	  0.169802452525    
  -3.14669916091    	 -0.231278103648    
   14.0289067843    	   1.03110554629    
  -2.05619963928    	 -0.151127873678    
  -2.63266788296    	 -0.193497504646    
  -2.52554269933    	 -0.185623949515    
  -3.50325216900    	 -0.257484264245    
 -0.654617271777    	 -0.481134781211E-01
  -6.33978166883    	 -0.465965320144    
   1.20828410248    	  0.888072362817E-01
   1.01397144803    	  0.745255207636E-01
   2.54716269960    	  0.187212990096    
  -3.09163257749    	 -0.227230784748    
   45.9053277958    	   3.37397908635    
   26.5612934028    	   1.95221889812    
   9.58440394622    	  0.704440639517    
  -5.35121894420    	 -0.393307305953    
  -3.93889857194    	 -0.289503681667    
   1.02674359088    	  0.754642558720E-01
   1.76061709574    	  0.129402959206    
  0.882036943814    	  0.648285143515E-01
  -4.12711044844    	 -0.303336998312    
  -1.72047146907    	 -0.126452310310    
