  -150.190755414    	  -1150.25419219    	  -84.5421168914    
           0
         800
   1.56581270963    	  0.115085102081    
  -4.26680582306    	 -0.313604418132    
  -2.43451103467    	 -0.178933246115    
  0.618628810980    	  0.454683752559E-01
  -2.95833502278    	 -0.217433595980    
   1.46376943739    	  0.107585060518    
  0.306072292790    	  0.224958967591E-01
   10.3352843917    	  0.759629329826    
  -2.30901447277    	 -0.169709419697    
   1.08264610042    	  0.795730142044E-01
  -3.76490962792    	 -0.276715731192    
   8.89819823682    	  0.654005454243    
  -71.2706875355    	  -5.23829848868    
  -6.39879014970    	 -0.470302363139    
 -0.562501545851    	 -0.413430976942E-01
  -3.38270380159    	 -0.248624123384    
  -29.0847958747    	  -2.13769289371    
   8.61287622002    	  0.633034674515    
  -3.80427175341    	 -0.279608793818    
  -2.49457352072    	 -0.183347757056    
   15.1215580944    	   1.11141392978    
  -4.96126825180    	 -0.364646461035    
  -3.76267270131    	 -0.276551320132    
  -17.1025208373    	  -1.25701199403    
  -47.0336417985    	  -3.45690862920    
  -2.55583371373    	 -0.187850297828    
  -2.84544073086    	 -0.209136019246    
   28.2944084568    	   2.07960049471    
  -3.25901276597    	 -0.239533000689    
  -4.72042693859    	 -0.346944952453    
  -6.26373423568    	 -0.460375937357    
  -2.81719241717    	 -0.207059806654    
  -5.00006098866    	 -0.367497674372    
  -40.1547705618    	  -2.95132095986    
   8.45601159843    	  0.621505338422    
  -1.05233288481    	 -0.773450341322E-01
 -0.617050789716    	 -0.453523928417E-01
  -11.4678523648    	 -0.842871533699    
   12.5828938659    	  0.924825565743    
  -5.60063307826    	 -0.411638905194    
   7.28787032665    	  0.535648545536    
  -6.51623724638    	 -0.478934564825    
  -1.14277949681    	 -0.839927369586E-01
   19.1800016515    	   1.40970400508    
  -2.85318510185    	 -0.209705219969    
  -2.75746532351    	 -0.202669946597    
  -4.34878714306    	 -0.319629933522    
   4.91230339868    	  0.361047611003    
  -6.59182778248    	 -0.484490366301    
  -2.39729636648    	 -0.176198018676    
  -1.77028963029    	 -0.130113877325    
  -2.07635157526    	 -0.152609013534    
  0.508974579100    	  0.374089385225E-01
   2.78064169489    	  0.204373378335    
  -4.61403435943    	 -0.339125242753    
  -2.83026700886    	 -0.208020771340    
  -3.55534052352    	 -0.261312687376    
  0.761816691802    	  0.559924895256E-01
  -3.68428673888    	 -0.270790058627    
  -3.24329168060    	 -0.238377522321    
   89.8395541207    	   6.60308489853    
  0.916350938273    	  0.673505462209E-01
   10.0458352910    	  0.738355215056    
  -3.45373165730    	 -0.253844574064    
 -0.962596038693    	 -0.707494981324E-01
  -9.18059595492    	 -0.674761301999    
  -4.07325116482    	 -0.299378414303    
  -3.26971491836    	 -0.240319594317    
  -2.33797169385    	 -0.171837736017    
  -5.51353197647    	 -0.405237092812    
   5.64658454452    	  0.415016275394    
  -3.95280938881    	 -0.290526107765    
   7.00248573025    	  0.514673166293    
   1.30466191655    	  0.958908743834E-01
  -5.41306541591    	 -0.397852937411    
 -0.550520897481E-01	 -0.404625363523E-02
  -1.65722836716    	 -0.121804028434    
  -3.08173129875    	 -0.226503054242    
  0.640474154617    	  0.470739782676E-01
  0.324209991725    	  0.238289929338E-01
  -2.62119787233    	 -0.192654474482    
  -4.91023637155    	 -0.360895687323    
  -1.90396955376    	 -0.139939169676    
  -3.89470319929    	 -0.286255381955    
 -0.613947696579    	 -0.451243197214E-01
 -0.293734187733    	 -0.215890628375E-01
   4.12876476418    	  0.303458588267    
  -1.43183477784    	 -0.105237906524    
  0.904920735846    	  0.665104419063E-01
 -0.834286834245    	 -0.613189463168E-01
  0.971655249087    	  0.714153377610E-01
  -3.44560003817    	 -0.253246911130    
  0.507590250053    	  0.373071922225E-01
  -20.2548555883    	  -1.48870430587    
  -4.37515936938    	 -0.321568256247    
  -2.60101526053    	 -0.191171079996    
   5.05596593711    	  0.371606611961    
   3.22594646336    	  0.237102672472    
  -3.22685400690    	 -0.237169375686    
  -4.01082341770    	 -0.294790059894    
  -18.0211540072    	  -1.32453028117    
  -2.95668155853    	 -0.217312068610    
  -16.5366617261    	  -1.21542211985    
  -2.98600283250    	 -0.219467142321    
   1.69857702642    	  0.124843098588    
  -7.20904165808    	 -0.529854745733    
 -0.522143435312    	 -0.383768315229E-01
   1.00548943731    	  0.739021045254E-01
  -2.76228607909    	 -0.203024265568    
  -4.10490537175    	 -0.301704955411    
  -4.06713108604    	 -0.298928596846    
  -6.33415202754    	 -0.465551549175    
   4.75731699469    	  0.349656321346    
   1.78958707926    	  0.131532213548    
   18.6483323190    	   1.37062703309    
   4.48629791856    	  0.329736788281    
 -0.590221152006    	 -0.433804510024E-01
  -2.80388984192    	 -0.206082085486    
  -3.41684827744    	 -0.251133695867    
   5.24093259681    	  0.385201409590    
  -3.25688635031    	 -0.239376712034    
   4.80357129481    	  0.353055949423    
  -2.28664670569    	 -0.168065419273    
   2.29278746228    	  0.168516756521    
  -14.1106927030    	  -1.03711669996    
   30.2616487464    	   2.22418997732    
  -1.62199913410    	 -0.119214727774    
 -0.931813752089    	 -0.684870419815E-01
  -17.9447378245    	  -1.31891379579    
  0.814077628400    	  0.598335972049E-01
   2.07016747818    	  0.152154490819    
   10.4613420900    	  0.768894399005    
  -2.13840013381    	 -0.157169498099    
  -5.33401086331    	 -0.392042535439    
  -10.1088513996    	 -0.742986813228    
  -10.5302242764    	 -0.773957145917    
 -0.385131982641    	 -0.283066763121E-01
   23.4265891671    	   1.72182240515    
  -2.51108405892    	 -0.184561259132    
  -3.11315021665    	 -0.228812301927    
  -35.3228464399    	  -2.59618111625    
  -5.45039390654    	 -0.400596530644    
  -2.92305234537    	 -0.214840367233    
  -2.65463192211    	 -0.195111831616    
  0.344500350166    	  0.253203066509E-01
  -4.15072985832    	 -0.305072992777    
  0.704271248159    	  0.517629777742E-01
  -5.65855051499    	 -0.415895757930    
  -15.2326478530    	  -1.11957887577    
  -1.33013070380    	 -0.977627955668E-01
  -2.62570554573    	 -0.192985782339    
   180.247138437    	   13.2479192430    
   21.9152877283    	   1.61074380725    
  -2.75270074284    	 -0.202319756405    
  -4.25671574753    	 -0.312862811319    
   8.51873515632    	  0.626115434519    
   7.61768614888    	  0.559889559379    
  -3.13672309800    	 -0.230544876608    
  -5.67985675673    	 -0.417461737686    
  -2.01733299511    	 -0.148271228255    
   3.96033840701    	  0.291079480351    
  -6.08255441513    	 -0.447059467249    
  -48.0090980465    	  -3.52860333520    
   13.9646095418    	   1.02637978652    
  -2.56064857181    	 -0.188204183341    
  -5.81039110588    	 -0.427055834608    
  -11.9700119733    	 -0.879779581163    
  -4.17002623581    	 -0.306491250248    
   41.2379811018    	   3.03093545961    
  -7.61282728723    	 -0.559532439664    
  -5.13053979506    	 -0.377087688977    
 -0.192206429724    	 -0.141269108683E-01
   7.69415643841    	  0.565510021534    
  -2.51907914379    	 -0.185148886984    
  -7.03406366767    	 -0.516994101695    
  -2.61573397494    	 -0.192252885464    
  -10.1463775188    	 -0.745744931895    
   12.5310459113    	  0.921014811681    
  -3.47648305349    	 -0.255516770705    
  -3.43401109921    	 -0.252395139897    
  -1.73788751698    	 -0.127732366117    
  -5.38676051951    	 -0.395919563343    
   1.46914597095    	  0.107980228414    
  -3.52844587209    	 -0.259335967118    
   12.0743593372    	  0.887448970322    
  -2.58045633947    	 -0.189660027292    
  -2.68148466496    	 -0.197085471652    
   20.6172176571    	   1.51533742452    
 -0.374363496798    	 -0.275152072655E-01
  -1.42264541739    	 -0.104562501044    
   21.6092635918    	   1.58825144991    
  -2.45375721928    	 -0.180347814478    
  -2.07546942636    	 -0.152544176791    
  -2.68211613640    	 -0.197131883943    
  -3.14102521257    	 -0.230861076171    
  -3.47976499575    	 -0.255757988992    
  -2.83798390520    	 -0.208587952714    
   7.91541905918    	  0.581772522880    
  -9.53899824824    	 -0.701103382542    
  -2.86768512985    	 -0.210770952282    
  -4.78732356263    	 -0.351861763231    
  -21.9737214782    	  -1.61503860830    
  -1.29834367356    	 -0.954264921267E-01
   19.6039763279    	   1.44086556650    
  -2.75615838149    	 -0.202573888138    
  -5.71323293679    	 -0.419914841475    
  -5.20129405240    	 -0.382288030550    
   2.93263990343    	  0.215545039696    
  -8.58237093950    	 -0.630792577934    
  -5.61911067467    	 -0.412996983370    
  -2.79792330842    	 -0.205643553398    
  -3.64496927149    	 -0.267900278310    
  -27.5000490896    	  -2.02121616286    
   23.4276000401    	   1.72189670294    
   9.31736740231    	  0.684813817148    
  -3.08874047214    	 -0.227018218943    
  -4.49324714218    	 -0.330247546755    
   7.31742627680    	  0.537820867627    
  -1.13938014868    	 -0.837428894999E-01
   9.85609137147    	  0.724409295332    
  -3.87123908405    	 -0.284530801435    
  -12.2859351528    	 -0.902999504681    
  -2.69610081394    	 -0.198159738699    
   11.8275277535    	  0.869307185018    
  -1.97605283960    	 -0.145237193034    
  -5.97218418736    	 -0.438947405792    
  -10.1931651718    	 -0.749183760679    
   2.09442585431    	  0.153937448433    
   1.02744560130    	  0.755158526821E-01
  -7.35351327371    	 -0.540473212763    
  -3.88743655348    	 -0.285721293383    
  -2.57640672022    	 -0.189362385792    
  -2.04870504104    	 -0.150577030913    
   10.4882375285    	  0.770871177114    
   4.98965435272    	  0.366732800800    
  -51.3230953428    	  -3.77217762400    
  -3.35343214178    	 -0.246472696246    
  -2.17082864364    	 -0.159552949416    
   26.3907328633    	   1.93968293071    
  -1.23862209555    	 -0.910370374624E-01
  -4.13734529108    	 -0.304089245310    
  -15.4598881264    	  -1.13628072645    
  -2.39376146105    	 -0.175938207941    
   21.6174472692    	   1.58885293906    
  -6.25494423460    	 -0.459729884246    
  -2.37910522597    	 -0.174860994618    
  -3.82035344764    	 -0.280790776446    
  -2.99119172480    	 -0.219848518840    
 -0.250430585489E-01	 -0.184063070366E-02
  -8.25481428137    	 -0.606717609576    
  -1.55126917344    	 -0.114016171974    
   2.11097282476    	  0.155153628230    
   4.48274577123    	  0.329475710290    
 -0.685733730580    	 -0.504004954736E-01
   2.16198606854    	  0.158903032186    
  -1.10582456205    	 -0.812765995730E-01
  -3.28182521249    	 -0.241209684446    
  0.297801263042    	  0.218879873348E-01
   31.8160730826    	   2.33843804946    
 -0.521102198901E-01	 -0.383003020644E-02
  -6.89883370412    	 -0.507054883509    
  -1.61420073498    	 -0.118641556057    
   18.2225183631    	   1.33933028713    
   9.86666488312    	  0.725186434041    
  -3.41303641444    	 -0.250853529126    
   2.66846116225    	  0.196128261936    
   1.05986328939    	  0.778985086152E-01
   4.38202058123    	  0.322072545976    
   14.8837988272    	   1.09393894739    
  0.766847674262E-01	  0.563622598861E-02
  -5.13775604949    	 -0.377618073852    
   30.4277967969    	   2.23640163279    
  -3.61963949798    	 -0.266038574447    
  -1.50740918091    	 -0.110792522245    
 -0.718950651308    	 -0.528418939175E-01
  -3.59022610613    	 -0.263876730197    
  0.328003033372    	  0.241077763300E-01
  -4.38288650245    	 -0.322136190006    
   22.5589106791    	   1.65804921774    
  -3.89839314816    	 -0.286526588173    
  -3.09378699731    	 -0.227389131671    
  -1.46337755614    	 -0.107556257780    
   2.22586662395    	  0.163598166026    
  -2.10420362674    	 -0.154656101393    
  0.185709026636    	  0.136493605885E-01
  -3.98671395611    	 -0.293018047296    
  -2.89271030259    	 -0.212610268404    
  -4.25959066278    	 -0.313074113675    
  -3.30558536496    	 -0.242956023300    
  -4.38784388958    	 -0.322500551210    
   1.06542694187    	  0.783074294970E-01
  -3.47576042456    	 -0.255463658463    
  -20.5356988892    	  -1.50934590608    
  -4.09431366100    	 -0.300926479093    
   3.55594346359    	  0.261357002651    
  -5.25927276578    	 -0.386549387036    
  0.745020588925E-01	  0.547579988344E-02
   34.4670987173    	   2.53328482386    
   2.02377084839    	  0.148744401704    
  -3.57666609478    	 -0.262880087826    
  -10.6987891546    	 -0.786346434936    
  -4.84075212533    	 -0.355788689839    
   9.17376703699    	  0.674259385830    
  -2.03205665642    	 -0.149353397313    
   6.60337624515    	  0.485339162582    
   69.2278489233    	   5.08815263230    
  -2.30433857390    	 -0.169365747497    
  -5.23842493763    	 -0.385017100055    
  -4.73185672284    	 -0.347785026032    
  -2.59819737609    	 -0.190963969327    
  -17.1797332135    	  -1.26268699854    
   6.01887707396    	  0.442379269378    
  -4.21947496063    	 -0.310125664190    
 -0.625144080467    	 -0.459472386917E-01
  -3.40733871246    	 -0.250434755789    
  -7.57801447614    	 -0.556973745452    
  -1.62898452649    	 -0.119728144603    
  -21.3799532500    	  -1.57139745203    
 -0.511911108436    	 -0.376247694302E-01
  -1.62437563393    	 -0.119389397275    
  -3.47106394047    	 -0.255118473277    
   27.2188439809    	   2.00054797027    
  -4.95279256877    	 -0.364023509873    
   3.75891409769    	  0.276275067884    
  -1.52430929821    	 -0.112034657855    
   16.7851546871    	   1.23368601413    
   30.3314560769    	   2.22932072106    
  -1.77517989678    	 -0.130473305253    
  -3.63397138304    	 -0.267091948484    
  -5.01871621897    	 -0.368868808398    
  -4.28363770711    	 -0.314841538690    
  -2.18257886529    	 -0.160416574707    
  -3.27883124705    	 -0.240989632063    
  -4.48604401510    	 -0.329718126722    
  -1.03406782669    	 -0.760025772312E-01
  -1.07609277531    	 -0.790913537317E-01
  -1.87197215237    	 -0.137587404243    
   9.24621056500    	  0.679583886496    
  -1.19426610836    	 -0.877769328013E-01
  -2.65226046767    	 -0.194937532944    
   2.22688420476    	  0.163672956830    
   2.31489256334    	  0.170141451350    
  -2.60561870702    	 -0.191509427046    
   7.75813099194    	  0.570212064108    
  -8.13027836814    	 -0.597564389527    
  -4.41009484771    	 -0.324135966335    
  -1.38881259004    	 -0.102075834302    
  -7.04651751126    	 -0.517909442241    
  -3.85563612047    	 -0.283384004858    
   22.0753749561    	   1.62251000051    
   11.6418295842    	  0.855658622433    
  -11.6538730975    	 -0.856543804262    
  -5.04121403870    	 -0.370522367514    
  -4.12017702314    	 -0.302827400993    
  -3.12613255605    	 -0.229766486195    
  -2.84502216166    	 -0.209105254979    
  -3.76079845189    	 -0.276413565352    
 -0.843579034587    	 -0.620019103893E-01
   2.06652467548    	  0.151886749781    
   18.0788523518    	   1.32877103093    
  -2.91110876347    	 -0.213962530226    
  -4.49620122168    	 -0.330464667576    
  -2.64460326680    	 -0.194374739106    
 -0.746311603819    	 -0.548528866712E-01
  -6.16485838105    	 -0.453108696675    
  -9.38221578952    	 -0.689580085308    
   4.23083608641    	  0.310960691466    
  -3.13471715882    	 -0.230397442809    
   37.9720645912    	   2.79089504309    
  -3.69776772777    	 -0.271780892954    
   1.43032540295    	  0.105126969525    
  -3.65284020560    	 -0.268478781250    
   8.17635800517    	  0.600951180105    
   26.2997687681    	   1.93299719357    
   25.7448146149    	   1.89220881897    
  -3.52094987792    	 -0.258785021753    
  0.401762818809    	  0.295290201252E-01
   1.43233713670    	  0.105274829217    
  -23.6755505725    	  -1.74012072945    
  -2.66496566582    	 -0.195871347707    
  -2.58623533912    	 -0.190084775898    
  -7.18660204912    	 -0.528205465029    
  -3.60698182332    	 -0.265108252595    
  -1.77278935052    	 -0.130297603358    
   17.9916232099    	   1.32235980777    
  -1.75672026607    	 -0.129116547531    
  -4.88698853670    	 -0.359187003118    
  -2.96892074057    	 -0.218211631824    
   10.5449747417    	  0.775041285029    
  -5.55966993459    	 -0.408628169911    
  -3.17534890375    	 -0.233383820736    
   5.10603987984    	  0.375286978569    
 -0.732675132285    	 -0.538506245815E-01
  -10.1096183236    	 -0.743043181097    
  -3.04400008852    	 -0.223729861667    
  -6.38728250002    	 -0.469456566557    
  -1.50973451412    	 -0.110963431070    
   4.42516323391    	  0.325243472203    
 -0.190435507060    	 -0.139967504639E-01
  -11.9663365167    	 -0.879509440108    
  -3.00586345852    	 -0.220926871291    
   9.95401253436    	  0.731606367471    
   10.9635859263    	  0.805808637102    
   3.23034509310    	  0.237425965768    
  0.986838999935E-02	  0.725313227735E-03
  -3.46827023945    	 -0.254913140056    
   20.3464550450    	   1.49543674121    
  -2.89254761861    	 -0.212598311353    
  -6.20436000508    	 -0.456012012255    
   46.9888908400    	   3.45361949468    
  -3.33621250225    	 -0.245207076187    
  -2.17611645338    	 -0.159941596232    
  0.369645308064    	  0.271684268180E-01
  -3.25955974203    	 -0.239573202685    
  -9.62700329052    	 -0.707571633318    
  -2.69481135868    	 -0.198064965494    
   18.1245536397    	   1.33213001336    
   5.91991973455    	  0.435106039676    
  -3.85617512719    	 -0.283423621118    
  -4.48079192305    	 -0.329332105108    
  -1.91658808810    	 -0.140866614768    
  -15.0176779527    	  -1.10377888082    
  -7.16357861813    	 -0.526513274201    
   1.92279011958    	  0.141322455637    
  -3.71226925872    	 -0.272846735733    
 -0.593532833855    	 -0.436238551089E-01
  -3.08982803112    	 -0.227098153047    
  -3.81175377656    	 -0.280158712332    
 -0.409415313248    	 -0.300914680465E-01
   9.26172743117    	  0.680724355031    
  -2.90650778681    	 -0.213624364706    
   4.42980501419    	  0.325584636733    
   15.8389621648    	   1.16414215212    
   1.70128053550    	  0.125041802824    
  -3.25833913276    	 -0.239483489566    
  -2.46848581620    	 -0.181430346296    
  -5.17730507657    	 -0.380524873490    
  -8.17981141209    	 -0.601205000812    
  -3.34093740383    	 -0.245554350020    
 -0.839373253202    	 -0.616927911842E-01
  -2.81343182767    	 -0.206783408446    
  -23.6417242100    	  -1.73763453787    
  -1.07092800611    	 -0.787117502281E-01
  -4.06751460351    	 -0.298956784858    
  -11.1045748815    	 -0.816171133332    
  -5.54615877253    	 -0.407635117897    
  -3.18854237081    	 -0.234353522600    
  -16.6031708877    	  -1.22031045266    
   12.7177263818    	  0.934735572066    
  -4.22465594659    	 -0.310506459604    
   4.06605515899    	  0.298849517673    
   2.44170654971    	  0.179462106673    
  -3.74339495883    	 -0.275134432309    
 -0.938655265070    	 -0.689898838700E-01
  -2.03878187564    	 -0.149847691768    
 -0.765856717096    	 -0.562894258836E-01
  -12.0559368785    	 -0.886094944699    
  -2.48397776516    	 -0.182568983450    
  -2.02673289852    	 -0.148962108356    
   2.70030542838    	  0.198468772136    
   23.8425553102    	   1.75239535027    
  -2.47570891556    	 -0.181961234264    
  -2.71899680961    	 -0.199842563205    
   7.95110838889    	  0.584395640018    
  -1.88803823358    	 -0.138768239335    
  -7.23675255138    	 -0.531891458658    
  -3.94340785874    	 -0.289835108106    
  -4.01596517125    	 -0.295167971779    
  -6.05559056137    	 -0.445077660712    
  -3.82535922272    	 -0.281158694099    
  -7.68660953338    	 -0.564955334291    
  -3.51207199078    	 -0.258132509137    
   24.7219706650    	   1.81703118139    
  -1.44112570018    	 -0.105920776666    
 -0.788389103587    	 -0.579455256097E-01
 -0.945536856476E-01	 -0.694956714680E-02
  -3.79616089758    	 -0.279012656959    
  -1.68493727404    	 -0.123840595360    
   1.56482404130    	  0.115012436305    
  0.222097600474    	  0.163238712173E-01
  -2.90024390482    	 -0.213163977910    
   3.98495301582    	  0.292888620582    
  -3.13116748518    	 -0.230136546631    
  -2.63559957163    	 -0.193712979771    
   11.9285227358    	  0.876730178703    
   29.8103540391    	   2.19102043083    
  -1.53749229154    	 -0.113003589914    
 -0.380667462088    	 -0.279785401306E-01
   3.99805591894    	  0.293851666120    
   13.3035022410    	  0.977789300105    
   11.5260279379    	  0.847147359111    
  -59.5551524906    	  -4.37722261524    
  -24.9535100814    	  -1.83404901323    
  -9.96819523604    	 -0.732648776733    
  -3.78152546285    	 -0.277936972435    
  -2.46778414944    	 -0.181378774745    
   4.87682118619    	  0.358439716699    
   5.44563702786    	  0.400246906538    
  -3.16128336752    	 -0.232350022975    
  -4.22877386587    	 -0.310809121064    
  -2.81353748174    	 -0.206791173876    
  -2.82622771717    	 -0.207723888901    
  -23.6659250012    	  -1.73941326306    
   4.18586937224    	  0.307655699203    
  -5.32253928736    	 -0.391199390227    
  -12.9993968524    	 -0.955437968122    
   14.5703248082    	   1.07089903383    
  -4.01451270627    	 -0.295061217580    
  -12.4535790633    	 -0.915321103832    
  -5.12612856413    	 -0.376763469510    
  -5.72020003537    	 -0.420426913733    
  0.842354425140    	  0.619119032624E-01
  -2.02810838064    	 -0.149063204419    
  -6.62833934030    	 -0.487173916085    
  -2.87444216256    	 -0.211267584986    
  -2.60692920321    	 -0.191605746731    
  -3.00414537322    	 -0.220800594360    
  -6.98373309485    	 -0.513294873125    
  -2.76740154110    	 -0.203400245060    
  -1.90075560779    	 -0.139702949023    
  -1.93883117557    	 -0.142501451410    
  -4.48327954779    	 -0.329514942140    
  -2.56956725253    	 -0.188859694230    
  -2.84497270703    	 -0.209101620132    
  -4.52318069417    	 -0.332447622067    
  -2.53523696994    	 -0.186336465205    
  -2.46506891763    	 -0.181179208904    
   10.7164136366    	  0.787641810368    
 -0.551645361680    	 -0.405451829398E-01
   9.06465412617    	  0.666239735457    
  -3.90703903352    	 -0.287162048974    
  0.449839617342    	  0.330625993540E-01
  -2.66746835985    	 -0.196055292311    
  -9.89389382608    	 -0.727187724272    
  -7.68023670382    	 -0.564486939996    
 -0.371441582476    	 -0.273004505414E-01
  -13.1210688657    	 -0.964380695429    
 -0.164399404714    	 -0.120831323933E-01
   23.3527450967    	   1.71639496652    
  -2.06898087774    	 -0.152067277302    
  -1.56989989824    	 -0.115385504879    
  -3.28135417395    	 -0.241175063755    
   3.97574026577    	  0.292211495998    
  -2.47627290166    	 -0.182002686474    
   28.5349234473    	   2.09727801901    
  -2.59284830767    	 -0.190570820082    
   7.45713553079    	  0.548089307562    
  -2.00995994778    	 -0.147729319315    
  -2.79601491823    	 -0.205503289318    
  -1.00467061941    	 -0.738419225249E-01
  -4.70652862559    	 -0.345923445373    
  0.266642685034    	  0.195978742781E-01
  -1.27433128448    	 -0.936616142257E-01
  -11.0051952755    	 -0.808866867607    
   11.9402763743    	  0.877594055129    
  -6.06563243417    	 -0.445815724690    
  -3.56594022941    	 -0.262091751327    
  -5.16776856890    	 -0.379823953162    
   29.9525537188    	   2.20147191367    
  -6.20973299567    	 -0.456406919746    
  -7.62330210916    	 -0.560302324813    
   3.83715999991    	  0.282026035154    
  -3.09483296479    	 -0.227466008857    
 -0.322278925105    	 -0.236870621666E-01
  -9.18617123987    	 -0.675171077851    
  -3.20796666509    	 -0.235781181781    
   7.88002282286    	  0.579170947708    
  -1.68242973954    	 -0.123656294989    
 -0.634038143610    	 -0.466009402222E-01
   2.53752040025    	  0.186504294223    
   36.4574606166    	   2.67957371330    
  -13.2567788268    	 -0.974355192782    
  0.514059824404    	  0.377826971281E-01
  -3.72855646476    	 -0.274043823200    
   1.74937816055    	  0.128576912773    
   2.59554629012    	  0.190769118119    
  -4.13755930185    	 -0.304104974810    
  -1.53054196971    	 -0.112492750723    
  -8.93190407035    	 -0.656482787112    
  -3.26375537375    	 -0.239881575903    
  0.143291324967    	  0.105317172735E-01
   1.69773453734    	  0.124781176787    
  -2.11921259681    	 -0.155759240256    
  -4.36317438521    	 -0.320687376230    
  -3.36876292341    	 -0.247599487820    
   43.5529646497    	   3.20108359819    
 -0.303355088959    	 -0.222961859774E-01
  -3.45235495723    	 -0.253743388484    
  -17.4856581481    	  -1.28517206467    
   1.36733449899    	  0.100497223856    
  -4.67557099968    	 -0.343648102021    
  -1.19881568451    	 -0.881113204532E-01
   29.5797999125    	   2.17407501646    
  -13.3712646979    	 -0.982769748414    
  0.398398567929    	  0.292817522665E-01
   1.36291232868    	  0.100172200359    
  -3.54930405071    	 -0.260869014845    
  -3.55915067358    	 -0.261592728218    
  -7.33732630510    	 -0.539283492611    
  -10.6902243683    	 -0.785716934809    
  -3.45029540296    	 -0.253592014049    
   25.9550460769    	   1.90766054517    
 -0.976588875319    	 -0.717779525712E-01
   14.4372310906    	   1.06111682682    
  -3.27909567511    	 -0.241009067166    
  -2.15141198230    	 -0.158125851246    
  -3.38224311102    	 -0.248590263255    
  -1.96459868553    	 -0.144395328306    
  -6.51285258659    	 -0.478685796939    
  -2.72466188200    	 -0.200258938312    
  -2.55825607369    	 -0.188028337986    
   1.68620345678    	  0.123933658068    
  -1.17187682366    	 -0.861313508621E-01
  -2.71941288376    	 -0.199873144089    
  -6.10316535277    	 -0.448574343100    
  -1.05673446128    	 -0.776685440100E-01
   1.55797178316    	  0.114508804662    
  -15.7185566474    	  -1.15529251054    
  0.423918913630    	  0.311574629259E-01
  -1.48129710139    	 -0.108873319955    
  -1.19622438749    	 -0.879208636505E-01
  -4.15933016002    	 -0.305705103241    
   12.4816200767    	  0.917382080139    
  -40.8513224547    	  -3.00251657553    
   3.96693134875    	  0.291564052592    
  -6.77788223199    	 -0.498165115000    
 -0.761384806001E-01	 -0.559607465073E-02
  -3.09912578847    	 -0.227781525552    
  -22.4550859262    	  -1.65041823978    
  -2.30218790483    	 -0.169207676249    
  -2.96390813417    	 -0.217843212079    
  -3.53034653934    	 -0.259475663572    
  -2.75481649698    	 -0.202475261453    
   46.8352650363    	   3.44232820729    
  -2.31727207867    	 -0.170316342486    
  -1.36768315028    	 -0.100522849250    
  -14.4112847097    	  -1.05920980315    
  -7.46586305387    	 -0.548730768624    
  -3.83982681670    	 -0.282222042556    
   10.8985571636    	  0.801029111591    
  -2.55185587393    	 -0.187557932019    
 -0.619182396533    	 -0.455090630403E-01
   2.04480904081    	  0.150290680201    
  -9.69001183728    	 -0.712202675710    
   9.36283408965    	  0.688155556759    
   21.6115561606    	   1.58841995060    
  -2.71820813740    	 -0.199784596872    
  -3.50782432453    	 -0.257820311451    
  -3.04073359136    	 -0.223489778573    
   8.06663055283    	  0.592886361768    
   2.48981243166    	  0.182997823493    
   10.8010827739    	  0.793864876667    
  0.133160403009    	  0.978710830432E-02
  -10.5207477206    	 -0.773260631971    
   7.38017916921    	  0.542433119773    
  0.565499079257    	  0.415634123179E-01
   1.09174205193    	  0.802415542549E-01
  -2.68791564400    	 -0.197558139855    
   13.5332562314    	  0.994675905554    
  -4.35758109059    	 -0.320276276691    
  -2.60515092476    	 -0.191475045686    
  -3.54881948829    	 -0.260833400166    
   16.8661768953    	   1.23964103610    
  -2.60536657669    	 -0.191490895810    
  -10.3053949916    	 -0.757432499621    
  -4.70655227046    	 -0.345925183238    
  -3.91678578376    	 -0.287878421845    
  -10.9062600634    	 -0.801595264231    
   16.9377794202    	   1.24490372419    
 -0.133287150273    	 -0.979642405565E-02
  -4.01715478295    	 -0.295255406619    
 -0.620174112414    	 -0.455819528071E-01
   5.44479514567    	  0.400185029343    
  -3.58446142147    	 -0.263453033724    
  -5.00855951160    	 -0.368122304236    
  -2.43024055558    	 -0.178619371717    
   2.58602477523    	  0.190069299739    
  0.302105713794    	  0.222043586040E-01
   37.3581946613    	   2.74577643911    
  -12.0713661909    	 -0.887228978149    
  -7.55946468185    	 -0.555610360829    
  -3.29128739519    	 -0.241905141990    
   1.49427556247    	  0.109827219173    
  -14.8311747053    	  -1.09007114609    
  -2.63500561258    	 -0.193669324590    
  -8.73185903616    	 -0.641779749489    
  -2.59593208203    	 -0.190797473298    
   3.32953866464    	  0.244716558210    
  -12.5642979644    	 -0.923458792307    
  0.155212970238    	  0.114079419680E-01
  -4.63219027577    	 -0.340459677883    
  0.878774352791    	  0.645887183538E-01
  -3.78721737698    	 -0.278355320373    
   3.32872519949    	  0.244656769630    
  -3.11750344246    	 -0.229132258096    
  -9.16284824807    	 -0.673456869711    
  -13.3062657807    	 -0.977992416506    
  -18.4037925160    	  -1.35265369054    
  -1.64272946757    	 -0.120738379057    
  -1.63751737442    	 -0.120355297307    
  -1.71203882763    	 -0.125832522646    
  -3.79567239038    	 -0.278976752345    
  -7.36718827289    	 -0.541478306582    
  -2.27218804418    	 -0.167002727340    
  -2.09590399307    	 -0.154046089619    
  -6.75366732306    	 -0.496385352166    
  -4.84897567445    	 -0.356393109501    
   28.7040902016    	   2.10971154511    
   4.36810162299    	  0.321049521497    
  -4.26520736898    	 -0.313486933933    
  -3.03302198099    	 -0.222922985712    
   173.915894430    	   12.7825814294    
  -3.32654233004    	 -0.244496331697    
  -5.08480584525    	 -0.373726305939    
   3.17715793739    	  0.233516782245    
  -3.61792705132    	 -0.265912711949    
   2.81601741830    	  0.206973445836    
  -3.12536878125    	 -0.229710349788    
  -8.63974349936    	 -0.635009382963    
   2.67462894709    	  0.196581585723    
  -4.11613124889    	 -0.302530042095    
  0.674382046373    	  0.495661621413E-01
   1.22906223380    	  0.903344006414E-01
  -3.13291063313    	 -0.230264665632    
  -3.52097280232    	 -0.258786706665    
  -3.65852463642    	 -0.268896579175    
   1.09931988128    	  0.807985143936E-01
  -13.0003135650    	 -0.955505345252    
  -2.54018644767    	 -0.186700245078    
  -7.68959123286    	 -0.565174485143    
  -2.34463958468    	 -0.172327816914    
   18.1647956535    	   1.33508774658    
  -3.14278580260    	 -0.230990477141    
   4.34442322265    	  0.319309191315    
   11.0891717712    	  0.815039025695    
  -2.06707942449    	 -0.151927523077    
  -8.06175842732    	 -0.592528267177    
   26.9055366224    	   1.97752030603    
  -16.7720105737    	  -1.23271993969    
   1.55167504403    	  0.114046002910    
  -2.48129213505    	 -0.182371593294    
  -9.32512656582    	 -0.685384105101    
   23.0483402845    	   1.69402162732    
  -2.70414704187    	 -0.198751125497    
  -11.9536736609    	 -0.878578737449    
   3.43711134947    	  0.252623004070    
  -4.51579545022    	 -0.331904816693    
   2.33018852165    	  0.171265683458    
   12.2385955362    	  0.899520107321    
  -11.9504735412    	 -0.878343533005    
  -2.51196727812    	 -0.184626174541    
  -6.25446518337    	 -0.459694674634    
  -3.33862161989    	 -0.245384143054    
  -3.90116826841    	 -0.286730555733    
   24.8220341643    	   1.82438571234    
   15.9459211376    	   1.17200349097    
  -2.17261459815    	 -0.159684214640    
  -2.54509246092    	 -0.187060830372    
  -9.33242744611    	 -0.685920709861    
   3.27887591321    	  0.240992914965    
   10.6867512829    	  0.785461667759    
  -4.00088175365    	 -0.294059361123    
  -1.14666216643    	 -0.842781078891E-01
  -3.94980105199    	 -0.290304999105    
  -2.86332383308    	 -0.210450402909    
  -9.77307178001    	 -0.718307468403    
  -6.11853858858    	 -0.449704255000    
   12.6438306859    	  0.929304339042    
  -4.01598163472    	 -0.295169181821    
  -2.86980146519    	 -0.210926500049    
   66.7307274227    	   4.90461760219    
  -11.2514189633    	 -0.826963973392    
  0.658962867720E-01	  0.484328735057E-02
  -11.6930530485    	 -0.859423477307    
  -1.31796914739    	 -0.968689377305E-01
  -5.10308725968    	 -0.375069965007    
   9.97229090149    	  0.732949802566    
   4.71183173267    	  0.346313216522    
   12.5105086115    	  0.919505348108    
  -3.41018537071    	 -0.250643981295    
  -2.06741266341    	 -0.151952015684    
   2.23901804403    	  0.164564777495    
   1.16800726806    	  0.858469437944E-01
  -2.99928752237    	 -0.220443548938    
  -5.41076830704    	 -0.397684103036    
  -14.5313052067    	  -1.06803114625    
  -4.56739459495    	 -0.335697283571    
  -2.49160062992    	 -0.183129253630    
  -3.83797350246    	 -0.282085826484    
  -3.59822655911    	 -0.264464752597    
  -3.38015617858    	 -0.248436876562    
  -2.19921557723    	 -0.161639350381    
  -3.27812219446    	 -0.240937517663    
  -1.72976349215    	 -0.127135261354    
  -3.19652400141    	 -0.234940161581    
  -3.04499319972    	 -0.223802853988    
  -2.73292619418    	 -0.200866354004    
  -6.91746296228    	 -0.508424108617    
  -3.48109230083    	 -0.255855544109    
  -3.28046314521    	 -0.241109574355    
