Running on host: amd-cpu
Python Executable: /data/home/wangcx/LiYF4_Er3+/env/bin/python
PYTHONPATH: :/data/home/wangcx/LAMP_emb:/data/home/wangcx/LAMP_emb/embed_sim:/data/home/wangcx/.local/lib/python3.10/site-packages
Python starts successfully!
Modules loaded successfully!
正在加载团簇与点电荷文件...
#INFO: **** input file is /data/home/wangcx/LiYF4_Er3+/AIMPModelGenerator-main/LiYF4_Er3+/cahf_opt.py ****
import numpy as np
from pyscf import gto, scf, qmmm
import cahf
import rdiis

def read_xyz(filename):
    """读取常规 xyz 文件，跳过前两行"""
    symbols = []
    coords = []
    with open(filename, 'r') as f:
        lines = f.readlines()[2:]
        for line in lines:
            if not line.strip(): continue
            parts = line.split()
            symbols.append(parts[0])
            coords.append([float(parts[1]), float(parts[2]), float(parts[3])])
    return symbols, np.array(coords)

def read_dat(filename):
    """读取单列的 .dat 电荷文件"""
    return np.loadtxt(filename)

def run_cahf():
    # --- 1. 读取分离的坐标和电荷数据 ---
    print("正在加载团簇与点电荷文件...")
    
    # QM 层和 AIMP 层 (只有坐标)
    qm_syms, qm_coords = read_xyz('cluster.xyz')
    aimp_syms, aimp_coords = read_xyz('aimp.xyz')
    
    # PC 层 (坐标 + 电荷)
    pc_syms, pc_coords = read_xyz('rawChgs.xyz')
    pc_charges = read_dat('rawCharges.dat')
    
    # Fitted 层 (坐标 + 电荷)
    fit_syms, fit_coords = read_xyz('surfChgs.xyz')
    fit_charges = read_dat('surfaceCharges.dat')

    # 合并所有背景点电荷 (MM区)
    all_bg_coords = np.vstack([pc_coords, fit_coords])
    all_bg_charges = np.concatenate([pc_charges, fit_charges])

    # --- 2. 构建 Mole 对象 ---
    mol = gto.Mole()
    
    # --- 2. 构建 Mole 对象 ---
    mol = gto.Mole()
    
    atom_list = []
    for s, c in zip(qm_syms, qm_coords):
        atom_list.append([s, tuple(c)])
    for s, c in zip(aimp_syms, aimp_coords):
        # 核心修改：将后缀 _aimp 改为数字 99
        atom_list.append([f"{s}99", tuple(c)])
    
    mol.atom = atom_list

    # --- 3. 基组与 ECP 设定 ---
    # 定义一个“零权重”的基组：[角动量, [指数, 系数]]
    # 这里使用一个非常大的指数 (1e6) 和 0.0 的系数，使其在物理上不产生任何轨道贡献
    dummy_basis = [[0, [1e8, 1.0]]]

    mol.basis = {
        'Er': 'stuttgart_rsc',  # Er 使用 Stuttgart RSC ECP 基组
        'F': '6-31g*',
        'Li99': dummy_basis, # 使用 99 后缀匹配 AIMP 原子
        'Y99': dummy_basis,
        'F99': dummy_basis
    }
    
    mol.ecp = {
        'Er': 'stuttgart_rsc',  # Er 使用 Stuttgart RSC ECP
        'Li99': 'bfd',        # Li 和 F 属于极轻元素，使用 bfd 或 crenbl
        'F99': 'bfd',
        'Y99': 'lanl2dz'    # Y 属于重元素，使用 lanl2dz 或 Stuttgart RSC ECP
    }

    mol.charge = -5
    mol.spin = 3
    mol.verbose = 4
    mol.build()

    # 这一步极其关键，否则 AIMP 层的假电子会毁掉整个计算
    mol.nelectron = 117  # 145 (ErF8) - 28 (stuttgart_rsc) = 117

    # --- 4. 初始化 CAHF ---
    print(f"\n构建 CAHF: Er3+ 具有 7 个 4f 轨道，包含 11 个电子。")
    mf_pure = cahf.CAHF(mol, ncas=7, nelecas=11, spin=3)
    
    # 使用 qmmm 模块注入背景电荷，完美兼容 X2C
    print("注入长程背景点电荷场...")
    mf = qmmm.add_mm_charges(mf_pure, all_bg_coords, all_bg_charges)

    # --- 5. 绑定 RDIIS 与收敛参数 ---
    print("挂载 RDIIS 加速收敛，锁定 Er 的 4f 轨道...")
    # 搜索并锁定 Er 的 4f 轨道，给予 0.2 的 power 权重
    f_idx = mol.search_ao_label(['Er.*4f'])
    mf.diis = rdiis.RDIIS(rdiis_prop='dS', imp_idx=f_idx, power=0.5)

    # 检查点文件，方便后续读取轨道
    mf.chkfile = 'Er_CAHF_RDIIS.chk'

    # 对于包含重元素和大基组的体系，通常需要更好的初猜或收敛控制
    mf.init_guess = 'chk'  
    # RDIIS 的专属参数设定
    mf.diis_space = 15
    # mf.diis_start_cycle = 5        
    mf.max_cycle = 50     # 给足迭代空间
    mf.level_shift = 1.0  # 初始较大，帮助稳定收敛，后续可逐步减小
    mf.convergence_tol = 1e-8  # 先放宽标准，收敛后再以chk为初猜，加入rdiis加速收敛     
    

    # --- 5. 执行计算 ---
    print("\n--- 开始 CAHF 计算 ---")
    mf.kernel()

    if mf.converged:
        print(f"\n计算收敛！总能量: {mf.e_tot:.8f} Hartree")
    else:
        print("\n计算未收敛，可能需要调整 DIIS 或 Level Shift 策略。")

    return mf

if __name__ == "__main__":
    mf_results = run_cahf()#INFO: ******************** input file end ********************


System: uname_result(system='Linux', node='amd-cpu', release='6.8.0-101-generic', version='#101~22.04.1-Ubuntu SMP PREEMPT_DYNAMIC Wed Feb 11 13:19:54 UTC ', machine='x86_64')  Threads 16
Python 3.10.19 | packaged by conda-forge | (main, Jan 26 2026, 23:45:08) [GCC 14.3.0]
numpy 1.26.4  scipy 1.15.3  h5py 3.15.1
Date: Thu Mar 26 11:30:58 2026
PySCF version 2.12.0
PySCF path  /data/home/wangcx/LiYF4_Er3+/env/lib/python3.10/site-packages/pyscf

[CONFIG] conf_file None
[INPUT] verbose = 4
[INPUT] num. atoms = 177
[INPUT] num. electrons = 1249
[INPUT] charge = -5
[INPUT] spin (= nelec alpha-beta = 2S) = 3
[INPUT] symmetry False subgroup None
[INPUT] Mole.unit = angstrom
[INPUT] Symbol           X                Y                Z      unit          X                Y                Z       unit  Magmom
[INPUT]  1 Er     0.000000000000   0.000000000000   0.000000000000 AA    0.000000000000   0.000000000000   0.000000000000 Bohr   0.0
[INPUT]  2 F      1.112939200000   1.721198800000  -0.853327500000 AA    2.103150281293   3.252594337930  -1.612555269560 Bohr   0.0
[INPUT]  3 F     -1.114069800000  -1.720539300000  -0.853677500000 AA   -2.105286805649  -3.251348063551  -1.613216673703 Bohr   0.0
[INPUT]  4 F      1.709793900000  -1.124883800000   0.863235600000 AA    3.231042200452  -2.125722303960   1.631278864975 Bohr   0.0
[INPUT]  5 F     -1.709896600000   1.127957000000   0.860681400000 AA   -3.231236275325   2.131529810286   1.626452126507 Bohr   0.0
[INPUT]  6 F     -1.132263600000   0.830445300000  -1.797304800000 AA   -2.139668104814   1.569314178432  -3.396413834366 Bohr   0.0
[INPUT]  7 F      1.131356600000  -0.833615300000  -1.796821800000 AA    2.137954123219  -1.575304610247  -3.395501096648 Bohr   0.0
[INPUT]  8 F     -0.835465800000  -1.126125700000   1.801287800000 AA   -1.578801548441  -2.128069154834   3.403940613520 Bohr   0.0
[INPUT]  9 F      0.835932700000   1.130966100000   1.798574500000 AA    1.579683861568   2.137216185167   3.398813219627 Bohr   0.0
[INPUT] 10 Li99   2.544141000000   2.577740100000   0.023012300000 AA    4.807729712277   4.871222809309   0.043486944496 Bohr   0.0
[INPUT] 11 Li99  -2.558921400000  -2.573098600000   0.023012300000 AA   -4.835660620289  -4.862451645502   0.043486944496 Bohr   0.0
[INPUT] 12 Li99   2.577175500000  -2.573098600000   0.023012300000 AA    4.870155869939  -4.862451645502   0.043486944496 Bohr   0.0
[INPUT] 13 Li99  -2.591955900000   2.577740100000   0.023012300000 AA   -4.898086777951   4.871222809309   0.043486944496 Bohr   0.0
[INPUT] 14 F99   -3.407877800000  -1.132954600000   0.877561600000 AA   -6.439955707985  -2.140973905566   1.658351081435 Bohr   0.0
[INPUT] 15 F99    3.408375900000   1.137402500000   0.873922300000 AA    6.440896980568   2.149379218396   1.651473801150 Bohr   0.0
[INPUT] 16 F99    1.153188400000  -3.409442200000  -0.864832900000 AA    2.179210246025  -6.442911995535  -1.634297324513 Bohr   0.0
[INPUT] 17 F99   -1.155802100000   3.409242800000  -0.864330100000 AA   -2.184149423197   6.442535184145  -1.633347170218 Bohr   0.0
[INPUT] 18 Li99   0.026819200000  -2.572694200000   2.664801800000 AA    0.050680942880  -4.861687440257   5.035745578248 Bohr   0.0
[INPUT] 19 Li99  -0.006215300000   2.578144500000   2.664801800000 AA   -0.011745214782   4.871987014554   5.035745578248 Bohr   0.0
[INPUT] 20 Y99   -0.016757900000   2.574419800000  -2.675230500000 AA   -0.031667841423   4.864948351658  -5.055452965083 Bohr   0.0
[INPUT] 21 Y99    0.016276600000  -2.576418900000  -2.675230500000 AA    0.030758316239  -4.868726103153  -5.055452965083 Bohr   0.0
[INPUT] 22 Y99   -2.565136700000   0.005045900000   2.687814100000 AA   -4.847405835071   0.009535369052   5.079232522744 Bohr   0.0
[INPUT] 23 Y99    2.570960200000   0.005045900000   2.687814100000 AA    4.858410655157   0.009535369052   5.079232522744 Bohr   0.0
[INPUT] 24 Li99  -2.560898800000  -0.003320300000  -2.698242800000 AA   -4.839397364727  -0.006274457651  -5.098939909580 Bohr   0.0
[INPUT] 25 Li99   2.575198000000  -0.003320300000  -2.698242800000 AA    4.866418936528  -0.006274457651  -5.098939909580 Bohr   0.0
[INPUT] 26 F99    1.710963100000   1.437017300000  -3.549152800000 AA    3.233251668237   2.715569133262  -6.706926766233 Bohr   0.0
[INPUT] 27 F99   -1.711942400000  -1.443464300000  -3.552792100000 AA   -3.235102277031  -2.727752197587  -6.713804046518 Bohr   0.0
[INPUT] 28 F99    1.450806300000  -1.736350700000   3.552647000000 AA    2.741626566794  -3.281227279197   6.713529847258 Bohr   0.0
[INPUT] 29 F99   -1.442369100000   1.746641900000   3.552144300000 AA   -2.725682569535   3.300674828690   6.712579881935 Bohr   0.0
[INPUT] 30 F99   -1.694686500000  -4.013436200000   0.873922300000 AA   -3.202493351998  -7.584295236415   1.651473801150 Bohr   0.0
[INPUT] 31 F99    1.695184500000   4.017884100000   0.877561600000 AA    3.203434435608   7.592700549245   1.658351081435 Bohr   0.0
[INPUT] 32 F99    4.013329300000  -1.741596000000  -0.864330100000 AA    7.584093224692  -3.291139459638  -1.633347170218 Bohr   0.0
[INPUT] 33 F99   -4.015943000000   1.741396600000  -0.864832900000 AA   -7.589032401864   3.290762648249  -1.634297324513 Bohr   0.0
[INPUT] 34 F99   -3.997052700000  -0.834823000000  -1.810900300000 AA   -7.553334908453  -1.577586832488  -3.422105605893 Bohr   0.0
[INPUT] 35 F99    3.999185100000   0.833023200000  -1.810397500000 AA    7.557364560441   1.574185703409  -3.421155451597 Bohr   0.0
[INPUT] 36 F99    0.875775600000  -4.012838200000   1.810252500000 AA    1.654976030577  -7.583165180193   3.420881441309 Bohr   0.0
[INPUT] 37 F99   -0.870450200000   4.018482100000   1.813891800000 AA   -1.644912483073   7.593830605467   3.427758721594 Bohr   0.0
[INPUT] 38 F99   -0.859499000000   1.436419300000  -4.485483000000 AA   -1.624217714338   2.714439077039  -8.476334406392 Bohr   0.0
[INPUT] 39 F99   -1.428224900000  -0.827977300000   4.498211700000 AA   -2.698953905284  -1.564650334357   8.500388163314 Bohr   0.0
[INPUT] 40 F99    0.853692300000  -1.444062300000  -4.489122300000 AA    1.613244641650  -2.728882253810  -8.483211686678 Bohr   0.0
[INPUT] 41 F99    1.431916000000   0.839868900000   4.498714400000 AA    2.705929073383   1.587122201540   8.501338128637 Bohr   0.0
[INPUT] 42 F99   -4.293355800000   1.138000500000   1.810252500000 AA   -8.113266617313   2.150509274618   3.420881441309 Bohr   0.0
[INPUT] 43 F99    4.298681200000  -1.132356600000   1.813891800000 AA    8.123330164817  -2.139843849344   3.427758721594 Bohr   0.0
[INPUT] 44 F99    1.106009700000   4.316015800000  -1.810900300000 AA    2.090055424112   8.156087811296  -3.422105605893 Bohr   0.0
[INPUT] 45 F99   -1.103877300000  -4.317815500000  -1.810397500000 AA   -2.086025772124  -8.159488751402  -3.421155451597 Bohr   0.0
[INPUT] 46 F99   -1.409334600000  -3.404196900000   3.552144300000 AA   -2.663256411873  -6.432999815093   6.712579881935 Bohr   0.0
[INPUT] 47 F99    1.417771800000   3.414488100000   3.552647000000 AA    2.679200409132   6.452447364587   6.713529847258 Bohr   0.0
[INPUT] 48 Y99   -5.136096900000   0.000000000000   0.000000000000 AA   -9.705816490228   0.000000000000   0.000000000000 Bohr   0.0
[INPUT] 49 Y99    5.136096900000   0.000000000000   0.000000000000 AA    9.705816490228   0.000000000000   0.000000000000 Bohr   0.0
[INPUT] 50 F99   -3.425133800000   1.437017300000  -3.549152800000 AA   -6.472564821991   2.715569133262  -6.706926766233 Bohr   0.0
[INPUT] 51 F99    3.424154400000  -1.443464300000  -3.552792100000 AA    6.470714024224  -2.727752197587  -6.713804046518 Bohr   0.0
[INPUT] 52 Y99   -0.033034500000   5.150838800000   0.000000000000 AA   -0.062426157662   9.733674643783   0.000000000000 Bohr   0.0
[INPUT] 53 Y99    0.033034500000  -5.150838800000   0.000000000000 AA    0.062426157662  -9.733674643783   0.000000000000 Bohr   0.0
[INPUT] 54 F99    3.980294800000   3.409242800000  -0.864330100000 AA    7.521667067030   6.442535184145  -1.633347170218 Bohr   0.0
[INPUT] 55 F99   -3.982908500000  -3.409442200000  -0.864832900000 AA   -7.526606244202  -6.442911995535  -1.634297324513 Bohr   0.0
[INPUT] 56 Li99  -0.010542600000  -0.003724700000  -5.340032300000 AA   -0.019922626641  -0.007038662896 -10.091198543331 Bohr   0.0
[INPUT] 57 F99    3.441410400000  -4.013436200000   0.873922300000 AA    6.503323138230  -7.584295236415   1.651473801150 Bohr   0.0
[INPUT] 58 F99   -3.440912300000   4.017884100000   0.877561600000 AA   -6.502381865647   7.592700549245   1.658351081435 Bohr   0.0
[INPUT] 59 Li99  -0.004237900000   0.008366200000   5.386056900000 AA   -0.008008470343   0.015809826703  10.178172432324 Bohr   0.0
[INPUT] 60 F99   -3.685290600000  -1.736350700000   3.552647000000 AA   -6.964189923434  -3.281227279197   6.713529847258 Bohr   0.0
[INPUT] 61 F99    3.693727700000   1.746641900000   3.552144300000 AA    6.980133731720   3.300674828690   6.712579881935 Bohr   0.0
[INPUT] 62 F99   -1.744976900000   3.707374500000  -3.552792100000 AA   -3.297528434693   7.005922446196  -6.713804046518 Bohr   0.0
[INPUT] 63 F99    1.743997600000  -3.713821500000  -3.549152800000 AA    3.295677825899  -7.018105510521  -6.706926766233 Bohr   0.0
[INPUT] 64 F99    0.820657800000   3.706776500000  -4.489122300000 AA    1.550818483988   7.004792389974  -8.483211686678 Bohr   0.0
[INPUT] 65 F99   -0.826464500000  -3.714419500000  -4.485483000000 AA   -1.561791556676  -7.019235566744  -8.476334406392 Bohr   0.0
[INPUT] 66 F99   -3.704180900000   0.839868900000   4.498714400000 AA   -6.999887416845   1.587122201540   8.501338128637 Bohr   0.0
[INPUT] 67 F99    3.707871900000  -0.827977300000   4.498211700000 AA    7.006862395971  -1.564650334357   8.500388163314 Bohr   0.0
[INPUT] 68 F99   -4.260321300000  -4.012838200000   1.810252500000 AA   -8.050840459651  -7.583165180193   3.420881441309 Bohr   0.0
[INPUT] 69 F99    4.265646700000   4.018482100000   1.813891800000 AA    8.060904007155   7.593830605467   3.427758721594 Bohr   0.0
[INPUT] 70 F99    3.391119900000   3.707374500000  -3.552792100000 AA    6.408287866562   7.005922446196  -6.713804046518 Bohr   0.0
[INPUT] 71 F99   -3.392099300000  -3.713821500000  -3.549152800000 AA   -6.410138664329  -7.018105510521  -6.706926766233 Bohr   0.0
[INPUT] 72 F99    3.726762200000  -3.404196900000   3.552144300000 AA    7.042559889382  -6.432999815093   6.712579881935 Bohr   0.0
[INPUT] 73 F99   -3.718325100000   3.414488100000   3.552647000000 AA   -7.026616081096   6.452447364587   6.713529847258 Bohr   0.0
[INPUT] 74 F99   -4.030087200000   4.316015800000  -1.810900300000 AA   -7.615761066115   8.156087811296  -3.422105605893 Bohr   0.0
[INPUT] 75 F99    4.032219600000  -4.317815500000  -1.810397500000 AA    7.619790718103  -8.159488751402  -3.421155451597 Bohr   0.0
[INPUT] 76 Li99  -5.109277700000  -2.572694200000   2.664801800000 AA   -9.655135547348  -4.861687440257   5.035745578248 Bohr   0.0
[INPUT] 77 Y99    5.119339000000   2.574419800000  -2.675230500000 AA    9.674148648805   4.864948351658  -5.055452965083 Bohr   0.0
[INPUT] 78 Y99   -5.119820200000  -2.576418900000  -2.675230500000 AA   -9.675057985016  -4.868726103153  -5.055452965083 Bohr   0.0
[INPUT] 79 Li99   5.129881600000   2.578144500000   2.664801800000 AA    9.694071275446   4.871987014554   5.035745578248 Bohr   0.0
[INPUT] 80 Y99   -2.532102200000  -5.145792800000   2.687814100000 AA   -4.784979677409  -9.724139085759   5.079232522744 Bohr   0.0
[INPUT] 81 Li99  -5.142312200000   2.578144500000   2.664801800000 AA   -9.717561705010   4.871987014554   5.035745578248 Bohr   0.0
[INPUT] 82 Li99  -2.527864300000  -5.154159100000  -2.698242800000 AA   -4.776971207065  -9.739949101435  -5.098939909580 Bohr   0.0
[INPUT] 83 Li99   2.542163500000   5.147518400000  -2.698242800000 AA    4.803992778866   9.727399997159  -5.098939909580 Bohr   0.0
[INPUT] 84 Y99    2.537925700000   5.155884700000   2.687814100000 AA    4.795984497495   9.743210012835   5.079232522744 Bohr   0.0
[INPUT] 85 F99   -5.973512600000  -1.132356600000   1.813891800000 AA  -11.288302815639  -2.139843849344   3.427758721594 Bohr   0.0
[INPUT] 86 F99    5.978838000000   1.138000500000   1.810252500000 AA   11.298366363142   2.150509274618   3.420881441309 Bohr   0.0
[INPUT] 87 Y99   -5.152854700000   2.574419800000  -2.675230500000 AA   -9.737484142678   4.864948351658  -5.055452965083 Bohr   0.0
[INPUT] 88 Y99    5.152373500000  -2.576418900000  -2.675230500000 AA    9.736574806467  -4.868726103153  -5.055452965083 Bohr   0.0
[INPUT] 89 Li99   5.162916100000  -2.572694200000   2.664801800000 AA    9.756497433108  -4.861687440257   5.035745578248 Bohr   0.0
[INPUT] 90 F99   -1.169946300000   5.983862000000  -1.810397500000 AA   -2.210878087448  11.307860347192  -3.421155451597 Bohr   0.0
[INPUT] 91 F99    4.276597900000   1.436419300000  -4.485483000000 AA    8.081598775890   2.714439077039  -8.476334406392 Bohr   0.0
[INPUT] 92 F99    1.172078700000  -5.985661700000  -1.810900300000 AA    2.214907739436 -11.311261287299  -3.422105605893 Bohr   0.0
[INPUT] 93 Y99    2.603994700000  -5.145792800000   2.687814100000 AA    4.920836812819  -9.724139085759   5.079232522744 Bohr   0.0
[INPUT] 94 Li99  -2.593933300000   5.147518400000  -2.698242800000 AA   -4.901823522389   9.727399997159  -5.098939909580 Bohr   0.0
[INPUT] 95 Y99   -2.598171200000   5.155884700000   2.687814100000 AA   -4.909831992733   9.743210012835   5.079232522744 Bohr   0.0
[INPUT] 96 F99   -4.282404500000  -1.444062300000  -4.489122300000 AA   -8.092571659605  -2.728882253810  -8.483211686678 Bohr   0.0
[INPUT] 97 Li99   2.608232500000  -5.154159100000  -2.698242800000 AA    4.928845094190  -9.739949101435  -5.098939909580 Bohr   0.0
[INPUT] 98 F99    1.464950500000  -4.310969900000   4.498714400000 AA    2.768355231045  -8.146552442244   8.501338128637 Bohr   0.0
[INPUT] 99 F99   -1.461259400000   4.322861400000   4.498211700000 AA   -2.761380062946   8.169024120454   8.500388163314 Bohr   0.0
[INPUT]100 F99    1.425611300000   0.827778000000  -6.227374700000 AA    2.694014917085   1.564273711940 -11.768032658046 Bohr   0.0
[INPUT]101 F99   -1.434529600000  -0.840068200000  -6.227877500000 AA   -2.710868061582  -1.587498823956 -11.768982812341 Bohr   0.0
[INPUT]102 F99    0.859997100000  -1.431971400000   6.236966900000 AA    1.625158986920  -2.706033764210  11.786159288978 Bohr   0.0
[INPUT]103 F99   -0.853194300000   1.448510200000   6.240606200000 AA   -1.612303558040   2.737287566639  11.793036569263 Bohr   0.0
[INPUT]104 Y99   -2.548378800000  -2.569373900000   5.363044600000 AA   -4.815737993648  -4.855412982606  10.134685487828 Bohr   0.0
[INPUT]105 Y99    2.548378800000   2.569373900000  -5.363044600000 AA    4.815737993648   4.855412982606 -10.134685487828 Bohr   0.0
[INPUT]106 Y99    2.554683500000   2.581464800000   5.363044600000 AA    4.827652149945   4.878261472205  10.134685487828 Bohr   0.0
[INPUT]107 Y99   -2.554683500000  -2.581464800000  -5.363044600000 AA   -4.827652149945  -4.878261472205 -10.134685487828 Bohr   0.0
[INPUT]108 Y99   -2.587718000000   2.569373900000  -5.363044600000 AA   -4.890078307607   4.855412982606 -10.134685487828 Bohr   0.0
[INPUT]109 Y99    2.587718000000  -2.569373900000   5.363044600000 AA    4.890078307607  -4.855412982606  10.134685487828 Bohr   0.0
[INPUT]110 Y99   -2.581413300000   2.581464800000   5.363044600000 AA   -4.878164151310   4.878261472205  10.134685487828 Bohr   0.0
[INPUT]111 Y99    2.581413300000  -2.581464800000  -5.363044600000 AA    4.878164151310  -4.878261472205 -10.134685487828 Bohr   0.0
[INPUT]112 F99    6.256250800000   1.741396600000  -0.864832900000 AA   11.822600578591   3.290762648249  -1.634297324513 Bohr   0.0
[INPUT]113 F99   -6.258864400000  -1.741596000000  -0.864330100000 AA  -11.827539566790  -3.291139459638  -1.633347170218 Bohr   0.0
[INPUT]114 F99   -6.273008600000   0.833023200000  -1.810397500000 AA  -11.854268231041   1.574185703409  -3.421155451597 Bohr   0.0
[INPUT]115 F99    6.275141100000  -0.834823000000  -1.810900300000 AA   11.858298072002  -1.577586832488  -3.422105605893 Bohr   0.0
[INPUT]116 F99    1.761253600000  -6.283793400000   0.877561600000 AA    3.328286939904 -11.874648549350   1.658351081435 Bohr   0.0
[INPUT]117 F99   -1.760755500000   6.288241300000   0.873922300000 AA   -3.327345667322  11.883053862179   1.651473801150 Bohr   0.0
[INPUT]118 F99   -0.804381200000  -6.283195400000   1.813891800000 AA   -1.520060167749 -11.873518493127   3.427758721594 Bohr   0.0
[INPUT]119 F99    0.809706600000   6.288839300000   1.810252500000 AA    1.530123715253  11.884183918401   3.420881441309 Bohr   0.0
[INPUT]120 F99   -6.863817900000   1.137402500000   0.873922300000 AA  -12.970735999887   2.149379218396   1.651473801150 Bohr   0.0
[INPUT]121 F99    6.864315900000  -1.132954600000   0.877561600000 AA   12.971677083497  -2.140973905566   1.658351081435 Bohr   0.0
[INPUT]122 F99    1.087119400000   6.892235300000  -0.864832900000 AA    2.054357930701  13.024437103060  -1.634297324513 Bohr   0.0
[INPUT]123 F99   -1.089733100000  -6.892434700000  -0.864330100000 AA   -2.059297107873 -13.024813914449  -1.633347170218 Bohr   0.0
[INPUT]124 F99   -3.374843300000  -6.283793400000   0.877561600000 AA   -6.377529550323 -11.874648549350   1.658351081435 Bohr   0.0
[INPUT]125 F99    3.375341400000   6.288241300000   0.873922300000 AA    6.378470822906  11.883053862179   1.651473801150 Bohr   0.0
[INPUT]126 F99    6.289285300000  -3.409442200000  -0.864832900000 AA   11.885026736253  -6.442911995535  -1.634297324513 Bohr   0.0
[INPUT]127 F99   -6.291898900000   3.409242800000  -0.864330100000 AA  -11.889965724452   6.442535184145  -1.633347170218 Bohr   0.0
[INPUT]128 F99   -3.671146400000  -4.310969900000   4.498714400000 AA   -6.937461259183  -8.146552442244   8.501338128637 Bohr   0.0
[INPUT]129 F99    3.674837400000   4.322861400000   4.498211700000 AA    6.944436238309   8.169024120454   8.500388163314 Bohr   0.0
[INPUT]130 F99    4.309632400000  -3.714419500000  -4.485483000000 AA    8.144024933552  -7.019235566744  -8.476334406392 Bohr   0.0
[INPUT]131 F99   -4.315439000000   3.706776500000  -4.489122300000 AA   -8.154997817267   7.004792389974  -8.483211686678 Bohr   0.0
[INPUT]132 Y99   -5.103062400000  -5.150838800000   0.000000000000 AA   -9.643390332566  -9.733674643783   0.000000000000 Bohr   0.0
[INPUT]133 Y99    5.103062400000   5.150838800000   0.000000000000 AA    9.643390332566   9.733674643783   0.000000000000 Bohr   0.0
[INPUT]134 F99    3.701567200000  -0.840068200000  -6.227877500000 AA    6.994948239673  -1.587498823956 -11.768982812341 Bohr   0.0
[INPUT]135 F99   -3.710485600000   0.827778000000  -6.227374700000 AA   -7.011801573142   1.564273711940 -11.768032658046 Bohr   0.0
[INPUT]136 Y99    5.169131400000  -5.150838800000   0.000000000000 AA    9.768242647890  -9.733674643783   0.000000000000 Bohr   0.0
[INPUT]137 Y99   -5.169131400000   5.150838800000   0.000000000000 AA   -9.768242647890   9.733674643783   0.000000000000 Bohr   0.0
[INPUT]138 F99   -0.820159800000  -3.702328600000   6.240606200000 AA   -1.549877400378  -6.996387077144  11.793036569263 Bohr   0.0
[INPUT]139 F99    0.826962500000   3.718867400000   6.236966900000 AA    1.562732640286   7.027640879573  11.786159288978 Bohr   0.0
[INPUT]140 Li99   5.125554300000  -0.003724700000  -5.340032300000 AA    9.685893863587  -0.007038662896 -10.091198543331 Bohr   0.0
[INPUT]141 F99    3.966150600000   5.983862000000  -1.810397500000 AA    7.494938402779  11.307860347192  -3.421155451597 Bohr   0.0
[INPUT]142 F99   -3.964018200000  -5.985661700000  -1.810900300000 AA   -7.490908750791 -11.311261287299  -3.422105605893 Bohr   0.0
[INPUT]143 Li99  -5.146639400000  -0.003724700000  -5.340032300000 AA   -9.725738927896  -0.007038662896 -10.091198543331 Bohr   0.0
[INPUT]144 Li99  -0.043577100000   5.147114100000  -5.340032300000 AA   -0.082348784303   9.726635980887 -10.091198543331 Bohr   0.0
[INPUT]145 Li99   0.022491900000  -5.154563400000  -5.340032300000 AA    0.042503531021  -9.740713117707 -10.091198543331 Bohr   0.0
[INPUT]146 Li99   5.131859000000   0.008366200000   5.386056900000 AA    9.697808019884   0.015809826703  10.178172432324 Bohr   0.0
[INPUT]147 Li99  -5.140334700000   0.008366200000   5.386056900000 AA   -9.713824771598   0.015809826703  10.178172432324 Bohr   0.0
[INPUT]148 Li99   0.028796600000  -5.142472500000   5.386056900000 AA    0.054417687319  -9.717864628107  10.178172432324 Bohr   0.0
[INPUT]149 F99   -6.006547100000   4.018482100000   1.813891800000 AA  -11.350728973301   7.593830605467   3.427758721594 Bohr   0.0
[INPUT]150 F99    6.011872500000  -4.012838200000   1.810252500000 AA   11.360792520804  -7.583165180193   3.420881441309 Bohr   0.0
[INPUT]151 Li99  -0.037272400000   5.159205000000   5.386056900000 AA   -0.070434628005   9.749484470487  10.178172432324 Bohr   0.0
[INPUT]152 F99   -1.705637700000  -1.431373400000   7.173297100000 AA   -3.223188120733  -2.704903707988  13.555566929137 Bohr   0.0
[INPUT]153 F99    1.717267800000   1.449108200000   7.176936400000 AA    3.245165824534   2.738417622861  13.562444209422 Bohr   0.0
[INPUT]154 F99   -1.448673800000   1.734551000000  -7.173944900000 AA   -2.737596725833   3.277826339090 -13.556791093720 Bohr   0.0
[INPUT]155 F99    1.444501500000  -1.748441600000  -7.173442100000 AA    2.729712221523  -3.304075768796 -13.555840939425 Bohr   0.0
[INPUT]156 F99   -1.395190400000  -5.978816100000   4.498211700000 AA   -2.636527747622 -11.298324978140   8.500388163314 Bohr   0.0
[INPUT]157 F99    1.398881500000   5.990707600000   4.498714400000 AA    2.643502915721  11.320796656350   8.501338128637 Bohr   0.0
[INPUT]158 F99    5.989789200000  -1.444062300000  -4.489122300000 AA   11.319061131878  -2.728882253810  -8.483211686678 Bohr   0.0
[INPUT]159 F99   -5.995595900000   1.436419300000  -4.485483000000 AA  -11.330034204565   2.714439077039  -8.476334406392 Bohr   0.0
[INPUT]160 F99    1.677928600000   6.587856000000  -3.549152800000 AA    3.170825510575  12.449243588073  -6.706926766233 Bohr   0.0
[INPUT]161 F99   -1.678907900000  -6.594303000000  -3.552792100000 AA   -3.172676119369 -12.461426652398  -6.713804046518 Bohr   0.0
[INPUT]162 F99   -6.578466000000   1.746641900000   3.552144300000 AA  -12.431499059763   3.300674828690   6.712579881935 Bohr   0.0
[INPUT]163 F99    6.586903100000  -1.736350700000   3.552647000000 AA   12.447442868049  -3.281227279197   6.713529847258 Bohr   0.0
[INPUT]164 F99   -4.276099800000  -1.431971400000   6.236966900000 AA   -8.080657503307  -2.706033764210  11.786159288978 Bohr   0.0
[INPUT]165 F99    4.282902600000   1.448510200000   6.240606200000 AA    8.093512932188   2.737287566639  11.793036569263 Bohr   0.0
[INPUT]166 F99   -1.467564100000   4.310770500000  -6.227877500000 AA   -2.773294219244   8.146175630854 -11.768982812341 Bohr   0.0
[INPUT]167 F99    1.458645800000  -4.323060800000  -6.227374700000 AA    2.756441074747  -8.169400931843 -11.768032658046 Bohr   0.0
[INPUT]168 F99   -6.239974100000  -4.317815500000  -1.810397500000 AA  -11.791842073379  -8.159488751402  -3.421155451597 Bohr   0.0
[INPUT]169 F99    6.242106600000   4.316015800000  -1.810900300000 AA   11.795871914340   8.156087811296  -3.422105605893 Bohr   0.0
[INPUT]170 F99    4.331715700000  -6.283195400000   1.813891800000 AA    8.185756322479 -11.873518493127   3.427758721594 Bohr   0.0
[INPUT]171 F99    6.847060000000   1.437017300000  -3.549152800000 AA   12.939068158464   2.715569133262  -6.706926766233 Bohr   0.0
[INPUT]172 F99   -4.326390300000   6.288839300000   1.810252500000 AA   -8.175692774975  11.884183918401   3.420881441309 Bohr   0.0
[INPUT]173 F99   -6.848039300000  -1.443464300000  -3.552792100000 AA  -12.940918767258  -2.727752197587  -6.713804046518 Bohr   0.0
[INPUT]174 F99    1.483840800000  -6.887189400000   3.552647000000 AA    2.804052724456 -13.014901734008   6.713529847258 Bohr   0.0
[INPUT]175 F99   -1.475403600000   6.897480600000   3.552144300000 AA   -2.788108727197  13.034349283501   6.712579881935 Bohr   0.0
[INPUT]176 F99   -6.830783400000  -4.013436200000   0.873922300000 AA  -12.908309842225  -7.584295236415   1.651473801150 Bohr   0.0
[INPUT]177 F99    6.831281400000   4.017884100000   0.877561600000 AA   12.909250925835   7.592700549245   1.658351081435 Bohr   0.0

nuclear repulsion = 60125.7910407422
number of shells = 230
number of NR pGTOs = 522
number of NR cGTOs = 341
basis = {'Er': 'stuttgart_rsc', 'F': '6-31g*', 'Li99': [[0, [100000000.0, 1.0]]], 'Y99': [[0, [100000000.0, 1.0]]], 'F99': [[0, [100000000.0, 1.0]]]}
ecp = {'Er': 'stuttgart_rsc', 'Li99': 'bfd', 'F99': 'bfd', 'Y99': 'lanl2dz'}
CPU time:         2.03

构建 CAHF: Er3+ 具有 7 个 4f 轨道，包含 11 个电子。
注入长程背景点电荷场...
挂载 RDIIS 加速收敛，锁定 Er 的 4f 轨道...

--- 开始 CAHF 计算 ---


******** <class 'pyscf.qmmm.itrf.QMMMCAHF'> ********
method = QMMMCAHF
initial guess = chk
damping factor = 0
level_shift factor = 1.0
DIIS = <rdiis.RDIIS object at 0x7e0cb55a1a80>
diis_start_cycle = 1
diis_space = 8
SCF conv_tol = 1e-09
SCF conv_tol_grad = None
SCF max_cycles = 50
direct_scf = True
direct_scf_tol = 1e-13
chkfile to save SCF result = Er_CAHF_RDIIS.chk
max_memory 4000 MB (current use 96 MB)
num. doubly occ = 57  num. singly occ = 3
** Add background charges for QMMMCAHF **
Set gradient conv threshold to 3.16228e-05
init E= 46032.6124300075
  HOMO = -100.736507609761  LUMO = -99.5584349770777
cycle= 1 E= 46032.6124300075  delta_E= -7.28e-12  |g|= 1.19e-05  |ddm|= 2.09e-05
converged SCF energy = 46032.6124300075

计算收敛！总能量: 46032.61243001 Hartree
