  -18.7138963651    	  -143.722206613    	  -10.5633864878    
           0
         800
   4.86049242649    	  0.357239575095    
   45.7033405025    	   3.35913329533    
  -2.80066802314    	 -0.205845286193    
  -2.19338054153    	 -0.161210483203    
  -1.31827798794    	 -0.968916370902E-01
  -2.76936391988    	 -0.203544477228    
  -3.06530080785    	 -0.225295435534    
  0.937702736565    	  0.689198743218E-01
   1.52563908486    	  0.112132395363    
  0.635907939597    	  0.467383676812E-01
  -2.69990722589    	 -0.198439504795    
  -1.45210097641    	 -0.106727444524    
  -8.60481296258    	 -0.632442036072    
  -1.19280575168    	 -0.876695985737E-01
  -2.04336684954    	 -0.150184681107    
  -3.95841104617    	 -0.290937821954    
  -6.68876720240    	 -0.491615281668    
   2.71114025029    	  0.199265116793    
  -5.83580376367    	 -0.428923630352    
   2.72537934339    	  0.200311670748    
   2.83698457489    	  0.208514503297    
  0.616649584635    	  0.453229048145E-01
   12.5875069872    	  0.925164623877    
  -2.44814968139    	 -0.179935668078    
   9.41221871121    	  0.691785259199    
  -2.27754521169    	 -0.167396471857    
  -2.19699485974    	 -0.161476130670    
   5.74868334472    	  0.422520398187    
   8.50550111626    	  0.625142750595    
  0.549484585780E-02	  0.403863688534E-03
  -9.92049346812    	 -0.729142761743    
   10.5871940049    	  0.778144343389    
  -2.69867009585    	 -0.198348577421    
   1.08750936520    	  0.799304575433E-01
   2.00401170961    	  0.147292131909    
  -3.34929796173    	 -0.246168839642    
  -1.82354496933    	 -0.134028072230    
  -3.72611394230    	 -0.273864301125    
   2.25525275790    	  0.165758006858    
  0.378088634069    	  0.277889997826E-01
  -5.77514275415    	 -0.424465128751    
 -0.131079095911    	 -0.963413506659E-02
  -4.70335157746    	 -0.345689936661    
  -2.96106741640    	 -0.217634423191    
  -5.14316898774    	 -0.378015917443    
  0.438052312126    	  0.321962484707E-01
   10.0778054807    	  0.740704980465    
 -0.305078590631    	 -0.224228610035E-01
   3.52945237138    	  0.259409943445    
   10.1243686385    	  0.744127309162    
  -7.42351479254    	 -0.545618229080    
   11.9631009328    	  0.879271629099    
  -2.52058347263    	 -0.185259453105    
  -7.60783811543    	 -0.559165742330    
  -1.14823071758    	 -0.843933942627E-01
   6.46111893165    	  0.474883443743    
   18.4792221953    	   1.35819766926    
  -5.90732020066    	 -0.434179991091    
   1.21896044090    	  0.895919326178E-01
  -1.96670283741    	 -0.144549980604    
  -1.35239556444    	 -0.993992325071E-01
   2.73627744832    	  0.201112666621    
  0.538818935380    	  0.396024580718E-01
  -3.86806301651    	 -0.284297364795    
  -4.95028313008    	 -0.363839069546    
  -2.78062549656    	 -0.204372187780    
   43.5547650128    	   3.20121592243    
 -0.553986082232    	 -0.407172227132E-01
  -3.46874294614    	 -0.254947883354    
   19.4642806330    	   1.43059812314    
  -1.09963133218    	 -0.808214056108E-01
  -1.73295429669    	 -0.127369781143    
  -20.2622695066    	  -1.48924921877    
   12.2000713661    	  0.896688633272    
   7.55079218740    	  0.554972944296    
  -1.39469488218    	 -0.102508174765    
   30.4003361069    	   2.23438330947    
  -3.07013127350    	 -0.225650468181    
  -4.07076008937    	 -0.299195323649    
   18.0076473893    	   1.32353756314    
  -2.98897877247    	 -0.219685869857    
  -5.16336911756    	 -0.379500599479    
  -3.59485631780    	 -0.264217044450    
  -3.08649942521    	 -0.226853505045    
  -13.9173751738    	  -1.02290812479    
  -8.14337007302    	 -0.598526612010    
  -2.54002178691    	 -0.186688142737    
  -1.74257392521    	 -0.128076810741    
  -14.1423905791    	  -1.03944645069    
 -0.433696668978E-01	 -0.318761146301E-02
 -0.192632916150    	 -0.141582570399E-01
  -3.36245560292    	 -0.247135908353    
   1.59039631829    	  0.116891963843    
  -3.30189203371    	 -0.242684568482    
  -2.45393832779    	 -0.180361125707    
  -11.6123563702    	 -0.853492381337    
  -3.69056074086    	 -0.271251189229    
  -2.13532233641    	 -0.156943284181    
  -4.61507868842    	 -0.339201999513    
   8.29169189274    	  0.609428063798    
 -0.883983372821    	 -0.649715742332E-01
  -3.04065829343    	 -0.223484244278    
  -4.02507359962    	 -0.295837428861    
  -3.43430415170    	 -0.252416678856    
   21.9134311912    	   1.61060735430    
   3.53676058611    	  0.259947087276    
   19.4129649887    	   1.42682649315    
  -5.67305938016    	 -0.416962139764    
  -1.09666442793    	 -0.806033421879E-01
   5.87987959122    	  0.432163143662    
 -0.529317991061    	 -0.389041516012E-01
   10.5582593273    	  0.776017683981    
 -0.629992438971    	 -0.463035864400E-01
   13.8927719464    	   1.02109982108    
  -1.58680811848    	 -0.116628236043    
  -2.70236205050    	 -0.198619931061    
  -5.09126354779    	 -0.374200938283    
  -15.5190596596    	  -1.14062975357    
  -3.33700177309    	 -0.245265086519    
  -9.66356675005    	 -0.710258997807    
  0.741928953956E-01	  0.545307678739E-02
  -40.9591755563    	  -3.01044363164    
  -3.25885214948    	 -0.239521195596    
  0.495239716495    	  0.363994448231E-01
  -3.77798895069    	 -0.277677043606    
  -3.43212838518    	 -0.252256762980    
   7.27117901446    	  0.534421756818    
 -0.506772842966    	 -0.372471139146E-01
  -6.87092333136    	 -0.505003509115    
  -3.06291272462    	 -0.225119914668    
  -5.17357313916    	 -0.380250581172    
   1.39597176245    	  0.102602023726    
 -0.257845269650    	 -0.189512762262E-01
   2.49156084210    	  0.183126329280    
 -0.865287695925    	 -0.635974674382E-01
 -0.888535730466    	 -0.653061663214E-01
  -1.99708783841    	 -0.146783236804    
  -3.84976347982    	 -0.282952373766    
  -1.74996995681    	 -0.128620408993    
  -1.06940973336    	 -0.786001592486E-01
  -2.17572012920    	 -0.159912466944    
  -2.67523683726    	 -0.196626264823    
   25.8561936546    	   1.90039502673    
  -4.71301425483    	 -0.346400130290    
   12.2439681885    	  0.899914989947    
  -1.57332644242    	 -0.115637351210    
  -14.8569790666    	  -1.09196773150    
   6.93303045755    	  0.509568298323    
  -3.09732081316    	 -0.227648862324    
  -3.74525741523    	 -0.275271320319    
  -1.35013041815    	 -0.992327473395E-01
   13.6016039012    	  0.999699366216    
 -0.397004756751    	 -0.291793090427E-01
   11.6526677263    	  0.856455211114    
  -9.04623508479    	 -0.664885960996    
  -1.21285219900    	 -0.891429851559E-01
  -3.44071035384    	 -0.252887525990    
  -3.65755720032    	 -0.268825473939    
   8.15863352923    	  0.599648455258    
   6.08304442534    	  0.447095482332    
  -16.2762730056    	  -1.19628390345    
  -2.88356904735    	 -0.211938398591    
  -9.86577320495    	 -0.725120896910    
  -3.73570161031    	 -0.274568981668    
  -8.12908491353    	 -0.597476672238    
  -2.46108849096    	 -0.180886652963    
 -0.417179076701    	 -0.306620940888E-01
  -3.03120084990    	 -0.222789135056    
  -3.19928746616    	 -0.235143272478    
  -21.2837710618    	  -1.56432819216    
  -15.5522345067    	  -1.14306805966    
  -3.03115073495    	 -0.222785451676    
  -1.57148657278    	 -0.115502123297    
  0.866332071287    	  0.636742276052E-01
   5.96591204409    	  0.438486411803    
  -6.95818807329    	 -0.511417348824    
  -3.45035671098    	 -0.253596520106    
  -2.67244430991    	 -0.196421017865    
  -6.03985876022    	 -0.443921394749    
  -3.36817000935    	 -0.247555909444    
  -3.15550484143    	 -0.231925309176    
  -2.53145537745    	 -0.186058523306    
   2.29570908348    	  0.168731491701    
   113.363079098    	   8.33203195373    
  -4.17904239149    	 -0.307153925414    
  -2.27188843879    	 -0.166980706751    
   11.4631268780    	  0.842524216853    
  -3.78942002534    	 -0.278517212028    
  -3.11258386368    	 -0.228770675754    
  -16.5988999827    	  -1.21999654696    
  0.685834058462    	  0.504078694363E-01
   1.04030633599    	  0.764610991702E-01
 -0.837980045039    	 -0.615903922813E-01
  -3.37115347882    	 -0.247775190388    
  -3.16306577149    	 -0.232481027240    
   17.1370842646    	   1.25955235887    
  -4.49984638874    	 -0.330732582391    
  -12.5654375715    	 -0.923542551872    
  -4.09714550708    	 -0.301134615924    
  0.299710744013E-02	  0.220283315861E-03
   23.9676815622    	   1.76159195941    
  -1.47934709899    	 -0.108729997434    
  -7.63173923219    	 -0.560922441867    
  -4.48658347784    	 -0.329757776500    
  -4.11397611850    	 -0.302371642946    
   5.12227822082    	  0.376480474520    
  -7.05133170870    	 -0.518263279198    
 -0.391384492102    	 -0.287662272438E-01
 -0.358261871636    	 -0.263317597407E-01
   4.45303231752    	  0.327291811900    
  0.921726980920E-01	  0.677456780352E-02
   12.9495876214    	  0.951777057469    
  -3.62599856539    	 -0.266505957244    
  -2.80465117154    	 -0.206138042177    
 -0.658149341333    	 -0.483730804240E-01
   7.35927307017    	  0.540896549960    
  -5.86954764881    	 -0.431403759963    
  -3.04698548924    	 -0.223949284555    
   35.6458149879    	   2.61991886476    
   16.2974942188    	   1.19784363372    
   4.52306556549    	  0.332439160266    
  -4.05999117842    	 -0.298403823358    
  -4.14081924039    	 -0.304344575854    
  -5.55952283919    	 -0.408617358599    
   1.33668474342    	  0.982445085546E-01
   3.08921919566    	  0.227053404470    
   5.43151950598    	  0.399209287903    
  -3.33383550097    	 -0.245032369830    
   37.4056260960    	   2.74926258497    
  -3.53872561476    	 -0.260091514207    
  -3.14321200351    	 -0.231021802327    
   9.86527302733    	  0.725084134536    
  0.218133743066    	  0.160325330952E-01
   6.18956707832    	  0.454924752280    
   20.5851572027    	   1.51298102478    
   56.4523893198    	   4.14917374704    
  -2.95350929288    	 -0.217078911404    
  -2.89605480217    	 -0.212856084569    
  -2.35858243561    	 -0.173352597472    
   6.07105778093    	  0.446214480289    
  -3.93048541069    	 -0.288885325770    
  -2.57978185230    	 -0.189610453404    
  -6.17916110877    	 -0.454159927687    
   26.5471478567    	   1.95117921975    
  -2.50160510742    	 -0.183864569104    
  -2.23448375408    	 -0.164231513357    
  -3.15601063961    	 -0.231962484654    
   4.87529164521    	  0.358327297519    
   1.91004597331    	  0.140385778239    
  -7.34229858271    	 -0.539648948245    
   11.2512097359    	  0.826948595468    
  -1.30986416406    	 -0.962732324916E-01
 -0.483187144865    	 -0.355135972196E-01
   7.79199213566    	  0.572700812065    
  -6.85357735221    	 -0.503728603267    
  -3.87329664479    	 -0.284682029347    
  -5.01112238839    	 -0.368310672191    
  -3.13661810399    	 -0.230537159691    
  -1.22001427886    	 -0.896693882732E-01
   3.72427988934    	  0.273729500730    
  -3.79386346897    	 -0.278843799084    
  -3.30910628102    	 -0.243214805836    
  -8.48913813764    	 -0.623940093947    
  -6.02212088669    	 -0.442617685197    
  -7.64480319754    	 -0.561882625532    
 -0.106100729568    	 -0.779825915197E-02
   1.69849650779    	  0.124837180578    
 -0.225437414540    	 -0.165693430036E-01
  -9.31277976898    	 -0.684476632345    
   25.4333452439    	   1.86931624431    
   105.609587263    	   7.76216086132    
   6.02243236739    	  0.442640578605    
  -2.24985624398    	 -0.165361370433    
 -0.827112306575    	 -0.607916283021E-01
  -3.59003665939    	 -0.263862806120    
  -4.78279535946    	 -0.351528946464    
   7.68897698316    	  0.565129338626    
 -0.937923323886    	 -0.689360871895E-01
  -3.24385775686    	 -0.238419128155    
 -0.235609785619    	 -0.173169984268E-01
  -3.27601699412    	 -0.240782788304    
   2.00570712623    	  0.147416742722    
   6.96764226480    	  0.512112219026    
  -1.12253942036    	 -0.825051188991E-01
  -1.29867142242    	 -0.954505812222E-01
  -15.4808881027    	  -1.13782419612    
  -2.97153883529    	 -0.218404058221    
   8.65432132821    	  0.636080833533    
  0.792543785214    	  0.582508890521E-01
   6.80127851810    	  0.499884710172    
  -2.42747558941    	 -0.178416150468    
   13.6612900056    	   1.00408621362    
  -3.18095649952    	 -0.233795971390    
  -7.96525010440    	 -0.585435036852    
 -0.980681390458    	 -0.720787468614E-01
  -4.62226920973    	 -0.339730493038    
  -2.97586182307    	 -0.218721791937    
   6.88805928543    	  0.506262978406    
  -1.27625651473    	 -0.938031160277E-01
  -9.99393628470    	 -0.734540708759    
   8.42622563917    	  0.619316110974    
  -2.66658168173    	 -0.195990122677    
  -3.17437911805    	 -0.233312542807    
  0.512883836333    	  0.376962636061E-01
  -3.04225721660    	 -0.223601762954    
  -4.26576265711    	 -0.313527746854    
  -3.35031302465    	 -0.246243445384    
  -3.67461366273    	 -0.270079100702    
  -3.15728882007    	 -0.232056429177    
  -1.90076347408    	 -0.139703527185    
  -3.81505885326    	 -0.280401630969    
  0.212612015400    	  0.156266936304E-01
  0.564375675456E-01	  0.414808436682E-02
  -6.22083440793    	 -0.457222858432    
 -0.419671366409    	 -0.308452739888E-01
   9.55655865144    	  0.702394048266    
  -3.15889800099    	 -0.232174701784    
  -7.25315313915    	 -0.533096879528    
  -4.44986588089    	 -0.327059083119    
  -3.50898625861    	 -0.257905712024    
  -9.24190615109    	 -0.679267517935    
  -2.58970229966    	 -0.190339592777    
 -0.835952226056E-01	 -0.614413503472E-02
   22.0834931602    	   1.62310667746    
   32.4398008782    	   2.38428119315    
  -2.77755286816    	 -0.204146353776    
  -2.32930438972    	 -0.171200700965    
  -8.99358004036    	 -0.661015886928    
   3.96479819521    	  0.291407268711    
  -6.11012388498    	 -0.449085785743    
 -0.759837262134    	 -0.558470041403E-01
  -2.63493222465    	 -0.193663930677    
  -8.08331498478    	 -0.594112644798    
  -4.85551177508    	 -0.356873503998    
   6.64060310380    	  0.488075286004    
  -3.79451410619    	 -0.278891620034    
  0.576386468542    	  0.423636206056E-01
  -2.50917268864    	 -0.184420776019    
  -3.85002474554    	 -0.282971576440    
   13.6441592569    	   1.00282712692    
   2.53965362846    	  0.186661083592    
  -3.18641750806    	 -0.234197348082    
   7.85746548005    	  0.577513013726    
   11.8542640482    	  0.871272266277    
  -3.65362549169    	 -0.268536498708    
  -1.53120691676    	 -0.112541623426    
  -7.62327745412    	 -0.560300512701    
   3.00959049471    	  0.221200803376    
  -3.33546187634    	 -0.245151906205    
  -1.69835544759    	 -0.124826812845    
  -3.40663843023    	 -0.250383285999    
   11.8245610256    	  0.869089134558    
  -1.18602935328    	 -0.871715425182E-01
   4.45573757539    	  0.327490644670    
  -4.70812153659    	 -0.346040522162    
  -7.18755069490    	 -0.528275189202    
  -3.12709176410    	 -0.229836986681    
   2.20911686836    	  0.162367081798    
  -5.13449091297    	 -0.377378090763    
  -2.35840293553    	 -0.173339404461    
  -3.03213708040    	 -0.222857946723    
  -2.84533504000    	 -0.209128251112    
  -3.82288380572    	 -0.280976754320    
  -12.1201548230    	 -0.890814876178    
  -9.80390320434    	 -0.720573536110    
  -4.15350038760    	 -0.305276622907    
   10.4186301583    	  0.765755130189    
 -0.764680898621    	 -0.562030048268E-01
  -1.29111645726    	 -0.948953015698E-01
  -2.37929485654    	 -0.174874932207    
  -3.04931180605    	 -0.224120265673    
  -1.95198196833    	 -0.143468016771    
   42.7243213342    	   3.14017944282    
   18.5992463183    	   1.36701927887    
  -2.13859097947    	 -0.157183524995    
  0.286147371753    	  0.210314421935E-01
 -0.808557545992    	 -0.594278786643E-01
   2.95102623754    	  0.216896410217    
  -2.43096847129    	 -0.178672872530    
  -1.68214477237    	 -0.123635350290    
  -12.1123544690    	 -0.890241560780    
  0.844515053941    	  0.620707065372E-01
   2.75893341079    	  0.202777849012    
  -1.53695577926    	 -0.112964156992    
  -3.72370889891    	 -0.273687533710    
   8.09511103772    	  0.594979638627    
  -3.76181805721    	 -0.276488504955    
  -10.3430031336    	 -0.760196646851    
   3.00418115990    	  0.220803224632    
   3.25351659253    	  0.239129039425    
   2.49364054995    	  0.183279184975    
  -4.36619136569    	 -0.320909120187    
  -3.07269153144    	 -0.225838643654    
  -2.88334268358    	 -0.211921761162    
   6.96263610787    	  0.511744273309    
   18.7288373760    	   1.37654404516    
  -6.96412201746    	 -0.511853485640    
   1.21779313405    	  0.895061371542E-01
  -1.96723554006    	 -0.144589133523    
  -1.84235713091    	 -0.135410740491    
  -10.2308441151    	 -0.751953111712    
  -6.41882634302    	 -0.471774996067    
  -17.2679069207    	  -1.26916764596    
   5.24919151208    	  0.385808428617    
  -11.7171371799    	 -0.861193628172    
   11.5542286105    	  0.849220070142    
  -3.51557423025    	 -0.258389918969    
   24.5488714301    	   1.80430862333    
  -3.62477353649    	 -0.266415919287    
   2.72563072254    	  0.200330146773    
  -1.80749678760    	 -0.132848552725    
  -1.05441243738    	 -0.774978784148E-01
  -3.47421274046    	 -0.255349905789    
  -2.09812544070    	 -0.154209362995    
  -2.86096104293    	 -0.210276741050    
  -4.09428906850    	 -0.300924671577    
  -3.28226706835    	 -0.241242160250    
  -5.35964280397    	 -0.393926448175    
   1.75272085170    	  0.128822596021    
   10.4029770352    	  0.764604646955    
   52.5120490635    	   3.85956410354    
   6.34294379428    	  0.466197732059    
   1.32199757379    	  0.971650215861E-01
  -2.53180599266    	 -0.186084293046    
  -2.49121633962    	 -0.183101008816    
  -6.35088896214    	 -0.466781691078    
  -8.39516768704    	 -0.617033393782    
  -9.02297998656    	 -0.663176742941    
  -4.82664576690    	 -0.354751891702    
   5.26943926823    	  0.387296611124    
   14.0953041570    	   1.03598566278    
  -3.51775749077    	 -0.258550385644    
  -2.45838492619    	 -0.180687944634    
  -3.80210502557    	 -0.279449542272    
  0.228932984744    	  0.168262626539E-01
  -2.95211368872    	 -0.216976336398    
  0.835279170496    	  0.613918816800E-01
   12.3749474607    	  0.909541788112    
  -6.60676187177    	 -0.485588001529    
  -2.16202381960    	 -0.158905806838    
  -8.55737716466    	 -0.628955569516    
   46.0653423525    	   3.38573993839    
  -7.88605393184    	 -0.579614226006    
  0.696481634790    	  0.511904517982E-01
  -6.36698931778    	 -0.467965045295    
  -2.85934581332    	 -0.210158023873    
   4.56386486510    	  0.335437853234    
  -6.44926836388    	 -0.474012443149    
  -3.33368205004    	 -0.245021091396    
  -36.8552960793    	  -2.70881407810    
   11.5391156482    	  0.848109287998    
  -7.23887472741    	 -0.532047435706    
  -3.69976101630    	 -0.271927396947    
  -7.69099065961    	 -0.565277341103    
   32.1242653411    	   2.36108976082    
   5.29979407131    	  0.389527647817    
  -2.26537078042    	 -0.166501667736    
  -1.67769250285    	 -0.123308114542    
  -4.11703604327    	 -0.302596543250    
  -2.80515913693    	 -0.206175376941    
  -4.24927144629    	 -0.312315665315    
   8.49307561910    	  0.624229493473    
  -9.64684334046    	 -0.709029849974    
  -1.66271505434    	 -0.122207292471    
  -3.51531662457    	 -0.258370985302    
  -3.18641057045    	 -0.234196838176    
  -10.0029112158    	 -0.735200353977    
  -2.45349542350    	 -0.180328572844    
   18.9551311104    	   1.39317632651    
  -2.17187946218    	 -0.159630183147    
  -7.84413547583    	 -0.576533276567    
   1.16440050309    	  0.855818514798E-01
  -30.4443103072    	  -2.23761535332    
  -9.02191435080    	 -0.663098420164    
  -4.37901130801    	 -0.321851368491    
  0.939394823399    	  0.690442404001E-01
   2.30909298557    	  0.169715190280    
 -0.545947574966    	 -0.401264033747E-01
   22.2165991677    	   1.63288978777    
  -4.89381333760    	 -0.359688616690    
  -8.47130432592    	 -0.622629333069    
   7.47374357611    	  0.549309976279    
 -0.971789936194    	 -0.714252370800E-01
   1.31852324512    	  0.969096631593E-01
   3.18286040947    	  0.233935906179    
  -1.09137733356    	 -0.802147479510E-01
   11.2181040349    	  0.824515371519    
   28.7502811245    	   2.11310651505    
  -4.87619678922    	 -0.358393824372    
  -5.83528275198    	 -0.428885336703    
  -4.66093323815    	 -0.342572246480    
  -1.28597797390    	 -0.945176300394E-01
  -2.96235095201    	 -0.217728761310    
  0.351607798009    	  0.258426943896E-01
   3.84973958750    	  0.282950617713    
  0.301064584461    	  0.221278370156E-01
  -2.45436388200    	 -0.180392403361    
  -4.37013192013    	 -0.321198745573    
  -4.88821050496    	 -0.359276816120    
   30.7748399189    	   2.26190882972    
  -11.2494726055    	 -0.826820918748    
  -4.57282036972    	 -0.336096070629    
   11.0863458129    	  0.814831321608    
  -1.95313002181    	 -0.143552397138    
   1.31598868363    	  0.967233763410E-01
  -3.59250999805    	 -0.264044593143    
  0.984936648011    	  0.723915024974E-01
   4.92376203266    	  0.361889804998    
  -5.82945072248    	 -0.428456690475    
  -74.0468428722    	  -5.44234212579    
  0.937609762555    	  0.689130408586E-01
  -1.42502617968    	 -0.104737483830    
   6.11595409584    	  0.449514298302    
 -0.435011851999    	 -0.319727787914E-01
  -3.57346262050    	 -0.262644636829    
   22.4781055009    	   1.65211014718    
  -4.48602716976    	 -0.329716888613    
  -3.28171183518    	 -0.241201351368    
 -0.273171358754    	 -0.200777229067E-01
  -2.93899862676    	 -0.216012397202    
  -37.2383213882    	  -2.73696591676    
   11.0599297344    	  0.812889775812    
  -5.24625269576    	 -0.385592429619    
  -6.41250988435    	 -0.471310744955    
  -2.71742136065    	 -0.199726769852    
  -10.2883019932    	 -0.756176187516    
  -2.47412190730    	 -0.181844591317    
  -3.61012004794    	 -0.265338907831    
   20.2370239909    	   1.48739370775    
   4.15843779181    	  0.305639515393    
  -1.99253525114    	 -0.146448627839    
  -7.81257751403    	 -0.574213809345    
   2.84655031428    	  0.209217572116    
  -7.42983306352    	 -0.546082613394    
  -2.91565091555    	 -0.214296372219    
  -4.71039695569    	 -0.346207762367    
  0.580605154215    	  0.426736882582E-01
   1.03518492851    	  0.760846826942E-01
   8.29839831333    	  0.609920976580    
  -2.17695650786    	 -0.160003339092    
   34.8345075786    	   2.56028887489    
  -3.34324433963    	 -0.245723906660    
   16.9830217383    	   1.24822897296    
   3.67870626890    	  0.270379901682    
  -25.0188033589    	  -1.83884798022    
  -5.99388709510    	 -0.440542539960    
  -4.40515044074    	 -0.323772559155    
  -2.93290338064    	 -0.215564404912    
  -3.19205204528    	 -0.234611478895    
   4.00357970504    	  0.294257656877    
  -5.80266012015    	 -0.426487617684    
  -4.56727733514    	 -0.335688665135    
  -14.6342679286    	  -1.07559876612    
  -2.67886897566    	 -0.196893222050    
  -1.90540656993    	 -0.140044788408    
  0.239329717441    	  0.175904083504E-01
  -5.46609822251    	 -0.401750776484    
  -3.39649148934    	 -0.249637499660    
   17.2579287420    	   1.26843426341    
  -4.35726743464    	 -0.320253223407    
  0.734739125304    	  0.540023252580E-01
  0.347215135469    	  0.255198396742E-01
  -3.57074274571    	 -0.262444729736    
  -12.6945070512    	 -0.933028982887    
  -3.98604972755    	 -0.292969227401    
  -1.56381082592    	 -0.114937966354    
   2.83557075974    	  0.208410589808    
   1.92915393465    	  0.141790187379    
  -2.30824791458    	 -0.169653078714    
  -7.41427675607    	 -0.544939245978    
  -6.04667842621    	 -0.444422630913    
   2.77896346169    	  0.204250030480    
 -0.849097029553    	 -0.624074755057E-01
  -2.74116334470    	 -0.201471773351    
   48.3080385319    	   3.55057505383    
   17.8630770121    	   1.31291183727    
  0.538428043753    	  0.395737280694E-01
  -2.80864432642    	 -0.206431533623    
   10.7736159166    	  0.791846100059    
  -4.95936493668    	 -0.364506569965    
   39.3894204382    	   2.89506876791    
  -3.35011313774    	 -0.246228753968    
  -1.95166518816    	 -0.143444733860    
  -2.27237009034    	 -0.167016107485    
  0.577926887535    	  0.424768393041E-01
  -6.16486970790    	 -0.453109529183    
  -4.81853613801    	 -0.354155845021    
  0.190097746613    	  0.139719255309E-01
  -2.99545477321    	 -0.220161847093    
  -1.98173950215    	 -0.145655154988    
  -3.08710382864    	 -0.226897927874    
  -2.22685412813    	 -0.163670746239    
  -2.68546468827    	 -0.197377997945    
   5.96736177147    	  0.438592964791    
   6.19921580116    	  0.455633920271    
  -8.93095922911    	 -0.656413342568    
  -2.52105343400    	 -0.185293994626    
   14.8946688365    	   1.09473787827    
   7.20256726299    	  0.529378886510    
  -2.71892998214    	 -0.199837651477    
   7.87888013879    	  0.579086961985    
   18.7878868460    	   1.38088410080    
  -4.85274463621    	 -0.356670123059    
   2.52632463448    	  0.185681420683    
  -2.14815409814    	 -0.157886401196    
   3.76057514105    	  0.276397152309    
  -7.72341534675    	 -0.567660511457    
   2.49329988754    	  0.183254146752    
  -3.97153873578    	 -0.291902689265    
   18.8680386481    	   1.38677514912    
  -1.07429376276    	 -0.789591287590E-01
  -3.29438663194    	 -0.242132931671    
   4.24122837377    	  0.311724510436    
  -4.08427967132    	 -0.300188994514    
  -2.71831524210    	 -0.199792468921    
   10.2503789687    	  0.753388896851    
   9.55391020957    	  0.702199391395    
  -2.77258395909    	 -0.203781145725    
   1.21459734553    	  0.892712510497E-01
   25.0226790137    	   1.83913283557    
  -2.79867060646    	 -0.205698478787    
   11.5727940662    	  0.850584605859    
   1.07694602920    	  0.791540667309E-01
 -0.371159002719    	 -0.272796813140E-01
  -13.9926182207    	  -1.02843838628    
  0.747173085250    	  0.549162043834E-01
  0.705503527729E-01	  0.518535486447E-02
  -2.29896362886    	 -0.168970696355    
  -7.32410486598    	 -0.538311734838    
   32.3381272521    	   2.37680832007    
  -3.07104170836    	 -0.225717383904    
   1.34322983778    	  0.987255640784E-01
  -4.24123163118    	 -0.311724749851    
  -3.25558945418    	 -0.239281391934    
  -22.2662350435    	  -1.63653795705    
 -0.192961490638    	 -0.141824068174E-01
   2.03422553032    	  0.149512806591    
  -3.34785969548    	 -0.246063129030    
  -3.22869746538    	 -0.237304867374    
  -4.16103397365    	 -0.305830331224    
  -5.74871203569    	 -0.422522506934    
   35.5131667689    	   2.61016940128    
  -2.32160042776    	 -0.170634470251    
  -3.01102479413    	 -0.221306222430    
  -7.85784425383    	 -0.577540853084    
  -4.86775828040    	 -0.357773605464    
  -4.96858148869    	 -0.365183973988    
   11.3872357244    	  0.836946320402    
  -1.93894411506    	 -0.142509752309    
  -8.50700813334    	 -0.625253514298    
  -6.49500452333    	 -0.477373988592    
  -1.18986986857    	 -0.874538151624E-01
  -1.62491621343    	 -0.119429129133    
  -2.64963526799    	 -0.194744584342    
  -1.74275065034    	 -0.128089799797    
  -1.15523448136    	 -0.849081613635E-01
   17.6107215399    	   1.29436405368    
  -1.95111460254    	 -0.143404266567    
  -13.0815206400    	 -0.961473954685    
  -2.41998293262    	 -0.177865450396    
   20.4556471470    	   1.50346221203    
   3.81488756247    	  0.280389041330    
 -0.978121063869    	 -0.718905663433E-01
   2.74685968372    	  0.201890446513    
  -3.03662105918    	 -0.223187513058    
  -77.0561401234    	  -5.66352137617    
 -0.802060871731    	 -0.589503819522E-01
  -2.57461771793    	 -0.189230896559    
  -1.49850631402    	 -0.110138173651    
   4.72247651346    	  0.347095593416    
   55.6729634243    	   4.09188700503    
  -4.95360321669    	 -0.364083091391    
   11.6619436857    	  0.857136981506    
  -1.28443912930    	 -0.944045270568E-01
   30.0796869843    	   2.21081603557    
  -3.39126410682    	 -0.249253294163    
  -5.36933317651    	 -0.394638677362    
  -1.92847779093    	 -0.141740491737    
  -3.23299669942    	 -0.237620855222    
  -3.33281461568    	 -0.244957336151    
 -0.989743325580    	 -0.727447867538E-01
   12.5660497694    	  0.923587547586    
  -6.63431048652    	 -0.487612787201    
  -4.48392104381    	 -0.329562091223    
   1.21157158561    	  0.890488618149E-01
  -2.27894902680    	 -0.167499650357    
  -2.17371958977    	 -0.159765430020    
  -5.49758229294    	 -0.404064812790    
   23.6316523658    	   1.73689427103    
  -2.93511059356    	 -0.215726632056    
  -3.81798087893    	 -0.280616395877    
  -2.23155294065    	 -0.164016102561    
  -1.57574388629    	 -0.115815030043    
 -0.607238530477    	 -0.446312051484E-01
   3.28819895468    	  0.241678145818    
  -2.99408295734    	 -0.220061020495    
  -5.08788116242    	 -0.373952337564    
  -2.23795072337    	 -0.164486330880    
   3.39352196592    	  0.249419243732    
  -16.5432680553    	  -1.21590767605    
  -1.41492205850    	 -0.103994844682    
   1.26553358406    	  0.930149952242E-01
  -2.41195182542    	 -0.177275174953    
  -1.39869199842    	 -0.102801957366    
  -2.62814937414    	 -0.193165400400    
   20.7399524008    	   1.52435826106    
  -13.3740904968    	 -0.982977440788    
   19.7612508664    	   1.45242503092    
  -5.58429125061    	 -0.410437803113    
  -4.59638147432    	 -0.337827779735    
  -4.66151561582    	 -0.342615050446    
 -0.282978840513    	 -0.207985594617E-01
  -8.82518554647    	 -0.648639120920    
   15.6356261313    	   1.14919723052    
  -3.28515178143    	 -0.241454182734    
   1.94516756041    	  0.142967167068    
   9.92856216037    	  0.729735799637    
  -3.69026088167    	 -0.271229149988    
  -3.53037747095    	 -0.259477937004    
   18.0831728875    	   1.32908858441    
  -3.48330394225    	 -0.256018096742    
  -3.58654299332    	 -0.263606026420    
  -5.50954534518    	 -0.404944080840    
  0.909324426049    	  0.668341071400E-01
  -2.78407427026    	 -0.204625667951    
   2.09833101341    	  0.154224472309    
  -3.48977896836    	 -0.256494002344    
  -2.42655179178    	 -0.178348252600    
   6.08776535715    	  0.447442464392    
  -3.80518138919    	 -0.279675650809    
  -5.74882018176    	 -0.422530455523    
  -1.28876246471    	 -0.947222863228E-01
  -2.52861522987    	 -0.185849776326    
  -1.17152485404    	 -0.861054815745E-01
  -36.9395878655    	  -2.71500940961    
  -1.69010011006    	 -0.124220056778    
  -1.99919123671    	 -0.146937833715    
  -4.85811579077    	 -0.357064895605    
  -2.46887433858    	 -0.181458902162    
  -7.41719549840    	 -0.545153769565    
   7.75734677190    	  0.570154425003    
  -2.20186335945    	 -0.161833958769    
  -3.45509377553    	 -0.253944687900    
  -7.58976869188    	 -0.557837664303    
  -4.68837096147    	 -0.344588881784    
   6.07356906469    	  0.446399056226    
  -1.82085137626    	 -0.133830096807    
  -5.22394367651    	 -0.383952747081    
   10.6009013591    	  0.779151815257    
  -1.55604143089    	 -0.114366926399    
  -4.18789824229    	 -0.307804818389    
   1.86510509527    	  0.137082684897    
  -2.85617477066    	 -0.209924956555    
  -3.52723234955    	 -0.259246774863    
 -0.824443137357    	 -0.605954479991E-01
   3.01504905094    	  0.221601999826    
 -0.859111130535    	 -0.631434982923E-01
  -1.79020366603    	 -0.131577531836    
  -2.93583190454    	 -0.215779647431    
   13.4109983411    	  0.985690117088    
  -3.10703127692    	 -0.228362568188    
  -3.42039105623    	 -0.251394085283    
   8.84115095708    	  0.649812556860    
  0.622856637696    	  0.457791147627E-01
  -19.3368869789    	  -1.42123486303    
  -2.89511400593    	 -0.212786937326    
   4.73366868735    	  0.347918202956    
   1.35570839323    	  0.996427209122E-01
  -2.62224971989    	 -0.192731783846    
  -3.74367413173    	 -0.275154951137    
  -5.01669246176    	 -0.368720064999    
  -3.39839285164    	 -0.249777247200    
  -2.76673587571    	 -0.203351319560    
   19.3023417425    	   1.41869583519    
   21.8632145087    	   1.60691649652    
   1.15367578581    	  0.847935993634E-01
  -2.91782406341    	 -0.214456095628    
   10.2150449001    	  0.750791890923    
  -2.92808639955    	 -0.215210363361    
   2.49205337075    	  0.183162529465    
  -1.82045018270    	 -0.133800609627    
  -3.93966308298    	 -0.289559872187    
  -5.26120958601    	 -0.386691740686    
  -2.64666118489    	 -0.194525993284    
  -11.1036657118    	 -0.816104310597    
  -4.08186581293    	 -0.300011579209    
  -3.01882434517    	 -0.221879478811    
  -6.29407311975    	 -0.462605804026    
 -0.875969999602    	 -0.643826022129E-01
  -2.57209772234    	 -0.189045680315    
  -3.96226485768    	 -0.291221071852    
  0.737847710235    	  0.542308020176E-01
  -3.10661274365    	 -0.228331806563    
   7.46098720989    	  0.548372400731    
  -2.44118118204    	 -0.179423492864    
   4.25523670133    	  0.312754103438    
  -2.83348986308    	 -0.208257646737    
   2.40710548829    	  0.176918975772    
  -5.06005990501    	 -0.371907513026    
   15.9059660430    	   1.16906684593    
