Running on host: amd-cpu
DMET impurity: Er all
Modules OK
F is load
Li is load
Y is load
#INFO: **** input file is /data/home/wangcx/LiYF4_Er3+/AIMPModelGenerator-main/LiYF4_Er3+/no_opt_2/dmet_Er_all/main_AIMP_ROHF_DMET.py ****
import sys, os
from embed_sim import myavas, sacasscf_mixer, siso
from embed_sim.ssdmet import SSDMET

from src.AIMP3_DMET_SCEI import AIMPEnvLoader, AIMP_RHF, AIMP_RKS, AIMP_ROHF, AIMP_ROKS, AIMP_CAHF
from src.pckit2 import OrganicPCLoader, PointChargeParams
from pyscf import gto, lib
from pyscf.lib import chkfile
import yaml
import numpy as np
import basis_set_exchange as bse

Ha2eV = 27.211324570273
Ha2cm = 219474.63

workdir = "./"
inputdir = workdir + "input.yaml"
with open(inputdir, 'r') as f:
    inputdict = yaml.safe_load(f)
aimpdict = inputdict["aimp"]
clusterdict = inputdict["cluster"]

# Load AIMP environment
try: aimpdir = workdir + aimpdict["dir"]
except KeyError: aimpdir = workdir + "aimp.xyz"
aimpdict['dir'] = aimpdir
aimpdict['workdir'] = workdir
AIMP_LOADER = AIMPEnvLoader(aimpdict)
try: orthoreg = aimpdict["orthoreg"]
except: orthoreg = 0

# Load Point Charge Environment
try:
    pcdict = inputdict["pointcharge"]
    try: is_organic = pcdict['organic']
    except KeyError: is_organic = False
    try: rawxyzdir = workdir + pcdict["rawxyzdir"]
    except KeyError: rawxyzdir = workdir + "rawChgs.xyz"
    if not is_organic:
        try: rawchgdir = workdir + pcdict["rawchgdir"]
        except KeyError: rawchgdir = workdir + "rawCharges.dat"
        pcparam_raw = PointChargeParams(rawxyzdir, rawchgdir)
    else:
        pcdict = aimpdict
        pcdict["dir"] = rawxyzdir
        pcdict['workdir'] = workdir
        pc_loader = OrganicPCLoader(pcdict)
        pcparam_raw = pc_loader.make_param()
    try: surfxyzdir = workdir + pcdict["surfxyzdir"]
    except KeyError: surfxyzdir = workdir + "surfChgs.xyz"
    try: surfchgdir = workdir + pcdict["surfchgdir"]
    except KeyError: surfchgdir = workdir + "surfaceCharges.dat"
    pcparam_surf = PointChargeParams(surfxyzdir, surfchgdir)
    PCPARAM = pcparam_raw + pcparam_surf
except: PCPARAM = None

# Load cluster molecule
try: ecp = clusterdict["ecp"]
except KeyError: ecp = {}
try: spin = clusterdict["spin"]
except KeyError: spin = 0

def aimp_calc(CLUS_MOL, scfdict, interpolation=False):
    scftype = scfdict["calc"].upper()
    if scftype in ['HF', 'RHF', 'TDHF', 'TDAHF']:
        MF = AIMP_RHF(CLUS_MOL, AIMP_LOADER)
    elif scftype in ['ROHF']:
        MF = AIMP_ROHF(CLUS_MOL, AIMP_LOADER).density_fit()
    elif scftype in ['DFT', 'KS', 'RKS', 'TDDFT', 'TDKS']:
        try: xc = clusterdict['scf']['xc']
        except KeyError: xc = 'b3lyp'
        MF = AIMP_RKS(CLUS_MOL, AIMP_LOADER, xc=xc)
    elif scftype in ['ROKS']:
        try: xc = clusterdict['scf']['xc']
        except KeyError: xc = "b3lyp"
        MF = AIMP_ROKS(CLUS_MOL, AIMP_LOADER, xc=xc)
    elif scftype in ['CAHF']:
        try: ortho = clusterdict['scf']['orthoreg']
        except KeyError: ortho = 0
        MF = AIMP_CAHF(CLUS_MOL, AIMP_LOADER)
        MF.set_orthoreg_param(ortho)
    else:
        raise NotImplementedError("Other tags have not been implemented yet!")
    if PCPARAM is not None: MF.addPCParam2(PCPARAM)
    MF.set_orthoreg_param(orthoreg)
    try: MF.chkfile = workdir + inputdict['chkfile']
    except KeyError: pass
    return MF

# ===================================================================
# ROHF — load from chk file
# ===================================================================
if inputdict["type"].upper() in ["GEO_OPT", "GEOM_OPT", "RELAX", "GEOMOPT", "ENERGY"]:
    try: clusterdir = workdir + clusterdict["dir"]
    except KeyError: clusterdir = workdir + "cluster.xyz"
    for basis in clusterdict["basis"]:
        if 'parse' in clusterdict["basis"][basis] or 'load' in clusterdict["basis"][basis]:
            clusterdict["basis"][basis] = eval(clusterdict["basis"][basis])
    CLUS_MOL = gto.M(atom=clusterdir, basis=clusterdict["basis"],
                     charge=clusterdict["charge"], spin=spin, verbose=4)
    scfdict = clusterdict["scf"]
    MF = aimp_calc(CLUS_MOL, scfdict)

    # Load ROHF from chk
    if not os.path.exists(MF.chkfile):
        raise FileNotFoundError(f"ROHF chk file not found: {MF.chkfile}")
    print(f"Loading ROHF from chk: {MF.chkfile}")
    scfdat = chkfile.load(MF.chkfile, 'scf')
    MF.e_tot = scfdat['e_tot']
    MF.mo_coeff = scfdat['mo_coeff']
    MF.mo_occ = scfdat['mo_occ']
    MF.mo_energy = scfdat['mo_energy']
    print(f"Loaded: e_tot={MF.e_tot:.8f}")

print()

# ===================================================================
# DMET — impurity: Er (all orbitals)
# ===================================================================
IMP_NAME = 'Er_all'
IMP_LABELS = ['Er']
IMP_DESC = 'All Er orbitals'

title_base = 'LiYF4:Er3+'
ncas_set = 7
nelec_set = 11

title = f'{title_base}_DMET_{IMP_NAME}'
print("=" * 70)
print(f"  DMET impurity: {IMP_DESC}")
print(f"  Title: {title}")
print("=" * 70)

# Step 1: Build DMET embedding
print(f"\n[Step 1] Building DMET embedding")
dmet = SSDMET(MF, title=title, imp_idx=IMP_LABELS, threshold=1e-13)
es_mf = dmet.build()
print(f"  Embedded space: {dmet.nes} orbitals")
print(f"  impurity: {len(dmet.imp_idx)} orbitals")
print(f"  frozen occupied: {dmet.nfo},  frozen virtual: {dmet.nfv}")
print(f"  Frozen orbital energy: {dmet.fo_ene:.8f} Hartree")

# Step 2: AVAS
print(f"\n[Step 2] AVAS: Er 4f from embedded space")
ncas, nelec, es_mo = dmet.avas(['Er 4f'],
                                minao=CLUS_MOL._basis['Er'],
                                threshold=0.5,
                                openshell_option=2)
print(f"  AVAS: ncas={ncas}, nelec={nelec}")

# Step 3: SACASSCF
print(f"\n[Step 3] SACASSCF({ncas_set},{nelec_set})")
statelis = [0, 0, 0, 35]
es_mycas = sacasscf_mixer.sacasscf_mixer(es_mf, ncas_set, nelec_set, statelis=statelis)
es_mycas.kernel(es_mo)
e_cas = es_mycas.fcisolver.e_states
e_min = np.min(e_cas)
print(f"  CASSCF E_min = {e_min:.8f} H")
np.savetxt(f'{title}_cas_NO_SOC.txt', (e_cas - e_min) * Ha2cm, fmt='%.6f')

# Step 4: NEVPT2
print(f"\n[Step 4] NEVPT2")
ecorr = sacasscf_mixer.sacasscf_nevpt2(es_mycas, method='SC')
es_mycas.fcisolver.e_states = e_cas + ecorr
np.savetxt(f'{title}_nevpt2.txt', ecorr)
np.savetxt(f'{title}_opt.txt',
           (es_mycas.fcisolver.e_states - np.min(es_mycas.fcisolver.e_states)) * Ha2cm,
           fmt='%.6f')
print(f"  NEVPT2 corrections: {np.min(ecorr)*Ha2cm:.2f} to {np.max(ecorr)*Ha2cm:.2f} cm^-1")

# Step 5: SISO
print(f"\n[Step 5] SISO")
total_cas = dmet.total_cas(es_mycas)
mysiso = siso.SISO(title, total_cas, amfi=True, verbose=6)
mysiso.kernel()
mysiso.analyze()
print(f"  SISO done → {title}_mag.txt")

print(f"\n  [{IMP_NAME}] finished!\n")
#INFO: ******************** input file end ********************


System: uname_result(system='Linux', node='amd-cpu', release='6.8.0-111-generic', version='#111~22.04.1-Ubuntu SMP PREEMPT_DYNAMIC Tue Apr 14 17:13:45 UTC ', machine='x86_64')  Threads 16
Python 3.10.19 | packaged by conda-forge | (main, Jan 26 2026, 23:45:08) [GCC 14.3.0]
numpy 1.26.4  scipy 1.15.3  h5py 3.15.1
Date: Fri May 15 08:13:49 2026
PySCF version 2.12.0
PySCF path  /data/home/wangcx/LiYF4_Er3+/env/lib/python3.10/site-packages/pyscf

[CONFIG] conf_file None
[INPUT] verbose = 4
[INPUT] num. atoms = 25
[INPUT] num. electrons = 345
[INPUT] charge = 11
[INPUT] spin (= nelec alpha-beta = 2S) = 3
[INPUT] symmetry False subgroup None
[INPUT] Mole.unit = angstrom
[INPUT] Symbol           X                Y                Z      unit          X                Y                Z       unit  Magmom
[INPUT]  1 Er     0.000000000000   0.000000000000   0.000000000000 AA    0.000000000000   0.000000000000   0.000000000000 Bohr   0.0
[INPUT]  2 F      1.120153900000   1.741396600000  -0.864832900000 AA    2.116784088363   3.290762648249  -1.634297324513 Bohr   0.0
[INPUT]  3 F      1.728219100000  -1.132954600000   0.877561600000 AA    3.265860782242  -2.140973905566   1.658351081435 Bohr   0.0
[INPUT]  4 F     -1.122767600000  -1.741596000000  -0.864330100000 AA   -2.121723265535  -3.291139459638  -1.633347170218 Bohr   0.0
[INPUT]  5 F     -1.727721000000   1.137402500000   0.873922300000 AA   -3.264919509660   2.149379218396   1.651473801150 Bohr   0.0
[INPUT]  6 F     -1.136911800000   0.833023200000  -1.810397500000 AA   -2.148451929786   1.574185703409  -3.421155451597 Bohr   0.0
[INPUT]  7 F     -0.837415700000  -1.132356600000   1.813891800000 AA   -1.582486325411  -2.139843849344   3.427758721594 Bohr   0.0
[INPUT]  8 F      1.139044200000  -0.834823000000  -1.810900300000 AA    2.152481581774  -1.577586832488  -3.422105605893 Bohr   0.0
[INPUT]  9 F      0.842741100000   1.138000500000   1.810252500000 AA    1.592549872915   2.150509274618   3.420881441309 Bohr   0.0
[INPUT] 10 Li     2.544141000000   2.577740100000   0.023012300000 AA    4.807729712277   4.871222809309   0.043486944496 Bohr   0.0
[INPUT] 11 Li    -2.558921400000  -2.573098600000   0.023012300000 AA   -4.835660620289  -4.862451645502   0.043486944496 Bohr   0.0
[INPUT] 12 Li     2.577175500000  -2.573098600000   0.023012300000 AA    4.870155869939  -4.862451645502   0.043486944496 Bohr   0.0
[INPUT] 13 Li    -2.591955900000   2.577740100000   0.023012300000 AA   -4.898086777951   4.871222809309   0.043486944496 Bohr   0.0
[INPUT] 14 F     -3.407877800000  -1.132954600000   0.877561600000 AA   -6.439955707985  -2.140973905566   1.658351081435 Bohr   0.0
[INPUT] 15 F      3.408375900000   1.137402500000   0.873922300000 AA    6.440896980568   2.149379218396   1.651473801150 Bohr   0.0
[INPUT] 16 F      1.153188400000  -3.409442200000  -0.864832900000 AA    2.179210246025  -6.442911995535  -1.634297324513 Bohr   0.0
[INPUT] 17 F     -1.155802100000   3.409242800000  -0.864330100000 AA   -2.184149423197   6.442535184145  -1.633347170218 Bohr   0.0
[INPUT] 18 Li     0.026819200000  -2.572694200000   2.664801800000 AA    0.050680942880  -4.861687440257   5.035745578248 Bohr   0.0
[INPUT] 19 Li    -0.006215300000   2.578144500000   2.664801800000 AA   -0.011745214782   4.871987014554   5.035745578248 Bohr   0.0
[INPUT] 20 Y     -0.016757900000   2.574419800000  -2.675230500000 AA   -0.031667841423   4.864948351658  -5.055452965083 Bohr   0.0
[INPUT] 21 Y      0.016276600000  -2.576418900000  -2.675230500000 AA    0.030758316239  -4.868726103153  -5.055452965083 Bohr   0.0
[INPUT] 22 Y     -2.565136700000   0.005045900000   2.687814100000 AA   -4.847405835071   0.009535369052   5.079232522744 Bohr   0.0
[INPUT] 23 Y      2.570960200000   0.005045900000   2.687814100000 AA    4.858410655157   0.009535369052   5.079232522744 Bohr   0.0
[INPUT] 24 Li    -2.560898800000  -0.003320300000  -2.698242800000 AA   -4.839397364727  -0.006274457651  -5.098939909580 Bohr   0.0
[INPUT] 25 Li     2.575198000000  -0.003320300000  -2.698242800000 AA    4.866418936528  -0.006274457651  -5.098939909580 Bohr   0.0

nuclear repulsion = 7940.955314423
number of shells = 177
number of NR pGTOs = 1221
number of NR cGTOs = 549
basis = {'Er': [[0, [58741043.595, 0.0003095617, -0.0001259089, 6.91037e-05, -1.85591e-05, 1.0646e-05, -2.8433e-06, 8.7323e-06, -1.35596e-05, 1.22007e-05], [13545709.704, 0.0008516942, -0.0003466459, 0.000190297, -5.11104e-05, 2.93191e-05, -7.8312e-06, 2.40575e-05, -3.73546e-05, 3.35856e-05], [3592430.6955, 0.0019082673, -0.0007777057, 0.0004270617, -0.00011472, 6.5803e-05, -1.75727e-05, 5.39601e-05, -8.37945e-05, 7.54362e-05], [1068997.5743, 0.0039195893, -0.0016019262, 0.0008804759, -0.0002365759, 0.0001357079, -3.62538e-05, 0.0001114133, -0.0001729792, 0.0001553739], [349706.57902, 0.0079014176, -0.0032457866, 0.0017860832, -0.0004801945, 0.0002753786, -7.35186e-05, 0.0002256084, -0.0003504131, 0.0003160705], [123694.33912, 0.0157477694, -0.0065247398, 0.0036004833, -0.0009686648, 0.0005556288, -0.0001485097, 0.0004569229, -0.0007092419, 0.0006350258], [46678.398919, 0.0315658984, -0.0132634217, 0.0073419466, -0.001978727, 0.0011340632, -0.0003025333, 0.0009268542, -0.0014402417, 0.00130602], [18595.315822, 0.0629662301, -0.0270708201, 0.0150963167, -0.0040754906, 0.0023372419, -0.000625405, 0.001929166, -0.0029931159, 0.0026602426], [7755.2163127, 0.1221158296, -0.0546773715, 0.0307772461, -0.0083518799, 0.0047794665, -0.0012731364, 0.0038880662, -0.0060469357, 0.0055436892], [3363.779054, 0.2163719352, -0.104424382, 0.0601260542, -0.0164146081, 0.0094035178, -0.0025217555, 0.0078186556, -0.0121224202, 0.0106191691], [1509.3223033, 0.3107230962, -0.1727137331, 0.1028299975, -0.0285728915, 0.0162739243, -0.0043197692, 0.0130943713, -0.020410749, 0.0192252465], [697.35341479, 0.2829389649, -0.1915966744, 0.1213177905, -0.0342877174, 0.0196005497, -0.0053102484, 0.0168441816, -0.0260260623, 0.0212627647], [330.31834917, 0.1107960478, 0.0034524045, -0.0181721285, 0.0066342313, -0.0038699051, 0.0012231975, -0.0050898659, 0.0075551906, -0.0012422347], [159.65709504, 0.0270243507, 0.4305459366, -0.4433513468, 0.1566058182, -0.0860727872, 0.0225872722, -0.0670551554, 0.1058849283, -0.1109799087], [78.31452052, 0.0232087242, 0.4684246852, -0.6988915467, 0.2808109652, -0.1552371292, 0.0426972868, -0.1405799382, 0.2184698745, -0.1696579273], [38.72141347, 0.0055176072, 0.1426867969, 0.1943727124, -0.1280926327, 0.0718453765, -0.0217060429, 0.0829657157, -0.1245611955, 0.0411381473], [19.13306359, 0.0031445846, 0.0929387262, 1.0361135919, -0.9537793805, 0.525773751, -0.1391241817, 0.4492313044, -0.7655773076, 0.9930541848], [9.34554064, 0.0004607124, 0.0232306464, 0.2626141253, -0.0422353432, 0.0201638951, -0.0136943468, 0.0349080406, 0.0454196412, -0.6396768379], [4.45086586, 0.0001781851, -0.0031742957, -0.1267686346, 1.0541080152, -0.8378775487, 0.2628172995, -1.2056038591, 2.147979658, -1.9410318798], [2.03183894, -7.56855e-05, -0.0016126249, -0.0408915598, 0.3248928868, -0.3964838724, 0.0993913427, 0.5682899564, -1.7434598196, 3.6018504183], [0.87066929, 3.65992e-05, 0.0002068927, 0.0007349372, 0.0139982831, 0.8863351232, -0.2957863828, 0.9403581481, -1.3586599759, -2.346333334], [0.34147598, -1.51071e-05, -9.14805e-05, -0.0007009845, 0.0168647478, 0.5480126667, -0.501983712, -0.1922763278, 2.8649308149, -0.2115088121], [0.11893832, 5.8215e-06, 3.66177e-05, 0.0002306016, -0.0017855486, -0.0040889684, 0.4012936792, -1.3781196527, -1.7164544585, 1.9831692389], [0.03550733, -2.1488e-06, -1.41275e-05, -9.22395e-05, 0.0006879657, 0.0254351638, 0.8667698628, 0.6781220542, -0.02489973, -2.3638636205], [0.0106002, 6.241e-07, 3.9799e-06, 2.50085e-05, -0.0002447711, -0.0024978973, 0.0032299041, 0.4465290241, 0.684248083, 1.4645723957]], [1, [1999053.9457, 5.27248e-05, -4.22635e-05, 1.30946e-05, -4.9249e-06, -7.3048e-06, 4.3447e-06], [321492.94665, 0.0002062575, -0.0001656169, 5.13657e-05, -1.93198e-05, -2.86616e-05, 1.7027e-05], [69812.056384, 0.0007907197, -0.0006363455, 0.000197712, -7.43577e-05, -0.0001102843, 6.56782e-05], [19170.076373, 0.0028024207, -0.002264492, 0.0007050579, -0.0002652092, -0.0003936378, 0.0002333715], [6305.3605866, 0.0095627773, -0.0077776077, 0.0024344086, -0.0009155802, -0.0013579797, 0.0008104196], [2376.8728903, 0.0304081438, -0.0250497846, 0.0078955451, -0.0029703482, -0.0044130515, 0.0026094783], [991.08412563, 0.0858604085, -0.0724292592, 0.0232269816, -0.0087378, -0.0129711589, 0.0077547693], [444.45398997, 0.1955859903, -0.1717398404, 0.0563532022, -0.0212133939, -0.0316035208, 0.0186048576], [209.69390666, 0.3155610848, -0.2911116024, 0.0989987042, -0.0372819372, -0.0554689629, 0.0333537151], [102.29811686, 0.2905358073, -0.2282088299, 0.0668567425, -0.0250422154, -0.0374428239, 0.0210996293], [50.88921302, 0.1591725371, 0.2080341786, -0.1627677359, 0.0633913839, 0.099232041, -0.0550030502], [25.50997433, 0.1299786618, 0.5917917452, -0.4481104632, 0.1774758008, 0.2882984752, -0.1694027739], [12.7434798, 0.0625434303, 0.2992606204, -0.0676100109, 0.0108147877, -0.0133784295, 0.0098207141], [6.27002774, 0.0032893684, 0.0040392694, 0.6422905592, -0.3270990029, -0.7392411815, 0.3365294551], [2.99728634, -0.0006558915, -0.0130864967, 0.4864450388, -0.2791426358, -0.0930687868, 0.2382128786], [1.36875252, -0.0004321153, -0.0031844737, 0.0628819747, 0.2842338164, 1.437166915, -0.6804512825], [0.58442767, 0.0001110347, 0.000417432, 0.0028540545, 0.6667205951, -0.615533406, -0.2295587724], [0.22701214, -4.69339e-05, -0.0001930291, -0.0002962991, 0.2702142984, -1.0704463494, 0.2950152407], [0.08817945, 1.45036e-05, 5.98307e-05, 0.0001287369, 0.0016271736, 1.1394985724, 0.7705007891]], [2, [5075.2324021, 0.0004624199, -0.000212402, -0.0001338418, 7.03252e-05], [1400.6417964, 0.0037918263, -0.0017568935, -0.0010946858, 0.0006244381], [508.75311079, 0.0209012836, -0.0097240779, -0.006121187, 0.0032341649], [217.04181128, 0.0790282781, -0.0374730955, -0.0233913319, 0.0133490101], [101.12993278, 0.2106341946, -0.1012553833, -0.0640717841, 0.0335018815], [49.31418858, 0.3724161614, -0.1765190844, -0.1116543118, 0.0648584305], [24.56993946, 0.3724484114, -0.128055937, -0.0882595432, 0.0322480645], [12.30281942, 0.148439962, 0.1923894925, 0.1729546348, -0.060142795], [6.06684041, 0.0098260817, 0.4912902906, 0.4780271086, -0.2393569992], [2.84408803, -0.0060274869, 0.3965132651, 0.0275202804, -0.0459067525], [1.19180063, -0.0014732962, 0.0922209987, -1.5212904072, 0.1481679239], [0.499418, 1.92511e-05, 0.0018946649, 1.1745898944, 0.8929833783]], [3, [267.83532496, 0.002136697, -0.0023682897, 0.0028860639], [91.41297085, 0.0173101959, -0.0192847672, 0.0233886013], [38.11144675, 0.0692400235, -0.0773233756, 0.0942762644], [17.45050795, 0.1795048421, -0.2008573225, 0.24774166], [8.22655234, 0.3013531728, -0.2941870723, 0.2935809324], [3.84017672, 0.3456940442, -0.1630393094, -0.1608245388], [1.72324813, 0.2910461118, 0.2530702283, -0.7001354408], [0.7167717, 0.1773588489, 0.5241741225, 0.2478955537], [0.26038487, 0.0581198269, 0.2828111484, 0.5517990419], [0.09459118, 0.0013117456, 0.0230907024, 0.1236695388]], [4, [10.85067572, 0.1594340766], [5.06864131, 0.2278265327], [2.46175491, 0.4089511043], [1.16532292, 0.3834860395], [0.46008995, 0.1687647303]]], 'F': 'ccpvdz', 'Li': 'ccpvdz', 'Y': [[0, [2522141.32102006, 0.001699], [449156.29990432, 0.0036724], [151720.1764528, 0.0066311], [51855.44354044, 0.0167936], [18689.66232941, 0.041001], [6875.55030786, 0.1012493], [2648.45220711, 0.2522764], [1049.980737, 0.5766767]], [0, [422.47853745, -0.5348801], [172.31836708, -0.4651198]], [0, [60.56530325, 1.0]], [0, [28.30120953, 0.7509238], [12.66764116, 0.2490761]], [0, [5.05894842, 0.6863196], [2.20390257, 0.3136803]], [0, [0.72735771, 0.6399224], [0.30401193, 0.3600775]], [0, [0.04783584, 1.0]], [0, [0.01355997, 1.0]], [1, [11876.25484875, 0.0009397], [3268.55095104, 0.0033491], [1184.41460471, 0.0136442], [463.14383928, 0.0517347], [191.23738154, 0.1583925], [82.85996128, 0.3508255], [37.20448645, 0.4211141]], [1, [17.1581726, -1.0]], [1, [7.6564011, -0.5178717], [3.40344219, -0.4821282]], [1, [1.2829311, 0.2898036], [0.54825392, 0.5360604], [0.21437241, 0.1741359]], [1, [0.41142, 1.0]], [1, [0.01782, 1.0]], [2, [251.01056821, 0.0062628], [74.41352333, 0.0434411], [27.67867091, 0.1557311], [11.29136346, 0.3101388], [4.69433459, 0.3367227], [1.90670194, 0.1477033]], [2, [0.54823392, 1.0]], [2, [0.15142201, 1.0]], [3, [0.18507, 1.0]]]}
ecp = {}
CPU time:         4.60
Loading ROHF from chk: ./Er_ROHF_CASSCF.chk
Loaded: e_tot=-27878.42494082

======================================================================
  DMET impurity: All Er orbitals
  Title: LiYF4:Er3+_DMET_Er_all
======================================================================

[Step 1] Building DMET embedding

******** <class 'embed_sim.ssdmet.SSDMET'> ********
DMET from ROHF
number of impurity orbitals = 77
number of bath orbitals = 85
number of embedded cluster orbitals = 162
number of frozen occupied orbitals = 89
number of frozen virtual orbitals = 298
number of frozen orbitals = 387
percentage of embedded cluster orbitals = 29.51%
percentage of frozen orbitals = 70.49%
h_PC is added!
******** <class 'pyscf.df.df.DF'> ********
auxbasis = None
max_memory = 4000
Default auxbasis cc-pvdz-jkfit is used for F ccpvdz
ETB for F: l = 0, exps = 0.7794 * 2^n , n = 0..12
ETB for F: l = 1, exps = 0.7355674544186958 * 2^n , n = 0..9
ETB for F: l = 2, exps = 0.6942 * 2^n , n = 0..7
ETB for F: l = 3, exps = 1.5089652083464349 * 2^n , n = 0..3
ETB for F: l = 4, exps = 3.28 * 2^n , n = 0..0
ETB for Li: l = 0, exps = 0.0561 * 2^n , n = 0..12
ETB for Li: l = 1, exps = 0.05192461843865586 * 2^n , n = 0..9
ETB for Li: l = 2, exps = 0.04806 * 2^n , n = 0..6
ETB for Y: l = 0, exps = 0.02711994 * 2^n , n = 0..27
ETB for Y: l = 1, exps = 0.03108946222757801 * 2^n , n = 0..22
ETB for Y: l = 2, exps = 0.03564 * 2^n , n = 0..20
ETB for Y: l = 3, exps = 0.10019069114244097 * 2^n , n = 0..14
ETB for Y: l = 4, exps = 0.11485551619317202 * 2^n , n = 0..12
ETB for Y: l = 5, exps = 0.33480544434462234 * 2^n , n = 0..5
ETB for Y: l = 6, exps = 0.37014 * 2^n , n = 0..0
ETB for Er: l = 0, exps = 0.0212004 * 2^n , n = 0..28
ETB for Er: l = 1, exps = 0.061146375391841506 * 2^n , n = 0..23
ETB for Er: l = 2, exps = 0.14551880543215023 * 2^n , n = 0..19
ETB for Er: l = 3, exps = 0.06333041690170688 * 2^n , n = 0..19
ETB for Er: l = 4, exps = 0.1396716934527537 * 2^n , n = 0..16
ETB for Er: l = 5, exps = 0.40284229540368527 * 2^n , n = 0..11
ETB for Er: l = 6, exps = 0.18918236 * 2^n , n = 0..11
ETB for Er: l = 7, exps = 0.41723111713601135 * 2^n , n = 0..8
ETB for Er: l = 8, exps = 0.9201799 * 2^n , n = 0..4

WARN: Even tempered Gaussians are generated as DF auxbasis for  Li Y Er

_cderi_to_save = /tmp/tmprlgttcr0
h_PC is added!

energy from frozen occupied orbitals = -11878.618145351451
deviation from DMET exact condition = 7.275957614183426e-12
  Embedded space: 162 orbitals
  impurity: 77 orbitals
  frozen occupied: 89,  frozen virtual: 298
  Frozen orbital energy: -11878.61814535 Hartree

[Step 2] AVAS: Er 4f from embedded space

******** AVAS flags ********
aolabels = ['Er 4f']
ncore = 89
nunocc = 298
minao = [[0, [58741043.595, 0.0003095617, -0.0001259089, 6.91037e-05, -1.85591e-05, 1.0646e-05, -2.8433e-06, 8.7323e-06, -1.35596e-05, 1.22007e-05], [13545709.704, 0.0008516942, -0.0003466459, 0.000190297, -5.11104e-05, 2.93191e-05, -7.8312e-06, 2.40575e-05, -3.73546e-05, 3.35856e-05], [3592430.6955, 0.0019082673, -0.0007777057, 0.0004270617, -0.00011472, 6.5803e-05, -1.75727e-05, 5.39601e-05, -8.37945e-05, 7.54362e-05], [1068997.5743, 0.0039195893, -0.0016019262, 0.0008804759, -0.0002365759, 0.0001357079, -3.62538e-05, 0.0001114133, -0.0001729792, 0.0001553739], [349706.57902, 0.0079014176, -0.0032457866, 0.0017860832, -0.0004801945, 0.0002753786, -7.35186e-05, 0.0002256084, -0.0003504131, 0.0003160705], [123694.33912, 0.0157477694, -0.0065247398, 0.0036004833, -0.0009686648, 0.0005556288, -0.0001485097, 0.0004569229, -0.0007092419, 0.0006350258], [46678.398919, 0.0315658984, -0.0132634217, 0.0073419466, -0.001978727, 0.0011340632, -0.0003025333, 0.0009268542, -0.0014402417, 0.00130602], [18595.315822, 0.0629662301, -0.0270708201, 0.0150963167, -0.0040754906, 0.0023372419, -0.000625405, 0.001929166, -0.0029931159, 0.0026602426], [7755.2163127, 0.1221158296, -0.0546773715, 0.0307772461, -0.0083518799, 0.0047794665, -0.0012731364, 0.0038880662, -0.0060469357, 0.0055436892], [3363.779054, 0.2163719352, -0.104424382, 0.0601260542, -0.0164146081, 0.0094035178, -0.0025217555, 0.0078186556, -0.0121224202, 0.0106191691], [1509.3223033, 0.3107230962, -0.1727137331, 0.1028299975, -0.0285728915, 0.0162739243, -0.0043197692, 0.0130943713, -0.020410749, 0.0192252465], [697.35341479, 0.2829389649, -0.1915966744, 0.1213177905, -0.0342877174, 0.0196005497, -0.0053102484, 0.0168441816, -0.0260260623, 0.0212627647], [330.31834917, 0.1107960478, 0.0034524045, -0.0181721285, 0.0066342313, -0.0038699051, 0.0012231975, -0.0050898659, 0.0075551906, -0.0012422347], [159.65709504, 0.0270243507, 0.4305459366, -0.4433513468, 0.1566058182, -0.0860727872, 0.0225872722, -0.0670551554, 0.1058849283, -0.1109799087], [78.31452052, 0.0232087242, 0.4684246852, -0.6988915467, 0.2808109652, -0.1552371292, 0.0426972868, -0.1405799382, 0.2184698745, -0.1696579273], [38.72141347, 0.0055176072, 0.1426867969, 0.1943727124, -0.1280926327, 0.0718453765, -0.0217060429, 0.0829657157, -0.1245611955, 0.0411381473], [19.13306359, 0.0031445846, 0.0929387262, 1.0361135919, -0.9537793805, 0.525773751, -0.1391241817, 0.4492313044, -0.7655773076, 0.9930541848], [9.34554064, 0.0004607124, 0.0232306464, 0.2626141253, -0.0422353432, 0.0201638951, -0.0136943468, 0.0349080406, 0.0454196412, -0.6396768379], [4.45086586, 0.0001781851, -0.0031742957, -0.1267686346, 1.0541080152, -0.8378775487, 0.2628172995, -1.2056038591, 2.147979658, -1.9410318798], [2.03183894, -7.56855e-05, -0.0016126249, -0.0408915598, 0.3248928868, -0.3964838724, 0.0993913427, 0.5682899564, -1.7434598196, 3.6018504183], [0.87066929, 3.65992e-05, 0.0002068927, 0.0007349372, 0.0139982831, 0.8863351232, -0.2957863828, 0.9403581481, -1.3586599759, -2.346333334], [0.34147598, -1.51071e-05, -9.14805e-05, -0.0007009845, 0.0168647478, 0.5480126667, -0.501983712, -0.1922763278, 2.8649308149, -0.2115088121], [0.11893832, 5.8215e-06, 3.66177e-05, 0.0002306016, -0.0017855486, -0.0040889684, 0.4012936792, -1.3781196527, -1.7164544585, 1.9831692389], [0.03550733, -2.1488e-06, -1.41275e-05, -9.22395e-05, 0.0006879657, 0.0254351638, 0.8667698628, 0.6781220542, -0.02489973, -2.3638636205], [0.0106002, 6.241e-07, 3.9799e-06, 2.50085e-05, -0.0002447711, -0.0024978973, 0.0032299041, 0.4465290241, 0.684248083, 1.4645723957]], [1, [1999053.9457, 5.27248e-05, -4.22635e-05, 1.30946e-05, -4.9249e-06, -7.3048e-06, 4.3447e-06], [321492.94665, 0.0002062575, -0.0001656169, 5.13657e-05, -1.93198e-05, -2.86616e-05, 1.7027e-05], [69812.056384, 0.0007907197, -0.0006363455, 0.000197712, -7.43577e-05, -0.0001102843, 6.56782e-05], [19170.076373, 0.0028024207, -0.002264492, 0.0007050579, -0.0002652092, -0.0003936378, 0.0002333715], [6305.3605866, 0.0095627773, -0.0077776077, 0.0024344086, -0.0009155802, -0.0013579797, 0.0008104196], [2376.8728903, 0.0304081438, -0.0250497846, 0.0078955451, -0.0029703482, -0.0044130515, 0.0026094783], [991.08412563, 0.0858604085, -0.0724292592, 0.0232269816, -0.0087378, -0.0129711589, 0.0077547693], [444.45398997, 0.1955859903, -0.1717398404, 0.0563532022, -0.0212133939, -0.0316035208, 0.0186048576], [209.69390666, 0.3155610848, -0.2911116024, 0.0989987042, -0.0372819372, -0.0554689629, 0.0333537151], [102.29811686, 0.2905358073, -0.2282088299, 0.0668567425, -0.0250422154, -0.0374428239, 0.0210996293], [50.88921302, 0.1591725371, 0.2080341786, -0.1627677359, 0.0633913839, 0.099232041, -0.0550030502], [25.50997433, 0.1299786618, 0.5917917452, -0.4481104632, 0.1774758008, 0.2882984752, -0.1694027739], [12.7434798, 0.0625434303, 0.2992606204, -0.0676100109, 0.0108147877, -0.0133784295, 0.0098207141], [6.27002774, 0.0032893684, 0.0040392694, 0.6422905592, -0.3270990029, -0.7392411815, 0.3365294551], [2.99728634, -0.0006558915, -0.0130864967, 0.4864450388, -0.2791426358, -0.0930687868, 0.2382128786], [1.36875252, -0.0004321153, -0.0031844737, 0.0628819747, 0.2842338164, 1.437166915, -0.6804512825], [0.58442767, 0.0001110347, 0.000417432, 0.0028540545, 0.6667205951, -0.615533406, -0.2295587724], [0.22701214, -4.69339e-05, -0.0001930291, -0.0002962991, 0.2702142984, -1.0704463494, 0.2950152407], [0.08817945, 1.45036e-05, 5.98307e-05, 0.0001287369, 0.0016271736, 1.1394985724, 0.7705007891]], [2, [5075.2324021, 0.0004624199, -0.000212402, -0.0001338418, 7.03252e-05], [1400.6417964, 0.0037918263, -0.0017568935, -0.0010946858, 0.0006244381], [508.75311079, 0.0209012836, -0.0097240779, -0.006121187, 0.0032341649], [217.04181128, 0.0790282781, -0.0374730955, -0.0233913319, 0.0133490101], [101.12993278, 0.2106341946, -0.1012553833, -0.0640717841, 0.0335018815], [49.31418858, 0.3724161614, -0.1765190844, -0.1116543118, 0.0648584305], [24.56993946, 0.3724484114, -0.128055937, -0.0882595432, 0.0322480645], [12.30281942, 0.148439962, 0.1923894925, 0.1729546348, -0.060142795], [6.06684041, 0.0098260817, 0.4912902906, 0.4780271086, -0.2393569992], [2.84408803, -0.0060274869, 0.3965132651, 0.0275202804, -0.0459067525], [1.19180063, -0.0014732962, 0.0922209987, -1.5212904072, 0.1481679239], [0.499418, 1.92511e-05, 0.0018946649, 1.1745898944, 0.8929833783]], [3, [267.83532496, 0.002136697, -0.0023682897, 0.0028860639], [91.41297085, 0.0173101959, -0.0192847672, 0.0233886013], [38.11144675, 0.0692400235, -0.0773233756, 0.0942762644], [17.45050795, 0.1795048421, -0.2008573225, 0.24774166], [8.22655234, 0.3013531728, -0.2941870723, 0.2935809324], [3.84017672, 0.3456940442, -0.1630393094, -0.1608245388], [1.72324813, 0.2910461118, 0.2530702283, -0.7001354408], [0.7167717, 0.1773588489, 0.5241741225, 0.2478955537], [0.26038487, 0.0581198269, 0.2828111484, 0.5517990419], [0.09459118, 0.0013117456, 0.0230907024, 0.1236695388]], [4, [10.85067572, 0.1594340766], [5.06864131, 0.2278265327], [2.46175491, 0.4089511043], [1.16532292, 0.3834860395], [0.46008995, 0.1687647303]]]
threshold = 0.5
with_iao = False
openshell_option = 2
canonicalize = False

** AVAS **
  Total number of HF MOs  is equal to    549
  Number of occupied HF MOs is equal to  174
reference AO indices for [[0, [58741043.595, 0.0003095617, -0.0001259089, 6.91037e-05, -1.85591e-05, 1.0646e-05, -2.8433e-06, 8.7323e-06, -1.35596e-05, 1.22007e-05], [13545709.704, 0.0008516942, -0.0003466459, 0.000190297, -5.11104e-05, 2.93191e-05, -7.8312e-06, 2.40575e-05, -3.73546e-05, 3.35856e-05], [3592430.6955, 0.0019082673, -0.0007777057, 0.0004270617, -0.00011472, 6.5803e-05, -1.75727e-05, 5.39601e-05, -8.37945e-05, 7.54362e-05], [1068997.5743, 0.0039195893, -0.0016019262, 0.0008804759, -0.0002365759, 0.0001357079, -3.62538e-05, 0.0001114133, -0.0001729792, 0.0001553739], [349706.57902, 0.0079014176, -0.0032457866, 0.0017860832, -0.0004801945, 0.0002753786, -7.35186e-05, 0.0002256084, -0.0003504131, 0.0003160705], [123694.33912, 0.0157477694, -0.0065247398, 0.0036004833, -0.0009686648, 0.0005556288, -0.0001485097, 0.0004569229, -0.0007092419, 0.0006350258], [46678.398919, 0.0315658984, -0.0132634217, 0.0073419466, -0.001978727, 0.0011340632, -0.0003025333, 0.0009268542, -0.0014402417, 0.00130602], [18595.315822, 0.0629662301, -0.0270708201, 0.0150963167, -0.0040754906, 0.0023372419, -0.000625405, 0.001929166, -0.0029931159, 0.0026602426], [7755.2163127, 0.1221158296, -0.0546773715, 0.0307772461, -0.0083518799, 0.0047794665, -0.0012731364, 0.0038880662, -0.0060469357, 0.0055436892], [3363.779054, 0.2163719352, -0.104424382, 0.0601260542, -0.0164146081, 0.0094035178, -0.0025217555, 0.0078186556, -0.0121224202, 0.0106191691], [1509.3223033, 0.3107230962, -0.1727137331, 0.1028299975, -0.0285728915, 0.0162739243, -0.0043197692, 0.0130943713, -0.020410749, 0.0192252465], [697.35341479, 0.2829389649, -0.1915966744, 0.1213177905, -0.0342877174, 0.0196005497, -0.0053102484, 0.0168441816, -0.0260260623, 0.0212627647], [330.31834917, 0.1107960478, 0.0034524045, -0.0181721285, 0.0066342313, -0.0038699051, 0.0012231975, -0.0050898659, 0.0075551906, -0.0012422347], [159.65709504, 0.0270243507, 0.4305459366, -0.4433513468, 0.1566058182, -0.0860727872, 0.0225872722, -0.0670551554, 0.1058849283, -0.1109799087], [78.31452052, 0.0232087242, 0.4684246852, -0.6988915467, 0.2808109652, -0.1552371292, 0.0426972868, -0.1405799382, 0.2184698745, -0.1696579273], [38.72141347, 0.0055176072, 0.1426867969, 0.1943727124, -0.1280926327, 0.0718453765, -0.0217060429, 0.0829657157, -0.1245611955, 0.0411381473], [19.13306359, 0.0031445846, 0.0929387262, 1.0361135919, -0.9537793805, 0.525773751, -0.1391241817, 0.4492313044, -0.7655773076, 0.9930541848], [9.34554064, 0.0004607124, 0.0232306464, 0.2626141253, -0.0422353432, 0.0201638951, -0.0136943468, 0.0349080406, 0.0454196412, -0.6396768379], [4.45086586, 0.0001781851, -0.0031742957, -0.1267686346, 1.0541080152, -0.8378775487, 0.2628172995, -1.2056038591, 2.147979658, -1.9410318798], [2.03183894, -7.56855e-05, -0.0016126249, -0.0408915598, 0.3248928868, -0.3964838724, 0.0993913427, 0.5682899564, -1.7434598196, 3.6018504183], [0.87066929, 3.65992e-05, 0.0002068927, 0.0007349372, 0.0139982831, 0.8863351232, -0.2957863828, 0.9403581481, -1.3586599759, -2.346333334], [0.34147598, -1.51071e-05, -9.14805e-05, -0.0007009845, 0.0168647478, 0.5480126667, -0.501983712, -0.1922763278, 2.8649308149, -0.2115088121], [0.11893832, 5.8215e-06, 3.66177e-05, 0.0002306016, -0.0017855486, -0.0040889684, 0.4012936792, -1.3781196527, -1.7164544585, 1.9831692389], [0.03550733, -2.1488e-06, -1.41275e-05, -9.22395e-05, 0.0006879657, 0.0254351638, 0.8667698628, 0.6781220542, -0.02489973, -2.3638636205], [0.0106002, 6.241e-07, 3.9799e-06, 2.50085e-05, -0.0002447711, -0.0024978973, 0.0032299041, 0.4465290241, 0.684248083, 1.4645723957]], [1, [1999053.9457, 5.27248e-05, -4.22635e-05, 1.30946e-05, -4.9249e-06, -7.3048e-06, 4.3447e-06], [321492.94665, 0.0002062575, -0.0001656169, 5.13657e-05, -1.93198e-05, -2.86616e-05, 1.7027e-05], [69812.056384, 0.0007907197, -0.0006363455, 0.000197712, -7.43577e-05, -0.0001102843, 6.56782e-05], [19170.076373, 0.0028024207, -0.002264492, 0.0007050579, -0.0002652092, -0.0003936378, 0.0002333715], [6305.3605866, 0.0095627773, -0.0077776077, 0.0024344086, -0.0009155802, -0.0013579797, 0.0008104196], [2376.8728903, 0.0304081438, -0.0250497846, 0.0078955451, -0.0029703482, -0.0044130515, 0.0026094783], [991.08412563, 0.0858604085, -0.0724292592, 0.0232269816, -0.0087378, -0.0129711589, 0.0077547693], [444.45398997, 0.1955859903, -0.1717398404, 0.0563532022, -0.0212133939, -0.0316035208, 0.0186048576], [209.69390666, 0.3155610848, -0.2911116024, 0.0989987042, -0.0372819372, -0.0554689629, 0.0333537151], [102.29811686, 0.2905358073, -0.2282088299, 0.0668567425, -0.0250422154, -0.0374428239, 0.0210996293], [50.88921302, 0.1591725371, 0.2080341786, -0.1627677359, 0.0633913839, 0.099232041, -0.0550030502], [25.50997433, 0.1299786618, 0.5917917452, -0.4481104632, 0.1774758008, 0.2882984752, -0.1694027739], [12.7434798, 0.0625434303, 0.2992606204, -0.0676100109, 0.0108147877, -0.0133784295, 0.0098207141], [6.27002774, 0.0032893684, 0.0040392694, 0.6422905592, -0.3270990029, -0.7392411815, 0.3365294551], [2.99728634, -0.0006558915, -0.0130864967, 0.4864450388, -0.2791426358, -0.0930687868, 0.2382128786], [1.36875252, -0.0004321153, -0.0031844737, 0.0628819747, 0.2842338164, 1.437166915, -0.6804512825], [0.58442767, 0.0001110347, 0.000417432, 0.0028540545, 0.6667205951, -0.615533406, -0.2295587724], [0.22701214, -4.69339e-05, -0.0001930291, -0.0002962991, 0.2702142984, -1.0704463494, 0.2950152407], [0.08817945, 1.45036e-05, 5.98307e-05, 0.0001287369, 0.0016271736, 1.1394985724, 0.7705007891]], [2, [5075.2324021, 0.0004624199, -0.000212402, -0.0001338418, 7.03252e-05], [1400.6417964, 0.0037918263, -0.0017568935, -0.0010946858, 0.0006244381], [508.75311079, 0.0209012836, -0.0097240779, -0.006121187, 0.0032341649], [217.04181128, 0.0790282781, -0.0374730955, -0.0233913319, 0.0133490101], [101.12993278, 0.2106341946, -0.1012553833, -0.0640717841, 0.0335018815], [49.31418858, 0.3724161614, -0.1765190844, -0.1116543118, 0.0648584305], [24.56993946, 0.3724484114, -0.128055937, -0.0882595432, 0.0322480645], [12.30281942, 0.148439962, 0.1923894925, 0.1729546348, -0.060142795], [6.06684041, 0.0098260817, 0.4912902906, 0.4780271086, -0.2393569992], [2.84408803, -0.0060274869, 0.3965132651, 0.0275202804, -0.0459067525], [1.19180063, -0.0014732962, 0.0922209987, -1.5212904072, 0.1481679239], [0.499418, 1.92511e-05, 0.0018946649, 1.1745898944, 0.8929833783]], [3, [267.83532496, 0.002136697, -0.0023682897, 0.0028860639], [91.41297085, 0.0173101959, -0.0192847672, 0.0233886013], [38.11144675, 0.0692400235, -0.0773233756, 0.0942762644], [17.45050795, 0.1795048421, -0.2008573225, 0.24774166], [8.22655234, 0.3013531728, -0.2941870723, 0.2935809324], [3.84017672, 0.3456940442, -0.1630393094, -0.1608245388], [1.72324813, 0.2910461118, 0.2530702283, -0.7001354408], [0.7167717, 0.1773588489, 0.5241741225, 0.2478955537], [0.26038487, 0.0581198269, 0.2828111484, 0.5517990419], [0.09459118, 0.0013117456, 0.0230907024, 0.1236695388]], [4, [10.85067572, 0.1594340766], [5.06864131, 0.2278265327], [2.46175491, 0.4089511043], [1.16532292, 0.3834860395], [0.46008995, 0.1687647303]]] ['Er 4f']:
 [47 48 49 50 51 52 53]
Option 2: threshold 0.5
Active from occupied = 7 , eig [0.99812234 0.99812383 0.99813356 0.99895182 0.99919349 0.99919745
 0.99920002]
Inactive from occupied = 78
Active from unoccupied = 0 , eig []
Inactive from unoccupied = 77
Dimensions of active 7
# of alpha electrons 7
# of beta electrons 4
  AVAS: ncas=7, nelec=11

[Step 3] SACASSCF(7,11)
Attempting SA-CASSCF with
fix_spin parameter 0.5 on spin multiplicity 4
35 states with spin multiplicity 4

******** <class 'pyscf.mcscf.addons.StateAverageCASSCF'> ********
CAS (7e+4e, 7o), ncore = 78, nvir = 77
max_cycle_macro = 50
max_cycle_micro = 4
conv_tol = 1e-07
conv_tol_grad = None
orbital rotation max_stepsize = 0.02
orbital rotation threshold for CI restart = 0.01
augmented hessian ah_max_cycle = 30
augmented hessian ah_conv_tol = 1e-12
augmented hessian ah_linear dependence = 1e-14
augmented hessian ah_level shift = 1e-08
augmented hessian ah_start_tol = 2.5
augmented hessian ah_start_cycle = 3
augmented hessian ah_grad_trust_region = 3
kf_trust_region = 3
kf_interval = 4
ci_response_space = 4
ci_grad_trust_region = 3
with_dep4 0
natorb = False
canonicalization = True
sorting_mo_energy = False
ao2mo_level = 2
chkfile = /tmp/tmpcslalct1
max_memory 4000 MB (current use 1177 MB)
internal_rotation = False
******** <class 'pyscf.mcscf.addons.StateAverageMixSpinPenaltyFCISolver'> ********
max. cycles = 100
conv_tol = 1e-10
davidson only = True
linear dependence = 1e-14
level shift = 0.001
max iter space = 12
max_memory 4000 MB
nroots = 35
pspace_size = 400
spin = 3
State-average over 35 states with weights [0.02857143 0.02857143 0.02857143 0.02857143 0.02857143 0.02857143
 0.02857143 0.02857143 0.02857143 0.02857143 0.02857143 0.02857143
 0.02857143 0.02857143 0.02857143 0.02857143 0.02857143 0.02857143
 0.02857143 0.02857143 0.02857143 0.02857143 0.02857143 0.02857143
 0.02857143 0.02857143 0.02857143 0.02857143 0.02857143 0.02857143
 0.02857143 0.02857143 0.02857143 0.02857143 0.02857143]
CASCI E = -15999.7225640415  S^2 = 3.7500000
Set conv_tol_grad to 0.000316228
macro iter   1 ( 21 JK    4 micro), CASSCF E = -15999.7372041610  dE = -1.46401195e-02  S^2 = 3.7500000
               |grad[o]|=0.321  |ddm|=6.24e-15  |maxRot[o]|=0.0276
macro iter   2 ( 24 JK    4 micro), CASSCF E = -15999.7390648197  dE = -1.86065867e-03  S^2 = 3.7500000
               |grad[o]|=0.197  |ddm|=2.91e-15  |maxRot[o]|=0.00979
macro iter   3 ( 27 JK    4 micro), CASSCF E = -15999.7394805316  dE = -4.15711964e-04  S^2 = 3.7500000
               |grad[o]|=0.0942  |ddm|=4.39e-15  |maxRot[o]|=0.00624
macro iter   4 ( 29 JK    4 micro), CASSCF E = -15999.7395808264  dE = -1.00294725e-04  S^2 = 3.7500000
               |grad[o]|=0.0381  |ddm|=6.5e-15  |maxRot[o]|=0.00244
macro iter   5 ( 32 JK    4 micro), CASSCF E = -15999.7395988958  dE = -1.80694769e-05  S^2 = 3.7500000
               |grad[o]|=0.0399  |ddm|=7.24e-15  |maxRot[o]|=0.000971
macro iter   6 ( 32 JK    4 micro), CASSCF E = -15999.7396018031  dE = -2.90726166e-06  S^2 = 3.7500000
               |grad[o]|=0.00672  |ddm|=5.2e-15  |maxRot[o]|=0.000473
macro iter   7 ( 33 JK    4 micro), CASSCF E = -15999.7396023038  dE = -5.00693204e-07  S^2 = 3.7500000
               |grad[o]|=0.0029  |ddm|=7e-15  |maxRot[o]|=0.000197
macro iter   8 ( 11 JK    1 micro), CASSCF E = -15999.7396023449  dE = -4.11473593e-08  S^2 = 3.7500000
               |grad[o]|=0.000846  |ddm|=9.51e-15  |maxRot[o]|=3.31e-05
macro iter   9 ( 11 JK    1 micro), CASSCF E = -15999.7396023639  dE = -1.89502316e-08  S^2 = 3.7500000
               |grad[o]|=0.00107  |ddm|=4.22e-15  |maxRot[o]|=2.33e-05
macro iter  10 ( 12 JK    1 micro), CASSCF E = -15999.7396023735  dE = -9.64791980e-09  S^2 = 3.7500000
               |grad[o]|=0.000547  |ddm|=9.27e-15  |maxRot[o]|=1.55e-05
macro iter  11 ( 12 JK    1 micro), CASSCF E = -15999.7396023770  dE = -3.48154572e-09  S^2 = 3.7500000
               |grad[o]|=0.000386  |ddm|=1.52e-14  |maxRot[o]|=9.79e-06
macro iter  12 ( 13 JK    1 micro), CASSCF E = -15999.7396023782  dE = -1.19689503e-09  S^2 = 3.7500000
               |grad[o]|=0.000294  |ddm|=5.34e-15  |maxRot[o]|=4.53e-06
1-step CASSCF converged in  12 macro (257 JK  33 micro) steps
CASSCF canonicalization
Density matrix diagonal elements [1.57142857 1.57142857 1.57142857 1.57142857 1.57142857 1.57142857
 1.57142857]
CASSCF energy = -15999.7396023782
CASCI E = -15999.7396023782  E(CI) = -74.3980295481979  S^2 = 3.7500000
CASCI state-averaged energy = -15999.7396023782
CASCI energy for each state
  State 0 weight 0.0285714  E = -15999.8234214902 S^2 = 3.7500000
  State 1 weight 0.0285714  E = -15999.8232556539 S^2 = 3.7500000
  State 2 weight 0.0285714  E = -15999.823250329 S^2 = 3.7500000
  State 3 weight 0.0285714  E = -15999.8232443294 S^2 = 3.7500000
  State 4 weight 0.0285714  E = -15999.82310375 S^2 = 3.7500000
  State 5 weight 0.0285714  E = -15999.8224495208 S^2 = 3.7500000
  State 6 weight 0.0285714  E = -15999.8224259234 S^2 = 3.7500000
  State 7 weight 0.0285714  E = -15999.8222877976 S^2 = 3.7500000
  State 8 weight 0.0285714  E = -15999.8219360539 S^2 = 3.7500000
  State 9 weight 0.0285714  E = -15999.8219292173 S^2 = 3.7500000
  State 10 weight 0.0285714  E = -15999.821755532 S^2 = 3.7500000
  State 11 weight 0.0285714  E = -15999.821737909 S^2 = 3.7500000
  State 12 weight 0.0285714  E = -15999.8217196742 S^2 = 3.7500000
  State 13 weight 0.0285714  E = -15999.740081659 S^2 = 3.7500000
  State 14 weight 0.0285714  E = -15999.7399810755 S^2 = 3.7500000
  State 15 weight 0.0285714  E = -15999.7399740574 S^2 = 3.7500000
  State 16 weight 0.0285714  E = -15999.7397088811 S^2 = 3.7500000
  State 17 weight 0.0285714  E = -15999.739627917 S^2 = 3.7500000
  State 18 weight 0.0285714  E = -15999.7394515062 S^2 = 3.7500000
  State 19 weight 0.0285714  E = -15999.7394416994 S^2 = 3.7500000
  State 20 weight 0.0285714  E = -15999.7385910359 S^2 = 3.7500000
  State 21 weight 0.0285714  E = -15999.6934276045 S^2 = 3.7500000
  State 22 weight 0.0285714  E = -15999.6930556539 S^2 = 3.7500000
  State 23 weight 0.0285714  E = -15999.6930379938 S^2 = 3.7500000
  State 24 weight 0.0285714  E = -15999.6920230326 S^2 = 3.7500000
  State 25 weight 0.0285714  E = -15999.6919684715 S^2 = 3.7500000
  State 26 weight 0.0285714  E = -15999.6918128734 S^2 = 3.7500000
  State 27 weight 0.0285714  E = -15999.6916259214 S^2 = 3.7500000
  State 28 weight 0.0285714  E = -15999.6916161683 S^2 = 3.7500000
  State 29 weight 0.0285714  E = -15999.6914597648 S^2 = 3.7500000
  State 30 weight 0.0285714  E = -15999.6098532377 S^2 = 3.7500000
  State 31 weight 0.0285714  E = -15999.6098031029 S^2 = 3.7500000
  State 32 weight 0.0285714  E = -15999.6097489043 S^2 = 3.7500000
  State 33 weight 0.0285714  E = -15999.6092951167 S^2 = 3.7500000
  State 34 weight 0.0285714  E = -15999.6079803796 S^2 = 3.7500000
  CASSCF E_min = -15999.82342149 H

[Step 4] NEVPT2
sacasscf_nevpt2_casci_ver

******** <class 'embed_sim.nevpt2.NEVPT'> ********
NEVPT2 (7e+4e, 7o), ncore = 78, nvir = 77
spin = 3  root = 0
Sr    (-1)',   E = -0.00281651748467
Si    (+1)',   E = -0.00013395097809
Sijrs (0)  ,   E = -0.64440022570079
Sijr  (+1) ,   E = -0.06787133653306
Srsi  (-1) ,   E = -0.54649249734636
Srs   (-2) ,   E = -0.31814792995209
Sij   (+2) ,   E = -0.00173920096927
Sir   (0)' ,   E = -0.08437701479027
Nevpt2 Energy = -1.665978673754598

******** <class 'embed_sim.nevpt2.NEVPT'> ********
NEVPT2 (7e+4e, 7o), ncore = 78, nvir = 77
spin = 3  root = 1
Sr    (-1)',   E = -0.00281192715890
Si    (+1)',   E = -0.00013307748435
Sijrs (0)  ,   E = -0.64440225901632
Sijr  (+1) ,   E = -0.06783511330179
Srsi  (-1) ,   E = -0.54646598457514
Srs   (-2) ,   E = -0.31807603828947
Sij   (+2) ,   E = -0.00173926266871
Sir   (0)' ,   E = -0.08434761274458
Nevpt2 Energy = -1.665811275239253

******** <class 'embed_sim.nevpt2.NEVPT'> ********
NEVPT2 (7e+4e, 7o), ncore = 78, nvir = 77
spin = 3  root = 2
Sr    (-1)',   E = -0.00281204433638
Si    (+1)',   E = -0.00013278620649
Sijrs (0)  ,   E = -0.64440002245723
Sijr  (+1) ,   E = -0.06783681877367
Srsi  (-1) ,   E = -0.54639455138744
Srs   (-2) ,   E = -0.31796947124344
Sij   (+2) ,   E = -0.00173963217538
Sir   (0)' ,   E = -0.08434835401644
Nevpt2 Energy = -1.665633680596474

******** <class 'embed_sim.nevpt2.NEVPT'> ********
NEVPT2 (7e+4e, 7o), ncore = 78, nvir = 77
spin = 3  root = 3
Sr    (-1)',   E = -0.00281142163832
Si    (+1)',   E = -0.00013305851446
Sijrs (0)  ,   E = -0.64440234415459
Sijr  (+1) ,   E = -0.06783260792321
Srsi  (-1) ,   E = -0.54646192826674
Srs   (-2) ,   E = -0.31806804834899
Sij   (+2) ,   E = -0.00173924878924
Sir   (0)' ,   E = -0.08434531632145
Nevpt2 Energy = -1.665793973957010

******** <class 'embed_sim.nevpt2.NEVPT'> ********
NEVPT2 (7e+4e, 7o), ncore = 78, nvir = 77
spin = 3  root = 4
Sr    (-1)',   E = -0.00280786355430
Si    (+1)',   E = -0.00013247553180
Sijrs (0)  ,   E = -0.64440305113105
Sijr  (+1) ,   E = -0.06780391752950
Srsi  (-1) ,   E = -0.54634809516298
Srs   (-2) ,   E = -0.31786888582983
Sij   (+2) ,   E = -0.00173938136359
Sir   (0)' ,   E = -0.08432236911833
Nevpt2 Energy = -1.665426039221386

******** <class 'embed_sim.nevpt2.NEVPT'> ********
NEVPT2 (7e+4e, 7o), ncore = 78, nvir = 77
spin = 3  root = 5
Sr    (-1)',   E = -0.00280389811094
Si    (+1)',   E = -0.00013367031370
Sijrs (0)  ,   E = -0.64440880885492
Sijr  (+1) ,   E = -0.06774378020135
Srsi  (-1) ,   E = -0.54644022147368
Srs   (-2) ,   E = -0.31804629286466
Sij   (+2) ,   E = -0.00173772738417
Sir   (0)' ,   E = -0.08425995773051
Nevpt2 Energy = -1.665574356933918

******** <class 'embed_sim.nevpt2.NEVPT'> ********
NEVPT2 (7e+4e, 7o), ncore = 78, nvir = 77
spin = 3  root = 6
Sr    (-1)',   E = -0.00280389717657
Si    (+1)',   E = -0.00013369049907
Sijrs (0)  ,   E = -0.64440893643665
Sijr  (+1) ,   E = -0.06774160276525
Srsi  (-1) ,   E = -0.54643999024325
Srs   (-2) ,   E = -0.31804530398747
Sij   (+2) ,   E = -0.00173770900394
Sir   (0)' ,   E = -0.08425756367900
Nevpt2 Energy = -1.665568693791188

******** <class 'embed_sim.nevpt2.NEVPT'> ********
NEVPT2 (7e+4e, 7o), ncore = 78, nvir = 77
spin = 3  root = 7
Sr    (-1)',   E = -0.00279902417224
Si    (+1)',   E = -0.00013380644503
Sijrs (0)  ,   E = -0.64440824548432
Sijr  (+1) ,   E = -0.06773754688642
Srsi  (-1) ,   E = -0.54625308624740
Srs   (-2) ,   E = -0.31775499357219
Sij   (+2) ,   E = -0.00173844334674
Sir   (0)' ,   E = -0.08425272130632
Nevpt2 Energy = -1.665077867460677

******** <class 'embed_sim.nevpt2.NEVPT'> ********
NEVPT2 (7e+4e, 7o), ncore = 78, nvir = 77
spin = 3  root = 8
Sr    (-1)',   E = -0.00279380856357
Si    (+1)',   E = -0.00013462875254
Sijrs (0)  ,   E = -0.64441247577136
Sijr  (+1) ,   E = -0.06770055778150
Srsi  (-1) ,   E = -0.54623912314449
Srs   (-2) ,   E = -0.31773399625891
Sij   (+2) ,   E = -0.00173747269520
Sir   (0)' ,   E = -0.08421088780964
Nevpt2 Energy = -1.664962950777205

******** <class 'embed_sim.nevpt2.NEVPT'> ********
NEVPT2 (7e+4e, 7o), ncore = 78, nvir = 77
spin = 3  root = 9
Sr    (-1)',   E = -0.00279653416320
Si    (+1)',   E = -0.00013331956446
Sijrs (0)  ,   E = -0.64440999117592
Sijr  (+1) ,   E = -0.06769326529939
Srsi  (-1) ,   E = -0.54630043626573
Srs   (-2) ,   E = -0.31781634681140
Sij   (+2) ,   E = -0.00173812877270
Sir   (0)' ,   E = -0.08420804006074
Nevpt2 Energy = -1.665096062113534

******** <class 'embed_sim.nevpt2.NEVPT'> ********
NEVPT2 (7e+4e, 7o), ncore = 78, nvir = 77
spin = 3  root = 10
Sr    (-1)',   E = -0.00279632722356
Si    (+1)',   E = -0.00013219742174
Sijrs (0)  ,   E = -0.64441162340605
Sijr  (+1) ,   E = -0.06765179560613
Srsi  (-1) ,   E = -0.54642251270074
Srs   (-2) ,   E = -0.31798481006710
Sij   (+2) ,   E = -0.00173741587875
Sir   (0)' ,   E = -0.08417847251691
Nevpt2 Energy = -1.665315154820970

******** <class 'embed_sim.nevpt2.NEVPT'> ********
NEVPT2 (7e+4e, 7o), ncore = 78, nvir = 77
spin = 3  root = 11
Sr    (-1)',   E = -0.00279549097554
Si    (+1)',   E = -0.00013361672557
Sijrs (0)  ,   E = -0.64441357232896
Sijr  (+1) ,   E = -0.06766821951939
Srsi  (-1) ,   E = -0.54642154199658
Srs   (-2) ,   E = -0.31799739198285
Sij   (+2) ,   E = -0.00173763831282
Sir   (0)' ,   E = -0.08418688520007
Nevpt2 Energy = -1.665354357041782

******** <class 'embed_sim.nevpt2.NEVPT'> ********
NEVPT2 (7e+4e, 7o), ncore = 78, nvir = 77
spin = 3  root = 12
Sr    (-1)',   E = -0.00279551282653
Si    (+1)',   E = -0.00013361343341
Sijrs (0)  ,   E = -0.64441365445778
Sijr  (+1) ,   E = -0.06766664376423
Srsi  (-1) ,   E = -0.54642400844943
Srs   (-2) ,   E = -0.31800010165661
Sij   (+2) ,   E = -0.00173768180874
Sir   (0)' ,   E = -0.08418533428747
Nevpt2 Energy = -1.665356550684188

******** <class 'embed_sim.nevpt2.NEVPT'> ********
NEVPT2 (7e+4e, 7o), ncore = 78, nvir = 77
spin = 3  root = 13
Sr    (-1)',   E = -0.00506102335106
Si    (+1)',   E = -0.00078138036229
Sijrs (0)  ,   E = -0.64440304611979
Sijr  (+1) ,   E = -0.06806214721209
Srsi  (-1) ,   E = -0.54711047190918
Srs   (-2) ,   E = -0.32254988836706
Sij   (+2) ,   E = -0.00705833421076
Sir   (0)' ,   E = -0.08694569633612
Nevpt2 Energy = -1.681971987868349

******** <class 'embed_sim.nevpt2.NEVPT'> ********
NEVPT2 (7e+4e, 7o), ncore = 78, nvir = 77
spin = 3  root = 14
Sr    (-1)',   E = -0.00505713864344
Si    (+1)',   E = -0.00078011570815
Sijrs (0)  ,   E = -0.64440787122148
Sijr  (+1) ,   E = -0.06802295891947
Srsi  (-1) ,   E = -0.54710715965899
Srs   (-2) ,   E = -0.32251276605275
Sij   (+2) ,   E = -0.00705721346903
Sir   (0)' ,   E = -0.08691136525833
Nevpt2 Energy = -1.681856588931643

******** <class 'embed_sim.nevpt2.NEVPT'> ********
NEVPT2 (7e+4e, 7o), ncore = 78, nvir = 77
spin = 3  root = 15
Sr    (-1)',   E = -0.00505669427740
Si    (+1)',   E = -0.00078015852283
Sijrs (0)  ,   E = -0.64440824505380
Sijr  (+1) ,   E = -0.06802281758047
Srsi  (-1) ,   E = -0.54710509335426
Srs   (-2) ,   E = -0.32251142215726
Sij   (+2) ,   E = -0.00705711591745
Sir   (0)' ,   E = -0.08691203505575
Nevpt2 Energy = -1.681853581919203

******** <class 'embed_sim.nevpt2.NEVPT'> ********
NEVPT2 (7e+4e, 7o), ncore = 78, nvir = 77
spin = 3  root = 16
Sr    (-1)',   E = -0.00506510643119
Si    (+1)',   E = -0.00078214547589
Sijrs (0)  ,   E = -0.64440336665352
Sijr  (+1) ,   E = -0.06802785618119
Srsi  (-1) ,   E = -0.54707806322669
Srs   (-2) ,   E = -0.32250410759136
Sij   (+2) ,   E = -0.00705717598523
Sir   (0)' ,   E = -0.08690550475662
Nevpt2 Energy = -1.681823326301700

******** <class 'embed_sim.nevpt2.NEVPT'> ********
NEVPT2 (7e+4e, 7o), ncore = 78, nvir = 77
spin = 3  root = 17
Sr    (-1)',   E = -0.00446045011843
Si    (+1)',   E = -0.00459342821867
Sijrs (0)  ,   E = -0.64440621310562
Sijr  (+1) ,   E = -0.06801315544027
Srsi  (-1) ,   E = -0.54705449475754
Srs   (-2) ,   E = -0.32274621374324
Sij   (+2) ,   E = -0.00785317932224
Sir   (0)' ,   E = -0.08565680380960
Nevpt2 Energy = -1.684783938515624

******** <class 'embed_sim.nevpt2.NEVPT'> ********
NEVPT2 (7e+4e, 7o), ncore = 78, nvir = 77
spin = 3  root = 18
Sr    (-1)',   E = -0.00505368180973
Si    (+1)',   E = -0.00078052520084
Sijrs (0)  ,   E = -0.64440892302313
Sijr  (+1) ,   E = -0.06800501100420
Srsi  (-1) ,   E = -0.54705960159753
Srs   (-2) ,   E = -0.32248525737705
Sij   (+2) ,   E = -0.00705510157919
Sir   (0)' ,   E = -0.08689177394824
Nevpt2 Energy = -1.681739875539902

******** <class 'embed_sim.nevpt2.NEVPT'> ********
NEVPT2 (7e+4e, 7o), ncore = 78, nvir = 77
spin = 3  root = 19
Sr    (-1)',   E = -0.00505366590694
Si    (+1)',   E = -0.00078064813715
Sijrs (0)  ,   E = -0.64440905444486
Sijr  (+1) ,   E = -0.06800387400256
Srsi  (-1) ,   E = -0.54705999229343
Srs   (-2) ,   E = -0.32248546122149
Sij   (+2) ,   E = -0.00705513193288
Sir   (0)' ,   E = -0.08689124145552
Nevpt2 Energy = -1.681739069394827

******** <class 'embed_sim.nevpt2.NEVPT'> ********
NEVPT2 (7e+4e, 7o), ncore = 78, nvir = 77
spin = 3  root = 20
Sr    (-1)',   E = -0.00504360909422
Si    (+1)',   E = -0.00078175069315
Sijrs (0)  ,   E = -0.64441565539842
Sijr  (+1) ,   E = -0.06792046390423
Srsi  (-1) ,   E = -0.54703482118501
Srs   (-2) ,   E = -0.32245221066944
Sij   (+2) ,   E = -0.00705524418617
Sir   (0)' ,   E = -0.08682548942658
Nevpt2 Energy = -1.681529244557225

******** <class 'embed_sim.nevpt2.NEVPT'> ********
NEVPT2 (7e+4e, 7o), ncore = 78, nvir = 77
spin = 3  root = 21
Sr    (-1)',   E = -0.00724205524843
Si    (+1)',   E = -0.00062557813539
Sijrs (0)  ,   E = -0.64439472591422
Sijr  (+1) ,   E = -0.06828755785984
Srsi  (-1) ,   E = -0.54767949143114
Srs   (-2) ,   E = -0.32477480211873
Sij   (+2) ,   E = -0.00844968572736
Sir   (0)' ,   E = -0.09115357251778
Nevpt2 Energy = -1.692607468952906

******** <class 'embed_sim.nevpt2.NEVPT'> ********
NEVPT2 (7e+4e, 7o), ncore = 78, nvir = 77
spin = 3  root = 22
Sr    (-1)',   E = -0.00724374319283
Si    (+1)',   E = -0.00062454987705
Sijrs (0)  ,   E = -0.64439829761980
Sijr  (+1) ,   E = -0.06824317258569
Srsi  (-1) ,   E = -0.54767609338523
Srs   (-2) ,   E = -0.32475517439831
Sij   (+2) ,   E = -0.00844954850790
Sir   (0)' ,   E = -0.09111865086379
Nevpt2 Energy = -1.692509230430599

******** <class 'embed_sim.nevpt2.NEVPT'> ********
NEVPT2 (7e+4e, 7o), ncore = 78, nvir = 77
spin = 3  root = 23
Sr    (-1)',   E = -0.00724381441490
Si    (+1)',   E = -0.00062450727211
Sijrs (0)  ,   E = -0.64439837833999
Sijr  (+1) ,   E = -0.06824147469587
Srsi  (-1) ,   E = -0.54767682802272
Srs   (-2) ,   E = -0.32475496245441
Sij   (+2) ,   E = -0.00844962581828
Sir   (0)' ,   E = -0.09111719518619
Nevpt2 Energy = -1.692506786204482

******** <class 'embed_sim.nevpt2.NEVPT'> ********
NEVPT2 (7e+4e, 7o), ncore = 78, nvir = 77
spin = 3  root = 24
Sr    (-1)',   E = -0.00723045713231
Si    (+1)',   E = -0.00061855374263
Sijrs (0)  ,   E = -0.64441007511167
Sijr  (+1) ,   E = -0.06814699652695
Srsi  (-1) ,   E = -0.54757039680358
Srs   (-2) ,   E = -0.32462724147868
Sij   (+2) ,   E = -0.00844737504467
Sir   (0)' ,   E = -0.09099493973172
Nevpt2 Energy = -1.692046035572214

******** <class 'embed_sim.nevpt2.NEVPT'> ********
NEVPT2 (7e+4e, 7o), ncore = 78, nvir = 77
spin = 3  root = 25
Sr    (-1)',   E = -0.00722956605721
Si    (+1)',   E = -0.00062030287246
Sijrs (0)  ,   E = -0.64441026766374
Sijr  (+1) ,   E = -0.06813301393539
Srsi  (-1) ,   E = -0.54750094761131
Srs   (-2) ,   E = -0.32451904931245
Sij   (+2) ,   E = -0.00844601812996
Sir   (0)' ,   E = -0.09099483899126
Nevpt2 Energy = -1.691854004573782

******** <class 'embed_sim.nevpt2.NEVPT'> ********
NEVPT2 (7e+4e, 7o), ncore = 78, nvir = 77
spin = 3  root = 26
Sr    (-1)',   E = -0.00723064581609
Si    (+1)',   E = -0.00061789203680
Sijrs (0)  ,   E = -0.64441162591591
Sijr  (+1) ,   E = -0.06811590549541
Srsi  (-1) ,   E = -0.54757621969951
Srs   (-2) ,   E = -0.32464144097934
Sij   (+2) ,   E = -0.00844669646932
Sir   (0)' ,   E = -0.09097041865503
Nevpt2 Energy = -1.692010845067409

******** <class 'embed_sim.nevpt2.NEVPT'> ********
NEVPT2 (7e+4e, 7o), ncore = 78, nvir = 77
spin = 3  root = 27
Sr    (-1)',   E = -0.00722915522822
Si    (+1)',   E = -0.00061625518270
Sijrs (0)  ,   E = -0.64441350620509
Sijr  (+1) ,   E = -0.06810436558993
Srsi  (-1) ,   E = -0.54753005696654
Srs   (-2) ,   E = -0.32457308252018
Sij   (+2) ,   E = -0.00844579674554
Sir   (0)' ,   E = -0.09095477278548
Nevpt2 Energy = -1.691866991223671

******** <class 'embed_sim.nevpt2.NEVPT'> ********
NEVPT2 (7e+4e, 7o), ncore = 78, nvir = 77
spin = 3  root = 28
Sr    (-1)',   E = -0.00722890487805
Si    (+1)',   E = -0.00061617817284
Sijrs (0)  ,   E = -0.64441359203218
Sijr  (+1) ,   E = -0.06810336082066
Srsi  (-1) ,   E = -0.54752957162431
Srs   (-2) ,   E = -0.32457308042897
Sij   (+2) ,   E = -0.00844570005677
Sir   (0)' ,   E = -0.09095319683098
Nevpt2 Energy = -1.691863584844771

******** <class 'embed_sim.nevpt2.NEVPT'> ********
NEVPT2 (7e+4e, 7o), ncore = 78, nvir = 77
spin = 3  root = 29
Sr    (-1)',   E = -0.00723301137540
Si    (+1)',   E = -0.00061624910719
Sijrs (0)  ,   E = -0.64441429917502
Sijr  (+1) ,   E = -0.06808105268577
Srsi  (-1) ,   E = -0.54756364642044
Srs   (-2) ,   E = -0.32461870424843
Sij   (+2) ,   E = -0.00844638229242
Sir   (0)' ,   E = -0.09093788187987
Nevpt2 Energy = -1.691911227184532

******** <class 'embed_sim.nevpt2.NEVPT'> ********
NEVPT2 (7e+4e, 7o), ncore = 78, nvir = 77
spin = 3  root = 30
Sr    (-1)',   E = -0.00935249918367
Si    (+1)',   E = -0.00093934040913
Sijrs (0)  ,   E = -0.64441406897986
Sijr  (+1) ,   E = -0.06844227191852
Srsi  (-1) ,   E = -0.54832920248425
Srs   (-2) ,   E = -0.32879226316929
Sij   (+2) ,   E = -0.01276247415296
Sir   (0)' ,   E = -0.09534923166320
Nevpt2 Energy = -1.708381351960885

******** <class 'embed_sim.nevpt2.NEVPT'> ********
NEVPT2 (7e+4e, 7o), ncore = 78, nvir = 77
spin = 3  root = 31
Sr    (-1)',   E = -0.00935205519284
Si    (+1)',   E = -0.00093929475206
Sijrs (0)  ,   E = -0.64441403633999
Sijr  (+1) ,   E = -0.06844132842311
Srsi  (-1) ,   E = -0.54832719257622
Srs   (-2) ,   E = -0.32879156854134
Sij   (+2) ,   E = -0.01276249904137
Sir   (0)' ,   E = -0.09534822040702
Nevpt2 Energy = -1.708376195273950

******** <class 'embed_sim.nevpt2.NEVPT'> ********
NEVPT2 (7e+4e, 7o), ncore = 78, nvir = 77
spin = 3  root = 32
Sr    (-1)',   E = -0.00934679448429
Si    (+1)',   E = -0.00094066502431
Sijrs (0)  ,   E = -0.64440092454305
Sijr  (+1) ,   E = -0.06847703875919
Srsi  (-1) ,   E = -0.54831185161703
Srs   (-2) ,   E = -0.32879696301514
Sij   (+2) ,   E = -0.01276394943832
Sir   (0)' ,   E = -0.09537606945440
Nevpt2 Energy = -1.708414256335735

******** <class 'embed_sim.nevpt2.NEVPT'> ********
NEVPT2 (7e+4e, 7o), ncore = 78, nvir = 77
spin = 3  root = 33
Sr    (-1)',   E = -0.00936350072488
Si    (+1)',   E = -0.00093718271767
Sijrs (0)  ,   E = -0.64442431088009
Sijr  (+1) ,   E = -0.06837763564128
Srsi  (-1) ,   E = -0.54828872457788
Srs   (-2) ,   E = -0.32874501493012
Sij   (+2) ,   E = -0.01276010065508
Sir   (0)' ,   E = -0.09528771822253
Nevpt2 Energy = -1.708184188349533

******** <class 'embed_sim.nevpt2.NEVPT'> ********
NEVPT2 (7e+4e, 7o), ncore = 78, nvir = 77
spin = 3  root = 34
Sr    (-1)',   E = -0.00936304199209
Si    (+1)',   E = -0.00093548642487
Sijrs (0)  ,   E = -0.64441888095529
Sijr  (+1) ,   E = -0.06832719927050
Srsi  (-1) ,   E = -0.54820110834544
Srs   (-2) ,   E = -0.32868370444275
Sij   (+2) ,   E = -0.01275752400980
Sir   (0)' ,   E = -0.09521598363072
Nevpt2 Energy = -1.707902929071470
  NEVPT2 corrections: -374953.59 to -365417.13 cm^-1

[Step 5] SISO
Attempting SA-CASSCF with
fix_spin parameter 0.5 on spin multiplicity 4
35 states with spin multiplicity 4
    CPU time for 2e SOC J/K1/K2 integrals    290.52 sec, wall time     31.35 sec
state 0 energy 0.0
(S, MS, I), [3 1 0]	 coeff	 -0.410+0.241j	 |coeff| ** 2	 0.226
(S, MS, I), [3 3 1]	 coeff	 0.346+0.198j	 |coeff| ** 2	 0.159
(S, MS, I), [3 3 3]	 coeff	 -0.185+0.342j	 |coeff| ** 2	 0.151
(S, MS, I), [3 1 2]	 coeff	 -0.163-0.180j	 |coeff| ** 2	 0.059
(S, MS, I), [ 3 -1  5]	 coeff	 0.184+0.109j	 |coeff| ** 2	 0.046
(S, MS, I), [ 3 -1  6]	 coeff	 0.114-0.173j	 |coeff| ** 2	 0.043
(S, MS, I), [ 3 -1  3]	 coeff	 0.192+0.052j	 |coeff| ** 2	 0.039
(S, MS, I), [ 3 -1  1]	 coeff	 -0.065+0.185j	 |coeff| ** 2	 0.039
(S, MS, I), [ 3 -1  0]	 coeff	 0.029+0.156j	 |coeff| ** 2	 0.025
(S, MS, I), [ 3 -3  4]	 coeff	 -0.020-0.150j	 |coeff| ** 2	 0.023
state 1 energy 1.5968881052685902e-06
(S, MS, I), [ 3 -1  0]	 coeff	 -0.228+0.418j	 |coeff| ** 2	 0.226
(S, MS, I), [ 3 -3  1]	 coeff	 0.209+0.339j	 |coeff| ** 2	 0.159
(S, MS, I), [ 3 -3  3]	 coeff	 0.336-0.195j	 |coeff| ** 2	 0.151
(S, MS, I), [ 3 -1  2]	 coeff	 0.185+0.157j	 |coeff| ** 2	 0.059
(S, MS, I), [3 1 5]	 coeff	 0.115+0.181j	 |coeff| ** 2	 0.046
(S, MS, I), [3 1 6]	 coeff	 -0.170+0.120j	 |coeff| ** 2	 0.043
(S, MS, I), [3 1 3]	 coeff	 0.058+0.190j	 |coeff| ** 2	 0.039
(S, MS, I), [3 1 1]	 coeff	 0.183-0.071j	 |coeff| ** 2	 0.039
(S, MS, I), [3 1 0]	 coeff	 0.157+0.025j	 |coeff| ** 2	 0.025
(S, MS, I), [3 3 4]	 coeff	 0.151+0.016j	 |coeff| ** 2	 0.023
state 2 energy 28.38965199393455
(S, MS, I), [ 3 -3  0]	 coeff	 -0.524+0.000j	 |coeff| ** 2	 0.274
(S, MS, I), [ 3 -3  2]	 coeff	 -0.070+0.506j	 |coeff| ** 2	 0.261
(S, MS, I), [ 3 -1  6]	 coeff	 -0.285-0.139j	 |coeff| ** 2	 0.100
(S, MS, I), [ 3 -1  5]	 coeff	 -0.160+0.267j	 |coeff| ** 2	 0.097
(S, MS, I), [3 1 4]	 coeff	 0.219-0.109j	 |coeff| ** 2	 0.060
(S, MS, I), [ 3 -3  9]	 coeff	 -0.184-0.035j	 |coeff| ** 2	 0.035
(S, MS, I), [ 3 -3  3]	 coeff	 0.018+0.182j	 |coeff| ** 2	 0.034
(S, MS, I), [ 3 -3  1]	 coeff	 0.042-0.164j	 |coeff| ** 2	 0.029
(S, MS, I), [3 1 7]	 coeff	 -0.118-0.063j	 |coeff| ** 2	 0.018
(S, MS, I), [ 3 -1  3]	 coeff	 0.101+0.087j	 |coeff| ** 2	 0.018
state 3 energy 28.38965319160063
(S, MS, I), [3 3 0]	 coeff	 0.311-0.421j	 |coeff| ** 2	 0.274
(S, MS, I), [3 3 2]	 coeff	 0.448+0.244j	 |coeff| ** 2	 0.261
(S, MS, I), [3 1 6]	 coeff	 -0.057+0.312j	 |coeff| ** 2	 0.100
(S, MS, I), [3 1 5]	 coeff	 -0.309-0.030j	 |coeff| ** 2	 0.097
(S, MS, I), [ 3 -1  4]	 coeff	 -0.218+0.111j	 |coeff| ** 2	 0.060
(S, MS, I), [3 3 9]	 coeff	 0.081-0.169j	 |coeff| ** 2	 0.035
(S, MS, I), [3 3 3]	 coeff	 0.136+0.123j	 |coeff| ** 2	 0.034
(S, MS, I), [3 3 1]	 coeff	 -0.157-0.064j	 |coeff| ** 2	 0.029
(S, MS, I), [ 3 -1  7]	 coeff	 0.020-0.132j	 |coeff| ** 2	 0.018
(S, MS, I), [3 1 3]	 coeff	 -0.009-0.133j	 |coeff| ** 2	 0.018
mag energy [0.00000000e+00 1.59688811e-06 2.83896520e+01 2.83896532e+01
 4.75159489e+01 4.75159513e+01 8.20405632e+01 8.20405640e+01
 2.83660036e+02 2.83660038e+02 3.20578846e+02 3.20578848e+02
 3.49890028e+02 3.49890029e+02 3.68585940e+02 3.68585943e+02
 6.15759311e+03 6.15759311e+03 6.16347227e+03 6.16347227e+03]

******** siso.analyze ********

WARN: Picture change is only needed when X2C is applied.

states = 0
with_x2c = None
picture_change = False
gauge = length

The oscillator strength and transition dipole moment for state 0
        Energy (cm-1)     Energy (nm)   Energy (eV)     fosc     D**2 (a.u.**2)   |Dx| (a.u.)   |Dy| (a.u.)   |Dz| (a.u.)  
---------------------------------------------------------------------------------------------------------------------------
    0        0.000000        0.000000     0.000000    0.000000      0.008406        0.015545      0.026122      0.086497   
    1        0.000002        0.000000     0.000000    0.000000      0.000000        0.000000      0.000000      0.000000   
    2       28.389652   352241.019062     0.003520    0.000000      0.000002        0.000807      0.000770      0.000886   
    3       28.389653   352241.004203     0.003520    0.000000      0.000008        0.001853      0.002034      0.000081   
    4       47.515949   210455.650741     0.005891    0.000000      0.000001        0.000565      0.000496      0.000222   
    5       47.515952   210455.640132     0.005891    0.000000      0.000001        0.000524      0.000727      0.000358   
    6       82.040564   121890.922787     0.010172    0.000000      0.000011        0.000500      0.000720      0.003158   
    7       82.040564   121890.921601     0.010172    0.000000      0.000007        0.001704      0.001706      0.001067   
    8      283.660037    35253.467816     0.035169    0.000000      0.000004        0.000526      0.000274      0.001795   
    9      283.660040    35253.467518     0.035169    0.000000      0.000002        0.000850      0.000906      0.000602   
   10      320.578848    31193.573961     0.039747    0.000000      0.000002        0.001012      0.000896      0.000257   
   11      320.578849    31193.573806     0.039747    0.000000      0.000001        0.000326      0.000365      0.000567   
   12      349.890030    28580.408523     0.043381    0.000000      0.000000        0.000277      0.000359      0.000045   
   13      349.890031    28580.408457     0.043381    0.000000      0.000000        0.000329      0.000218      0.000112   
   14      368.585942    27130.714614     0.045699    0.000000      0.000004        0.001165      0.001290      0.000832   
   15      368.585945    27130.714379     0.045699    0.000000      0.000000        0.000524      0.000408      0.000106   
   16     6157.593141     1624.011163     0.763444    0.000000      0.000001        0.000428      0.000104      0.000861   
   17     6157.593142     1624.011163     0.763444    0.000000      0.000002        0.001292      0.000749      0.000268   
   18     6163.472302     1622.462065     0.764173    0.000000      0.000001        0.000587      0.000713      0.000545   
   19     6163.472304     1622.462065     0.764173    0.000000      0.000001        0.000248      0.000988      0.000362   
   20     6213.705051     1609.345780     0.770401    0.000000      0.000002        0.001101      0.001054      0.000247   
   21     6213.705053     1609.345779     0.770401    0.000000      0.000004        0.001361      0.001472      0.000203   
   22     6310.571834     1584.642448     0.782411    0.000000      0.000008        0.000177      0.000772      0.002657   
   23     6310.571837     1584.642447     0.782411    0.000000      0.000001        0.000627      0.000614      0.000823   
   24     6319.723307     1582.347757     0.783546    0.000000      0.000001        0.000286      0.000471      0.000545   
   25     6319.723309     1582.347757     0.783546    0.000000      0.000000        0.000327      0.000153      0.000230   
   26     6352.323912     1574.227029     0.787588    0.000000      0.000007        0.000563      0.000255      0.002502   
   27     6352.323915     1574.227028     0.787588    0.000000      0.000001        0.000510      0.000501      0.000859   
   28     6384.818851     1566.215148     0.791617    0.000000      0.000006        0.001109      0.002271      0.000256   
   29     6384.818852     1566.215148     0.791617    0.000000      0.000009        0.002550      0.001628      0.000254   
   30    11438.173303      874.265474     1.418153    0.000000      0.000001        0.000567      0.000237      0.000754   
   31    11438.173303      874.265474     1.418153    0.000000      0.000001        0.000426      0.000774      0.000524   
   32    11458.922131      872.682429     1.420725    0.000000      0.000000        0.000048      0.000059      0.000060   
   33    11458.922135      872.682429     1.420725    0.000000      0.000000        0.000165      0.000041      0.000071   
   34    11565.860287      864.613591     1.433984    0.000000      0.000001        0.000451      0.000602      0.000152   
   35    11565.860288      864.613591     1.433984    0.000000      0.000000        0.000413      0.000092      0.000213   
   36    11575.051981      863.927006     1.435124    0.000000      0.000001        0.000339      0.000512      0.000897   
   37    11575.051982      863.927006     1.435124    0.000000      0.000003        0.001236      0.001172      0.000339   
   38    11596.717573      862.312972     1.437810    0.000000      0.000000        0.000292      0.000322      0.000062   
   39    11596.717573      862.312972     1.437810    0.000000      0.000001        0.000443      0.000587      0.000139   
   40    11640.215683      859.090611     1.443203    0.000000      0.000006        0.000262      0.000169      0.002430   
   41    11640.215687      859.090610     1.443203    0.000000      0.000002        0.000603      0.000588      0.000948   
   42    15804.183777      632.743844     1.959469    0.000000      0.000000        0.000042      0.000019      0.000210   
   43    15804.183780      632.743844     1.959469    0.000000      0.000000        0.000058      0.000056      0.000112   
   44    15970.809668      626.142331     1.980128    0.000000      0.000000        0.000041      0.000050      0.000009   
   45    15970.809668      626.142331     1.980128    0.000000      0.000000        0.000094      0.000103      0.000015   
   46    16052.499345      622.955951     1.990256    0.000000      0.000000        0.000150      0.000092      0.000032   
   47    16052.499346      622.955951     1.990256    0.000000      0.000000        0.000058      0.000031      0.000124   
   48    16057.217446      622.772908     1.990841    0.000000      0.000000        0.000128      0.000145      0.000349   
   49    16057.217447      622.772908     1.990841    0.000000      0.000000        0.000356      0.000384      0.000095   
   50    16174.454421      618.258875     2.005377    0.000000      0.000000        0.000165      0.000142      0.000271   
   51    16174.454422      618.258875     2.005377    0.000000      0.000000        0.000421      0.000422      0.000030   
   52    18366.636814      544.465495     2.277173    0.000000      0.000000        0.000326      0.000305      0.000094   
   53    18366.636815      544.465495     2.277173    0.000000      0.000000        0.000106      0.000044      0.000227   
   54    18389.960773      543.774950     2.280065    0.000000      0.000000        0.000392      0.000337      0.000059   
   55    18389.960775      543.774950     2.280065    0.000000      0.000000        0.000155      0.000109      0.000230   
   56    18405.350919      543.320257     2.281973    0.000000      0.000002        0.000817      0.000890      0.000374   
   57    18405.350919      543.320257     2.281973    0.000000      0.000001        0.000200      0.000409      0.001126   
   58    18510.596898      540.231093     2.295022    0.000000      0.000007        0.001842      0.001861      0.000181   
   59    18510.596900      540.231093     2.295022    0.000000      0.000002        0.000768      0.000584      0.001197   
   60    18556.760147      538.887172     2.300745    0.000000      0.000000        0.000127      0.000168      0.000042   
   61    18556.760150      538.887172     2.300745    0.000000      0.000000        0.000037      0.000094      0.000072   
   62    21434.546204      466.536586     2.657545    0.000000      0.000002        0.000987      0.001062      0.000240   
   63    21434.546206      466.536586     2.657545    0.000000      0.000000        0.000344      0.000393      0.000013   
   64    21435.733013      466.510755     2.657692    0.000001      0.000008        0.000416      0.000627      0.002772   
   65    21435.733013      466.510755     2.657692    0.000000      0.000006        0.001383      0.001529      0.001133   
   66    22048.018414      453.555499     2.733606    0.000000      0.000001        0.000755      0.000791      0.000271   
   67    22048.018416      453.555499     2.733606    0.000000      0.000001        0.000299      0.000249      0.000801   
   68    22058.802064      453.333774     2.734943    0.000000      0.000001        0.000751      0.000623      0.000112   
   69    22058.802067      453.333774     2.734943    0.000000      0.000000        0.000451      0.000446      0.000116   
   70    22138.080648      451.710343     2.744772    0.000000      0.000000        0.000228      0.000263      0.000184   
   71    22138.080649      451.710343     2.744772    0.000000      0.000000        0.000103      0.000082      0.000134   
   72    22150.123926      451.464743     2.746265    0.000000      0.000000        0.000300      0.000217      0.000415   
   73    22150.123929      451.464743     2.746265    0.000000      0.000002        0.000110      0.000051      0.001345   
   74    24873.120843      402.040422     3.083874    0.000000      0.000000        0.000281      0.000395      0.000073   
   75    24873.120843      402.040422     3.083874    0.000000      0.000001        0.000617      0.000589      0.000070   
   76    24960.657423      400.630473     3.094727    0.000000      0.000000        0.000288      0.000487      0.000084   
   77    24960.657425      400.630473     3.094727    0.000000      0.000000        0.000096      0.000168      0.000073   
   78    24974.676032      400.405594     3.096465    0.000000      0.000002        0.001088      0.000997      0.000044   
   79    24974.676035      400.405594     3.096465    0.000000      0.000001        0.000475      0.000277      0.000455   
   80    25163.909522      397.394530     3.119927    0.000000      0.000000        0.000140      0.000104      0.000049   
   81    25163.909522      397.394530     3.119927    0.000000      0.000000        0.000504      0.000457      0.000099   
   82    25178.464273      397.164811     3.121732    0.000000      0.000000        0.000291      0.000282      0.000444   
   83    25178.464274      397.164811     3.121732    0.000000      0.000001        0.000788      0.000798      0.000100   
   84    25278.800325      395.588393     3.134172    0.000000      0.000001        0.000030      0.000243      0.001152   
   85    25278.800326      395.588393     3.134172    0.000000      0.000001        0.000457      0.000443      0.000436   
   86    25464.004835      392.711204     3.157134    0.000000      0.000000        0.000168      0.000126      0.000018   
   87    25464.004835      392.711204     3.157134    0.000000      0.000000        0.000378      0.000429      0.000162   
   88    25519.734852      391.853601     3.164044    0.000000      0.000000        0.000319      0.000352      0.000103   
   89    25519.734853      391.853601     3.164044    0.000000      0.000000        0.000059      0.000197      0.000324   
   90    25540.721102      391.531624     3.166646    0.000000      0.000000        0.000181      0.000168      0.000097   
   91    25540.721104      391.531624     3.166646    0.000000      0.000000        0.000089      0.000029      0.000009   
   92    26951.851361      371.032025     3.341604    0.000000      0.000000        0.000066      0.000098      0.000028   
   93    26951.851362      371.032025     3.341604    0.000000      0.000000        0.000211      0.000187      0.000035   
   94    26992.130043      370.478357     3.346598    0.000000      0.000000        0.000081      0.000178      0.000626   
   95    26992.130045      370.478357     3.346598    0.000000      0.000000        0.000354      0.000384      0.000213   
   96    29739.722421      336.250617     3.687256    0.000000      0.000001        0.000397      0.000318      0.000669   
   97    29739.722422      336.250617     3.687256    0.000000      0.000002        0.000976      0.000978      0.000118   
   98    29761.065432      336.009476     3.689902    0.000000      0.000000        0.000020      0.000038      0.000021   
   99    29761.065432      336.009476     3.689902    0.000000      0.000000        0.000077      0.000057      0.000023   
  100    29823.474968      335.306332     3.697640    0.000000      0.000001        0.000128      0.000221      0.000918   
  101    29823.474968      335.306332     3.697640    0.000000      0.000001        0.000479      0.000497      0.000330   
  102    29854.494039      334.957946     3.701485    0.000000      0.000000        0.000134      0.000132      0.000005   
  103    29854.494040      334.957946     3.701485    0.000000      0.000000        0.000033      0.000052      0.000023   
  104    29928.333705      334.131532     3.710640    0.000000      0.000000        0.000146      0.000150      0.000091   
  105    29928.333705      334.131532     3.710640    0.000000      0.000000        0.000106      0.000022      0.000332   
  106    33418.350239      299.236794     4.143347    0.000000      0.000000        0.000063      0.000068      0.000219   
  107    33418.350240      299.236794     4.143347    0.000000      0.000000        0.000046      0.000019      0.000289   
  108    33439.643367      299.046251     4.145987    0.000000      0.000000        0.000053      0.000041      0.000032   
  109    33439.643367      299.046251     4.145987    0.000000      0.000000        0.000205      0.000182      0.000034   
  110    33474.791808      298.732254     4.150345    0.000000      0.000000        0.000169      0.000126      0.000070   
  111    33474.791808      298.732254     4.150345    0.000000      0.000000        0.000094      0.000116      0.000046   
  112    33558.138671      297.990306     4.160679    0.000000      0.000000        0.000086      0.000054      0.000483   
  113    33558.138674      297.990306     4.160679    0.000000      0.000000        0.000188      0.000196      0.000169   
  114    36194.139285      276.287824     4.487501    0.000000      0.000000        0.000037      0.000028      0.000006   
  115    36194.139285      276.287824     4.487501    0.000000      0.000000        0.000093      0.000100      0.000015   
  116    36360.759649      275.021757     4.508160    0.000000      0.000000        0.000178      0.000179      0.000011   
  117    36360.759654      275.021757     4.508160    0.000000      0.000000        0.000074      0.000054      0.000079   
  118    36410.828050      274.643575     4.514367    0.000000      0.000000        0.000017      0.000015      0.000001   
  119    36410.828051      274.643575     4.514367    0.000000      0.000000        0.000052      0.000042      0.000014   
  120    42342.678734      236.168337     5.249823    0.000000      0.000000        0.000022      0.000087      0.000022   
  121    42342.678738      236.168336     5.249823    0.000000      0.000000        0.000293      0.000239      0.000120   
  122    42389.004571      235.910234     5.255567    0.000000      0.000001        0.000065      0.000026      0.001092   
  123    42389.004571      235.910234     5.255567    0.000000      0.000000        0.000113      0.000114      0.000378   
  124    42459.194531      235.520247     5.264269    0.000000      0.000000        0.000026      0.000006      0.000050   
  125    42459.194533      235.520247     5.264269    0.000000      0.000000        0.000050      0.000064      0.000092   
  126    42569.985199      234.907293     5.278005    0.000000      0.000000        0.000035      0.000025      0.000128   
  127    42569.985199      234.907293     5.278005    0.000000      0.000000        0.000016      0.000010      0.000397   
  128    45194.763938      221.264570     5.603437    0.000000      0.000000        0.000103      0.000032      0.000034   
  129    45194.763939      221.264570     5.603437    0.000000      0.000000        0.000292      0.000100      0.000035   
  130    45209.230767      221.193766     5.605230    0.000000      0.000000        0.000420      0.000488      0.000024   
  131    45209.230768      221.193766     5.605230    0.000000      0.000000        0.000189      0.000140      0.000186   
  132    45457.392986      219.986219     5.635998    0.000000      0.000000        0.000210      0.000062      0.000036   
  133    45457.392987      219.986219     5.635998    0.000000      0.000000        0.000218      0.000309      0.000030   
  134    47319.474224      211.329483     5.866867    0.000000      0.000000        0.000304      0.000287      0.000177   
  135    47319.474226      211.329482     5.866867    0.000000      0.000000        0.000070      0.000137      0.000527   
  136    47329.814233      211.283314     5.868149    0.000000      0.000000        0.000158      0.000230      0.000051   
  137    47329.814234      211.283314     5.868149    0.000000      0.000000        0.000064      0.000075      0.000056   
  138    48543.106069      206.002475     6.018578    0.000000      0.000000        0.000031      0.000031      0.000001   
  139    48543.106070      206.002475     6.018578    0.000000      0.000000        0.000011      0.000011      0.000005   

The oscillator strength and transition dipole moment for state 0 after summing the degenerate Kramers doublets
       Energy (cm-1)     Energy (nm)   Energy (eV)     fosc     D**2 (a.u.**2)  
--------------------------------------------------------------------------------
   0        0.000000        0.000000     0.000000    0.000000      0.008406     
   1       28.389652   352241.019062     0.003520    0.000000      0.000010     
   2       47.515949   210455.650741     0.005891    0.000000      0.000002     
   3       82.040564   121890.922787     0.010172    0.000000      0.000018     
   4      283.660037    35253.467816     0.035169    0.000000      0.000005     
   5      320.578848    31193.573961     0.039747    0.000000      0.000002     
   6      349.890030    28580.408523     0.043381    0.000000      0.000000     
   7      368.585942    27130.714614     0.045699    0.000000      0.000004     
   8     6157.593141     1624.011163     0.763444    0.000000      0.000003     
   9     6163.472302     1622.462065     0.764173    0.000000      0.000002     
  10     6213.705051     1609.345780     0.770401    0.000000      0.000006     
  11     6310.571834     1584.642448     0.782411    0.000000      0.000009     
  12     6319.723307     1582.347757     0.783546    0.000000      0.000001     
  13     6352.323912     1574.227029     0.787588    0.000000      0.000008     
  14     6384.818851     1566.215148     0.791617    0.000000      0.000016     
  15    11438.173303      874.265474     1.418153    0.000000      0.000002     
  16    11458.922131      872.682429     1.420725    0.000000      0.000000     
  17    11565.860287      864.613591     1.433984    0.000000      0.000001     
  18    11575.051981      863.927006     1.435124    0.000000      0.000004     
  19    11596.717573      862.312972     1.437810    0.000000      0.000001     
  20    11640.215683      859.090611     1.443203    0.000000      0.000008     
  21    15804.183777      632.743844     1.959469    0.000000      0.000000     
  22    15970.809668      626.142331     1.980128    0.000000      0.000000     
  23    16052.499345      622.955951     1.990256    0.000000      0.000000     
  24    16057.217446      622.772908     1.990841    0.000000      0.000000     
  25    16174.454421      618.258875     2.005377    0.000000      0.000000     
  26    18366.636814      544.465495     2.277173    0.000000      0.000000     
  27    18389.960773      543.774950     2.280065    0.000000      0.000000     
  28    18405.350919      543.320257     2.281973    0.000000      0.000003     
  29    18510.596898      540.231093     2.295022    0.000001      0.000009     
  30    18556.760147      538.887172     2.300745    0.000000      0.000000     
  31    21434.546204      466.536586     2.657545    0.000000      0.000002     
  32    21435.733013      466.510755     2.657692    0.000001      0.000014     
  33    22048.018414      453.555499     2.733606    0.000000      0.000002     
  34    22058.802064      453.333774     2.734943    0.000000      0.000001     
  35    22138.080648      451.710343     2.744772    0.000000      0.000000     
  36    22150.123926      451.464743     2.746265    0.000000      0.000002     
  37    24873.120843      402.040422     3.083874    0.000000      0.000001     
  38    24960.657423      400.630473     3.094727    0.000000      0.000000     
  39    24974.676032      400.405594     3.096465    0.000000      0.000003     
  40    25163.909522      397.394530     3.119927    0.000000      0.000001     
  41    25178.464273      397.164811     3.121732    0.000000      0.000002     
  42    25278.800325      395.588393     3.134172    0.000000      0.000002     
  43    25464.004835      392.711204     3.157134    0.000000      0.000000     
  44    25519.734852      391.853601     3.164044    0.000000      0.000000     
  45    25540.721102      391.531624     3.166646    0.000000      0.000000     
  46    26951.851361      371.032025     3.341604    0.000000      0.000000     
  47    26992.130043      370.478357     3.346598    0.000000      0.000001     
  48    29739.722421      336.250617     3.687256    0.000000      0.000003     
  49    29761.065432      336.009476     3.689902    0.000000      0.000000     
  50    29823.474968      335.306332     3.697640    0.000000      0.000001     
  51    29854.494039      334.957946     3.701485    0.000000      0.000000     
  52    29928.333705      334.131532     3.710640    0.000000      0.000000     
  53    33418.350239      299.236794     4.143347    0.000000      0.000000     
  54    33439.643367      299.046251     4.145987    0.000000      0.000000     
  55    33474.791808      298.732254     4.150345    0.000000      0.000000     
  56    33558.138671      297.990306     4.160679    0.000000      0.000000     
  57    36194.139285      276.287824     4.487501    0.000000      0.000000     
  58    36360.759649      275.021757     4.508160    0.000000      0.000000     
  59    36410.828050      274.643575     4.514367    0.000000      0.000000     
  60    42342.678734      236.168337     5.249823    0.000000      0.000000     
  61    42389.004571      235.910234     5.255567    0.000000      0.000001     
  62    42459.194531      235.520247     5.264269    0.000000      0.000000     
  63    42569.985199      234.907293     5.278005    0.000000      0.000000     
  64    45194.763938      221.264570     5.603437    0.000000      0.000000     
  65    45209.230767      221.193766     5.605230    0.000000      0.000001     
  66    45457.392986      219.986219     5.635998    0.000000      0.000000     
  67    47319.474224      211.329483     5.866867    0.000000      0.000001     
  68    47329.814233      211.283314     5.868149    0.000000      0.000000     
  69    48543.106069      206.002475     6.018578    0.000000      0.000000     
  SISO done → LiYF4:Er3+_DMET_Er_all_mag.txt

  [Er_all] finished!

