  -18.7138963651    	  -143.722206613    	  -10.5633864878    
           0
         800
  -2.31832188236    	 -0.170393501628    
  -8.79990288965    	 -0.646780880069    
  -1.88185690738    	 -0.138313920276    
  -4.49258103432    	 -0.330198588734    
  -3.47504278932    	 -0.255410913250    
  -1.49059390812    	 -0.109556622591    
  0.669880481680E-01	  0.492353032659E-02
   4.58093565652    	  0.336692533159    
  -1.76793112241    	 -0.129940530207    
  -1.49330068299    	 -0.109755566858    
  -4.33844256410    	 -0.318869621054    
  0.375826183168    	  0.276227127220E-01
  -6.13658296564    	 -0.451030492143    
  -3.23913940363    	 -0.238072335617    
  -19.3159442198    	  -1.41969559875    
   23.8229909783    	   1.75095739851    
  -5.36314201940    	 -0.394183635745    
  -3.06980990396    	 -0.225626847958    
   83.8145890415    	   6.16025816906    
 -0.274044979650    	 -0.201419328531E-01
  -1.81881613275    	 -0.133680509180    
   5.73400755824    	  0.421441747863    
  -2.55195337175    	 -0.187565097976    
  -9.45915806050    	 -0.695235237457    
   20.1102742569    	   1.47807777489    
   2.87476511346    	  0.211291321437    
  -2.80249846137    	 -0.205979820910    
   5.54797984000    	  0.407768963876    
  -49.0014098539    	  -3.60153690187    
  -2.82781428118    	 -0.207840499196    
   3.06915081216    	  0.225578405608    
  -1.77121166729    	 -0.130181645789    
   4.02727102327    	  0.295998936508    
  -1.08373368792    	 -0.796529504042E-01
  -2.72840357964    	 -0.200533947994    
  -4.11117868610    	 -0.302166035473    
  0.370177826037    	  0.272075661640E-01
   1.54192644712    	  0.113329494311    
   2.77527132486    	  0.203978663450    
  0.338832534902    	  0.249037299466E-01
   3.67670394195    	  0.270232733378    
  -2.44310230676    	 -0.179564692915    
  -2.02824410331    	 -0.149073179850    
  -9.62236391892    	 -0.707230645823    
   2.82483175026    	  0.207621287234    
  -2.38884459918    	 -0.175576825288    
  -1.30635762045    	 -0.960155063110E-01
   4.20447997638    	  0.309023553266    
  -3.90235151103    	 -0.286817522454    
   2.64824031330    	  0.194642057071    
  -3.98086465062    	 -0.292588131307    
  -3.85821003157    	 -0.283573183819    
  -2.27228679056    	 -0.167009985064    
  -14.8333449994    	  -1.09023065974    
  -11.0522383279    	 -0.812324467908    
  -4.47570176793    	 -0.328957985638    
  -4.86299042064    	 -0.357423174264    
  0.382927936664    	  0.281446819339E-01
  -4.67473488529    	 -0.343586648752    
  -2.90054428897    	 -0.213186055735    
  -1.20920185640    	 -0.888746899447E-01
  -5.03722806949    	 -0.370229404205    
  -2.55719304441    	 -0.187950206782    
   9.53307398889    	  0.700667957547    
  -3.37043342899    	 -0.247722267706    
  -3.89087197077    	 -0.285973791876    
  -15.8073004287    	  -1.16181505762    
   14.7416533945    	   1.08349145163    
  -1.74978481770    	 -0.128606801520    
  -16.6180935892    	  -1.22140725090    
 -0.174586890837    	 -0.128318987516E-01
  -3.53133881107    	 -0.259548594194    
   15.8947463615    	   1.16824221461    
  -3.51644245899    	 -0.258453732599    
   14.0312011801    	   1.03127418126    
   6.41110889073    	  0.471207773832    
   30.8810398847    	   2.26971438260    
  -4.22643923490    	 -0.310637528867    
  -12.5604799762    	 -0.923178175371    
   22.2646819855    	   1.63642380940    
  -3.81142462290    	 -0.280134519986    
  -13.7918668841    	  -1.01368343640    
   12.8600676455    	  0.945197461135    
  -1.70595869509    	 -0.125385641184    
  -5.14107462217    	 -0.377861984425    
  -4.11875348441    	 -0.302722772835    
  -2.77805193572    	 -0.204183034562    
   5.33344566077    	  0.392000993821    
  -4.81369637822    	 -0.353800129267    
   63.0270741934    	   4.63240413289    
  -2.99529448227    	 -0.220150065927    
  -6.23736277290    	 -0.458437670751    
  -3.95878334105    	 -0.290965185121    
  -3.21613460760    	 -0.236381514433    
 -0.920484700192    	 -0.676543720932E-01
  -3.33257264654    	 -0.244939551749    
   1.13766526744    	  0.836168480639E-01
  -15.0359708974    	  -1.10512338735    
  -2.25362842471    	 -0.165638620581    
   22.8147195570    	   1.67685082195    
   10.1460678694    	  0.745722173085    
   14.8624910975    	   1.09237285827    
  -2.83964665118    	 -0.208710162279    
  0.630116414526E-01	  0.463126984745E-02
  0.611594558126    	  0.449513672492E-01
  -3.12734247096    	 -0.229855413294    
  -2.60397176488    	 -0.191388379041    
   1.77392950673    	  0.130381403288    
  -2.62075651658    	 -0.192622035436    
  -2.17642494581    	 -0.159964270005    
  -1.21806745991    	 -0.895262997312E-01
  -3.22116285715    	 -0.236751083929    
  -6.44504586941    	 -0.473702095555    
   15.8401189304    	   1.16422717281    
  -2.77644923574    	 -0.204065238296    
  -23.9706781343    	  -1.76181220338    
   6.98825370561    	  0.513627131860    
  -4.22709830699    	 -0.310685969768    
   21.2979592982    	   1.56537100822    
  -4.82360945787    	 -0.354528727123    
   5.02757230346    	  0.369519718549    
  0.663963209522    	  0.488003918195E-01
   1.62435190282    	  0.119387653071    
  -2.03856235175    	 -0.149831557061    
   15.3814548222    	   1.13051598540    
  -6.88739864726    	 -0.506214422400    
  -3.98650396142    	 -0.293002612972    
  -3.62832264174    	 -0.266676773690    
 -0.608027172623    	 -0.446891692723E-01
  -3.34043058155    	 -0.245517099273    
  -2.80601863516    	 -0.206238548891    
   7.36126037241    	  0.541042613968    
  -3.23786721426    	 -0.237978831431    
  -2.41313135333    	 -0.177361868648    
  0.423054249594    	  0.310939112966E-01
  -3.46189669686    	 -0.254444693354    
  -8.54975616397    	 -0.628395436342    
  0.360131571160    	  0.264691801099E-01
   9.78969373278    	  0.719529159298    
  -3.68384501125    	 -0.270757592248    
 -0.106924871514    	 -0.785883246286E-02
  -3.90379253691    	 -0.286923435894    
  -2.78570319531    	 -0.204745391724    
  -31.8591079014    	  -2.34160105005    
  -3.31292718539    	 -0.243495637104    
  -1.59898629337    	 -0.117523315315    
   7.08230589967    	  0.520539840059    
   3.28912099381    	  0.241745914439    
  -2.74362940940    	 -0.201653025749    
   38.0812313717    	   2.79891865281    
 -0.374455004619    	 -0.275219329657E-01
  -6.83774601563    	 -0.502565021584    
  -1.67474175866    	 -0.123091238862    
   11.3946567582    	  0.837491756283    
  -50.2394500998    	  -3.69253117417    
   4.69087503973    	  0.344772928126    
 -0.322634784094    	 -0.237132173177E-01
  -3.55245931539    	 -0.261100922502    
 -0.640531819733    	 -0.470782165752E-01
  -3.41057002803    	 -0.250672253084    
  -3.49142715711    	 -0.256615141973    
  -2.54829122222    	 -0.187295934972    
 -0.691638264127    	 -0.508344706494E-01
  -2.53958007423    	 -0.186655677456    
   3.19628695819    	  0.234922739227    
  -1.79595632163    	 -0.132000344190    
   2.52652373645    	  0.185696054407    
  -8.87339843607    	 -0.652182702657    
  -14.9976784071    	  -1.10230894145    
   7.14631660509    	  0.525244539747    
  -6.00247203515    	 -0.441173521364    
  -6.15436448811    	 -0.452337409833    
   19.2119328928    	   1.41205090784    
   1.31995903554    	  0.970151918001E-01
  0.958939059093E-02	  0.704807151113E-03
  -26.0086720367    	  -1.91160198019    
  -5.07851910214    	 -0.373264238881    
  -4.33988265801    	 -0.318975465996    
   22.5191559277    	   1.65512729765    
  -4.56412768638    	 -0.335457170240    
  -36.7007214572    	  -2.69745305385    
  -2.96929397824    	 -0.218239064285    
  -8.20769891751    	 -0.603254694487    
  -3.66454289120    	 -0.269338912707    
  -3.67895228256    	 -0.270397983351    
 -0.226676076333E-01	 -0.166603829587E-02
  -18.7341825412    	  -1.37693690752    
  -3.58036698073    	 -0.263152097904    
  0.806974905128    	  0.593115567158E-01
  -2.77583008637    	 -0.204019731661    
  -1.95194829540    	 -0.143465541856    
  0.671854209953    	  0.493803696064E-01
  -3.12259439510    	 -0.229506436183    
   9.76827390895    	  0.717954831413    
  -4.40327293472    	 -0.323634565019    
  -2.84290696112    	 -0.208949790620    
  -4.34024511063    	 -0.319002105770    
   8.58324992237    	  0.630857181978    
  -5.30869662481    	 -0.390181973378    
  -6.32141219179    	 -0.464615188594    
  -2.70163387763    	 -0.198566411347    
  -1.62726205932    	 -0.119601545611    
  -3.10822658709    	 -0.228450421859    
  -2.85708797215    	 -0.209992075621    
  -11.9401299138    	 -0.877583290476    
  -4.93201529684    	 -0.362496408677    
   3.84823009420    	  0.282839672011    
   1.62817400016    	  0.119668572021    
  -3.57209228566    	 -0.262543919084    
  -2.77883973954    	 -0.204240937071    
  -26.9015653490    	  -1.97722842284    
  -3.96919204636    	 -0.291730210788    
  -2.21028438607    	 -0.162452892759    
  -4.40885008217    	 -0.324044477763    
  -2.71008416058    	 -0.199187495637    
   8.52041308276    	  0.626238759828    
  -19.1004888732    	  -1.40385992415    
  -3.82904223375    	 -0.281429390395    
  -2.36350019079    	 -0.173714045781    
  -4.00034224958    	 -0.294019708309    
  -3.23304740517    	 -0.237624582026    
   2.41854572109    	  0.177759817306    
  0.786833991556E-01	  0.578312269929E-02
  -2.84869862632    	 -0.209375470126    
  -15.4652447573    	  -1.13667443153    
  -7.41969533495    	 -0.545337504148    
   7.32644430505    	  0.538483680425    
  -12.6198370513    	 -0.927540839565    
   29.3003438923    	   2.15353537950    
  -2.87263375903    	 -0.211134669789    
  -4.36012701922    	 -0.320463398979    
  0.274800767893    	  0.201974822598E-01
  0.498679891231    	  0.366522929819E-01
  -7.52327898167    	 -0.552950761138    
  -6.20616124032    	 -0.456144400592    
  -1.94482907483    	 -0.142942288838    
  -2.43111932886    	 -0.178683960356    
  -22.3071188866    	  -1.63954286385    
   13.5233018472    	  0.993944271870    
  -3.28024767063    	 -0.241093737267    
  -3.58468503732    	 -0.263469469184    
  -3.89644708094    	 -0.286383554882    
  -4.53694991295    	 -0.333459640899    
 -0.940047406428    	 -0.690922043641E-01
  -3.74334680360    	 -0.275130892966    
   3.21401754632    	  0.236225913312    
   16.4444069441    	   1.20864151899    
  0.518521443207    	  0.381106200350E-01
  -2.42179835561    	 -0.177998881514    
  -1.91288202558    	 -0.140594224219    
 -0.798911423460    	 -0.587189017927E-01
  -2.34827190920    	 -0.172594787820    
  -2.63141982300    	 -0.193405773938    
  -6.32299747840    	 -0.464731705002    
 -0.356767618078    	 -0.262219341388E-01
   5.86799788660    	  0.431289854551    
  0.383086226381    	  0.281563160126E-01
  -2.24025551383    	 -0.164655729840    
   15.7788717767    	   1.15972559041    
  0.659883095526    	  0.485005089964E-01
   3.20736239760    	  0.235736768943    
   61.4684952480    	   4.51785070263    
  -2.89692050810    	 -0.212919712776    
  -3.83731831473    	 -0.282037671077    
  -15.3822472699    	  -1.13057422922    
  -4.36538343319    	 -0.320849738249    
  -4.28856039222    	 -0.315203349343    
   3.19363329580    	  0.234727698655    
  -3.36813003872    	 -0.247552971658    
   1.34725492927    	  0.990214028221E-01
  -27.9275665250    	  -2.05263811223    
  -5.46276737162    	 -0.401505963479    
   3.66829755224    	  0.269614875180    
  -2.57094822206    	 -0.188961193609    
  -2.69776438158    	 -0.198282008656    
   5.45253070932    	  0.400753582739    
  -6.89783229320    	 -0.506981281170    
  -4.72667502667    	 -0.347404178420    
 -0.330877604628    	 -0.243190534032E-01
   3.96910989302    	  0.291724172629    
   1.73135143179    	  0.127251972755    
  -3.51109292905    	 -0.258060549433    
  -5.70790941362    	 -0.419523569770    
  -7.54347063015    	 -0.554434819808    
  -10.6685996277    	 -0.784127545822    
 -0.796540826044    	 -0.585446661106E-01
  -2.67897560513    	 -0.196901059171    
   28.3830910557    	   2.08611854498    
   48.9653779860    	   3.59888860864    
  -4.72970868361    	 -0.347627148074    
 -0.676297309401    	 -0.497069313659E-01
   5.80401355616    	  0.426587093387    
  -2.73245425303    	 -0.200831666973    
   3.32306790332    	  0.244240966064    
  -2.10213957890    	 -0.154504396687    
  -23.9969252168    	  -1.76374132821    
   6.84773590156    	  0.503299264598    
   6.14269561784    	  0.451479763757    
  -1.96321288879    	 -0.144293474133    
  -5.62360012389    	 -0.413326951774    
  -7.62721439279    	 -0.560589872332    
  -2.71704594475    	 -0.199699177295    
  -3.16103874597    	 -0.232332043625    
  -3.13614339714    	 -0.230502269384    
   1.89204210209    	  0.139062518219    
   6.55694045345    	  0.481926195121    
  -3.35545611045    	 -0.246621455187    
  -1.89289085912    	 -0.139124900705    
 -0.714807212935    	 -0.525373568390E-01
  -2.59946482382    	 -0.191057125009    
  -9.80926705134    	 -0.720967771561    
  -3.59819733091    	 -0.264462604364    
  -16.1970575817    	  -1.19046167765    
 -0.248822579006    	 -0.182881207496E-01
  -3.17902831188    	 -0.233654252224    
 -0.389575422554    	 -0.286332630953E-01
  -10.5321148058    	 -0.774096097255    
  -2.82006097707    	 -0.207270641901    
   7.14807687939    	  0.525373917511    
 -0.853898091867E-02	 -0.627603470485E-03
  -6.07669435679    	 -0.446628760940    
   6.01157405940    	  0.441842507752    
  -5.06991695439    	 -0.372631992734    
  0.163684211888    	  0.120305666945E-01
   7.52613614539    	  0.553160758781    
  -3.73015617894    	 -0.274161400014    
  -5.23944544559    	 -0.385092106000    
  -3.25770094839    	 -0.239436583883    
  -5.84223668306    	 -0.429396441168    
  -4.49028089177    	 -0.330029531389    
  0.769287753890    	  0.565416024162E-01
   2.60873826185    	  0.191738710078    
  -6.20187625262    	 -0.455829459830    
  -3.20365288768    	 -0.235464125015    
  -2.23838592692    	 -0.164518317748    
 -0.845800277226    	 -0.621651686986E-01
   1.99685254364    	  0.146765942959    
  -1.62674982090    	 -0.119563896785    
   32.8621557456    	   2.41532370080    
   2.71740591077    	  0.199725634307    
  -3.56130364627    	 -0.261750968779    
   12.3571642870    	  0.908234749055    
  -1.89042812271    	 -0.138943892932    
   2.52421334259    	  0.185526243605    
   14.3091096369    	   1.05170007442    
  0.839875462682    	  0.617297028971E-01
  -8.46096675731    	 -0.621869535852    
  -1.15873972668    	 -0.851657921218E-01
   10.0934687762    	  0.741856211360    
  -10.6530207184    	 -0.782982517196    
  -3.62621982188    	 -0.266522219294    
  -2.80740056572    	 -0.206340118905    
  -4.00799760141    	 -0.294582366244    
  -8.01613896467    	 -0.589175298789    
  -4.65718730946    	 -0.342296925822    
   1.81357396041    	  0.133295216651    
  -1.99014184044    	 -0.146272715411    
  -14.1516377083    	  -1.04012610209    
  -18.1052165981    	  -1.33070876713    
  -15.9129622896    	  -1.16958106053    
  -5.65022074667    	 -0.415283531301    
  -3.98459227885    	 -0.292862106906    
  -3.13599489942    	 -0.230491355004    
  -13.5819803859    	 -0.998257064567    
  -8.40375784727    	 -0.617664758862    
  -4.74223853264    	 -0.348548074917    
  -6.73191770085    	 -0.494786784548    
  0.303051181163    	  0.222738491681E-01
  -2.34868325752    	 -0.172625021361    
  -2.73034501220    	 -0.200676640643    
  -3.72717682927    	 -0.273942421870    
 -0.199359019747    	 -0.146526164958E-01
   3.71473103466    	  0.273027672912    
  -3.18302897516    	 -0.233948295527    
  -1.70557701150    	 -0.125357587960    
   13.6413631839    	   1.00262161936    
  -5.29940994451    	 -0.389499415021    
   11.9241473996    	  0.876408597448    
   2.44998892213    	  0.180070849768    
  -3.19817118749    	 -0.235061227515    
  -5.87010124315    	 -0.431444448393    
  -4.09326036716    	 -0.300849063430    
 -0.827887612221E-01	 -0.608486122115E-02
  -9.14716605633    	 -0.672304249972    
  0.439743232145E-01	  0.323205287896E-02
 -0.526272413456    	 -0.386803057943E-01
   4.16843651335    	  0.306374407812    
   3.55234126448    	  0.261092245921    
  -3.29341877427    	 -0.242061795451    
  -7.23290921187    	 -0.531608978438    
  0.415727609525E-01	  0.305554132278E-02
  -3.55233027451    	 -0.261091438174    
  -2.83088506826    	 -0.208066197864    
  -2.82585655558    	 -0.207696609030    
  -8.83510894104    	 -0.649368476909    
  -26.1872418830    	  -1.92472662075    
  -3.63130921776    	 -0.266896282961    
  -9.10577363419    	 -0.669261963307    
  -6.49126343013    	 -0.477099023335    
  -8.72196944206    	 -0.641052877789    
  -1.01594742889    	 -0.746707526666E-01
   10.8039783711    	  0.794077699120    
  -4.37947199376    	 -0.321885228267    
   55.1730894649    	   4.05514694966    
  -8.38483261814    	 -0.616273780290    
  -7.77729719674    	 -0.571620754063    
  -17.0567521937    	  -1.25364806104    
  -2.95274071203    	 -0.217022421757    
 -0.703248628026    	 -0.516878165868E-01
  -2.54097687270    	 -0.186758340242    
  -20.7869303148    	  -1.52781107378    
  -2.90150282608    	 -0.213256506908    
  -26.0419436833    	  -1.91404740091    
  -9.99500788759    	 -0.734619470112    
  -3.87821195189    	 -0.285043297726    
   7.21166648343    	  0.530047666822    
  -6.55946762209    	 -0.482111938575    
  -2.33900953032    	 -0.171914015584    
   6.46168678625    	  0.474925180283    
  -2.45556955831    	 -0.180481018928    
  -7.85534775123    	 -0.577357363542    
  -1.61112125187    	 -0.118415218241    
  -2.26858236773    	 -0.166737715031    
 -0.452244392560    	 -0.332393470581E-01
  -8.77297483177    	 -0.644801704481    
  0.262319099101E-01	  0.192800965991E-02
  -6.59938152835    	 -0.485045556337    
  -9.46718206621    	 -0.695824990951    
   4.80270351174    	  0.352992168548    
  -2.98590794979    	 -0.219460168571    
   21.9011441409    	   1.60970427283    
   4.72564827997    	  0.347328713936    
   39.1896790671    	   2.88038804911    
  -6.06715279994    	 -0.445927469504    
  -10.9495484205    	 -0.804776899536    
 -0.673902978808    	 -0.495309513276E-01
  -3.59407470311    	 -0.264159596834    
  -3.31758326850    	 -0.243837852873    
   8.06356095737    	  0.592660750681    
  -1.48401878075    	 -0.109073359682    
   9.19460645070    	  0.675791054362    
   4.84375346871    	  0.356009284490    
  -7.01694259090    	 -0.515735725865    
   8.99481677545    	  0.661106785273    
   19.3273915985    	   1.42053696549    
   30.4503406287    	   2.23805857374    
   11.3835698421    	  0.836676883048    
  -5.82404729299    	 -0.428059545765    
  -3.21363486350    	 -0.236197786646    
  -3.62098053484    	 -0.266137138831    
   1.37861240884    	  0.101326134873    
   19.0922015126    	   1.40325081443    
  -1.82536414505    	 -0.134161779168    
 -0.622531238865    	 -0.457551983917E-01
 -0.173573181456    	 -0.127573924924E-01
   25.6591930013    	   1.88591574696    
  -2.47914249546    	 -0.182213597711    
  -2.67338173469    	 -0.196489917310    
   1.34058719360    	  0.985313333293E-01
  -2.18681178012    	 -0.160727688184    
   12.4157109625    	  0.912537849990    
   2.92279489659    	  0.214821445099    
   3.84867884914    	  0.282872654888    
  -3.84457338435    	 -0.282570908816    
   9.87705181542    	  0.725949859422    
  -6.92347809264    	 -0.508866212508    
  -2.92037894124    	 -0.214643875669    
   1.39250066995    	  0.102346903154    
  -2.52879959826    	 -0.185863327152    
  0.590399460853    	  0.433935564598E-01
  -3.25122804764    	 -0.238960834492    
 -0.929379840562    	 -0.683081527984E-01
   5.99124269658    	  0.440348180269    
  -10.4416184745    	 -0.767444740126    
  -7.01424501280    	 -0.515537457548    
  -5.29151881155    	 -0.388919427493    
  -1.61409492753    	 -0.118633779353    
  -12.1227590022    	 -0.891006279798    
  -7.34232207077    	 -0.539650674586    
   4.65802446177    	  0.342358455377    
  -4.87433799893    	 -0.358257205817    
  -4.38676364835    	 -0.322421154951    
  -3.08840053385    	 -0.226993233941    
   4.19145956644    	  0.308066570865    
  -7.41835503548    	 -0.545238993962    
  -3.45621591990    	 -0.254027163982    
  -2.17253033704    	 -0.159678021563    
  -15.9801149985    	  -1.17451669319    
  -1.23495452376    	 -0.907674759298E-01
   1.43378273996    	  0.105381079088    
  -2.67180473368    	 -0.196374009883    
 -0.302058866192    	 -0.222009153690E-01
   5.54487930893    	  0.407541079064    
  -2.34798625062    	 -0.172573792303    
 -0.758203756677    	 -0.557269437135E-01
  -19.5768267194    	  -1.43887010724    
  -1.42278914982    	 -0.104573065182    
   72.2506508314    	   5.31032445657    
  -1.22036289220    	 -0.896950108790E-01
   1.00874646688    	  0.741414917636E-01
   9.45014282146    	  0.694572629663    
   7.05454120223    	  0.518499172602    
 -0.517387803150    	 -0.380272990344E-01
   9.16924870511    	  0.673927294589    
 -0.448499457323    	 -0.329640994174E-01
   2.07665141015    	  0.152631050990    
  -2.92407420537    	 -0.214915472551    
   2.16396678579    	  0.159048612207    
  -2.88176305190    	 -0.211805660384    
  -1.14751136865    	 -0.843405230958E-01
  -2.79852669732    	 -0.205687901661    
  -1.68888985256    	 -0.124131104499    
  -4.24428368606    	 -0.311949071729    
 -0.644826930650    	 -0.473939013791E-01
  -1.89316717258    	 -0.139145209368    
   5.62373724426    	  0.413337029935    
  -5.98186530795    	 -0.439658954973    
  -2.81538416301    	 -0.206926902435    
  -7.15804179460    	 -0.526106325211    
   4.46291032391    	  0.328017831920    
  -3.26797060167    	 -0.240191389415    
  -2.52333203835    	 -0.185461468943    
  -11.1575659805    	 -0.820065906953    
  -3.54452825118    	 -0.260518000082    
  -2.98742504633    	 -0.219571673101    
  -2.18266397315    	 -0.160422830019    
  -3.45919729291    	 -0.254246290840    
  -10.6788993846    	 -0.784884563926    
   2.93165853707    	  0.215472910604    
  -16.0813293323    	  -1.18195580890    
  -1.21350585163    	 -0.891910277338E-01
  -13.5818771031    	 -0.998249473420    
  -1.73448395559    	 -0.127482208989    
  -4.37179872702    	 -0.321321253610    
  -3.42395287559    	 -0.251655874157    
  -3.20142596643    	 -0.235300449335    
  -2.93845379154    	 -0.215972352555    
  -2.75052677570    	 -0.202159972781    
  -2.11799839889    	 -0.155669998362    
  -2.96378498467    	 -0.217834160758    
  -4.67444912160    	 -0.343565645510    
 -0.212868680726    	 -0.156455581824E-01
   5.95547957795    	  0.437719639747    
   27.0065499440    	   1.98494464762    
  -4.64313418375    	 -0.341264040217    
  -11.6390842911    	 -0.855456847127    
  -9.00342579348    	 -0.661739536375    
  -7.42151403622    	 -0.545471176215    
  -10.4746689596    	 -0.769873905780    
  -2.98540647562    	 -0.219423310902    
  -4.57807193473    	 -0.336482053506    
  0.952742604003    	  0.700252840996E-01
  -3.57943149012    	 -0.263083340619    
   3.62293932414    	  0.266281107177    
  -7.25042477647    	 -0.532896348585    
  -4.64628051502    	 -0.341495291282    
  -2.87497759983    	 -0.211306938896    
  -2.52830932390    	 -0.185827292654    
  -3.51254988596    	 -0.258167633781    
  -11.8239297185    	 -0.869042734349    
  0.616730115176    	  0.453288236997E-01
  0.315165747107    	  0.231642532694E-01
   7.75900112909    	  0.570276018004    
  -1.59298053144    	 -0.117081899991    
  -90.6946347028    	  -6.66593215700    
  -3.74970289460    	 -0.275598056999    
 -0.475471387997    	 -0.349464995958E-01
   1.81543172362    	  0.133431759717    
  -1.59253665997    	 -0.117049276043    
  -5.66632123504    	 -0.416466895273    
  -1.81176906195    	 -0.133162559072    
  -4.48383008708    	 -0.329555406028    
  -2.72969534671    	 -0.200628891115    
  -3.88231248819    	 -0.285344681561    
  -2.59753445071    	 -0.190915245215    
  -2.92475872405    	 -0.214965783743    
  -5.31555959151    	 -0.390686392085    
  -3.56995007080    	 -0.262386469209    
  -5.36036718628    	 -0.393979689289    
  -4.07920536239    	 -0.299816039717    
  -1.29701044652    	 -0.953285017547E-01
   1.52008782358    	  0.111724385218    
  -3.56420171437    	 -0.261963972838    
  -4.30323574761    	 -0.316281967981    
   2.54815623650    	  0.187286013705    
  -3.81901545301    	 -0.280692435663    
  -3.69422002959    	 -0.271520141969    
   62.5911771511    	   4.60036629381    
   10.3176200436    	  0.758331024300    
  0.136784207080    	  0.100534529692E-01
  -2.63503886923    	 -0.193671768908    
  -21.5252367783    	  -1.58207559353    
  -2.52079586309    	 -0.185275063515    
   8.26028736250    	  0.607119873587    
   3.75434664351    	  0.275939366221    
  -2.44317554215    	 -0.179570075617    
  0.599684769051    	  0.440760139691E-01
  -4.47197570862    	 -0.328684125353    
   2.43080177649    	  0.178660620689    
 -0.330028098612    	 -0.242566158677E-01
  -28.3376447753    	  -2.08277830525    
  -17.4255428229    	  -1.28075367013    
  -5.63885424523    	 -0.414448108922    
   28.7425598817    	   2.11253901422    
   52.6797858549    	   3.87189252931    
  -5.61654587627    	 -0.412808474180    
   22.7340779601    	   1.67092377439    
  -4.08025603655    	 -0.299893262837    
  -1.92468917903    	 -0.141462033921    
  -8.89529389719    	 -0.653791989235    
  -2.74785285880    	 -0.201963443529    
  -1.70466948645    	 -0.125290886104    
   12.1005743689    	  0.889375739462    
  -5.92081830658    	 -0.435172083497    
  -2.74970382510    	 -0.202099487032    
  -7.55749047229    	 -0.555465259115    
  -2.88930417746    	 -0.212359922844    
   4.18220868038    	  0.307386643335    
 -0.961467282438    	 -0.706665360847E-01
  -3.62171804683    	 -0.266191344958    
   5.45164907236    	  0.400688783622    
 -0.687663192749    	 -0.505423083158E-01
   9.23460338333    	  0.678730774448    
  -3.53824678553    	 -0.260056320910    
  -3.54656080301    	 -0.260667389874    
   26.5954084770    	   1.95472630963    
  0.632686981334    	  0.465016316347E-01
  -2.45567218022    	 -0.180488561499    
   1.64698582826    	  0.121051215771    
  -1.70574215562    	 -0.125369725828    
  -2.25903652164    	 -0.166036108341    
   1.15706275764    	  0.850425371809E-01
  -2.28317660364    	 -0.167810371497    
   1.16697806850    	  0.857712990279E-01
  -5.23442108486    	 -0.384722822328    
  -1.96902160820    	 -0.144720407099    
   20.7846466609    	   1.52764322832    
   1.02305534836    	  0.751931750693E-01
  -6.80977293016    	 -0.500509037892    
  -9.94924433478    	 -0.731255911295    
  0.612391676422    	  0.450099543586E-01
   4.69291446128    	  0.344922822834    
  0.577484580063    	  0.424443303072E-01
  -5.29602170126    	 -0.389250383756    
  -3.54834641911    	 -0.260798630226    
  -9.27039898777    	 -0.681361702634    
   6.39491509400    	  0.470017551822    
   1.72197415476    	  0.126562755662    
  -6.35887662590    	 -0.467368773489    
  -25.9093477163    	  -1.90430177788    
   4.97217107239    	  0.365447803502    
  0.257182777360    	  0.189025839450E-01
  -31.7827868637    	  -2.33599155769    
  -4.65808001677    	 -0.342362538594    
  -28.1727105261    	  -2.07065586252    
  -121.742041504    	  -8.94787428140    
  -2.59007660832    	 -0.190367103954    
  -2.38610554404    	 -0.175375508465    
  -4.97831613123    	 -0.365899456960    
  -1.10737073324    	 -0.813902410506E-01
  -2.35336081768    	 -0.172968815664    
  -5.50341362797    	 -0.404493407975    
  -3.09153940793    	 -0.227223936912    
  -3.18210085120    	 -0.233880079680    
  -11.0302138257    	 -0.810705696985    
  -3.11025756876    	 -0.228599696245    
  -1.80003344834    	 -0.132300007452    
  0.472493718042E-03	  0.347276449086E-04
  -4.70167821214    	 -0.345566946588    
  -5.10161215931    	 -0.374961547138    
  -3.24085599114    	 -0.238198502462    
  -7.61046117604    	 -0.559358533713    
   36.8080200752    	   2.70533935617    
   6.14518617487    	  0.451662816307    
  -1.08932431857    	 -0.800638541451E-01
  -1.42957801049    	 -0.105072037197    
   18.8457762131    	   1.38513889046    
  -2.69155121392    	 -0.197825349293    
  -3.51675520577    	 -0.258476719061    
   1.91701071280    	  0.140897677108    
  -2.20779281815    	 -0.162269765910    
  -3.15026730091    	 -0.231540357080    
  -11.3560198566    	 -0.834651996623    
  -2.63476156535    	 -0.193651387450    
 -0.397538539447    	 -0.292185413441E-01
  -2.04997053749    	 -0.150670043179    
   1.92546341884    	  0.141518939492    
  -3.26513206962    	 -0.239982761175    
  -2.51480961676    	 -0.184835082561    
   2.18327788331    	  0.160467951580    
  -2.30071582511    	 -0.169099480394    
  -12.8770213782    	 -0.946443537404    
  -5.54706270886    	 -0.407701555986    
  -2.51351238826    	 -0.184739738033    
  -4.07582800172    	 -0.299567808306    
   7.28754357758    	  0.535624529924    
  -6.64988018809    	 -0.488757139066    
  -2.54354557334    	 -0.186947136242    
 -0.742255029456    	 -0.545547339792E-01
  -2.64269078601    	 -0.194234174372    
  -5.80410961109    	 -0.426594153294    
  0.784868193060    	  0.576867434802E-01
  -2.91555327343    	 -0.214289195657    
  -6.37187191468    	 -0.468323909519    
  -10.3660190070    	 -0.761888282208    
   2.36519586888    	  0.173838675812    
   2.46763790253    	  0.181368025796    
  -3.03591147978    	 -0.223135359938    
  -4.05333348301    	 -0.297914491811    
  -3.74923345158    	 -0.275563553576    
  -6.47743637415    	 -0.476082753549    
  -3.09539943774    	 -0.227507643847    
   10.0503986053    	  0.738690612439    
   14.7957371354    	   1.08746653295    
  -19.7026051824    	  -1.44811465301    
  -5.31212241021    	 -0.390433763940    
   3.10730069680    	  0.228382370183    
  -3.41224252078    	 -0.250795179023    
  -11.6904583245    	 -0.859232768626    
 -0.707080911228    	 -0.519694841840E-01
   5.67378074728    	  0.417015159266    
  -9.89020456695    	 -0.726916568750    
   15.2143906386    	   1.11823699538    
   3.46538347660    	  0.254700966917    
  -11.8858307821    	 -0.873592378232    
  -1.54884291618    	 -0.113837845370    
  -3.05317505722    	 -0.224404209373    
  -2.51275585714    	 -0.184684134025    
   26.3461729232    	   1.93640783579    
  -7.90437182491    	 -0.580960566204    
  -7.39504474328    	 -0.543525719225    
   1.06814328438    	  0.785070769726E-01
   30.2973696478    	   2.22681541493    
  -1.13704722049    	 -0.835714224543E-01
  -3.04098728716    	 -0.223508424869    
   7.21357423398    	  0.530187883890    
   1.72246189356    	  0.126598603800    
   4.41825560297    	  0.324735770734    
  -6.93014311576    	 -0.509356082632    
  -17.8738932875    	  -1.31370681878    
  -3.60442317238    	 -0.264920195235    
  -4.52975590526    	 -0.332930891130    
  -14.7816107523    	  -1.08642826302    
  -3.67866447863    	 -0.270376830154    
   2.10476999113    	  0.154697728404    
  -2.18735657229    	 -0.160767729666    
   7.69080958841    	  0.565264032616    
  -2.19530941096    	 -0.161352252480    
  -3.30686029810    	 -0.243049729150    
  -21.7097558966    	  -1.59563749748    
  -1.04769663346    	 -0.770042759711E-01
  -2.83346451531    	 -0.208255783710    
  -3.41265154521    	 -0.250825241762    
  -1.49966935583    	 -0.110223655640    
  0.193581314185    	  0.142279630041E-01
   25.6687682211    	   1.88661951257    
   32.9499925369    	   2.42177958536    
  -5.16540207343    	 -0.379650018967    
  -1.57462202062    	 -0.115732574444    
  -3.12836623395    	 -0.229930658479    
   20.9963058436    	   1.54319989004    
  -2.99807010112    	 -0.220354070133    
  -3.89473435671    	 -0.286257671983    
  -4.02734262112    	 -0.296004198852    
  -2.56254872869    	 -0.188343842284    
  0.859324536136    	  0.631591833133E-01
  -10.2746956506    	 -0.755176139861    
  -9.11817502920    	 -0.670173448953    
   7.45015379880    	  0.547576159768    
   5.88538079517    	  0.432567474661    
  -2.30872694743    	 -0.169688286976    
  -5.00988805857    	 -0.368219950630    
  -3.14133069830    	 -0.230883528956    
 -0.135695710417    	 -0.997344994667E-02
   44.5272464316    	   3.27269198254    
  -3.53830677985    	 -0.260060730411    
   4.29887375855    	  0.315961367725    
  -2.28039245800    	 -0.167605740584    
  -2.21635389413    	 -0.162898993338    
   15.6811868466    	   1.15254588106    
  -3.69010435417    	 -0.271217645429    
   5.67532498966    	  0.417128658978    
  -2.73220806731    	 -0.200813572657    
  0.101646651562    	  0.747089048342E-02
   1.09703571577    	  0.806306313389E-01
  0.589413354162    	  0.433210789607E-01
  -2.13526779991    	 -0.156939275822    
  -3.31910797823    	 -0.243949916962    
  -22.5016901603    	  -1.65384358753    
   1.76711716511    	  0.129880705454    
  -4.07729686222    	 -0.299675767553    
   13.7573769199    	   1.01114847098    
   14.2802186263    	   1.04957662449    
  -5.87699033237    	 -0.431950787071    
  -3.55781503045    	 -0.261494560267    
  -4.91767744452    	 -0.361442596055    
   6.14892642531    	  0.451937719622    
  -6.43880028512    	 -0.473243053613    
  -4.78189416575    	 -0.351462709953    
 -0.102872137587    	 -0.756096203761E-02
