Running on host: amd-cpu
DMET impurity: ErF8
Modules OK
F is load
Li is load
Y is load
#INFO: **** input file is /data/home/wangcx/LiYF4_Er3+/AIMPModelGenerator-main/LiYF4_Er3+/no_opt_2/dmet_ErF8/main_AIMP_ROHF_DMET.py ****
import sys, os
from embed_sim import myavas, sacasscf_mixer, siso
from embed_sim.ssdmet import SSDMET

from src.AIMP3_DMET_SCEI import AIMPEnvLoader, AIMP_RHF, AIMP_RKS, AIMP_ROHF, AIMP_ROKS, AIMP_CAHF
from src.pckit2 import OrganicPCLoader, PointChargeParams
from pyscf import gto, lib
from pyscf.lib import chkfile
import yaml
import numpy as np
import basis_set_exchange as bse

Ha2eV = 27.211324570273
Ha2cm = 219474.63

workdir = "./"
inputdir = workdir + "input.yaml"
with open(inputdir, 'r') as f:
    inputdict = yaml.safe_load(f)
aimpdict = inputdict["aimp"]
clusterdict = inputdict["cluster"]

# Load AIMP environment
try: aimpdir = workdir + aimpdict["dir"]
except KeyError: aimpdir = workdir + "aimp.xyz"
aimpdict['dir'] = aimpdir
aimpdict['workdir'] = workdir
AIMP_LOADER = AIMPEnvLoader(aimpdict)
try: orthoreg = aimpdict["orthoreg"]
except: orthoreg = 0

# Load Point Charge Environment
try:
    pcdict = inputdict["pointcharge"]
    try: is_organic = pcdict['organic']
    except KeyError: is_organic = False
    try: rawxyzdir = workdir + pcdict["rawxyzdir"]
    except KeyError: rawxyzdir = workdir + "rawChgs.xyz"
    if not is_organic:
        try: rawchgdir = workdir + pcdict["rawchgdir"]
        except KeyError: rawchgdir = workdir + "rawCharges.dat"
        pcparam_raw = PointChargeParams(rawxyzdir, rawchgdir)
    else:
        pcdict = aimpdict
        pcdict["dir"] = rawxyzdir
        pcdict['workdir'] = workdir
        pc_loader = OrganicPCLoader(pcdict)
        pcparam_raw = pc_loader.make_param()
    try: surfxyzdir = workdir + pcdict["surfxyzdir"]
    except KeyError: surfxyzdir = workdir + "surfChgs.xyz"
    try: surfchgdir = workdir + pcdict["surfchgdir"]
    except KeyError: surfchgdir = workdir + "surfaceCharges.dat"
    pcparam_surf = PointChargeParams(surfxyzdir, surfchgdir)
    PCPARAM = pcparam_raw + pcparam_surf
except: PCPARAM = None

# Load cluster molecule
try: ecp = clusterdict["ecp"]
except KeyError: ecp = {}
try: spin = clusterdict["spin"]
except KeyError: spin = 0

def aimp_calc(CLUS_MOL, scfdict, interpolation=False):
    scftype = scfdict["calc"].upper()
    if scftype in ['HF', 'RHF', 'TDHF', 'TDAHF']:
        MF = AIMP_RHF(CLUS_MOL, AIMP_LOADER)
    elif scftype in ['ROHF']:
        MF = AIMP_ROHF(CLUS_MOL, AIMP_LOADER).density_fit()
    elif scftype in ['DFT', 'KS', 'RKS', 'TDDFT', 'TDKS']:
        try: xc = clusterdict['scf']['xc']
        except KeyError: xc = 'b3lyp'
        MF = AIMP_RKS(CLUS_MOL, AIMP_LOADER, xc=xc)
    elif scftype in ['ROKS']:
        try: xc = clusterdict['scf']['xc']
        except KeyError: xc = "b3lyp"
        MF = AIMP_ROKS(CLUS_MOL, AIMP_LOADER, xc=xc)
    elif scftype in ['CAHF']:
        try: ortho = clusterdict['scf']['orthoreg']
        except KeyError: ortho = 0
        MF = AIMP_CAHF(CLUS_MOL, AIMP_LOADER)
        MF.set_orthoreg_param(ortho)
    else:
        raise NotImplementedError("Other tags have not been implemented yet!")
    if PCPARAM is not None: MF.addPCParam2(PCPARAM)
    MF.set_orthoreg_param(orthoreg)
    try: MF.chkfile = workdir + inputdict['chkfile']
    except KeyError: pass
    return MF

# ===================================================================
# ROHF — load from chk file
# ===================================================================
if inputdict["type"].upper() in ["GEO_OPT", "GEOM_OPT", "RELAX", "GEOMOPT", "ENERGY"]:
    try: clusterdir = workdir + clusterdict["dir"]
    except KeyError: clusterdir = workdir + "cluster.xyz"
    for basis in clusterdict["basis"]:
        if 'parse' in clusterdict["basis"][basis] or 'load' in clusterdict["basis"][basis]:
            clusterdict["basis"][basis] = eval(clusterdict["basis"][basis])
    CLUS_MOL = gto.M(atom=clusterdir, basis=clusterdict["basis"],
                     charge=clusterdict["charge"], spin=spin, verbose=4)
    scfdict = clusterdict["scf"]
    MF = aimp_calc(CLUS_MOL, scfdict)

    # Load ROHF from chk
    if not os.path.exists(MF.chkfile):
        raise FileNotFoundError(f"ROHF chk file not found: {MF.chkfile}")
    print(f"Loading ROHF from chk: {MF.chkfile}")
    scfdat = chkfile.load(MF.chkfile, 'scf')
    MF.e_tot = scfdat['e_tot']
    MF.mo_coeff = scfdat['mo_coeff']
    MF.mo_occ = scfdat['mo_occ']
    MF.mo_energy = scfdat['mo_energy']
    print(f"Loaded: e_tot={MF.e_tot:.8f}")

print()

# ===================================================================
# DMET — impurity: Er + all F atoms (ErF8 cluster)
# ===================================================================
IMP_NAME = 'ErF8'
IMP_LABELS = ['Er', 'F']
IMP_DESC = 'Er + all F atoms (ErF8 cluster)'

title_base = 'LiYF4:Er3+'
ncas_set = 7
nelec_set = 11

title = f'{title_base}_DMET_{IMP_NAME}'
print("=" * 70)
print(f"  DMET impurity: {IMP_DESC}")
print(f"  Title: {title}")
print("=" * 70)

# Step 1: Build DMET embedding
print(f"\n[Step 1] Building DMET embedding")
dmet = SSDMET(MF, title=title, imp_idx=IMP_LABELS, threshold=1e-13)
es_mf = dmet.build()
print(f"  Embedded space: {dmet.nes} orbitals")
print(f"  impurity: {len(dmet.imp_idx)} orbitals")
print(f"  frozen occupied: {dmet.nfo},  frozen virtual: {dmet.nfv}")
print(f"  Frozen orbital energy: {dmet.fo_ene:.8f} Hartree")

# Step 2: AVAS
print(f"\n[Step 2] AVAS: Er 4f from embedded space")
ncas, nelec, es_mo = dmet.avas(['Er 4f'],
                                minao=CLUS_MOL._basis['Er'],
                                threshold=0.5,
                                openshell_option=2)
print(f"  AVAS: ncas={ncas}, nelec={nelec}")

# Step 3: SACASSCF
print(f"\n[Step 3] SACASSCF({ncas_set},{nelec_set})")
statelis = [0, 0, 0, 35]
es_mycas = sacasscf_mixer.sacasscf_mixer(es_mf, ncas_set, nelec_set, statelis=statelis)
es_mycas.kernel(es_mo)
e_cas = es_mycas.fcisolver.e_states
e_min = np.min(e_cas)
print(f"  CASSCF E_min = {e_min:.8f} H")
np.savetxt(f'{title}_cas_NO_SOC.txt', (e_cas - e_min) * Ha2cm, fmt='%.6f')

# Step 4: NEVPT2
print(f"\n[Step 4] NEVPT2")
ecorr = sacasscf_mixer.sacasscf_nevpt2(es_mycas, method='SC')
es_mycas.fcisolver.e_states = e_cas + ecorr
np.savetxt(f'{title}_nevpt2.txt', ecorr)
np.savetxt(f'{title}_opt.txt',
           (es_mycas.fcisolver.e_states - np.min(es_mycas.fcisolver.e_states)) * Ha2cm,
           fmt='%.6f')
print(f"  NEVPT2 corrections: {np.min(ecorr)*Ha2cm:.2f} to {np.max(ecorr)*Ha2cm:.2f} cm^-1")

# Step 5: SISO
print(f"\n[Step 5] SISO")
total_cas = dmet.total_cas(es_mycas)
mysiso = siso.SISO(title, total_cas, amfi=True, verbose=6)
mysiso.kernel()
mysiso.analyze()
print(f"  SISO done → {title}_mag.txt")

print(f"\n  [{IMP_NAME}] finished!\n")
#INFO: ******************** input file end ********************


System: uname_result(system='Linux', node='amd-cpu', release='6.8.0-111-generic', version='#111~22.04.1-Ubuntu SMP PREEMPT_DYNAMIC Tue Apr 14 17:13:45 UTC ', machine='x86_64')  Threads 16
Python 3.10.19 | packaged by conda-forge | (main, Jan 26 2026, 23:45:08) [GCC 14.3.0]
numpy 1.26.4  scipy 1.15.3  h5py 3.15.1
Date: Fri May 15 08:25:36 2026
PySCF version 2.12.0
PySCF path  /data/home/wangcx/LiYF4_Er3+/env/lib/python3.10/site-packages/pyscf

[CONFIG] conf_file None
[INPUT] verbose = 4
[INPUT] num. atoms = 25
[INPUT] num. electrons = 345
[INPUT] charge = 11
[INPUT] spin (= nelec alpha-beta = 2S) = 3
[INPUT] symmetry False subgroup None
[INPUT] Mole.unit = angstrom
[INPUT] Symbol           X                Y                Z      unit          X                Y                Z       unit  Magmom
[INPUT]  1 Er     0.000000000000   0.000000000000   0.000000000000 AA    0.000000000000   0.000000000000   0.000000000000 Bohr   0.0
[INPUT]  2 F      1.120153900000   1.741396600000  -0.864832900000 AA    2.116784088363   3.290762648249  -1.634297324513 Bohr   0.0
[INPUT]  3 F      1.728219100000  -1.132954600000   0.877561600000 AA    3.265860782242  -2.140973905566   1.658351081435 Bohr   0.0
[INPUT]  4 F     -1.122767600000  -1.741596000000  -0.864330100000 AA   -2.121723265535  -3.291139459638  -1.633347170218 Bohr   0.0
[INPUT]  5 F     -1.727721000000   1.137402500000   0.873922300000 AA   -3.264919509660   2.149379218396   1.651473801150 Bohr   0.0
[INPUT]  6 F     -1.136911800000   0.833023200000  -1.810397500000 AA   -2.148451929786   1.574185703409  -3.421155451597 Bohr   0.0
[INPUT]  7 F     -0.837415700000  -1.132356600000   1.813891800000 AA   -1.582486325411  -2.139843849344   3.427758721594 Bohr   0.0
[INPUT]  8 F      1.139044200000  -0.834823000000  -1.810900300000 AA    2.152481581774  -1.577586832488  -3.422105605893 Bohr   0.0
[INPUT]  9 F      0.842741100000   1.138000500000   1.810252500000 AA    1.592549872915   2.150509274618   3.420881441309 Bohr   0.0
[INPUT] 10 Li     2.544141000000   2.577740100000   0.023012300000 AA    4.807729712277   4.871222809309   0.043486944496 Bohr   0.0
[INPUT] 11 Li    -2.558921400000  -2.573098600000   0.023012300000 AA   -4.835660620289  -4.862451645502   0.043486944496 Bohr   0.0
[INPUT] 12 Li     2.577175500000  -2.573098600000   0.023012300000 AA    4.870155869939  -4.862451645502   0.043486944496 Bohr   0.0
[INPUT] 13 Li    -2.591955900000   2.577740100000   0.023012300000 AA   -4.898086777951   4.871222809309   0.043486944496 Bohr   0.0
[INPUT] 14 F     -3.407877800000  -1.132954600000   0.877561600000 AA   -6.439955707985  -2.140973905566   1.658351081435 Bohr   0.0
[INPUT] 15 F      3.408375900000   1.137402500000   0.873922300000 AA    6.440896980568   2.149379218396   1.651473801150 Bohr   0.0
[INPUT] 16 F      1.153188400000  -3.409442200000  -0.864832900000 AA    2.179210246025  -6.442911995535  -1.634297324513 Bohr   0.0
[INPUT] 17 F     -1.155802100000   3.409242800000  -0.864330100000 AA   -2.184149423197   6.442535184145  -1.633347170218 Bohr   0.0
[INPUT] 18 Li     0.026819200000  -2.572694200000   2.664801800000 AA    0.050680942880  -4.861687440257   5.035745578248 Bohr   0.0
[INPUT] 19 Li    -0.006215300000   2.578144500000   2.664801800000 AA   -0.011745214782   4.871987014554   5.035745578248 Bohr   0.0
[INPUT] 20 Y     -0.016757900000   2.574419800000  -2.675230500000 AA   -0.031667841423   4.864948351658  -5.055452965083 Bohr   0.0
[INPUT] 21 Y      0.016276600000  -2.576418900000  -2.675230500000 AA    0.030758316239  -4.868726103153  -5.055452965083 Bohr   0.0
[INPUT] 22 Y     -2.565136700000   0.005045900000   2.687814100000 AA   -4.847405835071   0.009535369052   5.079232522744 Bohr   0.0
[INPUT] 23 Y      2.570960200000   0.005045900000   2.687814100000 AA    4.858410655157   0.009535369052   5.079232522744 Bohr   0.0
[INPUT] 24 Li    -2.560898800000  -0.003320300000  -2.698242800000 AA   -4.839397364727  -0.006274457651  -5.098939909580 Bohr   0.0
[INPUT] 25 Li     2.575198000000  -0.003320300000  -2.698242800000 AA    4.866418936528  -0.006274457651  -5.098939909580 Bohr   0.0

nuclear repulsion = 7940.955314423
number of shells = 177
number of NR pGTOs = 1221
number of NR cGTOs = 549
basis = {'Er': [[0, [58741043.595, 0.0003095617, -0.0001259089, 6.91037e-05, -1.85591e-05, 1.0646e-05, -2.8433e-06, 8.7323e-06, -1.35596e-05, 1.22007e-05], [13545709.704, 0.0008516942, -0.0003466459, 0.000190297, -5.11104e-05, 2.93191e-05, -7.8312e-06, 2.40575e-05, -3.73546e-05, 3.35856e-05], [3592430.6955, 0.0019082673, -0.0007777057, 0.0004270617, -0.00011472, 6.5803e-05, -1.75727e-05, 5.39601e-05, -8.37945e-05, 7.54362e-05], [1068997.5743, 0.0039195893, -0.0016019262, 0.0008804759, -0.0002365759, 0.0001357079, -3.62538e-05, 0.0001114133, -0.0001729792, 0.0001553739], [349706.57902, 0.0079014176, -0.0032457866, 0.0017860832, -0.0004801945, 0.0002753786, -7.35186e-05, 0.0002256084, -0.0003504131, 0.0003160705], [123694.33912, 0.0157477694, -0.0065247398, 0.0036004833, -0.0009686648, 0.0005556288, -0.0001485097, 0.0004569229, -0.0007092419, 0.0006350258], [46678.398919, 0.0315658984, -0.0132634217, 0.0073419466, -0.001978727, 0.0011340632, -0.0003025333, 0.0009268542, -0.0014402417, 0.00130602], [18595.315822, 0.0629662301, -0.0270708201, 0.0150963167, -0.0040754906, 0.0023372419, -0.000625405, 0.001929166, -0.0029931159, 0.0026602426], [7755.2163127, 0.1221158296, -0.0546773715, 0.0307772461, -0.0083518799, 0.0047794665, -0.0012731364, 0.0038880662, -0.0060469357, 0.0055436892], [3363.779054, 0.2163719352, -0.104424382, 0.0601260542, -0.0164146081, 0.0094035178, -0.0025217555, 0.0078186556, -0.0121224202, 0.0106191691], [1509.3223033, 0.3107230962, -0.1727137331, 0.1028299975, -0.0285728915, 0.0162739243, -0.0043197692, 0.0130943713, -0.020410749, 0.0192252465], [697.35341479, 0.2829389649, -0.1915966744, 0.1213177905, -0.0342877174, 0.0196005497, -0.0053102484, 0.0168441816, -0.0260260623, 0.0212627647], [330.31834917, 0.1107960478, 0.0034524045, -0.0181721285, 0.0066342313, -0.0038699051, 0.0012231975, -0.0050898659, 0.0075551906, -0.0012422347], [159.65709504, 0.0270243507, 0.4305459366, -0.4433513468, 0.1566058182, -0.0860727872, 0.0225872722, -0.0670551554, 0.1058849283, -0.1109799087], [78.31452052, 0.0232087242, 0.4684246852, -0.6988915467, 0.2808109652, -0.1552371292, 0.0426972868, -0.1405799382, 0.2184698745, -0.1696579273], [38.72141347, 0.0055176072, 0.1426867969, 0.1943727124, -0.1280926327, 0.0718453765, -0.0217060429, 0.0829657157, -0.1245611955, 0.0411381473], [19.13306359, 0.0031445846, 0.0929387262, 1.0361135919, -0.9537793805, 0.525773751, -0.1391241817, 0.4492313044, -0.7655773076, 0.9930541848], [9.34554064, 0.0004607124, 0.0232306464, 0.2626141253, -0.0422353432, 0.0201638951, -0.0136943468, 0.0349080406, 0.0454196412, -0.6396768379], [4.45086586, 0.0001781851, -0.0031742957, -0.1267686346, 1.0541080152, -0.8378775487, 0.2628172995, -1.2056038591, 2.147979658, -1.9410318798], [2.03183894, -7.56855e-05, -0.0016126249, -0.0408915598, 0.3248928868, -0.3964838724, 0.0993913427, 0.5682899564, -1.7434598196, 3.6018504183], [0.87066929, 3.65992e-05, 0.0002068927, 0.0007349372, 0.0139982831, 0.8863351232, -0.2957863828, 0.9403581481, -1.3586599759, -2.346333334], [0.34147598, -1.51071e-05, -9.14805e-05, -0.0007009845, 0.0168647478, 0.5480126667, -0.501983712, -0.1922763278, 2.8649308149, -0.2115088121], [0.11893832, 5.8215e-06, 3.66177e-05, 0.0002306016, -0.0017855486, -0.0040889684, 0.4012936792, -1.3781196527, -1.7164544585, 1.9831692389], [0.03550733, -2.1488e-06, -1.41275e-05, -9.22395e-05, 0.0006879657, 0.0254351638, 0.8667698628, 0.6781220542, -0.02489973, -2.3638636205], [0.0106002, 6.241e-07, 3.9799e-06, 2.50085e-05, -0.0002447711, -0.0024978973, 0.0032299041, 0.4465290241, 0.684248083, 1.4645723957]], [1, [1999053.9457, 5.27248e-05, -4.22635e-05, 1.30946e-05, -4.9249e-06, -7.3048e-06, 4.3447e-06], [321492.94665, 0.0002062575, -0.0001656169, 5.13657e-05, -1.93198e-05, -2.86616e-05, 1.7027e-05], [69812.056384, 0.0007907197, -0.0006363455, 0.000197712, -7.43577e-05, -0.0001102843, 6.56782e-05], [19170.076373, 0.0028024207, -0.002264492, 0.0007050579, -0.0002652092, -0.0003936378, 0.0002333715], [6305.3605866, 0.0095627773, -0.0077776077, 0.0024344086, -0.0009155802, -0.0013579797, 0.0008104196], [2376.8728903, 0.0304081438, -0.0250497846, 0.0078955451, -0.0029703482, -0.0044130515, 0.0026094783], [991.08412563, 0.0858604085, -0.0724292592, 0.0232269816, -0.0087378, -0.0129711589, 0.0077547693], [444.45398997, 0.1955859903, -0.1717398404, 0.0563532022, -0.0212133939, -0.0316035208, 0.0186048576], [209.69390666, 0.3155610848, -0.2911116024, 0.0989987042, -0.0372819372, -0.0554689629, 0.0333537151], [102.29811686, 0.2905358073, -0.2282088299, 0.0668567425, -0.0250422154, -0.0374428239, 0.0210996293], [50.88921302, 0.1591725371, 0.2080341786, -0.1627677359, 0.0633913839, 0.099232041, -0.0550030502], [25.50997433, 0.1299786618, 0.5917917452, -0.4481104632, 0.1774758008, 0.2882984752, -0.1694027739], [12.7434798, 0.0625434303, 0.2992606204, -0.0676100109, 0.0108147877, -0.0133784295, 0.0098207141], [6.27002774, 0.0032893684, 0.0040392694, 0.6422905592, -0.3270990029, -0.7392411815, 0.3365294551], [2.99728634, -0.0006558915, -0.0130864967, 0.4864450388, -0.2791426358, -0.0930687868, 0.2382128786], [1.36875252, -0.0004321153, -0.0031844737, 0.0628819747, 0.2842338164, 1.437166915, -0.6804512825], [0.58442767, 0.0001110347, 0.000417432, 0.0028540545, 0.6667205951, -0.615533406, -0.2295587724], [0.22701214, -4.69339e-05, -0.0001930291, -0.0002962991, 0.2702142984, -1.0704463494, 0.2950152407], [0.08817945, 1.45036e-05, 5.98307e-05, 0.0001287369, 0.0016271736, 1.1394985724, 0.7705007891]], [2, [5075.2324021, 0.0004624199, -0.000212402, -0.0001338418, 7.03252e-05], [1400.6417964, 0.0037918263, -0.0017568935, -0.0010946858, 0.0006244381], [508.75311079, 0.0209012836, -0.0097240779, -0.006121187, 0.0032341649], [217.04181128, 0.0790282781, -0.0374730955, -0.0233913319, 0.0133490101], [101.12993278, 0.2106341946, -0.1012553833, -0.0640717841, 0.0335018815], [49.31418858, 0.3724161614, -0.1765190844, -0.1116543118, 0.0648584305], [24.56993946, 0.3724484114, -0.128055937, -0.0882595432, 0.0322480645], [12.30281942, 0.148439962, 0.1923894925, 0.1729546348, -0.060142795], [6.06684041, 0.0098260817, 0.4912902906, 0.4780271086, -0.2393569992], [2.84408803, -0.0060274869, 0.3965132651, 0.0275202804, -0.0459067525], [1.19180063, -0.0014732962, 0.0922209987, -1.5212904072, 0.1481679239], [0.499418, 1.92511e-05, 0.0018946649, 1.1745898944, 0.8929833783]], [3, [267.83532496, 0.002136697, -0.0023682897, 0.0028860639], [91.41297085, 0.0173101959, -0.0192847672, 0.0233886013], [38.11144675, 0.0692400235, -0.0773233756, 0.0942762644], [17.45050795, 0.1795048421, -0.2008573225, 0.24774166], [8.22655234, 0.3013531728, -0.2941870723, 0.2935809324], [3.84017672, 0.3456940442, -0.1630393094, -0.1608245388], [1.72324813, 0.2910461118, 0.2530702283, -0.7001354408], [0.7167717, 0.1773588489, 0.5241741225, 0.2478955537], [0.26038487, 0.0581198269, 0.2828111484, 0.5517990419], [0.09459118, 0.0013117456, 0.0230907024, 0.1236695388]], [4, [10.85067572, 0.1594340766], [5.06864131, 0.2278265327], [2.46175491, 0.4089511043], [1.16532292, 0.3834860395], [0.46008995, 0.1687647303]]], 'F': 'ccpvdz', 'Li': 'ccpvdz', 'Y': [[0, [2522141.32102006, 0.001699], [449156.29990432, 0.0036724], [151720.1764528, 0.0066311], [51855.44354044, 0.0167936], [18689.66232941, 0.041001], [6875.55030786, 0.1012493], [2648.45220711, 0.2522764], [1049.980737, 0.5766767]], [0, [422.47853745, -0.5348801], [172.31836708, -0.4651198]], [0, [60.56530325, 1.0]], [0, [28.30120953, 0.7509238], [12.66764116, 0.2490761]], [0, [5.05894842, 0.6863196], [2.20390257, 0.3136803]], [0, [0.72735771, 0.6399224], [0.30401193, 0.3600775]], [0, [0.04783584, 1.0]], [0, [0.01355997, 1.0]], [1, [11876.25484875, 0.0009397], [3268.55095104, 0.0033491], [1184.41460471, 0.0136442], [463.14383928, 0.0517347], [191.23738154, 0.1583925], [82.85996128, 0.3508255], [37.20448645, 0.4211141]], [1, [17.1581726, -1.0]], [1, [7.6564011, -0.5178717], [3.40344219, -0.4821282]], [1, [1.2829311, 0.2898036], [0.54825392, 0.5360604], [0.21437241, 0.1741359]], [1, [0.41142, 1.0]], [1, [0.01782, 1.0]], [2, [251.01056821, 0.0062628], [74.41352333, 0.0434411], [27.67867091, 0.1557311], [11.29136346, 0.3101388], [4.69433459, 0.3367227], [1.90670194, 0.1477033]], [2, [0.54823392, 1.0]], [2, [0.15142201, 1.0]], [3, [0.18507, 1.0]]]}
ecp = {}
CPU time:         4.53
Loading ROHF from chk: ./Er_ROHF_CASSCF.chk
Loaded: e_tot=-27878.42494082

======================================================================
  DMET impurity: Er + all F atoms (ErF8 cluster)
  Title: LiYF4:Er3+_DMET_ErF8
======================================================================

[Step 1] Building DMET embedding

******** <class 'embed_sim.ssdmet.SSDMET'> ********
DMET from ROHF
number of impurity orbitals = 245
number of bath orbitals = 174
number of embedded cluster orbitals = 419
number of frozen occupied orbitals = 0
number of frozen virtual orbitals = 130
number of frozen orbitals = 130
percentage of embedded cluster orbitals = 76.32%
percentage of frozen orbitals = 23.68%
h_PC is added!
******** <class 'pyscf.df.df.DF'> ********
auxbasis = None
max_memory = 4000
Default auxbasis cc-pvdz-jkfit is used for F ccpvdz
ETB for F: l = 0, exps = 0.7794 * 2^n , n = 0..12
ETB for F: l = 1, exps = 0.7355674544186958 * 2^n , n = 0..9
ETB for F: l = 2, exps = 0.6942 * 2^n , n = 0..7
ETB for F: l = 3, exps = 1.5089652083464349 * 2^n , n = 0..3
ETB for F: l = 4, exps = 3.28 * 2^n , n = 0..0
ETB for Y: l = 0, exps = 0.02711994 * 2^n , n = 0..27
ETB for Y: l = 1, exps = 0.03108946222757801 * 2^n , n = 0..22
ETB for Y: l = 2, exps = 0.03564 * 2^n , n = 0..20
ETB for Y: l = 3, exps = 0.10019069114244097 * 2^n , n = 0..14
ETB for Y: l = 4, exps = 0.11485551619317202 * 2^n , n = 0..12
ETB for Y: l = 5, exps = 0.33480544434462234 * 2^n , n = 0..5
ETB for Y: l = 6, exps = 0.37014 * 2^n , n = 0..0
ETB for Li: l = 0, exps = 0.0561 * 2^n , n = 0..12
ETB for Li: l = 1, exps = 0.05192461843865586 * 2^n , n = 0..9
ETB for Li: l = 2, exps = 0.04806 * 2^n , n = 0..6
ETB for Er: l = 0, exps = 0.0212004 * 2^n , n = 0..28
ETB for Er: l = 1, exps = 0.061146375391841506 * 2^n , n = 0..23
ETB for Er: l = 2, exps = 0.14551880543215023 * 2^n , n = 0..19
ETB for Er: l = 3, exps = 0.06333041690170688 * 2^n , n = 0..19
ETB for Er: l = 4, exps = 0.1396716934527537 * 2^n , n = 0..16
ETB for Er: l = 5, exps = 0.40284229540368527 * 2^n , n = 0..11
ETB for Er: l = 6, exps = 0.18918236 * 2^n , n = 0..11
ETB for Er: l = 7, exps = 0.41723111713601135 * 2^n , n = 0..8
ETB for Er: l = 8, exps = 0.9201799 * 2^n , n = 0..4

WARN: Even tempered Gaussians are generated as DF auxbasis for  Y Li Er

_cderi_to_save = /tmp/tmp5nqm9a0u
h_PC is added!

energy from frozen occupied orbitals = 7430.377112445167
deviation from DMET exact condition = -7.275957614183426e-12
  Embedded space: 419 orbitals
  impurity: 245 orbitals
  frozen occupied: 0,  frozen virtual: 130
  Frozen orbital energy: 7430.37711245 Hartree

[Step 2] AVAS: Er 4f from embedded space

******** AVAS flags ********
aolabels = ['Er 4f']
ncore = 0
nunocc = 130
minao = [[0, [58741043.595, 0.0003095617, -0.0001259089, 6.91037e-05, -1.85591e-05, 1.0646e-05, -2.8433e-06, 8.7323e-06, -1.35596e-05, 1.22007e-05], [13545709.704, 0.0008516942, -0.0003466459, 0.000190297, -5.11104e-05, 2.93191e-05, -7.8312e-06, 2.40575e-05, -3.73546e-05, 3.35856e-05], [3592430.6955, 0.0019082673, -0.0007777057, 0.0004270617, -0.00011472, 6.5803e-05, -1.75727e-05, 5.39601e-05, -8.37945e-05, 7.54362e-05], [1068997.5743, 0.0039195893, -0.0016019262, 0.0008804759, -0.0002365759, 0.0001357079, -3.62538e-05, 0.0001114133, -0.0001729792, 0.0001553739], [349706.57902, 0.0079014176, -0.0032457866, 0.0017860832, -0.0004801945, 0.0002753786, -7.35186e-05, 0.0002256084, -0.0003504131, 0.0003160705], [123694.33912, 0.0157477694, -0.0065247398, 0.0036004833, -0.0009686648, 0.0005556288, -0.0001485097, 0.0004569229, -0.0007092419, 0.0006350258], [46678.398919, 0.0315658984, -0.0132634217, 0.0073419466, -0.001978727, 0.0011340632, -0.0003025333, 0.0009268542, -0.0014402417, 0.00130602], [18595.315822, 0.0629662301, -0.0270708201, 0.0150963167, -0.0040754906, 0.0023372419, -0.000625405, 0.001929166, -0.0029931159, 0.0026602426], [7755.2163127, 0.1221158296, -0.0546773715, 0.0307772461, -0.0083518799, 0.0047794665, -0.0012731364, 0.0038880662, -0.0060469357, 0.0055436892], [3363.779054, 0.2163719352, -0.104424382, 0.0601260542, -0.0164146081, 0.0094035178, -0.0025217555, 0.0078186556, -0.0121224202, 0.0106191691], [1509.3223033, 0.3107230962, -0.1727137331, 0.1028299975, -0.0285728915, 0.0162739243, -0.0043197692, 0.0130943713, -0.020410749, 0.0192252465], [697.35341479, 0.2829389649, -0.1915966744, 0.1213177905, -0.0342877174, 0.0196005497, -0.0053102484, 0.0168441816, -0.0260260623, 0.0212627647], [330.31834917, 0.1107960478, 0.0034524045, -0.0181721285, 0.0066342313, -0.0038699051, 0.0012231975, -0.0050898659, 0.0075551906, -0.0012422347], [159.65709504, 0.0270243507, 0.4305459366, -0.4433513468, 0.1566058182, -0.0860727872, 0.0225872722, -0.0670551554, 0.1058849283, -0.1109799087], [78.31452052, 0.0232087242, 0.4684246852, -0.6988915467, 0.2808109652, -0.1552371292, 0.0426972868, -0.1405799382, 0.2184698745, -0.1696579273], [38.72141347, 0.0055176072, 0.1426867969, 0.1943727124, -0.1280926327, 0.0718453765, -0.0217060429, 0.0829657157, -0.1245611955, 0.0411381473], [19.13306359, 0.0031445846, 0.0929387262, 1.0361135919, -0.9537793805, 0.525773751, -0.1391241817, 0.4492313044, -0.7655773076, 0.9930541848], [9.34554064, 0.0004607124, 0.0232306464, 0.2626141253, -0.0422353432, 0.0201638951, -0.0136943468, 0.0349080406, 0.0454196412, -0.6396768379], [4.45086586, 0.0001781851, -0.0031742957, -0.1267686346, 1.0541080152, -0.8378775487, 0.2628172995, -1.2056038591, 2.147979658, -1.9410318798], [2.03183894, -7.56855e-05, -0.0016126249, -0.0408915598, 0.3248928868, -0.3964838724, 0.0993913427, 0.5682899564, -1.7434598196, 3.6018504183], [0.87066929, 3.65992e-05, 0.0002068927, 0.0007349372, 0.0139982831, 0.8863351232, -0.2957863828, 0.9403581481, -1.3586599759, -2.346333334], [0.34147598, -1.51071e-05, -9.14805e-05, -0.0007009845, 0.0168647478, 0.5480126667, -0.501983712, -0.1922763278, 2.8649308149, -0.2115088121], [0.11893832, 5.8215e-06, 3.66177e-05, 0.0002306016, -0.0017855486, -0.0040889684, 0.4012936792, -1.3781196527, -1.7164544585, 1.9831692389], [0.03550733, -2.1488e-06, -1.41275e-05, -9.22395e-05, 0.0006879657, 0.0254351638, 0.8667698628, 0.6781220542, -0.02489973, -2.3638636205], [0.0106002, 6.241e-07, 3.9799e-06, 2.50085e-05, -0.0002447711, -0.0024978973, 0.0032299041, 0.4465290241, 0.684248083, 1.4645723957]], [1, [1999053.9457, 5.27248e-05, -4.22635e-05, 1.30946e-05, -4.9249e-06, -7.3048e-06, 4.3447e-06], [321492.94665, 0.0002062575, -0.0001656169, 5.13657e-05, -1.93198e-05, -2.86616e-05, 1.7027e-05], [69812.056384, 0.0007907197, -0.0006363455, 0.000197712, -7.43577e-05, -0.0001102843, 6.56782e-05], [19170.076373, 0.0028024207, -0.002264492, 0.0007050579, -0.0002652092, -0.0003936378, 0.0002333715], [6305.3605866, 0.0095627773, -0.0077776077, 0.0024344086, -0.0009155802, -0.0013579797, 0.0008104196], [2376.8728903, 0.0304081438, -0.0250497846, 0.0078955451, -0.0029703482, -0.0044130515, 0.0026094783], [991.08412563, 0.0858604085, -0.0724292592, 0.0232269816, -0.0087378, -0.0129711589, 0.0077547693], [444.45398997, 0.1955859903, -0.1717398404, 0.0563532022, -0.0212133939, -0.0316035208, 0.0186048576], [209.69390666, 0.3155610848, -0.2911116024, 0.0989987042, -0.0372819372, -0.0554689629, 0.0333537151], [102.29811686, 0.2905358073, -0.2282088299, 0.0668567425, -0.0250422154, -0.0374428239, 0.0210996293], [50.88921302, 0.1591725371, 0.2080341786, -0.1627677359, 0.0633913839, 0.099232041, -0.0550030502], [25.50997433, 0.1299786618, 0.5917917452, -0.4481104632, 0.1774758008, 0.2882984752, -0.1694027739], [12.7434798, 0.0625434303, 0.2992606204, -0.0676100109, 0.0108147877, -0.0133784295, 0.0098207141], [6.27002774, 0.0032893684, 0.0040392694, 0.6422905592, -0.3270990029, -0.7392411815, 0.3365294551], [2.99728634, -0.0006558915, -0.0130864967, 0.4864450388, -0.2791426358, -0.0930687868, 0.2382128786], [1.36875252, -0.0004321153, -0.0031844737, 0.0628819747, 0.2842338164, 1.437166915, -0.6804512825], [0.58442767, 0.0001110347, 0.000417432, 0.0028540545, 0.6667205951, -0.615533406, -0.2295587724], [0.22701214, -4.69339e-05, -0.0001930291, -0.0002962991, 0.2702142984, -1.0704463494, 0.2950152407], [0.08817945, 1.45036e-05, 5.98307e-05, 0.0001287369, 0.0016271736, 1.1394985724, 0.7705007891]], [2, [5075.2324021, 0.0004624199, -0.000212402, -0.0001338418, 7.03252e-05], [1400.6417964, 0.0037918263, -0.0017568935, -0.0010946858, 0.0006244381], [508.75311079, 0.0209012836, -0.0097240779, -0.006121187, 0.0032341649], [217.04181128, 0.0790282781, -0.0374730955, -0.0233913319, 0.0133490101], [101.12993278, 0.2106341946, -0.1012553833, -0.0640717841, 0.0335018815], [49.31418858, 0.3724161614, -0.1765190844, -0.1116543118, 0.0648584305], [24.56993946, 0.3724484114, -0.128055937, -0.0882595432, 0.0322480645], [12.30281942, 0.148439962, 0.1923894925, 0.1729546348, -0.060142795], [6.06684041, 0.0098260817, 0.4912902906, 0.4780271086, -0.2393569992], [2.84408803, -0.0060274869, 0.3965132651, 0.0275202804, -0.0459067525], [1.19180063, -0.0014732962, 0.0922209987, -1.5212904072, 0.1481679239], [0.499418, 1.92511e-05, 0.0018946649, 1.1745898944, 0.8929833783]], [3, [267.83532496, 0.002136697, -0.0023682897, 0.0028860639], [91.41297085, 0.0173101959, -0.0192847672, 0.0233886013], [38.11144675, 0.0692400235, -0.0773233756, 0.0942762644], [17.45050795, 0.1795048421, -0.2008573225, 0.24774166], [8.22655234, 0.3013531728, -0.2941870723, 0.2935809324], [3.84017672, 0.3456940442, -0.1630393094, -0.1608245388], [1.72324813, 0.2910461118, 0.2530702283, -0.7001354408], [0.7167717, 0.1773588489, 0.5241741225, 0.2478955537], [0.26038487, 0.0581198269, 0.2828111484, 0.5517990419], [0.09459118, 0.0013117456, 0.0230907024, 0.1236695388]], [4, [10.85067572, 0.1594340766], [5.06864131, 0.2278265327], [2.46175491, 0.4089511043], [1.16532292, 0.3834860395], [0.46008995, 0.1687647303]]]
threshold = 0.5
with_iao = False
openshell_option = 2
canonicalize = False

** AVAS **
  Total number of HF MOs  is equal to    549
  Number of occupied HF MOs is equal to  174
reference AO indices for [[0, [58741043.595, 0.0003095617, -0.0001259089, 6.91037e-05, -1.85591e-05, 1.0646e-05, -2.8433e-06, 8.7323e-06, -1.35596e-05, 1.22007e-05], [13545709.704, 0.0008516942, -0.0003466459, 0.000190297, -5.11104e-05, 2.93191e-05, -7.8312e-06, 2.40575e-05, -3.73546e-05, 3.35856e-05], [3592430.6955, 0.0019082673, -0.0007777057, 0.0004270617, -0.00011472, 6.5803e-05, -1.75727e-05, 5.39601e-05, -8.37945e-05, 7.54362e-05], [1068997.5743, 0.0039195893, -0.0016019262, 0.0008804759, -0.0002365759, 0.0001357079, -3.62538e-05, 0.0001114133, -0.0001729792, 0.0001553739], [349706.57902, 0.0079014176, -0.0032457866, 0.0017860832, -0.0004801945, 0.0002753786, -7.35186e-05, 0.0002256084, -0.0003504131, 0.0003160705], [123694.33912, 0.0157477694, -0.0065247398, 0.0036004833, -0.0009686648, 0.0005556288, -0.0001485097, 0.0004569229, -0.0007092419, 0.0006350258], [46678.398919, 0.0315658984, -0.0132634217, 0.0073419466, -0.001978727, 0.0011340632, -0.0003025333, 0.0009268542, -0.0014402417, 0.00130602], [18595.315822, 0.0629662301, -0.0270708201, 0.0150963167, -0.0040754906, 0.0023372419, -0.000625405, 0.001929166, -0.0029931159, 0.0026602426], [7755.2163127, 0.1221158296, -0.0546773715, 0.0307772461, -0.0083518799, 0.0047794665, -0.0012731364, 0.0038880662, -0.0060469357, 0.0055436892], [3363.779054, 0.2163719352, -0.104424382, 0.0601260542, -0.0164146081, 0.0094035178, -0.0025217555, 0.0078186556, -0.0121224202, 0.0106191691], [1509.3223033, 0.3107230962, -0.1727137331, 0.1028299975, -0.0285728915, 0.0162739243, -0.0043197692, 0.0130943713, -0.020410749, 0.0192252465], [697.35341479, 0.2829389649, -0.1915966744, 0.1213177905, -0.0342877174, 0.0196005497, -0.0053102484, 0.0168441816, -0.0260260623, 0.0212627647], [330.31834917, 0.1107960478, 0.0034524045, -0.0181721285, 0.0066342313, -0.0038699051, 0.0012231975, -0.0050898659, 0.0075551906, -0.0012422347], [159.65709504, 0.0270243507, 0.4305459366, -0.4433513468, 0.1566058182, -0.0860727872, 0.0225872722, -0.0670551554, 0.1058849283, -0.1109799087], [78.31452052, 0.0232087242, 0.4684246852, -0.6988915467, 0.2808109652, -0.1552371292, 0.0426972868, -0.1405799382, 0.2184698745, -0.1696579273], [38.72141347, 0.0055176072, 0.1426867969, 0.1943727124, -0.1280926327, 0.0718453765, -0.0217060429, 0.0829657157, -0.1245611955, 0.0411381473], [19.13306359, 0.0031445846, 0.0929387262, 1.0361135919, -0.9537793805, 0.525773751, -0.1391241817, 0.4492313044, -0.7655773076, 0.9930541848], [9.34554064, 0.0004607124, 0.0232306464, 0.2626141253, -0.0422353432, 0.0201638951, -0.0136943468, 0.0349080406, 0.0454196412, -0.6396768379], [4.45086586, 0.0001781851, -0.0031742957, -0.1267686346, 1.0541080152, -0.8378775487, 0.2628172995, -1.2056038591, 2.147979658, -1.9410318798], [2.03183894, -7.56855e-05, -0.0016126249, -0.0408915598, 0.3248928868, -0.3964838724, 0.0993913427, 0.5682899564, -1.7434598196, 3.6018504183], [0.87066929, 3.65992e-05, 0.0002068927, 0.0007349372, 0.0139982831, 0.8863351232, -0.2957863828, 0.9403581481, -1.3586599759, -2.346333334], [0.34147598, -1.51071e-05, -9.14805e-05, -0.0007009845, 0.0168647478, 0.5480126667, -0.501983712, -0.1922763278, 2.8649308149, -0.2115088121], [0.11893832, 5.8215e-06, 3.66177e-05, 0.0002306016, -0.0017855486, -0.0040889684, 0.4012936792, -1.3781196527, -1.7164544585, 1.9831692389], [0.03550733, -2.1488e-06, -1.41275e-05, -9.22395e-05, 0.0006879657, 0.0254351638, 0.8667698628, 0.6781220542, -0.02489973, -2.3638636205], [0.0106002, 6.241e-07, 3.9799e-06, 2.50085e-05, -0.0002447711, -0.0024978973, 0.0032299041, 0.4465290241, 0.684248083, 1.4645723957]], [1, [1999053.9457, 5.27248e-05, -4.22635e-05, 1.30946e-05, -4.9249e-06, -7.3048e-06, 4.3447e-06], [321492.94665, 0.0002062575, -0.0001656169, 5.13657e-05, -1.93198e-05, -2.86616e-05, 1.7027e-05], [69812.056384, 0.0007907197, -0.0006363455, 0.000197712, -7.43577e-05, -0.0001102843, 6.56782e-05], [19170.076373, 0.0028024207, -0.002264492, 0.0007050579, -0.0002652092, -0.0003936378, 0.0002333715], [6305.3605866, 0.0095627773, -0.0077776077, 0.0024344086, -0.0009155802, -0.0013579797, 0.0008104196], [2376.8728903, 0.0304081438, -0.0250497846, 0.0078955451, -0.0029703482, -0.0044130515, 0.0026094783], [991.08412563, 0.0858604085, -0.0724292592, 0.0232269816, -0.0087378, -0.0129711589, 0.0077547693], [444.45398997, 0.1955859903, -0.1717398404, 0.0563532022, -0.0212133939, -0.0316035208, 0.0186048576], [209.69390666, 0.3155610848, -0.2911116024, 0.0989987042, -0.0372819372, -0.0554689629, 0.0333537151], [102.29811686, 0.2905358073, -0.2282088299, 0.0668567425, -0.0250422154, -0.0374428239, 0.0210996293], [50.88921302, 0.1591725371, 0.2080341786, -0.1627677359, 0.0633913839, 0.099232041, -0.0550030502], [25.50997433, 0.1299786618, 0.5917917452, -0.4481104632, 0.1774758008, 0.2882984752, -0.1694027739], [12.7434798, 0.0625434303, 0.2992606204, -0.0676100109, 0.0108147877, -0.0133784295, 0.0098207141], [6.27002774, 0.0032893684, 0.0040392694, 0.6422905592, -0.3270990029, -0.7392411815, 0.3365294551], [2.99728634, -0.0006558915, -0.0130864967, 0.4864450388, -0.2791426358, -0.0930687868, 0.2382128786], [1.36875252, -0.0004321153, -0.0031844737, 0.0628819747, 0.2842338164, 1.437166915, -0.6804512825], [0.58442767, 0.0001110347, 0.000417432, 0.0028540545, 0.6667205951, -0.615533406, -0.2295587724], [0.22701214, -4.69339e-05, -0.0001930291, -0.0002962991, 0.2702142984, -1.0704463494, 0.2950152407], [0.08817945, 1.45036e-05, 5.98307e-05, 0.0001287369, 0.0016271736, 1.1394985724, 0.7705007891]], [2, [5075.2324021, 0.0004624199, -0.000212402, -0.0001338418, 7.03252e-05], [1400.6417964, 0.0037918263, -0.0017568935, -0.0010946858, 0.0006244381], [508.75311079, 0.0209012836, -0.0097240779, -0.006121187, 0.0032341649], [217.04181128, 0.0790282781, -0.0374730955, -0.0233913319, 0.0133490101], [101.12993278, 0.2106341946, -0.1012553833, -0.0640717841, 0.0335018815], [49.31418858, 0.3724161614, -0.1765190844, -0.1116543118, 0.0648584305], [24.56993946, 0.3724484114, -0.128055937, -0.0882595432, 0.0322480645], [12.30281942, 0.148439962, 0.1923894925, 0.1729546348, -0.060142795], [6.06684041, 0.0098260817, 0.4912902906, 0.4780271086, -0.2393569992], [2.84408803, -0.0060274869, 0.3965132651, 0.0275202804, -0.0459067525], [1.19180063, -0.0014732962, 0.0922209987, -1.5212904072, 0.1481679239], [0.499418, 1.92511e-05, 0.0018946649, 1.1745898944, 0.8929833783]], [3, [267.83532496, 0.002136697, -0.0023682897, 0.0028860639], [91.41297085, 0.0173101959, -0.0192847672, 0.0233886013], [38.11144675, 0.0692400235, -0.0773233756, 0.0942762644], [17.45050795, 0.1795048421, -0.2008573225, 0.24774166], [8.22655234, 0.3013531728, -0.2941870723, 0.2935809324], [3.84017672, 0.3456940442, -0.1630393094, -0.1608245388], [1.72324813, 0.2910461118, 0.2530702283, -0.7001354408], [0.7167717, 0.1773588489, 0.5241741225, 0.2478955537], [0.26038487, 0.0581198269, 0.2828111484, 0.5517990419], [0.09459118, 0.0013117456, 0.0230907024, 0.1236695388]], [4, [10.85067572, 0.1594340766], [5.06864131, 0.2278265327], [2.46175491, 0.4089511043], [1.16532292, 0.3834860395], [0.46008995, 0.1687647303]]] ['Er 4f']:
 [47 48 49 50 51 52 53]
Option 2: threshold 0.5
Active from occupied = 7 , eig [0.99812417 0.99812576 0.99813482 0.99895279 0.99919427 0.99920004
 0.99920242]
Inactive from occupied = 167
Active from unoccupied = 0 , eig []
Inactive from unoccupied = 245
Dimensions of active 7
# of alpha electrons 7
# of beta electrons 4
  AVAS: ncas=7, nelec=11

[Step 3] SACASSCF(7,11)
Attempting SA-CASSCF with
fix_spin parameter 0.5 on spin multiplicity 4
35 states with spin multiplicity 4

******** <class 'pyscf.mcscf.addons.StateAverageCASSCF'> ********
CAS (7e+4e, 7o), ncore = 167, nvir = 245
max_cycle_macro = 50
max_cycle_micro = 4
conv_tol = 1e-07
conv_tol_grad = None
orbital rotation max_stepsize = 0.02
orbital rotation threshold for CI restart = 0.01
augmented hessian ah_max_cycle = 30
augmented hessian ah_conv_tol = 1e-12
augmented hessian ah_linear dependence = 1e-14
augmented hessian ah_level shift = 1e-08
augmented hessian ah_start_tol = 2.5
augmented hessian ah_start_cycle = 3
augmented hessian ah_grad_trust_region = 3
kf_trust_region = 3
kf_interval = 4
ci_response_space = 4
ci_grad_trust_region = 3
with_dep4 0
natorb = False
canonicalization = True
sorting_mo_energy = False
ao2mo_level = 2
chkfile = /tmp/tmpu5nfi75o
max_memory 4000 MB (current use 31658 MB)
internal_rotation = False
******** <class 'pyscf.mcscf.addons.StateAverageMixSpinPenaltyFCISolver'> ********
max. cycles = 100
conv_tol = 1e-10
davidson only = True
linear dependence = 1e-14
level shift = 0.001
max iter space = 12
max_memory 4000 MB
nroots = 35
pspace_size = 400
spin = 3
State-average over 35 states with weights [0.02857143 0.02857143 0.02857143 0.02857143 0.02857143 0.02857143
 0.02857143 0.02857143 0.02857143 0.02857143 0.02857143 0.02857143
 0.02857143 0.02857143 0.02857143 0.02857143 0.02857143 0.02857143
 0.02857143 0.02857143 0.02857143 0.02857143 0.02857143 0.02857143
 0.02857143 0.02857143 0.02857143 0.02857143 0.02857143 0.02857143
 0.02857143 0.02857143 0.02857143 0.02857143 0.02857143]
CASCI E = -35308.7177000985  S^2 = 3.7500000
Set conv_tol_grad to 0.000316228
macro iter   1 ( 21 JK    4 micro), CASSCF E = -35308.7325250184  dE = -1.48249199e-02  S^2 = 3.7500000
               |grad[o]|=0.324  |ddm|=3.36e-15  |maxRot[o]|=0.0208
macro iter   2 ( 24 JK    4 micro), CASSCF E = -35308.7344696039  dE = -1.94458554e-03  S^2 = 3.7500000
               |grad[o]|= 0.15  |ddm|=7.29e-15  |maxRot[o]|=0.00585
macro iter   3 ( 28 JK    4 micro), CASSCF E = -35308.7348229833  dE = -3.53379350e-04  S^2 = 3.7500000
               |grad[o]|=0.219  |ddm|=4.45e-15  |maxRot[o]|=0.00214
macro iter   4 ( 32 JK    4 micro), CASSCF E = -35308.7348661846  dE = -4.32013767e-05  S^2 = 3.7500000
               |grad[o]|=0.0407  |ddm|=8.74e-15  |maxRot[o]|=0.00128
macro iter   5 ( 33 JK    4 micro), CASSCF E = -35308.7348697318  dE = -3.54710210e-06  S^2 = 3.7500000
               |grad[o]|=0.0148  |ddm|=8.07e-15  |maxRot[o]|=0.000304
macro iter   6 ( 33 JK    4 micro), CASSCF E = -35308.7348700279  dE = -2.96146027e-07  S^2 = 3.7500000
               |grad[o]|=0.00176  |ddm|=6.14e-15  |maxRot[o]|=0.000108
macro iter   7 ( 12 JK    1 micro), CASSCF E = -35308.7348700426  dE = -1.46974344e-08  S^2 = 3.7500000
               |grad[o]|=0.00094  |ddm|=7.09e-15  |maxRot[o]|=1.34e-05
macro iter   8 ( 11 JK    1 micro), CASSCF E = -35308.7348700475  dE = -4.94765118e-09  S^2 = 3.7500000
               |grad[o]|=0.000761  |ddm|=1.07e-14  |maxRot[o]|=6.31e-06
macro iter   9 ( 13 JK    1 micro), CASSCF E = -35308.7348700499  dE = -2.39379006e-09  S^2 = 3.7500000
               |grad[o]|=0.000202  |ddm|=5.44e-15  |maxRot[o]|=6.02e-06
1-step CASSCF converged in   9 macro (207 JK  27 micro) steps
CASSCF canonicalization
Density matrix diagonal elements [1.57142857 1.57142857 1.57142857 1.57142857 1.57142857 1.57142857
 1.57142857]
CASSCF energy = -35308.7348700499
CASCI E = -35308.7348700499  E(CI) = -74.3971414391126  S^2 = 3.7500000
CASCI state-averaged energy = -35308.7348700499
CASCI energy for each state
  State 0 weight 0.0285714  E = -35308.8186818013 S^2 = 3.7500000
  State 1 weight 0.0285714  E = -35308.8185191739 S^2 = 3.7500000
  State 2 weight 0.0285714  E = -35308.8185147803 S^2 = 3.7500000
  State 3 weight 0.0285714  E = -35308.8185078859 S^2 = 3.7500000
  State 4 weight 0.0285714  E = -35308.818369593 S^2 = 3.7500000
  State 5 weight 0.0285714  E = -35308.817717035 S^2 = 3.7500000
  State 6 weight 0.0285714  E = -35308.8176933193 S^2 = 3.7500000
  State 7 weight 0.0285714  E = -35308.8175555207 S^2 = 3.7500000
  State 8 weight 0.0285714  E = -35308.8172024039 S^2 = 3.7500000
  State 9 weight 0.0285714  E = -35308.8171966047 S^2 = 3.7500000
  State 10 weight 0.0285714  E = -35308.8170272479 S^2 = 3.7500000
  State 11 weight 0.0285714  E = -35308.8170064419 S^2 = 3.7500000
  State 12 weight 0.0285714  E = -35308.8169881442 S^2 = 3.7500000
  State 13 weight 0.0285714  E = -35308.735350813 S^2 = 3.7500000
  State 14 weight 0.0285714  E = -35308.735248953 S^2 = 3.7500000
  State 15 weight 0.0285714  E = -35308.735241775 S^2 = 3.7500000
  State 16 weight 0.0285714  E = -35308.7349761085 S^2 = 3.7500000
  State 17 weight 0.0285714  E = -35308.7348957037 S^2 = 3.7500000
  State 18 weight 0.0285714  E = -35308.7347175408 S^2 = 3.7500000
  State 19 weight 0.0285714  E = -35308.7347080196 S^2 = 3.7500000
  State 20 weight 0.0285714  E = -35308.733860304 S^2 = 3.7500000
  State 21 weight 0.0285714  E = -35308.6886953917 S^2 = 3.7500000
  State 22 weight 0.0285714  E = -35308.6883236182 S^2 = 3.7500000
  State 23 weight 0.0285714  E = -35308.6883058343 S^2 = 3.7500000
  State 24 weight 0.0285714  E = -35308.6872900645 S^2 = 3.7500000
  State 25 weight 0.0285714  E = -35308.6872380741 S^2 = 3.7500000
  State 26 weight 0.0285714  E = -35308.6870861742 S^2 = 3.7500000
  State 27 weight 0.0285714  E = -35308.6868932927 S^2 = 3.7500000
  State 28 weight 0.0285714  E = -35308.6868834821 S^2 = 3.7500000
  State 29 weight 0.0285714  E = -35308.6867272741 S^2 = 3.7500000
  State 30 weight 0.0285714  E = -35308.6051201454 S^2 = 3.7500000
  State 31 weight 0.0285714  E = -35308.6050700727 S^2 = 3.7500000
  State 32 weight 0.0285714  E = -35308.6050237061 S^2 = 3.7500000
  State 33 weight 0.0285714  E = -35308.604565603 S^2 = 3.7500000
  State 34 weight 0.0285714  E = -35308.6032498451 S^2 = 3.7500000
  CASSCF E_min = -35308.81868180 H

[Step 4] NEVPT2
sacasscf_nevpt2_casci_ver

******** <class 'embed_sim.nevpt2.NEVPT'> ********
NEVPT2 (7e+4e, 7o), ncore = 167, nvir = 245
spin = 3  root = 0
Sr    (-1)',   E = -0.00281938803590
Si    (+1)',   E = -0.00013396941904
Sijrs (0)  ,   E = -2.90396395663742
Sijr  (+1) ,   E = -0.06846736645068
Srsi  (-1) ,   E = -0.55127065137993
Srs   (-2) ,   E = -0.31823524310549
Sij   (+2) ,   E = -0.00173918358518
Sir   (0)' ,   E = -0.08441136318090
Nevpt2 Energy = -3.931041121794558

******** <class 'embed_sim.nevpt2.NEVPT'> ********
NEVPT2 (7e+4e, 7o), ncore = 167, nvir = 245
spin = 3  root = 1
Sr    (-1)',   E = -0.00281420518956
Si    (+1)',   E = -0.00013306743812
Sijrs (0)  ,   E = -2.90396401830873
Sijr  (+1) ,   E = -0.06841477642718
Srsi  (-1) ,   E = -0.55125770399433
Srs   (-2) ,   E = -0.31815699755414
Sij   (+2) ,   E = -0.00173928945556
Sir   (0)' ,   E = -0.08438386479594
Nevpt2 Energy = -3.930863923163553

******** <class 'embed_sim.nevpt2.NEVPT'> ********
NEVPT2 (7e+4e, 7o), ncore = 167, nvir = 245
spin = 3  root = 2
Sr    (-1)',   E = -0.00281438163575
Si    (+1)',   E = -0.00013286629844
Sijrs (0)  ,   E = -2.90396270275656
Sijr  (+1) ,   E = -0.06841830809188
Srsi  (-1) ,   E = -0.55119627670865
Srs   (-2) ,   E = -0.31806824171228
Sij   (+2) ,   E = -0.00173959195433
Sir   (0)' ,   E = -0.08438465261641
Nevpt2 Energy = -3.930717021774298

******** <class 'embed_sim.nevpt2.NEVPT'> ********
NEVPT2 (7e+4e, 7o), ncore = 167, nvir = 245
spin = 3  root = 3
Sr    (-1)',   E = -0.00281379878196
Si    (+1)',   E = -0.00013308297356
Sijrs (0)  ,   E = -2.90396418564014
Sijr  (+1) ,   E = -0.06841018604462
Srsi  (-1) ,   E = -0.55126428982631
Srs   (-2) ,   E = -0.31816133574055
Sij   (+2) ,   E = -0.00173921713800
Sir   (0)' ,   E = -0.08438122455357
Nevpt2 Energy = -3.930867320698703

******** <class 'embed_sim.nevpt2.NEVPT'> ********
NEVPT2 (7e+4e, 7o), ncore = 167, nvir = 245
spin = 3  root = 4
Sr    (-1)',   E = -0.00281011657318
Si    (+1)',   E = -0.00013251708580
Sijrs (0)  ,   E = -2.90396274255973
Sijr  (+1) ,   E = -0.06837057789970
Srsi  (-1) ,   E = -0.55116059795693
Srs   (-2) ,   E = -0.31796032373867
Sij   (+2) ,   E = -0.00173936332561
Sir   (0)' ,   E = -0.08436000331808
Nevpt2 Energy = -3.930496242457707

******** <class 'embed_sim.nevpt2.NEVPT'> ********
NEVPT2 (7e+4e, 7o), ncore = 167, nvir = 245
spin = 3  root = 5
Sr    (-1)',   E = -0.00280670744822
Si    (+1)',   E = -0.00013372880107
Sijrs (0)  ,   E = -2.90397231525459
Sijr  (+1) ,   E = -0.06828405142337
Srsi  (-1) ,   E = -0.55128565272693
Srs   (-2) ,   E = -0.31813877718396
Sij   (+2) ,   E = -0.00173770866662
Sir   (0)' ,   E = -0.08429886937607
Nevpt2 Energy = -3.930657810880819

******** <class 'embed_sim.nevpt2.NEVPT'> ********
NEVPT2 (7e+4e, 7o), ncore = 167, nvir = 245
spin = 3  root = 6
Sr    (-1)',   E = -0.00280651337981
Si    (+1)',   E = -0.00013374316563
Sijrs (0)  ,   E = -2.90397248696330
Sijr  (+1) ,   E = -0.06828076636233
Srsi  (-1) ,   E = -0.55128659195997
Srs   (-2) ,   E = -0.31813768880444
Sij   (+2) ,   E = -0.00173769057612
Sir   (0)' ,   E = -0.08429631546967
Nevpt2 Energy = -3.930651796681277

******** <class 'embed_sim.nevpt2.NEVPT'> ********
NEVPT2 (7e+4e, 7o), ncore = 167, nvir = 245
spin = 3  root = 7
Sr    (-1)',   E = -0.00280120221909
Si    (+1)',   E = -0.00013386352558
Sijrs (0)  ,   E = -2.90397409274650
Sijr  (+1) ,   E = -0.06826945059539
Srsi  (-1) ,   E = -0.55110940664319
Srs   (-2) ,   E = -0.31784789330892
Sij   (+2) ,   E = -0.00173842710294
Sir   (0)' ,   E = -0.08429134118415
Nevpt2 Energy = -3.930165677325761

******** <class 'embed_sim.nevpt2.NEVPT'> ********
NEVPT2 (7e+4e, 7o), ncore = 167, nvir = 245
spin = 3  root = 8
Sr    (-1)',   E = -0.00279611337444
Si    (+1)',   E = -0.00013467484586
Sijrs (0)  ,   E = -2.90397882426944
Sijr  (+1) ,   E = -0.06821344869747
Srsi  (-1) ,   E = -0.55111778542151
Srs   (-2) ,   E = -0.31782799364180
Sij   (+2) ,   E = -0.00173746044597
Sir   (0)' ,   E = -0.08424908452083
Nevpt2 Energy = -3.930055385217310

******** <class 'embed_sim.nevpt2.NEVPT'> ********
NEVPT2 (7e+4e, 7o), ncore = 167, nvir = 245
spin = 3  root = 9
Sr    (-1)',   E = -0.00279880172731
Si    (+1)',   E = -0.00013338629237
Sijrs (0)  ,   E = -2.90397635816534
Sijr  (+1) ,   E = -0.06820675033513
Srsi  (-1) ,   E = -0.55117858702946
Srs   (-2) ,   E = -0.31791060730735
Sij   (+2) ,   E = -0.00173811863942
Sir   (0)' ,   E = -0.08424622690845
Nevpt2 Energy = -3.930188836404829

******** <class 'embed_sim.nevpt2.NEVPT'> ********
NEVPT2 (7e+4e, 7o), ncore = 167, nvir = 245
spin = 3  root = 10
Sr    (-1)',   E = -0.00279807108875
Si    (+1)',   E = -0.00013228015101
Sijrs (0)  ,   E = -2.90397615914774
Sijr  (+1) ,   E = -0.06815031509575
Srsi  (-1) ,   E = -0.55131923472665
Srs   (-2) ,   E = -0.31808138492670
Sij   (+2) ,   E = -0.00173740082416
Sir   (0)' ,   E = -0.08421882431335
Nevpt2 Energy = -3.930413670274122

******** <class 'embed_sim.nevpt2.NEVPT'> ********
NEVPT2 (7e+4e, 7o), ncore = 167, nvir = 245
spin = 3  root = 11
Sr    (-1)',   E = -0.00279822237403
Si    (+1)',   E = -0.00013369739311
Sijrs (0)  ,   E = -2.90398044054169
Sijr  (+1) ,   E = -0.06816646615265
Srsi  (-1) ,   E = -0.55131945929296
Srs   (-2) ,   E = -0.31809375488912
Sij   (+2) ,   E = -0.00173762759242
Sir   (0)' ,   E = -0.08422593688826
Nevpt2 Energy = -3.930455605124226

******** <class 'embed_sim.nevpt2.NEVPT'> ********
NEVPT2 (7e+4e, 7o), ncore = 167, nvir = 245
spin = 3  root = 12
Sr    (-1)',   E = -0.00279829729052
Si    (+1)',   E = -0.00013366928373
Sijrs (0)  ,   E = -2.90398050757003
Sijr  (+1) ,   E = -0.06816395273049
Srsi  (-1) ,   E = -0.55132273468960
Srs   (-2) ,   E = -0.31809586287923
Sij   (+2) ,   E = -0.00173767096850
Sir   (0)' ,   E = -0.08422424149730
Nevpt2 Energy = -3.930456936909393

******** <class 'embed_sim.nevpt2.NEVPT'> ********
NEVPT2 (7e+4e, 7o), ncore = 167, nvir = 245
spin = 3  root = 13
Sr    (-1)',   E = -0.00506500933645
Si    (+1)',   E = -0.00078143483895
Sijrs (0)  ,   E = -2.90396587849307
Sijr  (+1) ,   E = -0.06863343909319
Srsi  (-1) ,   E = -0.55194162511278
Srs   (-2) ,   E = -0.32264263738231
Sij   (+2) ,   E = -0.00705824767331
Sir   (0)' ,   E = -0.08700473224310
Nevpt2 Energy = -3.947093004173158

******** <class 'embed_sim.nevpt2.NEVPT'> ********
NEVPT2 (7e+4e, 7o), ncore = 167, nvir = 245
spin = 3  root = 14
Sr    (-1)',   E = -0.00506063116090
Si    (+1)',   E = -0.00078018280070
Sijrs (0)  ,   E = -2.90396559139902
Sijr  (+1) ,   E = -0.06858202050180
Srsi  (-1) ,   E = -0.55195027889390
Srs   (-2) ,   E = -0.32260668921803
Sij   (+2) ,   E = -0.00705714979358
Sir   (0)' ,   E = -0.08697090918294
Nevpt2 Energy = -3.946973452950884

******** <class 'embed_sim.nevpt2.NEVPT'> ********
NEVPT2 (7e+4e, 7o), ncore = 167, nvir = 245
spin = 3  root = 15
Sr    (-1)',   E = -0.00506041692599
Si    (+1)',   E = -0.00078022090048
Sijrs (0)  ,   E = -2.90396592935629
Sijr  (+1) ,   E = -0.06858205845426
Srsi  (-1) ,   E = -0.55194803453749
Srs   (-2) ,   E = -0.32260548923865
Sij   (+2) ,   E = -0.00705705403158
Sir   (0)' ,   E = -0.08697149248403
Nevpt2 Energy = -3.946970695928775

******** <class 'embed_sim.nevpt2.NEVPT'> ********
NEVPT2 (7e+4e, 7o), ncore = 167, nvir = 245
spin = 3  root = 16
Sr    (-1)',   E = -0.00506892361471
Si    (+1)',   E = -0.00078209318287
Sijrs (0)  ,   E = -2.90397071929440
Sijr  (+1) ,   E = -0.06858398490554
Srsi  (-1) ,   E = -0.55192766642589
Srs   (-2) ,   E = -0.32259681077710
Sij   (+2) ,   E = -0.00705706991569
Sir   (0)' ,   E = -0.08696322525609
Nevpt2 Energy = -3.946950493372302

******** <class 'embed_sim.nevpt2.NEVPT'> ********
NEVPT2 (7e+4e, 7o), ncore = 167, nvir = 245
spin = 3  root = 17
Sr    (-1)',   E = -0.00446384908901
Si    (+1)',   E = -0.00459344466297
Sijrs (0)  ,   E = -2.90396998799602
Sijr  (+1) ,   E = -0.06856219527136
Srsi  (-1) ,   E = -0.55191160511089
Srs   (-2) ,   E = -0.32284020315755
Sij   (+2) ,   E = -0.00785311099944
Sir   (0)' ,   E = -0.08571326795268
Nevpt2 Energy = -3.949907664239926

******** <class 'embed_sim.nevpt2.NEVPT'> ********
NEVPT2 (7e+4e, 7o), ncore = 167, nvir = 245
spin = 3  root = 18
Sr    (-1)',   E = -0.00505771066445
Si    (+1)',   E = -0.00078060481375
Sijrs (0)  ,   E = -2.90397654423146
Sijr  (+1) ,   E = -0.06854751283604
Srsi  (-1) ,   E = -0.55192500715308
Srs   (-2) ,   E = -0.32257895800791
Sij   (+2) ,   E = -0.00705502547144
Sir   (0)' ,   E = -0.08694817800324
Nevpt2 Energy = -3.946869541181385

******** <class 'embed_sim.nevpt2.NEVPT'> ********
NEVPT2 (7e+4e, 7o), ncore = 167, nvir = 245
spin = 3  root = 19
Sr    (-1)',   E = -0.00505730209239
Si    (+1)',   E = -0.00078055797991
Sijrs (0)  ,   E = -2.90397656398795
Sijr  (+1) ,   E = -0.06854581662630
Srsi  (-1) ,   E = -0.55192576372369
Srs   (-2) ,   E = -0.32257880645633
Sij   (+2) ,   E = -0.00705506105497
Sir   (0)' ,   E = -0.08694745491494
Nevpt2 Energy = -3.946867326836495

******** <class 'embed_sim.nevpt2.NEVPT'> ********
NEVPT2 (7e+4e, 7o), ncore = 167, nvir = 245
spin = 3  root = 20
Sr    (-1)',   E = -0.00504751146398
Si    (+1)',   E = -0.00078174797286
Sijrs (0)  ,   E = -2.90398391795139
Sijr  (+1) ,   E = -0.06842056555474
Srsi  (-1) ,   E = -0.55195065204527
Srs   (-2) ,   E = -0.32254827202210
Sij   (+2) ,   E = -0.00705516346946
Sir   (0)' ,   E = -0.08688275905235
Nevpt2 Energy = -3.946670589532162

******** <class 'embed_sim.nevpt2.NEVPT'> ********
NEVPT2 (7e+4e, 7o), ncore = 167, nvir = 245
spin = 3  root = 21
Sr    (-1)',   E = -0.00724758803614
Si    (+1)',   E = -0.00062576692933
Sijrs (0)  ,   E = -2.90395317461739
Sijr  (+1) ,   E = -0.06890398718298
Srsi  (-1) ,   E = -0.55246862677519
Srs   (-2) ,   E = -0.32486612540311
Sij   (+2) ,   E = -0.00844956678478
Sir   (0)' ,   E = -0.09122527336771
Nevpt2 Energy = -3.957740109096629

******** <class 'embed_sim.nevpt2.NEVPT'> ********
NEVPT2 (7e+4e, 7o), ncore = 167, nvir = 245
spin = 3  root = 22
Sr    (-1)',   E = -0.00724946422557
Si    (+1)',   E = -0.00062470397013
Sijrs (0)  ,   E = -2.90395765458434
Sijr  (+1) ,   E = -0.06883568313118
Srsi  (-1) ,   E = -0.55249396259324
Srs   (-2) ,   E = -0.32484870756145
Sij   (+2) ,   E = -0.00844943813880
Sir   (0)' ,   E = -0.09118977545258
Nevpt2 Energy = -3.957649389657282

******** <class 'embed_sim.nevpt2.NEVPT'> ********
NEVPT2 (7e+4e, 7o), ncore = 167, nvir = 245
spin = 3  root = 23
Sr    (-1)',   E = -0.00724965043023
Si    (+1)',   E = -0.00062466019982
Sijrs (0)  ,   E = -2.90395771993494
Sijr  (+1) ,   E = -0.06883299958679
Srsi  (-1) ,   E = -0.55249550758156
Srs   (-2) ,   E = -0.32484855336517
Sij   (+2) ,   E = -0.00844951561102
Sir   (0)' ,   E = -0.09118818756168
Nevpt2 Energy = -3.957646794271212

******** <class 'embed_sim.nevpt2.NEVPT'> ********
NEVPT2 (7e+4e, 7o), ncore = 167, nvir = 245
spin = 3  root = 24
Sr    (-1)',   E = -0.00723638310358
Si    (+1)',   E = -0.00061871401235
Sijrs (0)  ,   E = -2.90397599548219
Sijr  (+1) ,   E = -0.06868491776729
Srsi  (-1) ,   E = -0.55245322822281
Srs   (-2) ,   E = -0.32472009893375
Sij   (+2) ,   E = -0.00844725513931
Sir   (0)' ,   E = -0.09106768012405
Nevpt2 Energy = -3.957204272785334

******** <class 'embed_sim.nevpt2.NEVPT'> ********
NEVPT2 (7e+4e, 7o), ncore = 167, nvir = 245
spin = 3  root = 25
Sr    (-1)',   E = -0.00723533820912
Si    (+1)',   E = -0.00062043154109
Sijrs (0)  ,   E = -2.90397611523688
Sijr  (+1) ,   E = -0.06866852677079
Srsi  (-1) ,   E = -0.55238805040551
Srs   (-2) ,   E = -0.32461365095510
Sij   (+2) ,   E = -0.00844592879364
Sir   (0)' ,   E = -0.09106767991014
Nevpt2 Energy = -3.957015721822259

******** <class 'embed_sim.nevpt2.NEVPT'> ********
NEVPT2 (7e+4e, 7o), ncore = 167, nvir = 245
spin = 3  root = 26
Sr    (-1)',   E = -0.00723592626641
Si    (+1)',   E = -0.00061804369170
Sijrs (0)  ,   E = -2.90397908174723
Sijr  (+1) ,   E = -0.06864319604588
Srsi  (-1) ,   E = -0.55247329007345
Srs   (-2) ,   E = -0.32473697817340
Sij   (+2) ,   E = -0.00844658416339
Sir   (0)' ,   E = -0.09104773763912
Nevpt2 Energy = -3.957180837800575

******** <class 'embed_sim.nevpt2.NEVPT'> ********
NEVPT2 (7e+4e, 7o), ncore = 167, nvir = 245
spin = 3  root = 27
Sr    (-1)',   E = -0.00723600265976
Si    (+1)',   E = -0.00061637293935
Sijrs (0)  ,   E = -2.90398144630475
Sijr  (+1) ,   E = -0.06862332829348
Srsi  (-1) ,   E = -0.55243574281027
Srs   (-2) ,   E = -0.32466890807865
Sij   (+2) ,   E = -0.00844570485214
Sir   (0)' ,   E = -0.09102898876185
Nevpt2 Energy = -3.957036494700259

******** <class 'embed_sim.nevpt2.NEVPT'> ********
NEVPT2 (7e+4e, 7o), ncore = 167, nvir = 245
spin = 3  root = 28
Sr    (-1)',   E = -0.00723572178580
Si    (+1)',   E = -0.00061629431216
Sijrs (0)  ,   E = -2.90398160489095
Sijr  (+1) ,   E = -0.06862206937904
Srsi  (-1) ,   E = -0.55243589749833
Srs   (-2) ,   E = -0.32466912219527
Sij   (+2) ,   E = -0.00844560877219
Sir   (0)' ,   E = -0.09102760624680
Nevpt2 Energy = -3.957033925080537

******** <class 'embed_sim.nevpt2.NEVPT'> ********
NEVPT2 (7e+4e, 7o), ncore = 167, nvir = 245
spin = 3  root = 29
Sr    (-1)',   E = -0.00723949206379
Si    (+1)',   E = -0.00061634032532
Sijrs (0)  ,   E = -2.90398137373351
Sijr  (+1) ,   E = -0.06859258428553
Srsi  (-1) ,   E = -0.55247664130154
Srs   (-2) ,   E = -0.32471447943145
Sij   (+2) ,   E = -0.00844628081939
Sir   (0)' ,   E = -0.09101165499770
Nevpt2 Energy = -3.957078846958233

******** <class 'embed_sim.nevpt2.NEVPT'> ********
NEVPT2 (7e+4e, 7o), ncore = 167, nvir = 245
spin = 3  root = 30
Sr    (-1)',   E = -0.00936064665128
Si    (+1)',   E = -0.00093967197357
Sijrs (0)  ,   E = -2.90397127697789
Sijr  (+1) ,   E = -0.06901923366060
Srsi  (-1) ,   E = -0.55318277150415
Srs   (-2) ,   E = -0.32888709609133
Sij   (+2) ,   E = -0.01276232945837
Sir   (0)' ,   E = -0.09544550629479
Nevpt2 Energy = -3.973568532611980

******** <class 'embed_sim.nevpt2.NEVPT'> ********
NEVPT2 (7e+4e, 7o), ncore = 167, nvir = 245
spin = 3  root = 31
Sr    (-1)',   E = -0.00936204783940
Si    (+1)',   E = -0.00093966897443
Sijrs (0)  ,   E = -2.90397185600671
Sijr  (+1) ,   E = -0.06901784143320
Srsi  (-1) ,   E = -0.55318327175654
Srs   (-2) ,   E = -0.32888747905133
Sij   (+2) ,   E = -0.01276235402914
Sir   (0)' ,   E = -0.09544467395741
Nevpt2 Energy = -3.973569193048156

******** <class 'embed_sim.nevpt2.NEVPT'> ********
NEVPT2 (7e+4e, 7o), ncore = 167, nvir = 245
spin = 3  root = 32
Sr    (-1)',   E = -0.00935568138482
Si    (+1)',   E = -0.00094112566545
Sijrs (0)  ,   E = -2.90397289251975
Sijr  (+1) ,   E = -0.06906221582767
Srsi  (-1) ,   E = -0.55316922888412
Srs   (-2) ,   E = -0.32889299705592
Sij   (+2) ,   E = -0.01276375387377
Sir   (0)' ,   E = -0.09547953357825
Nevpt2 Energy = -3.973637428789770

******** <class 'embed_sim.nevpt2.NEVPT'> ********
NEVPT2 (7e+4e, 7o), ncore = 167, nvir = 245
spin = 3  root = 33
Sr    (-1)',   E = -0.00936825800407
Si    (+1)',   E = -0.00093760760668
Sijrs (0)  ,   E = -2.90398118671964
Sijr  (+1) ,   E = -0.06892237475280
Srsi  (-1) ,   E = -0.55318017668509
Srs   (-2) ,   E = -0.32884034983791
Sij   (+2) ,   E = -0.01275994965428
Sir   (0)' ,   E = -0.09538160121308
Nevpt2 Energy = -3.973371504473559

******** <class 'embed_sim.nevpt2.NEVPT'> ********
NEVPT2 (7e+4e, 7o), ncore = 167, nvir = 245
spin = 3  root = 34
Sr    (-1)',   E = -0.00936787028215
Si    (+1)',   E = -0.00093576321778
Sijrs (0)  ,   E = -2.90400154703134
Sijr  (+1) ,   E = -0.06883028430360
Srsi  (-1) ,   E = -0.55315002402210
Srs   (-2) ,   E = -0.32877868541373
Sij   (+2) ,   E = -0.01275736031888
Sir   (0)' ,   E = -0.09530663828551
Nevpt2 Energy = -3.973128172875093
  NEVPT2 corrections: -872112.60 to -862547.45 cm^-1

[Step 5] SISO
Attempting SA-CASSCF with
fix_spin parameter 0.5 on spin multiplicity 4
35 states with spin multiplicity 4
    CPU time for 2e SOC J/K1/K2 integrals    208.12 sec, wall time     22.53 sec
state 0 energy 0.0
(S, MS, I), [3 1 0]	 coeff	 -0.342-0.311j	 |coeff| ** 2	 0.214
(S, MS, I), [3 3 3]	 coeff	 0.382+0.077j	 |coeff| ** 2	 0.152
(S, MS, I), [3 3 1]	 coeff	 0.091-0.374j	 |coeff| ** 2	 0.148
(S, MS, I), [3 1 2]	 coeff	 -0.128+0.196j	 |coeff| ** 2	 0.055
(S, MS, I), [ 3 -1  5]	 coeff	 -0.050+0.206j	 |coeff| ** 2	 0.045
(S, MS, I), [ 3 -1  6]	 coeff	 -0.199-0.056j	 |coeff| ** 2	 0.043
(S, MS, I), [ 3 -1  3]	 coeff	 0.007-0.193j	 |coeff| ** 2	 0.037
(S, MS, I), [ 3 -1  0]	 coeff	 -0.179+0.050j	 |coeff| ** 2	 0.035
(S, MS, I), [ 3 -1  1]	 coeff	 0.170+0.027j	 |coeff| ** 2	 0.030
(S, MS, I), [ 3 -3  3]	 coeff	 -0.157-0.040j	 |coeff| ** 2	 0.026
state 1 energy 6.387552421074361e-06
(S, MS, I), [ 3 -1  0]	 coeff	 0.288-0.362j	 |coeff| ** 2	 0.214
(S, MS, I), [ 3 -3  3]	 coeff	 0.365-0.137j	 |coeff| ** 2	 0.152
(S, MS, I), [ 3 -3  1]	 coeff	 0.149+0.355j	 |coeff| ** 2	 0.148
(S, MS, I), [ 3 -1  2]	 coeff	 0.157+0.173j	 |coeff| ** 2	 0.055
(S, MS, I), [3 1 5]	 coeff	 -0.082-0.195j	 |coeff| ** 2	 0.045
(S, MS, I), [3 1 6]	 coeff	 -0.187+0.087j	 |coeff| ** 2	 0.043
(S, MS, I), [3 1 3]	 coeff	 0.037+0.190j	 |coeff| ** 2	 0.037
(S, MS, I), [3 1 0]	 coeff	 -0.185-0.021j	 |coeff| ** 2	 0.035
(S, MS, I), [3 1 1]	 coeff	 0.164-0.054j	 |coeff| ** 2	 0.030
(S, MS, I), [3 3 3]	 coeff	 0.149-0.065j	 |coeff| ** 2	 0.026
state 2 energy 26.20246182467061
(S, MS, I), [ 3 -3  0]	 coeff	 -0.522+0.000j	 |coeff| ** 2	 0.272
(S, MS, I), [ 3 -3  2]	 coeff	 0.066-0.497j	 |coeff| ** 2	 0.251
(S, MS, I), [ 3 -1  6]	 coeff	 0.290+0.134j	 |coeff| ** 2	 0.102
(S, MS, I), [ 3 -1  5]	 coeff	 -0.159+0.265j	 |coeff| ** 2	 0.095
(S, MS, I), [3 1 4]	 coeff	 0.214-0.118j	 |coeff| ** 2	 0.060
(S, MS, I), [ 3 -3  1]	 coeff	 -0.043+0.220j	 |coeff| ** 2	 0.050
(S, MS, I), [ 3 -3  9]	 coeff	 -0.185-0.035j	 |coeff| ** 2	 0.035
(S, MS, I), [ 3 -3  3]	 coeff	 -0.030-0.152j	 |coeff| ** 2	 0.024
(S, MS, I), [ 3 -1  3]	 coeff	 -0.103-0.089j	 |coeff| ** 2	 0.018
(S, MS, I), [3 1 7]	 coeff	 -0.116-0.063j	 |coeff| ** 2	 0.017
state 3 energy 26.202463421558715
(S, MS, I), [3 3 0]	 coeff	 0.088-0.514j	 |coeff| ** 2	 0.272
(S, MS, I), [3 3 2]	 coeff	 -0.501-0.019j	 |coeff| ** 2	 0.251
(S, MS, I), [3 1 6]	 coeff	 -0.083-0.309j	 |coeff| ** 2	 0.102
(S, MS, I), [3 1 5]	 coeff	 -0.288+0.112j	 |coeff| ** 2	 0.095
(S, MS, I), [ 3 -1  4]	 coeff	 -0.152+0.191j	 |coeff| ** 2	 0.060
(S, MS, I), [3 3 1]	 coeff	 0.224-0.006j	 |coeff| ** 2	 0.050
(S, MS, I), [3 3 9]	 coeff	 -0.003-0.188j	 |coeff| ** 2	 0.035
(S, MS, I), [3 3 3]	 coeff	 -0.145-0.055j	 |coeff| ** 2	 0.024
(S, MS, I), [3 1 3]	 coeff	 0.070+0.117j	 |coeff| ** 2	 0.018
(S, MS, I), [ 3 -1  7]	 coeff	 -0.043-0.125j	 |coeff| ** 2	 0.017
mag energy [0.00000000e+00 6.38755242e-06 2.62024618e+01 2.62024634e+01
 4.59473892e+01 4.59473924e+01 8.03925770e+01 8.03925834e+01
 2.78492747e+02 2.78492755e+02 3.14787398e+02 3.14787400e+02
 3.42748829e+02 3.42748831e+02 3.61917515e+02 3.61917516e+02
 6.15514258e+03 6.15514258e+03 6.16191166e+03 6.16191167e+03]

******** siso.analyze ********

WARN: Picture change is only needed when X2C is applied.

states = 0
with_x2c = None
picture_change = False
gauge = length

The oscillator strength and transition dipole moment for state 0
        Energy (cm-1)            Energy (nm)   Energy (eV)     fosc     D**2 (a.u.**2)   |Dx| (a.u.)   |Dy| (a.u.)   |Dz| (a.u.)  
----------------------------------------------------------------------------------------------------------------------------------
    0        0.000000               0.000000     0.000000    0.000000      0.008413        0.015524      0.025998      0.086583   
    1        0.000006   1565544873835.764893     0.000000    0.000000      0.000000        0.000000      0.000000      0.000000   
    2       26.202462          381643.527089     0.003249    0.000000      0.000002        0.000876      0.000851      0.000836   
    3       26.202464          381643.503830     0.003249    0.000000      0.000007        0.001817      0.002012      0.000112   
    4       45.947389          217640.221184     0.005697    0.000000      0.000001        0.000729      0.000535      0.000310   
    5       45.947393          217640.206056     0.005697    0.000000      0.000001        0.000426      0.000629      0.000263   
    6       80.392577          124389.593155     0.009967    0.000000      0.000007        0.001660      0.001679      0.001209   
    7       80.392584          124389.583272     0.009967    0.000000      0.000011        0.000598      0.000835      0.003091   
    8      278.492749           35907.577664     0.034529    0.000000      0.000002        0.000780      0.000845      0.000651   
    9      278.492757           35907.576635     0.034529    0.000000      0.000004        0.000615      0.000214      0.001814   
   10      314.787400           31767.472296     0.039029    0.000000      0.000001        0.000371      0.000379      0.000529   
   11      314.787401           31767.472134     0.039029    0.000000      0.000002        0.001046      0.000871      0.000300   
   12      342.748831           29175.883629     0.042495    0.000000      0.000000        0.000259      0.000337      0.000056   
   13      342.748832           29175.883493     0.042495    0.000000      0.000000        0.000368      0.000263      0.000095   
   14      361.917516           27630.605173     0.044872    0.000000      0.000001        0.000574      0.000437      0.000110   
   15      361.917518           27630.605051     0.044872    0.000000      0.000004        0.001126      0.001265      0.000881   
   16     6155.142606            1624.657728     0.763140    0.000000      0.000002        0.001303      0.000630      0.000243   
   17     6155.142608            1624.657727     0.763140    0.000000      0.000001        0.000481      0.000071      0.000856   
   18     6161.911694            1622.872981     0.763980    0.000000      0.000001        0.000426      0.000733      0.000555   
   19     6161.911697            1622.872980     0.763980    0.000000      0.000001        0.000254      0.001056      0.000431   
   20     6210.608409            1610.148208     0.770017    0.000000      0.000002        0.000780      0.001258      0.000229   
   21     6210.608413            1610.148207     0.770017    0.000000      0.000004        0.001514      0.001235      0.000250   
   22     6305.935387            1585.807558     0.781836    0.000000      0.000007        0.000190      0.000663      0.002486   
   23     6305.935390            1585.807558     0.781836    0.000000      0.000002        0.000618      0.000757      0.001153   
   24     6314.512070            1583.653636     0.782900    0.000000      0.000001        0.000258      0.000433      0.000590   
   25     6314.512074            1583.653635     0.782900    0.000000      0.000000        0.000341      0.000250      0.000044   
   26     6347.357135            1575.458854     0.786972    0.000000      0.000001        0.000485      0.000481      0.000895   
   27     6347.357135            1575.458854     0.786972    0.000000      0.000007        0.000602      0.000242      0.002561   
   28     6379.681783            1567.476300     0.790980    0.000000      0.000003        0.000702      0.001617      0.000134   
   29     6379.681785            1567.476300     0.790980    0.000000      0.000013        0.002741      0.002300      0.000345   
   30    11435.685643             874.455657     1.417844    0.000000      0.000001        0.000192      0.000635      0.000889   
   31    11435.685650             874.455656     1.417844    0.000000      0.000001        0.000675      0.000510      0.000260   
   32    11456.722102             872.850010     1.420452    0.000000      0.000000        0.000172      0.000037      0.000091   
   33    11456.722103             872.850010     1.420452    0.000000      0.000000        0.000062      0.000049      0.000071   
   34    11561.157735             864.965277     1.433401    0.000000      0.000001        0.000400      0.000617      0.000174   
   35    11561.157735             864.965277     1.433401    0.000000      0.000000        0.000424      0.000227      0.000217   
   36    11570.403578             864.274088     1.434547    0.000000      0.000001        0.000405      0.000568      0.000885   
   37    11570.403580             864.274088     1.434547    0.000000      0.000003        0.001209      0.001125      0.000372   
   38    11592.224048             862.647233     1.437253    0.000000      0.000001        0.000374      0.000610      0.000154   
   39    11592.224061             862.647232     1.437253    0.000000      0.000000        0.000339      0.000236      0.000049   
   40    11635.259402             859.456558     1.442588    0.000000      0.000006        0.000262      0.000198      0.002412   
   41    11635.259404             859.456558     1.442588    0.000000      0.000002        0.000609      0.000583      0.001087   
   42    15803.657058             632.764933     1.959404    0.000000      0.000000        0.000054      0.000022      0.000233   
   43    15803.657064             632.764933     1.959404    0.000000      0.000000        0.000051      0.000051      0.000077   
   44    15967.129159             626.286661     1.979672    0.000000      0.000000        0.000058      0.000025      0.000009   
   45    15967.129159             626.286661     1.979672    0.000000      0.000000        0.000089      0.000110      0.000014   
   46    16048.020822             623.129800     1.989701    0.000000      0.000000        0.000150      0.000098      0.000042   
   47    16048.020822             623.129800     1.989701    0.000000      0.000000        0.000062      0.000030      0.000123   
   48    16052.134330             622.970117     1.990211    0.000000      0.000000        0.000144      0.000167      0.000328   
   49    16052.134332             622.970117     1.990211    0.000000      0.000000        0.000346      0.000373      0.000124   
   50    16167.839040             618.511848     2.004557    0.000000      0.000000        0.000416      0.000420      0.000054   
   51    16167.839043             618.511848     2.004557    0.000000      0.000000        0.000184      0.000159      0.000261   
   52    18354.873923             544.814421     2.275714    0.000000      0.000000        0.000313      0.000290      0.000118   
   53    18354.873928             544.814420     2.275714    0.000000      0.000000        0.000128      0.000041      0.000248   
   54    18376.732166             544.166390     2.278424    0.000000      0.000000        0.000392      0.000344      0.000076   
   55    18376.732172             544.166390     2.278424    0.000000      0.000000        0.000152      0.000123      0.000224   
   56    18392.206082             543.708566     2.280343    0.000000      0.000002        0.000790      0.000865      0.000452   
   57    18392.206083             543.708566     2.280343    0.000000      0.000001        0.000238      0.000454      0.001090   
   58    18496.299341             540.648690     2.293249    0.000000      0.000007        0.001820      0.001849      0.000253   
   59    18496.299342             540.648690     2.293249    0.000000      0.000002        0.000846      0.000672      0.001143   
   60    18541.848787             539.320545     2.298896    0.000000      0.000000        0.000129      0.000136      0.000048   
   61    18541.848793             539.320545     2.298896    0.000000      0.000000        0.000053      0.000095      0.000060   
   62    21421.431243             466.822216     2.655919    0.000000      0.000002        0.000953      0.001043      0.000248   
   63    21421.431248             466.822216     2.655919    0.000000      0.000000        0.000410      0.000442      0.000005   
   64    21422.625353             466.796195     2.656067    0.000000      0.000006        0.001323      0.001490      0.001337   
   65    21422.625361             466.796195     2.656067    0.000001      0.000008        0.000497      0.000700      0.002663   
   66    22035.402208             453.815179     2.732042    0.000000      0.000001        0.000338      0.000281      0.000799   
   67    22035.402213             453.815179     2.732042    0.000000      0.000001        0.000763      0.000802      0.000314   
   68    22045.688469             453.603434     2.733317    0.000000      0.000000        0.000334      0.000410      0.000107   
   69    22045.688475             453.603434     2.733317    0.000000      0.000001        0.000759      0.000617      0.000147   
   70    22123.979928             451.998240     2.743024    0.000000      0.000000        0.000103      0.000087      0.000138   
   71    22123.979930             451.998240     2.743024    0.000000      0.000000        0.000234      0.000256      0.000197   
   72    22135.790086             451.757085     2.744488    0.000000      0.000000        0.000303      0.000218      0.000498   
   73    22135.790091             451.757085     2.744488    0.000000      0.000002        0.000103      0.000064      0.001348   
   74    24860.317306             402.247480     3.082286    0.000000      0.000000        0.000246      0.000430      0.000085   
   75    24860.317307             402.247480     3.082286    0.000000      0.000001        0.000603      0.000536      0.000064   
   76    24947.057557             400.848877     3.093041    0.000000      0.000000        0.000262      0.000461      0.000092   
   77    24947.057561             400.848877     3.093041    0.000000      0.000000        0.000105      0.000184      0.000060   
   78    24960.248480             400.637037     3.094676    0.000000      0.000002        0.001065      0.000987      0.000082   
   79    24960.248483             400.637037     3.094676    0.000000      0.000001        0.000537      0.000312      0.000434   
   80    25146.075691             397.676366     3.117716    0.000000      0.000000        0.000177      0.000140      0.000045   
   81    25146.075691             397.676366     3.117716    0.000000      0.000000        0.000470      0.000421      0.000122   
   82    25160.583707             397.447059     3.119515    0.000000      0.000001        0.000780      0.000787      0.000104   
   83    25160.583708             397.447059     3.119515    0.000000      0.000000        0.000324      0.000308      0.000450   
   84    25260.184889             395.879921     3.131864    0.000000      0.000001        0.000051      0.000287      0.001126   
   85    25260.184889             395.879921     3.131864    0.000000      0.000001        0.000420      0.000411      0.000484   
   86    25442.472275             393.043565     3.154465    0.000000      0.000000        0.000184      0.000152      0.000018   
   87    25442.472283             393.043565     3.154465    0.000000      0.000000        0.000369      0.000425      0.000167   
   88    25496.879313             392.204861     3.161210    0.000000      0.000000        0.000314      0.000344      0.000123   
   89    25496.879318             392.204861     3.161210    0.000000      0.000000        0.000071      0.000216      0.000299   
   90    25517.692746             391.884960     3.163791    0.000000      0.000000        0.000044      0.000083      0.000019   
   91    25517.692752             391.884960     3.163791    0.000000      0.000000        0.000188      0.000147      0.000101   
   92    26938.709476             371.213031     3.339974    0.000000      0.000000        0.000205      0.000187      0.000035   
   93    26938.709477             371.213031     3.339974    0.000000      0.000000        0.000082      0.000102      0.000028   
   94    26977.867390             370.674222     3.344829    0.000000      0.000000        0.000339      0.000374      0.000258   
   95    26977.867398             370.674222     3.344829    0.000000      0.000000        0.000107      0.000194      0.000605   
   96    29720.491211             336.468194     3.684871    0.000000      0.000001        0.000436      0.000361      0.000668   
   97    29720.491218             336.468194     3.684871    0.000000      0.000002        0.000960      0.000968      0.000134   
   98    29741.393733             336.231721     3.687463    0.000000      0.000000        0.000026      0.000041      0.000008   
   99    29741.393737             336.231721     3.687463    0.000000      0.000000        0.000067      0.000045      0.000027   
  100    29803.481363             335.531272     3.695161    0.000000      0.000001        0.000472      0.000489      0.000386   
  101    29803.481366             335.531272     3.695161    0.000000      0.000001        0.000156      0.000252      0.000913   
  102    29833.372210             335.195094     3.698867    0.000000      0.000000        0.000033      0.000049      0.000021   
  103    29833.372213             335.195094     3.698867    0.000000      0.000000        0.000133      0.000136      0.000007   
  104    29906.126578             334.379645     3.707887    0.000000      0.000000        0.000119      0.000019      0.000333   
  105    29906.126579             334.379645     3.707887    0.000000      0.000000        0.000140      0.000143      0.000095   
  106    33398.744259             299.412455     4.140917    0.000000      0.000000        0.000067      0.000069      0.000148   
  107    33398.744267             299.412455     4.140917    0.000000      0.000000        0.000035      0.000019      0.000344   
  108    33420.103229             299.221098     4.143565    0.000000      0.000000        0.000190      0.000167      0.000038   
  109    33420.103229             299.221098     4.143565    0.000000      0.000000        0.000063      0.000055      0.000036   
  110    33453.867275             298.919103     4.147751    0.000000      0.000000        0.000078      0.000127      0.000059   
  111    33453.867283             298.919103     4.147751    0.000000      0.000000        0.000165      0.000112      0.000067   
  112    33536.255143             298.184754     4.157966    0.000000      0.000000        0.000112      0.000041      0.000456   
  113    33536.255148             298.184754     4.157966    0.000000      0.000000        0.000182      0.000204      0.000243   
  114    36175.119084             276.433091     4.485143    0.000000      0.000000        0.000087      0.000095      0.000017   
  115    36175.119086             276.433091     4.485143    0.000000      0.000000        0.000043      0.000034      0.000006   
  116    36338.869018             275.187431     4.505446    0.000000      0.000000        0.000175      0.000176      0.000017   
  117    36338.869025             275.187431     4.505446    0.000000      0.000000        0.000083      0.000062      0.000075   
  118    36389.401754             274.805287     4.511711    0.000000      0.000000        0.000051      0.000039      0.000014   
  119    36389.401757             274.805287     4.511711    0.000000      0.000000        0.000020      0.000016      0.000002   
  120    42312.817654             236.335006     5.246121    0.000000      0.000000        0.000276      0.000222      0.000133   
  121    42312.817655             236.335006     5.246121    0.000000      0.000000        0.000049      0.000097      0.000030   
  122    42360.712335             236.067796     5.252059    0.000000      0.000001        0.000068      0.000033      0.001081   
  123    42360.712341             236.067796     5.252059    0.000000      0.000000        0.000113      0.000118      0.000444   
  124    42429.468618             235.685252     5.260584    0.000000      0.000000        0.000043      0.000054      0.000093   
  125    42429.468620             235.685252     5.260584    0.000000      0.000000        0.000027      0.000002      0.000046   
  126    42534.466069             235.103457     5.273602    0.000000      0.000000        0.000030      0.000028      0.000163   
  127    42534.466072             235.103457     5.273602    0.000000      0.000000        0.000015      0.000011      0.000395   
  128    45162.597492             221.422162     5.599448    0.000000      0.000000        0.000267      0.000100      0.000033   
  129    45162.597493             221.422162     5.599448    0.000000      0.000000        0.000093      0.000055      0.000033   
  130    45180.318806             221.335313     5.601646    0.000000      0.000000        0.000427      0.000477      0.000037   
  131    45180.318806             221.335313     5.601646    0.000000      0.000000        0.000217      0.000160      0.000180   
  132    45425.774720             220.139339     5.632078    0.000000      0.000000        0.000217      0.000305      0.000039   
  133    45425.774728             220.139339     5.632078    0.000000      0.000000        0.000196      0.000037      0.000032   
  134    47288.778067             211.466661     5.863061    0.000000      0.000000        0.000086      0.000156      0.000512   
  135    47288.778075             211.466661     5.863061    0.000000      0.000000        0.000293      0.000276      0.000210   
  136    47298.509228             211.423154     5.864268    0.000000      0.000000        0.000071      0.000092      0.000053   
  137    47298.509228             211.423154     5.864268    0.000000      0.000000        0.000154      0.000222      0.000056   
  138    48511.619706             206.136181     6.014674    0.000000      0.000000        0.000029      0.000029      0.000001   
  139    48511.619713             206.136181     6.014674    0.000000      0.000000        0.000012      0.000012      0.000004   

The oscillator strength and transition dipole moment for state 0 after summing the degenerate Kramers doublets
       Energy (cm-1)     Energy (nm)   Energy (eV)     fosc     D**2 (a.u.**2)  
--------------------------------------------------------------------------------
   0        0.000000        0.000000     0.000000    0.000000      0.008413     
   1       26.202462   381643.527089     0.003249    0.000000      0.000010     
   2       45.947389   217640.221184     0.005697    0.000000      0.000002     
   3       80.392577   124389.593155     0.009967    0.000000      0.000018     
   4      278.492749    35907.577664     0.034529    0.000000      0.000005     
   5      314.787400    31767.472296     0.039029    0.000000      0.000003     
   6      342.748831    29175.883629     0.042495    0.000000      0.000000     
   7      361.917516    27630.605173     0.044872    0.000000      0.000004     
   8     6155.142606     1624.657728     0.763140    0.000000      0.000003     
   9     6161.911694     1622.872981     0.763980    0.000000      0.000002     
  10     6210.608409     1610.148208     0.770017    0.000000      0.000006     
  11     6305.935387     1585.807558     0.781836    0.000000      0.000009     
  12     6314.512070     1583.653636     0.782900    0.000000      0.000001     
  13     6347.357135     1575.458854     0.786972    0.000000      0.000008     
  14     6379.681783     1567.476300     0.790980    0.000000      0.000016     
  15    11435.685643      874.455657     1.417844    0.000000      0.000002     
  16    11456.722102      872.850010     1.420452    0.000000      0.000000     
  17    11561.157735      864.965277     1.433401    0.000000      0.000001     
  18    11570.403578      864.274088     1.434547    0.000000      0.000004     
  19    11592.224048      862.647233     1.437253    0.000000      0.000001     
  20    11635.259402      859.456558     1.442588    0.000000      0.000008     
  21    15803.657058      632.764933     1.959404    0.000000      0.000000     
  22    15967.129159      626.286661     1.979672    0.000000      0.000000     
  23    16048.020822      623.129800     1.989701    0.000000      0.000000     
  24    16052.134330      622.970117     1.990211    0.000000      0.000000     
  25    16167.839040      618.511848     2.004557    0.000000      0.000000     
  26    18354.873923      544.814421     2.275714    0.000000      0.000000     
  27    18376.732166      544.166390     2.278424    0.000000      0.000000     
  28    18392.206082      543.708566     2.280343    0.000000      0.000003     
  29    18496.299341      540.648690     2.293249    0.000001      0.000009     
  30    18541.848787      539.320545     2.298896    0.000000      0.000000     
  31    21421.431243      466.822216     2.655919    0.000000      0.000002     
  32    21422.625353      466.796195     2.656067    0.000001      0.000014     
  33    22035.402208      453.815179     2.732042    0.000000      0.000002     
  34    22045.688469      453.603434     2.733317    0.000000      0.000001     
  35    22123.979928      451.998240     2.743024    0.000000      0.000000     
  36    22135.790086      451.757085     2.744488    0.000000      0.000002     
  37    24860.317306      402.247480     3.082286    0.000000      0.000001     
  38    24947.057557      400.848877     3.093041    0.000000      0.000000     
  39    24960.248480      400.637037     3.094676    0.000000      0.000003     
  40    25146.075691      397.676366     3.117716    0.000000      0.000000     
  41    25160.583707      397.447059     3.119515    0.000000      0.000002     
  42    25260.184889      395.879921     3.131864    0.000000      0.000002     
  43    25442.472275      393.043565     3.154465    0.000000      0.000000     
  44    25496.879313      392.204861     3.161210    0.000000      0.000000     
  45    25517.692746      391.884960     3.163791    0.000000      0.000000     
  46    26938.709476      371.213031     3.339974    0.000000      0.000000     
  47    26977.867390      370.674222     3.344829    0.000000      0.000001     
  48    29720.491211      336.468194     3.684871    0.000000      0.000003     
  49    29741.393733      336.231721     3.687463    0.000000      0.000000     
  50    29803.481363      335.531272     3.695161    0.000000      0.000002     
  51    29833.372210      335.195094     3.698867    0.000000      0.000000     
  52    29906.126578      334.379645     3.707887    0.000000      0.000000     
  53    33398.744259      299.412455     4.140917    0.000000      0.000000     
  54    33420.103229      299.221098     4.143565    0.000000      0.000000     
  55    33453.867275      298.919103     4.147751    0.000000      0.000000     
  56    33536.255143      298.184754     4.157966    0.000000      0.000000     
  57    36175.119084      276.433091     4.485143    0.000000      0.000000     
  58    36338.869018      275.187431     4.505446    0.000000      0.000000     
  59    36389.401754      274.805287     4.511711    0.000000      0.000000     
  60    42312.817654      236.335006     5.246121    0.000000      0.000000     
  61    42360.712335      236.067796     5.252059    0.000000      0.000001     
  62    42429.468618      235.685252     5.260584    0.000000      0.000000     
  63    42534.466069      235.103457     5.273602    0.000000      0.000000     
  64    45162.597492      221.422162     5.599448    0.000000      0.000000     
  65    45180.318806      221.335313     5.601646    0.000000      0.000001     
  66    45425.774720      220.139339     5.632078    0.000000      0.000000     
  67    47288.778067      211.466661     5.863061    0.000000      0.000000     
  68    47298.509228      211.423154     5.864268    0.000000      0.000000     
  69    48511.619706      206.136181     6.014674    0.000000      0.000000     
  SISO done → LiYF4:Er3+_DMET_ErF8_mag.txt

  [ErF8] finished!

