Running on host: amd-cpu
DMET impurity: Er 4f
Modules OK
F is load
Li is load
Y is load
#INFO: **** input file is /data/home/wangcx/LiYF4_Er3+/AIMPModelGenerator-main/LiYF4_Er3+/no_opt_2/dmet_Er_4f/main_AIMP_ROHF_DMET.py ****
import sys, os
from embed_sim import myavas, sacasscf_mixer, siso
from embed_sim.ssdmet import SSDMET

from src.AIMP3_DMET_SCEI import AIMPEnvLoader, AIMP_RHF, AIMP_RKS, AIMP_ROHF, AIMP_ROKS, AIMP_CAHF
from src.pckit2 import OrganicPCLoader, PointChargeParams
from pyscf import gto, lib
from pyscf.lib import chkfile
import yaml
import numpy as np
import basis_set_exchange as bse

Ha2eV = 27.211324570273
Ha2cm = 219474.63

workdir = "./"
inputdir = workdir + "input.yaml"
with open(inputdir, 'r') as f:
    inputdict = yaml.safe_load(f)
aimpdict = inputdict["aimp"]
clusterdict = inputdict["cluster"]

# Load AIMP environment
try: aimpdir = workdir + aimpdict["dir"]
except KeyError: aimpdir = workdir + "aimp.xyz"
aimpdict['dir'] = aimpdir
aimpdict['workdir'] = workdir
AIMP_LOADER = AIMPEnvLoader(aimpdict)
try: orthoreg = aimpdict["orthoreg"]
except: orthoreg = 0

# Load Point Charge Environment
try:
    pcdict = inputdict["pointcharge"]
    try: is_organic = pcdict['organic']
    except KeyError: is_organic = False
    try: rawxyzdir = workdir + pcdict["rawxyzdir"]
    except KeyError: rawxyzdir = workdir + "rawChgs.xyz"
    if not is_organic:
        try: rawchgdir = workdir + pcdict["rawchgdir"]
        except KeyError: rawchgdir = workdir + "rawCharges.dat"
        pcparam_raw = PointChargeParams(rawxyzdir, rawchgdir)
    else:
        pcdict = aimpdict
        pcdict["dir"] = rawxyzdir
        pcdict['workdir'] = workdir
        pc_loader = OrganicPCLoader(pcdict)
        pcparam_raw = pc_loader.make_param()
    try: surfxyzdir = workdir + pcdict["surfxyzdir"]
    except KeyError: surfxyzdir = workdir + "surfChgs.xyz"
    try: surfchgdir = workdir + pcdict["surfchgdir"]
    except KeyError: surfchgdir = workdir + "surfaceCharges.dat"
    pcparam_surf = PointChargeParams(surfxyzdir, surfchgdir)
    PCPARAM = pcparam_raw + pcparam_surf
except: PCPARAM = None

# Load cluster molecule
try: ecp = clusterdict["ecp"]
except KeyError: ecp = {}
try: spin = clusterdict["spin"]
except KeyError: spin = 0

def aimp_calc(CLUS_MOL, scfdict, interpolation=False):
    scftype = scfdict["calc"].upper()
    if scftype in ['HF', 'RHF', 'TDHF', 'TDAHF']:
        MF = AIMP_RHF(CLUS_MOL, AIMP_LOADER)
    elif scftype in ['ROHF']:
        MF = AIMP_ROHF(CLUS_MOL, AIMP_LOADER).density_fit()
    elif scftype in ['DFT', 'KS', 'RKS', 'TDDFT', 'TDKS']:
        try: xc = clusterdict['scf']['xc']
        except KeyError: xc = 'b3lyp'
        MF = AIMP_RKS(CLUS_MOL, AIMP_LOADER, xc=xc)
    elif scftype in ['ROKS']:
        try: xc = clusterdict['scf']['xc']
        except KeyError: xc = "b3lyp"
        MF = AIMP_ROKS(CLUS_MOL, AIMP_LOADER, xc=xc)
    elif scftype in ['CAHF']:
        try: ortho = clusterdict['scf']['orthoreg']
        except KeyError: ortho = 0
        MF = AIMP_CAHF(CLUS_MOL, AIMP_LOADER)
        MF.set_orthoreg_param(ortho)
    else:
        raise NotImplementedError("Other tags have not been implemented yet!")
    if PCPARAM is not None: MF.addPCParam2(PCPARAM)
    MF.set_orthoreg_param(orthoreg)
    try: MF.chkfile = workdir + inputdict['chkfile']
    except KeyError: pass
    return MF

# ===================================================================
# ROHF — load from chk file
# ===================================================================
if inputdict["type"].upper() in ["GEO_OPT", "GEOM_OPT", "RELAX", "GEOMOPT", "ENERGY"]:
    try: clusterdir = workdir + clusterdict["dir"]
    except KeyError: clusterdir = workdir + "cluster.xyz"
    for basis in clusterdict["basis"]:
        if 'parse' in clusterdict["basis"][basis] or 'load' in clusterdict["basis"][basis]:
            clusterdict["basis"][basis] = eval(clusterdict["basis"][basis])
    CLUS_MOL = gto.M(atom=clusterdir, basis=clusterdict["basis"],
                     charge=clusterdict["charge"], spin=spin, verbose=4)
    scfdict = clusterdict["scf"]
    MF = aimp_calc(CLUS_MOL, scfdict)

    # Load ROHF from chk
    if not os.path.exists(MF.chkfile):
        raise FileNotFoundError(f"ROHF chk file not found: {MF.chkfile}")
    print(f"Loading ROHF from chk: {MF.chkfile}")
    scfdat = chkfile.load(MF.chkfile, 'scf')
    MF.e_tot = scfdat['e_tot']
    MF.mo_coeff = scfdat['mo_coeff']
    MF.mo_occ = scfdat['mo_occ']
    MF.mo_energy = scfdat['mo_energy']
    print(f"Loaded: e_tot={MF.e_tot:.8f}")

print()

# ===================================================================
# DMET — impurity: Er 4f
# ===================================================================
IMP_NAME = 'Er_4f'
IMP_LABELS = ['Er 4f']
IMP_DESC = 'Er 4f orbitals'

title_base = 'LiYF4:Er3+'
ncas_set = 7
nelec_set = 11

title = f'{title_base}_DMET_{IMP_NAME}'
print("=" * 70)
print(f"  DMET impurity: {IMP_DESC}")
print(f"  Title: {title}")
print("=" * 70)

# Step 1: Build DMET embedding
print(f"\n[Step 1] Building DMET embedding")
dmet = SSDMET(MF, title=title, imp_idx=IMP_LABELS, threshold=1e-13)
es_mf = dmet.build()
print(f"  Embedded space: {dmet.nes} orbitals")
print(f"  impurity: {len(dmet.imp_idx)} orbitals")
print(f"  frozen occupied: {dmet.nfo},  frozen virtual: {dmet.nfv}")
print(f"  Frozen orbital energy: {dmet.fo_ene:.8f} Hartree")

# Step 2: AVAS
print(f"\n[Step 2] AVAS: Er 4f from embedded space")
ncas, nelec, es_mo = dmet.avas(['Er 4f'],
                                minao=CLUS_MOL._basis['Er'],
                                threshold=0.5,
                                openshell_option=2)
print(f"  AVAS: ncas={ncas}, nelec={nelec}")

# Step 3: SACASSCF
print(f"\n[Step 3] SACASSCF({ncas_set},{nelec_set})")
statelis = [0, 0, 0, 35]
es_mycas = sacasscf_mixer.sacasscf_mixer(es_mf, ncas_set, nelec_set, statelis=statelis)
es_mycas.kernel(es_mo)
e_cas = es_mycas.fcisolver.e_states
e_min = np.min(e_cas)
print(f"  CASSCF E_min = {e_min:.8f} H")
np.savetxt(f'{title}_cas_NO_SOC.txt', (e_cas - e_min) * Ha2cm, fmt='%.6f')

# Step 4: NEVPT2
print(f"\n[Step 4] NEVPT2")
ecorr = sacasscf_mixer.sacasscf_nevpt2(es_mycas, method='SC')
es_mycas.fcisolver.e_states = e_cas + ecorr
np.savetxt(f'{title}_nevpt2.txt', ecorr)
np.savetxt(f'{title}_opt.txt',
           (es_mycas.fcisolver.e_states - np.min(es_mycas.fcisolver.e_states)) * Ha2cm,
           fmt='%.6f')
print(f"  NEVPT2 corrections: {np.min(ecorr)*Ha2cm:.2f} to {np.max(ecorr)*Ha2cm:.2f} cm^-1")

# Step 5: SISO
print(f"\n[Step 5] SISO")
total_cas = dmet.total_cas(es_mycas)
mysiso = siso.SISO(title, total_cas, amfi=True, verbose=6)
mysiso.kernel()
mysiso.analyze()
print(f"  SISO done → {title}_mag.txt")

print(f"\n  [{IMP_NAME}] finished!\n")
#INFO: ******************** input file end ********************


System: uname_result(system='Linux', node='amd-cpu', release='6.8.0-111-generic', version='#111~22.04.1-Ubuntu SMP PREEMPT_DYNAMIC Tue Apr 14 17:13:45 UTC ', machine='x86_64')  Threads 16
Python 3.10.19 | packaged by conda-forge | (main, Jan 26 2026, 23:45:08) [GCC 14.3.0]
numpy 1.26.4  scipy 1.15.3  h5py 3.15.1
Date: Fri May 15 08:07:00 2026
PySCF version 2.12.0
PySCF path  /data/home/wangcx/LiYF4_Er3+/env/lib/python3.10/site-packages/pyscf

[CONFIG] conf_file None
[INPUT] verbose = 4
[INPUT] num. atoms = 25
[INPUT] num. electrons = 345
[INPUT] charge = 11
[INPUT] spin (= nelec alpha-beta = 2S) = 3
[INPUT] symmetry False subgroup None
[INPUT] Mole.unit = angstrom
[INPUT] Symbol           X                Y                Z      unit          X                Y                Z       unit  Magmom
[INPUT]  1 Er     0.000000000000   0.000000000000   0.000000000000 AA    0.000000000000   0.000000000000   0.000000000000 Bohr   0.0
[INPUT]  2 F      1.120153900000   1.741396600000  -0.864832900000 AA    2.116784088363   3.290762648249  -1.634297324513 Bohr   0.0
[INPUT]  3 F      1.728219100000  -1.132954600000   0.877561600000 AA    3.265860782242  -2.140973905566   1.658351081435 Bohr   0.0
[INPUT]  4 F     -1.122767600000  -1.741596000000  -0.864330100000 AA   -2.121723265535  -3.291139459638  -1.633347170218 Bohr   0.0
[INPUT]  5 F     -1.727721000000   1.137402500000   0.873922300000 AA   -3.264919509660   2.149379218396   1.651473801150 Bohr   0.0
[INPUT]  6 F     -1.136911800000   0.833023200000  -1.810397500000 AA   -2.148451929786   1.574185703409  -3.421155451597 Bohr   0.0
[INPUT]  7 F     -0.837415700000  -1.132356600000   1.813891800000 AA   -1.582486325411  -2.139843849344   3.427758721594 Bohr   0.0
[INPUT]  8 F      1.139044200000  -0.834823000000  -1.810900300000 AA    2.152481581774  -1.577586832488  -3.422105605893 Bohr   0.0
[INPUT]  9 F      0.842741100000   1.138000500000   1.810252500000 AA    1.592549872915   2.150509274618   3.420881441309 Bohr   0.0
[INPUT] 10 Li     2.544141000000   2.577740100000   0.023012300000 AA    4.807729712277   4.871222809309   0.043486944496 Bohr   0.0
[INPUT] 11 Li    -2.558921400000  -2.573098600000   0.023012300000 AA   -4.835660620289  -4.862451645502   0.043486944496 Bohr   0.0
[INPUT] 12 Li     2.577175500000  -2.573098600000   0.023012300000 AA    4.870155869939  -4.862451645502   0.043486944496 Bohr   0.0
[INPUT] 13 Li    -2.591955900000   2.577740100000   0.023012300000 AA   -4.898086777951   4.871222809309   0.043486944496 Bohr   0.0
[INPUT] 14 F     -3.407877800000  -1.132954600000   0.877561600000 AA   -6.439955707985  -2.140973905566   1.658351081435 Bohr   0.0
[INPUT] 15 F      3.408375900000   1.137402500000   0.873922300000 AA    6.440896980568   2.149379218396   1.651473801150 Bohr   0.0
[INPUT] 16 F      1.153188400000  -3.409442200000  -0.864832900000 AA    2.179210246025  -6.442911995535  -1.634297324513 Bohr   0.0
[INPUT] 17 F     -1.155802100000   3.409242800000  -0.864330100000 AA   -2.184149423197   6.442535184145  -1.633347170218 Bohr   0.0
[INPUT] 18 Li     0.026819200000  -2.572694200000   2.664801800000 AA    0.050680942880  -4.861687440257   5.035745578248 Bohr   0.0
[INPUT] 19 Li    -0.006215300000   2.578144500000   2.664801800000 AA   -0.011745214782   4.871987014554   5.035745578248 Bohr   0.0
[INPUT] 20 Y     -0.016757900000   2.574419800000  -2.675230500000 AA   -0.031667841423   4.864948351658  -5.055452965083 Bohr   0.0
[INPUT] 21 Y      0.016276600000  -2.576418900000  -2.675230500000 AA    0.030758316239  -4.868726103153  -5.055452965083 Bohr   0.0
[INPUT] 22 Y     -2.565136700000   0.005045900000   2.687814100000 AA   -4.847405835071   0.009535369052   5.079232522744 Bohr   0.0
[INPUT] 23 Y      2.570960200000   0.005045900000   2.687814100000 AA    4.858410655157   0.009535369052   5.079232522744 Bohr   0.0
[INPUT] 24 Li    -2.560898800000  -0.003320300000  -2.698242800000 AA   -4.839397364727  -0.006274457651  -5.098939909580 Bohr   0.0
[INPUT] 25 Li     2.575198000000  -0.003320300000  -2.698242800000 AA    4.866418936528  -0.006274457651  -5.098939909580 Bohr   0.0

nuclear repulsion = 7940.955314423
number of shells = 177
number of NR pGTOs = 1221
number of NR cGTOs = 549
basis = {'Er': [[0, [58741043.595, 0.0003095617, -0.0001259089, 6.91037e-05, -1.85591e-05, 1.0646e-05, -2.8433e-06, 8.7323e-06, -1.35596e-05, 1.22007e-05], [13545709.704, 0.0008516942, -0.0003466459, 0.000190297, -5.11104e-05, 2.93191e-05, -7.8312e-06, 2.40575e-05, -3.73546e-05, 3.35856e-05], [3592430.6955, 0.0019082673, -0.0007777057, 0.0004270617, -0.00011472, 6.5803e-05, -1.75727e-05, 5.39601e-05, -8.37945e-05, 7.54362e-05], [1068997.5743, 0.0039195893, -0.0016019262, 0.0008804759, -0.0002365759, 0.0001357079, -3.62538e-05, 0.0001114133, -0.0001729792, 0.0001553739], [349706.57902, 0.0079014176, -0.0032457866, 0.0017860832, -0.0004801945, 0.0002753786, -7.35186e-05, 0.0002256084, -0.0003504131, 0.0003160705], [123694.33912, 0.0157477694, -0.0065247398, 0.0036004833, -0.0009686648, 0.0005556288, -0.0001485097, 0.0004569229, -0.0007092419, 0.0006350258], [46678.398919, 0.0315658984, -0.0132634217, 0.0073419466, -0.001978727, 0.0011340632, -0.0003025333, 0.0009268542, -0.0014402417, 0.00130602], [18595.315822, 0.0629662301, -0.0270708201, 0.0150963167, -0.0040754906, 0.0023372419, -0.000625405, 0.001929166, -0.0029931159, 0.0026602426], [7755.2163127, 0.1221158296, -0.0546773715, 0.0307772461, -0.0083518799, 0.0047794665, -0.0012731364, 0.0038880662, -0.0060469357, 0.0055436892], [3363.779054, 0.2163719352, -0.104424382, 0.0601260542, -0.0164146081, 0.0094035178, -0.0025217555, 0.0078186556, -0.0121224202, 0.0106191691], [1509.3223033, 0.3107230962, -0.1727137331, 0.1028299975, -0.0285728915, 0.0162739243, -0.0043197692, 0.0130943713, -0.020410749, 0.0192252465], [697.35341479, 0.2829389649, -0.1915966744, 0.1213177905, -0.0342877174, 0.0196005497, -0.0053102484, 0.0168441816, -0.0260260623, 0.0212627647], [330.31834917, 0.1107960478, 0.0034524045, -0.0181721285, 0.0066342313, -0.0038699051, 0.0012231975, -0.0050898659, 0.0075551906, -0.0012422347], [159.65709504, 0.0270243507, 0.4305459366, -0.4433513468, 0.1566058182, -0.0860727872, 0.0225872722, -0.0670551554, 0.1058849283, -0.1109799087], [78.31452052, 0.0232087242, 0.4684246852, -0.6988915467, 0.2808109652, -0.1552371292, 0.0426972868, -0.1405799382, 0.2184698745, -0.1696579273], [38.72141347, 0.0055176072, 0.1426867969, 0.1943727124, -0.1280926327, 0.0718453765, -0.0217060429, 0.0829657157, -0.1245611955, 0.0411381473], [19.13306359, 0.0031445846, 0.0929387262, 1.0361135919, -0.9537793805, 0.525773751, -0.1391241817, 0.4492313044, -0.7655773076, 0.9930541848], [9.34554064, 0.0004607124, 0.0232306464, 0.2626141253, -0.0422353432, 0.0201638951, -0.0136943468, 0.0349080406, 0.0454196412, -0.6396768379], [4.45086586, 0.0001781851, -0.0031742957, -0.1267686346, 1.0541080152, -0.8378775487, 0.2628172995, -1.2056038591, 2.147979658, -1.9410318798], [2.03183894, -7.56855e-05, -0.0016126249, -0.0408915598, 0.3248928868, -0.3964838724, 0.0993913427, 0.5682899564, -1.7434598196, 3.6018504183], [0.87066929, 3.65992e-05, 0.0002068927, 0.0007349372, 0.0139982831, 0.8863351232, -0.2957863828, 0.9403581481, -1.3586599759, -2.346333334], [0.34147598, -1.51071e-05, -9.14805e-05, -0.0007009845, 0.0168647478, 0.5480126667, -0.501983712, -0.1922763278, 2.8649308149, -0.2115088121], [0.11893832, 5.8215e-06, 3.66177e-05, 0.0002306016, -0.0017855486, -0.0040889684, 0.4012936792, -1.3781196527, -1.7164544585, 1.9831692389], [0.03550733, -2.1488e-06, -1.41275e-05, -9.22395e-05, 0.0006879657, 0.0254351638, 0.8667698628, 0.6781220542, -0.02489973, -2.3638636205], [0.0106002, 6.241e-07, 3.9799e-06, 2.50085e-05, -0.0002447711, -0.0024978973, 0.0032299041, 0.4465290241, 0.684248083, 1.4645723957]], [1, [1999053.9457, 5.27248e-05, -4.22635e-05, 1.30946e-05, -4.9249e-06, -7.3048e-06, 4.3447e-06], [321492.94665, 0.0002062575, -0.0001656169, 5.13657e-05, -1.93198e-05, -2.86616e-05, 1.7027e-05], [69812.056384, 0.0007907197, -0.0006363455, 0.000197712, -7.43577e-05, -0.0001102843, 6.56782e-05], [19170.076373, 0.0028024207, -0.002264492, 0.0007050579, -0.0002652092, -0.0003936378, 0.0002333715], [6305.3605866, 0.0095627773, -0.0077776077, 0.0024344086, -0.0009155802, -0.0013579797, 0.0008104196], [2376.8728903, 0.0304081438, -0.0250497846, 0.0078955451, -0.0029703482, -0.0044130515, 0.0026094783], [991.08412563, 0.0858604085, -0.0724292592, 0.0232269816, -0.0087378, -0.0129711589, 0.0077547693], [444.45398997, 0.1955859903, -0.1717398404, 0.0563532022, -0.0212133939, -0.0316035208, 0.0186048576], [209.69390666, 0.3155610848, -0.2911116024, 0.0989987042, -0.0372819372, -0.0554689629, 0.0333537151], [102.29811686, 0.2905358073, -0.2282088299, 0.0668567425, -0.0250422154, -0.0374428239, 0.0210996293], [50.88921302, 0.1591725371, 0.2080341786, -0.1627677359, 0.0633913839, 0.099232041, -0.0550030502], [25.50997433, 0.1299786618, 0.5917917452, -0.4481104632, 0.1774758008, 0.2882984752, -0.1694027739], [12.7434798, 0.0625434303, 0.2992606204, -0.0676100109, 0.0108147877, -0.0133784295, 0.0098207141], [6.27002774, 0.0032893684, 0.0040392694, 0.6422905592, -0.3270990029, -0.7392411815, 0.3365294551], [2.99728634, -0.0006558915, -0.0130864967, 0.4864450388, -0.2791426358, -0.0930687868, 0.2382128786], [1.36875252, -0.0004321153, -0.0031844737, 0.0628819747, 0.2842338164, 1.437166915, -0.6804512825], [0.58442767, 0.0001110347, 0.000417432, 0.0028540545, 0.6667205951, -0.615533406, -0.2295587724], [0.22701214, -4.69339e-05, -0.0001930291, -0.0002962991, 0.2702142984, -1.0704463494, 0.2950152407], [0.08817945, 1.45036e-05, 5.98307e-05, 0.0001287369, 0.0016271736, 1.1394985724, 0.7705007891]], [2, [5075.2324021, 0.0004624199, -0.000212402, -0.0001338418, 7.03252e-05], [1400.6417964, 0.0037918263, -0.0017568935, -0.0010946858, 0.0006244381], [508.75311079, 0.0209012836, -0.0097240779, -0.006121187, 0.0032341649], [217.04181128, 0.0790282781, -0.0374730955, -0.0233913319, 0.0133490101], [101.12993278, 0.2106341946, -0.1012553833, -0.0640717841, 0.0335018815], [49.31418858, 0.3724161614, -0.1765190844, -0.1116543118, 0.0648584305], [24.56993946, 0.3724484114, -0.128055937, -0.0882595432, 0.0322480645], [12.30281942, 0.148439962, 0.1923894925, 0.1729546348, -0.060142795], [6.06684041, 0.0098260817, 0.4912902906, 0.4780271086, -0.2393569992], [2.84408803, -0.0060274869, 0.3965132651, 0.0275202804, -0.0459067525], [1.19180063, -0.0014732962, 0.0922209987, -1.5212904072, 0.1481679239], [0.499418, 1.92511e-05, 0.0018946649, 1.1745898944, 0.8929833783]], [3, [267.83532496, 0.002136697, -0.0023682897, 0.0028860639], [91.41297085, 0.0173101959, -0.0192847672, 0.0233886013], [38.11144675, 0.0692400235, -0.0773233756, 0.0942762644], [17.45050795, 0.1795048421, -0.2008573225, 0.24774166], [8.22655234, 0.3013531728, -0.2941870723, 0.2935809324], [3.84017672, 0.3456940442, -0.1630393094, -0.1608245388], [1.72324813, 0.2910461118, 0.2530702283, -0.7001354408], [0.7167717, 0.1773588489, 0.5241741225, 0.2478955537], [0.26038487, 0.0581198269, 0.2828111484, 0.5517990419], [0.09459118, 0.0013117456, 0.0230907024, 0.1236695388]], [4, [10.85067572, 0.1594340766], [5.06864131, 0.2278265327], [2.46175491, 0.4089511043], [1.16532292, 0.3834860395], [0.46008995, 0.1687647303]]], 'F': 'ccpvdz', 'Li': 'ccpvdz', 'Y': [[0, [2522141.32102006, 0.001699], [449156.29990432, 0.0036724], [151720.1764528, 0.0066311], [51855.44354044, 0.0167936], [18689.66232941, 0.041001], [6875.55030786, 0.1012493], [2648.45220711, 0.2522764], [1049.980737, 0.5766767]], [0, [422.47853745, -0.5348801], [172.31836708, -0.4651198]], [0, [60.56530325, 1.0]], [0, [28.30120953, 0.7509238], [12.66764116, 0.2490761]], [0, [5.05894842, 0.6863196], [2.20390257, 0.3136803]], [0, [0.72735771, 0.6399224], [0.30401193, 0.3600775]], [0, [0.04783584, 1.0]], [0, [0.01355997, 1.0]], [1, [11876.25484875, 0.0009397], [3268.55095104, 0.0033491], [1184.41460471, 0.0136442], [463.14383928, 0.0517347], [191.23738154, 0.1583925], [82.85996128, 0.3508255], [37.20448645, 0.4211141]], [1, [17.1581726, -1.0]], [1, [7.6564011, -0.5178717], [3.40344219, -0.4821282]], [1, [1.2829311, 0.2898036], [0.54825392, 0.5360604], [0.21437241, 0.1741359]], [1, [0.41142, 1.0]], [1, [0.01782, 1.0]], [2, [251.01056821, 0.0062628], [74.41352333, 0.0434411], [27.67867091, 0.1557311], [11.29136346, 0.3101388], [4.69433459, 0.3367227], [1.90670194, 0.1477033]], [2, [0.54823392, 1.0]], [2, [0.15142201, 1.0]], [3, [0.18507, 1.0]]]}
ecp = {}
CPU time:         4.44
Loading ROHF from chk: ./Er_ROHF_CASSCF.chk
Loaded: e_tot=-27878.42494082

======================================================================
  DMET impurity: Er 4f orbitals
  Title: LiYF4:Er3+_DMET_Er_4f
======================================================================

[Step 1] Building DMET embedding

******** <class 'embed_sim.ssdmet.SSDMET'> ********
DMET from ROHF
number of impurity orbitals = 7
number of bath orbitals = 18
number of embedded cluster orbitals = 25
number of frozen occupied orbitals = 156
number of frozen virtual orbitals = 368
number of frozen orbitals = 524
percentage of embedded cluster orbitals = 4.55%
percentage of frozen orbitals = 95.45%
h_PC is added!
******** <class 'pyscf.df.df.DF'> ********
auxbasis = None
max_memory = 4000
Default auxbasis cc-pvdz-jkfit is used for F ccpvdz
ETB for Er: l = 0, exps = 0.0212004 * 2^n , n = 0..28
ETB for Er: l = 1, exps = 0.061146375391841506 * 2^n , n = 0..23
ETB for Er: l = 2, exps = 0.14551880543215023 * 2^n , n = 0..19
ETB for Er: l = 3, exps = 0.06333041690170688 * 2^n , n = 0..19
ETB for Er: l = 4, exps = 0.1396716934527537 * 2^n , n = 0..16
ETB for Er: l = 5, exps = 0.40284229540368527 * 2^n , n = 0..11
ETB for Er: l = 6, exps = 0.18918236 * 2^n , n = 0..11
ETB for Er: l = 7, exps = 0.41723111713601135 * 2^n , n = 0..8
ETB for Er: l = 8, exps = 0.9201799 * 2^n , n = 0..4
ETB for F: l = 0, exps = 0.7794 * 2^n , n = 0..12
ETB for F: l = 1, exps = 0.7355674544186958 * 2^n , n = 0..9
ETB for F: l = 2, exps = 0.6942 * 2^n , n = 0..7
ETB for F: l = 3, exps = 1.5089652083464349 * 2^n , n = 0..3
ETB for F: l = 4, exps = 3.28 * 2^n , n = 0..0
ETB for Li: l = 0, exps = 0.0561 * 2^n , n = 0..12
ETB for Li: l = 1, exps = 0.05192461843865586 * 2^n , n = 0..9
ETB for Li: l = 2, exps = 0.04806 * 2^n , n = 0..6
ETB for Y: l = 0, exps = 0.02711994 * 2^n , n = 0..27
ETB for Y: l = 1, exps = 0.03108946222757801 * 2^n , n = 0..22
ETB for Y: l = 2, exps = 0.03564 * 2^n , n = 0..20
ETB for Y: l = 3, exps = 0.10019069114244097 * 2^n , n = 0..14
ETB for Y: l = 4, exps = 0.11485551619317202 * 2^n , n = 0..12
ETB for Y: l = 5, exps = 0.33480544434462234 * 2^n , n = 0..5
ETB for Y: l = 6, exps = 0.37014 * 2^n , n = 0..0

WARN: Even tempered Gaussians are generated as DF auxbasis for  Er Li Y

_cderi_to_save = /tmp/tmpok1si53l
h_PC is added!

energy from frozen occupied orbitals = -27065.92640825118
deviation from DMET exact condition = 4.3655745685100555e-11
  Embedded space: 25 orbitals
  impurity: 7 orbitals
  frozen occupied: 156,  frozen virtual: 368
  Frozen orbital energy: -27065.92640825 Hartree

[Step 2] AVAS: Er 4f from embedded space

******** AVAS flags ********
aolabels = ['Er 4f']
ncore = 156
nunocc = 368
minao = [[0, [58741043.595, 0.0003095617, -0.0001259089, 6.91037e-05, -1.85591e-05, 1.0646e-05, -2.8433e-06, 8.7323e-06, -1.35596e-05, 1.22007e-05], [13545709.704, 0.0008516942, -0.0003466459, 0.000190297, -5.11104e-05, 2.93191e-05, -7.8312e-06, 2.40575e-05, -3.73546e-05, 3.35856e-05], [3592430.6955, 0.0019082673, -0.0007777057, 0.0004270617, -0.00011472, 6.5803e-05, -1.75727e-05, 5.39601e-05, -8.37945e-05, 7.54362e-05], [1068997.5743, 0.0039195893, -0.0016019262, 0.0008804759, -0.0002365759, 0.0001357079, -3.62538e-05, 0.0001114133, -0.0001729792, 0.0001553739], [349706.57902, 0.0079014176, -0.0032457866, 0.0017860832, -0.0004801945, 0.0002753786, -7.35186e-05, 0.0002256084, -0.0003504131, 0.0003160705], [123694.33912, 0.0157477694, -0.0065247398, 0.0036004833, -0.0009686648, 0.0005556288, -0.0001485097, 0.0004569229, -0.0007092419, 0.0006350258], [46678.398919, 0.0315658984, -0.0132634217, 0.0073419466, -0.001978727, 0.0011340632, -0.0003025333, 0.0009268542, -0.0014402417, 0.00130602], [18595.315822, 0.0629662301, -0.0270708201, 0.0150963167, -0.0040754906, 0.0023372419, -0.000625405, 0.001929166, -0.0029931159, 0.0026602426], [7755.2163127, 0.1221158296, -0.0546773715, 0.0307772461, -0.0083518799, 0.0047794665, -0.0012731364, 0.0038880662, -0.0060469357, 0.0055436892], [3363.779054, 0.2163719352, -0.104424382, 0.0601260542, -0.0164146081, 0.0094035178, -0.0025217555, 0.0078186556, -0.0121224202, 0.0106191691], [1509.3223033, 0.3107230962, -0.1727137331, 0.1028299975, -0.0285728915, 0.0162739243, -0.0043197692, 0.0130943713, -0.020410749, 0.0192252465], [697.35341479, 0.2829389649, -0.1915966744, 0.1213177905, -0.0342877174, 0.0196005497, -0.0053102484, 0.0168441816, -0.0260260623, 0.0212627647], [330.31834917, 0.1107960478, 0.0034524045, -0.0181721285, 0.0066342313, -0.0038699051, 0.0012231975, -0.0050898659, 0.0075551906, -0.0012422347], [159.65709504, 0.0270243507, 0.4305459366, -0.4433513468, 0.1566058182, -0.0860727872, 0.0225872722, -0.0670551554, 0.1058849283, -0.1109799087], [78.31452052, 0.0232087242, 0.4684246852, -0.6988915467, 0.2808109652, -0.1552371292, 0.0426972868, -0.1405799382, 0.2184698745, -0.1696579273], [38.72141347, 0.0055176072, 0.1426867969, 0.1943727124, -0.1280926327, 0.0718453765, -0.0217060429, 0.0829657157, -0.1245611955, 0.0411381473], [19.13306359, 0.0031445846, 0.0929387262, 1.0361135919, -0.9537793805, 0.525773751, -0.1391241817, 0.4492313044, -0.7655773076, 0.9930541848], [9.34554064, 0.0004607124, 0.0232306464, 0.2626141253, -0.0422353432, 0.0201638951, -0.0136943468, 0.0349080406, 0.0454196412, -0.6396768379], [4.45086586, 0.0001781851, -0.0031742957, -0.1267686346, 1.0541080152, -0.8378775487, 0.2628172995, -1.2056038591, 2.147979658, -1.9410318798], [2.03183894, -7.56855e-05, -0.0016126249, -0.0408915598, 0.3248928868, -0.3964838724, 0.0993913427, 0.5682899564, -1.7434598196, 3.6018504183], [0.87066929, 3.65992e-05, 0.0002068927, 0.0007349372, 0.0139982831, 0.8863351232, -0.2957863828, 0.9403581481, -1.3586599759, -2.346333334], [0.34147598, -1.51071e-05, -9.14805e-05, -0.0007009845, 0.0168647478, 0.5480126667, -0.501983712, -0.1922763278, 2.8649308149, -0.2115088121], [0.11893832, 5.8215e-06, 3.66177e-05, 0.0002306016, -0.0017855486, -0.0040889684, 0.4012936792, -1.3781196527, -1.7164544585, 1.9831692389], [0.03550733, -2.1488e-06, -1.41275e-05, -9.22395e-05, 0.0006879657, 0.0254351638, 0.8667698628, 0.6781220542, -0.02489973, -2.3638636205], [0.0106002, 6.241e-07, 3.9799e-06, 2.50085e-05, -0.0002447711, -0.0024978973, 0.0032299041, 0.4465290241, 0.684248083, 1.4645723957]], [1, [1999053.9457, 5.27248e-05, -4.22635e-05, 1.30946e-05, -4.9249e-06, -7.3048e-06, 4.3447e-06], [321492.94665, 0.0002062575, -0.0001656169, 5.13657e-05, -1.93198e-05, -2.86616e-05, 1.7027e-05], [69812.056384, 0.0007907197, -0.0006363455, 0.000197712, -7.43577e-05, -0.0001102843, 6.56782e-05], [19170.076373, 0.0028024207, -0.002264492, 0.0007050579, -0.0002652092, -0.0003936378, 0.0002333715], [6305.3605866, 0.0095627773, -0.0077776077, 0.0024344086, -0.0009155802, -0.0013579797, 0.0008104196], [2376.8728903, 0.0304081438, -0.0250497846, 0.0078955451, -0.0029703482, -0.0044130515, 0.0026094783], [991.08412563, 0.0858604085, -0.0724292592, 0.0232269816, -0.0087378, -0.0129711589, 0.0077547693], [444.45398997, 0.1955859903, -0.1717398404, 0.0563532022, -0.0212133939, -0.0316035208, 0.0186048576], [209.69390666, 0.3155610848, -0.2911116024, 0.0989987042, -0.0372819372, -0.0554689629, 0.0333537151], [102.29811686, 0.2905358073, -0.2282088299, 0.0668567425, -0.0250422154, -0.0374428239, 0.0210996293], [50.88921302, 0.1591725371, 0.2080341786, -0.1627677359, 0.0633913839, 0.099232041, -0.0550030502], [25.50997433, 0.1299786618, 0.5917917452, -0.4481104632, 0.1774758008, 0.2882984752, -0.1694027739], [12.7434798, 0.0625434303, 0.2992606204, -0.0676100109, 0.0108147877, -0.0133784295, 0.0098207141], [6.27002774, 0.0032893684, 0.0040392694, 0.6422905592, -0.3270990029, -0.7392411815, 0.3365294551], [2.99728634, -0.0006558915, -0.0130864967, 0.4864450388, -0.2791426358, -0.0930687868, 0.2382128786], [1.36875252, -0.0004321153, -0.0031844737, 0.0628819747, 0.2842338164, 1.437166915, -0.6804512825], [0.58442767, 0.0001110347, 0.000417432, 0.0028540545, 0.6667205951, -0.615533406, -0.2295587724], [0.22701214, -4.69339e-05, -0.0001930291, -0.0002962991, 0.2702142984, -1.0704463494, 0.2950152407], [0.08817945, 1.45036e-05, 5.98307e-05, 0.0001287369, 0.0016271736, 1.1394985724, 0.7705007891]], [2, [5075.2324021, 0.0004624199, -0.000212402, -0.0001338418, 7.03252e-05], [1400.6417964, 0.0037918263, -0.0017568935, -0.0010946858, 0.0006244381], [508.75311079, 0.0209012836, -0.0097240779, -0.006121187, 0.0032341649], [217.04181128, 0.0790282781, -0.0374730955, -0.0233913319, 0.0133490101], [101.12993278, 0.2106341946, -0.1012553833, -0.0640717841, 0.0335018815], [49.31418858, 0.3724161614, -0.1765190844, -0.1116543118, 0.0648584305], [24.56993946, 0.3724484114, -0.128055937, -0.0882595432, 0.0322480645], [12.30281942, 0.148439962, 0.1923894925, 0.1729546348, -0.060142795], [6.06684041, 0.0098260817, 0.4912902906, 0.4780271086, -0.2393569992], [2.84408803, -0.0060274869, 0.3965132651, 0.0275202804, -0.0459067525], [1.19180063, -0.0014732962, 0.0922209987, -1.5212904072, 0.1481679239], [0.499418, 1.92511e-05, 0.0018946649, 1.1745898944, 0.8929833783]], [3, [267.83532496, 0.002136697, -0.0023682897, 0.0028860639], [91.41297085, 0.0173101959, -0.0192847672, 0.0233886013], [38.11144675, 0.0692400235, -0.0773233756, 0.0942762644], [17.45050795, 0.1795048421, -0.2008573225, 0.24774166], [8.22655234, 0.3013531728, -0.2941870723, 0.2935809324], [3.84017672, 0.3456940442, -0.1630393094, -0.1608245388], [1.72324813, 0.2910461118, 0.2530702283, -0.7001354408], [0.7167717, 0.1773588489, 0.5241741225, 0.2478955537], [0.26038487, 0.0581198269, 0.2828111484, 0.5517990419], [0.09459118, 0.0013117456, 0.0230907024, 0.1236695388]], [4, [10.85067572, 0.1594340766], [5.06864131, 0.2278265327], [2.46175491, 0.4089511043], [1.16532292, 0.3834860395], [0.46008995, 0.1687647303]]]
threshold = 0.5
with_iao = False
openshell_option = 2
canonicalize = False

** AVAS **
  Total number of HF MOs  is equal to    549
  Number of occupied HF MOs is equal to  174
reference AO indices for [[0, [58741043.595, 0.0003095617, -0.0001259089, 6.91037e-05, -1.85591e-05, 1.0646e-05, -2.8433e-06, 8.7323e-06, -1.35596e-05, 1.22007e-05], [13545709.704, 0.0008516942, -0.0003466459, 0.000190297, -5.11104e-05, 2.93191e-05, -7.8312e-06, 2.40575e-05, -3.73546e-05, 3.35856e-05], [3592430.6955, 0.0019082673, -0.0007777057, 0.0004270617, -0.00011472, 6.5803e-05, -1.75727e-05, 5.39601e-05, -8.37945e-05, 7.54362e-05], [1068997.5743, 0.0039195893, -0.0016019262, 0.0008804759, -0.0002365759, 0.0001357079, -3.62538e-05, 0.0001114133, -0.0001729792, 0.0001553739], [349706.57902, 0.0079014176, -0.0032457866, 0.0017860832, -0.0004801945, 0.0002753786, -7.35186e-05, 0.0002256084, -0.0003504131, 0.0003160705], [123694.33912, 0.0157477694, -0.0065247398, 0.0036004833, -0.0009686648, 0.0005556288, -0.0001485097, 0.0004569229, -0.0007092419, 0.0006350258], [46678.398919, 0.0315658984, -0.0132634217, 0.0073419466, -0.001978727, 0.0011340632, -0.0003025333, 0.0009268542, -0.0014402417, 0.00130602], [18595.315822, 0.0629662301, -0.0270708201, 0.0150963167, -0.0040754906, 0.0023372419, -0.000625405, 0.001929166, -0.0029931159, 0.0026602426], [7755.2163127, 0.1221158296, -0.0546773715, 0.0307772461, -0.0083518799, 0.0047794665, -0.0012731364, 0.0038880662, -0.0060469357, 0.0055436892], [3363.779054, 0.2163719352, -0.104424382, 0.0601260542, -0.0164146081, 0.0094035178, -0.0025217555, 0.0078186556, -0.0121224202, 0.0106191691], [1509.3223033, 0.3107230962, -0.1727137331, 0.1028299975, -0.0285728915, 0.0162739243, -0.0043197692, 0.0130943713, -0.020410749, 0.0192252465], [697.35341479, 0.2829389649, -0.1915966744, 0.1213177905, -0.0342877174, 0.0196005497, -0.0053102484, 0.0168441816, -0.0260260623, 0.0212627647], [330.31834917, 0.1107960478, 0.0034524045, -0.0181721285, 0.0066342313, -0.0038699051, 0.0012231975, -0.0050898659, 0.0075551906, -0.0012422347], [159.65709504, 0.0270243507, 0.4305459366, -0.4433513468, 0.1566058182, -0.0860727872, 0.0225872722, -0.0670551554, 0.1058849283, -0.1109799087], [78.31452052, 0.0232087242, 0.4684246852, -0.6988915467, 0.2808109652, -0.1552371292, 0.0426972868, -0.1405799382, 0.2184698745, -0.1696579273], [38.72141347, 0.0055176072, 0.1426867969, 0.1943727124, -0.1280926327, 0.0718453765, -0.0217060429, 0.0829657157, -0.1245611955, 0.0411381473], [19.13306359, 0.0031445846, 0.0929387262, 1.0361135919, -0.9537793805, 0.525773751, -0.1391241817, 0.4492313044, -0.7655773076, 0.9930541848], [9.34554064, 0.0004607124, 0.0232306464, 0.2626141253, -0.0422353432, 0.0201638951, -0.0136943468, 0.0349080406, 0.0454196412, -0.6396768379], [4.45086586, 0.0001781851, -0.0031742957, -0.1267686346, 1.0541080152, -0.8378775487, 0.2628172995, -1.2056038591, 2.147979658, -1.9410318798], [2.03183894, -7.56855e-05, -0.0016126249, -0.0408915598, 0.3248928868, -0.3964838724, 0.0993913427, 0.5682899564, -1.7434598196, 3.6018504183], [0.87066929, 3.65992e-05, 0.0002068927, 0.0007349372, 0.0139982831, 0.8863351232, -0.2957863828, 0.9403581481, -1.3586599759, -2.346333334], [0.34147598, -1.51071e-05, -9.14805e-05, -0.0007009845, 0.0168647478, 0.5480126667, -0.501983712, -0.1922763278, 2.8649308149, -0.2115088121], [0.11893832, 5.8215e-06, 3.66177e-05, 0.0002306016, -0.0017855486, -0.0040889684, 0.4012936792, -1.3781196527, -1.7164544585, 1.9831692389], [0.03550733, -2.1488e-06, -1.41275e-05, -9.22395e-05, 0.0006879657, 0.0254351638, 0.8667698628, 0.6781220542, -0.02489973, -2.3638636205], [0.0106002, 6.241e-07, 3.9799e-06, 2.50085e-05, -0.0002447711, -0.0024978973, 0.0032299041, 0.4465290241, 0.684248083, 1.4645723957]], [1, [1999053.9457, 5.27248e-05, -4.22635e-05, 1.30946e-05, -4.9249e-06, -7.3048e-06, 4.3447e-06], [321492.94665, 0.0002062575, -0.0001656169, 5.13657e-05, -1.93198e-05, -2.86616e-05, 1.7027e-05], [69812.056384, 0.0007907197, -0.0006363455, 0.000197712, -7.43577e-05, -0.0001102843, 6.56782e-05], [19170.076373, 0.0028024207, -0.002264492, 0.0007050579, -0.0002652092, -0.0003936378, 0.0002333715], [6305.3605866, 0.0095627773, -0.0077776077, 0.0024344086, -0.0009155802, -0.0013579797, 0.0008104196], [2376.8728903, 0.0304081438, -0.0250497846, 0.0078955451, -0.0029703482, -0.0044130515, 0.0026094783], [991.08412563, 0.0858604085, -0.0724292592, 0.0232269816, -0.0087378, -0.0129711589, 0.0077547693], [444.45398997, 0.1955859903, -0.1717398404, 0.0563532022, -0.0212133939, -0.0316035208, 0.0186048576], [209.69390666, 0.3155610848, -0.2911116024, 0.0989987042, -0.0372819372, -0.0554689629, 0.0333537151], [102.29811686, 0.2905358073, -0.2282088299, 0.0668567425, -0.0250422154, -0.0374428239, 0.0210996293], [50.88921302, 0.1591725371, 0.2080341786, -0.1627677359, 0.0633913839, 0.099232041, -0.0550030502], [25.50997433, 0.1299786618, 0.5917917452, -0.4481104632, 0.1774758008, 0.2882984752, -0.1694027739], [12.7434798, 0.0625434303, 0.2992606204, -0.0676100109, 0.0108147877, -0.0133784295, 0.0098207141], [6.27002774, 0.0032893684, 0.0040392694, 0.6422905592, -0.3270990029, -0.7392411815, 0.3365294551], [2.99728634, -0.0006558915, -0.0130864967, 0.4864450388, -0.2791426358, -0.0930687868, 0.2382128786], [1.36875252, -0.0004321153, -0.0031844737, 0.0628819747, 0.2842338164, 1.437166915, -0.6804512825], [0.58442767, 0.0001110347, 0.000417432, 0.0028540545, 0.6667205951, -0.615533406, -0.2295587724], [0.22701214, -4.69339e-05, -0.0001930291, -0.0002962991, 0.2702142984, -1.0704463494, 0.2950152407], [0.08817945, 1.45036e-05, 5.98307e-05, 0.0001287369, 0.0016271736, 1.1394985724, 0.7705007891]], [2, [5075.2324021, 0.0004624199, -0.000212402, -0.0001338418, 7.03252e-05], [1400.6417964, 0.0037918263, -0.0017568935, -0.0010946858, 0.0006244381], [508.75311079, 0.0209012836, -0.0097240779, -0.006121187, 0.0032341649], [217.04181128, 0.0790282781, -0.0374730955, -0.0233913319, 0.0133490101], [101.12993278, 0.2106341946, -0.1012553833, -0.0640717841, 0.0335018815], [49.31418858, 0.3724161614, -0.1765190844, -0.1116543118, 0.0648584305], [24.56993946, 0.3724484114, -0.128055937, -0.0882595432, 0.0322480645], [12.30281942, 0.148439962, 0.1923894925, 0.1729546348, -0.060142795], [6.06684041, 0.0098260817, 0.4912902906, 0.4780271086, -0.2393569992], [2.84408803, -0.0060274869, 0.3965132651, 0.0275202804, -0.0459067525], [1.19180063, -0.0014732962, 0.0922209987, -1.5212904072, 0.1481679239], [0.499418, 1.92511e-05, 0.0018946649, 1.1745898944, 0.8929833783]], [3, [267.83532496, 0.002136697, -0.0023682897, 0.0028860639], [91.41297085, 0.0173101959, -0.0192847672, 0.0233886013], [38.11144675, 0.0692400235, -0.0773233756, 0.0942762644], [17.45050795, 0.1795048421, -0.2008573225, 0.24774166], [8.22655234, 0.3013531728, -0.2941870723, 0.2935809324], [3.84017672, 0.3456940442, -0.1630393094, -0.1608245388], [1.72324813, 0.2910461118, 0.2530702283, -0.7001354408], [0.7167717, 0.1773588489, 0.5241741225, 0.2478955537], [0.26038487, 0.0581198269, 0.2828111484, 0.5517990419], [0.09459118, 0.0013117456, 0.0230907024, 0.1236695388]], [4, [10.85067572, 0.1594340766], [5.06864131, 0.2278265327], [2.46175491, 0.4089511043], [1.16532292, 0.3834860395], [0.46008995, 0.1687647303]]] ['Er 4f']:
 [47 48 49 50 51 52 53]
Option 2: threshold 0.5
Active from occupied = 7 , eig [0.99803377 0.99807226 0.99807644 0.99866544 0.9987337  0.99878832
 0.9989311 ]
Inactive from occupied = 11
Active from unoccupied = 0 , eig []
Inactive from unoccupied = 7
Dimensions of active 7
# of alpha electrons 7
# of beta electrons 4
  AVAS: ncas=7, nelec=11

[Step 3] SACASSCF(7,11)
Attempting SA-CASSCF with
fix_spin parameter 0.5 on spin multiplicity 4
35 states with spin multiplicity 4

******** <class 'pyscf.mcscf.addons.StateAverageCASSCF'> ********
CAS (7e+4e, 7o), ncore = 11, nvir = 7
max_cycle_macro = 50
max_cycle_micro = 4
conv_tol = 1e-07
conv_tol_grad = None
orbital rotation max_stepsize = 0.02
orbital rotation threshold for CI restart = 0.01
augmented hessian ah_max_cycle = 30
augmented hessian ah_conv_tol = 1e-12
augmented hessian ah_linear dependence = 1e-14
augmented hessian ah_level shift = 1e-08
augmented hessian ah_start_tol = 2.5
augmented hessian ah_start_cycle = 3
augmented hessian ah_grad_trust_region = 3
kf_trust_region = 3
kf_interval = 4
ci_response_space = 4
ci_grad_trust_region = 3
with_dep4 0
natorb = False
canonicalization = True
sorting_mo_energy = False
ao2mo_level = 2
chkfile = /tmp/tmp2s1dy0du
max_memory 4000 MB (current use 463 MB)
internal_rotation = False
******** <class 'pyscf.mcscf.addons.StateAverageMixSpinPenaltyFCISolver'> ********
max. cycles = 100
conv_tol = 1e-10
davidson only = True
linear dependence = 1e-14
level shift = 0.001
max iter space = 12
max_memory 4000 MB
nroots = 35
pspace_size = 400
spin = 3
State-average over 35 states with weights [0.02857143 0.02857143 0.02857143 0.02857143 0.02857143 0.02857143
 0.02857143 0.02857143 0.02857143 0.02857143 0.02857143 0.02857143
 0.02857143 0.02857143 0.02857143 0.02857143 0.02857143 0.02857143
 0.02857143 0.02857143 0.02857143 0.02857143 0.02857143 0.02857143
 0.02857143 0.02857143 0.02857143 0.02857143 0.02857143 0.02857143
 0.02857143 0.02857143 0.02857143 0.02857143 0.02857143]
CASCI E = -812.416078390129  S^2 = 3.7500000
Set conv_tol_grad to 0.000316228
macro iter   1 ( 19 JK    4 micro), CASSCF E = -812.425550463095  dE = -9.47207297e-03  S^2 = 3.7500000
               |grad[o]|=0.168  |ddm|=3.1e-15  |maxRot[o]|=0.0528
macro iter   2 ( 19 JK    4 micro), CASSCF E = -812.425552839455  dE = -2.37636050e-06  S^2 = 3.7500000
               |grad[o]|=0.00147  |ddm|=4.45e-15  |maxRot[o]|=0.000977
macro iter   3 (  1 JK    1 micro), CASSCF E = -812.425552839455  dE =  0.00000000e+00  S^2 = 3.7500000
               |grad[o]|=2.77e-05  |ddm|=2.21e-15  |maxRot[o]|=    0
1-step CASSCF converged in   3 macro ( 39 JK   9 micro) steps
CASSCF canonicalization
Density matrix diagonal elements [1.57142857 1.57142857 1.57142857 1.57142857 1.57142857 1.57142857
 1.57142857]
CASSCF energy = -812.425552839455
CASCI E = -812.425552839455  E(CI) = -74.4494499170637  S^2 = 3.7500000
CASCI state-averaged energy = -812.425552839455
CASCI energy for each state
  State 0 weight 0.0285714  E = -812.516117392626 S^2 = 3.7500000
  State 1 weight 0.0285714  E = -812.512560265977 S^2 = 3.7500000
  State 2 weight 0.0285714  E = -812.512366223028 S^2 = 3.7500000
  State 3 weight 0.0285714  E = -812.512352742593 S^2 = 3.7500000
  State 4 weight 0.0285714  E = -812.509234836691 S^2 = 3.7500000
  State 5 weight 0.0285714  E = -812.508775538447 S^2 = 3.7500000
  State 6 weight 0.0285714  E = -812.508736771678 S^2 = 3.7500000
  State 7 weight 0.0285714  E = -812.508372758247 S^2 = 3.7500000
  State 8 weight 0.0285714  E = -812.506985597359 S^2 = 3.7500000
  State 9 weight 0.0285714  E = -812.506663658702 S^2 = 3.7500000
  State 10 weight 0.0285714  E = -812.503359418593 S^2 = 3.7500000
  State 11 weight 0.0285714  E = -812.503325606562 S^2 = 3.7500000
  State 12 weight 0.0285714  E = -812.503222670669 S^2 = 3.7500000
  State 13 weight 0.0285714  E = -812.426920677693 S^2 = 3.7500000
  State 14 weight 0.0285714  E = -812.426786463108 S^2 = 3.7500000
  State 15 weight 0.0285714  E = -812.426757837254 S^2 = 3.7500000
  State 16 weight 0.0285714  E = -812.426740327842 S^2 = 3.7500000
  State 17 weight 0.0285714  E = -812.425392905644 S^2 = 3.7500000
  State 18 weight 0.0285714  E = -812.424158379215 S^2 = 3.7500000
  State 19 weight 0.0285714  E = -812.424125424903 S^2 = 3.7500000
  State 20 weight 0.0285714  E = -812.423121558294 S^2 = 3.7500000
  State 21 weight 0.0285714  E = -812.382020359346 S^2 = 3.7500000
  State 22 weight 0.0285714  E = -812.380674220485 S^2 = 3.7500000
  State 23 weight 0.0285714  E = -812.378837589162 S^2 = 3.7500000
  State 24 weight 0.0285714  E = -812.378805553873 S^2 = 3.7500000
  State 25 weight 0.0285714  E = -812.377478057404 S^2 = 3.7500000
  State 26 weight 0.0285714  E = -812.37725897995 S^2 = 3.7500000
  State 27 weight 0.0285714  E = -812.377256410339 S^2 = 3.7500000
  State 28 weight 0.0285714  E = -812.377250712559 S^2 = 3.7500000
  State 29 weight 0.0285714  E = -812.37324289356 S^2 = 3.7500000
  State 30 weight 0.0285714  E = -812.296078902576 S^2 = 3.7500000
  State 31 weight 0.0285714  E = -812.29602279152 S^2 = 3.7500000
  State 32 weight 0.0285714  E = -812.294946486831 S^2 = 3.7500000
  State 33 weight 0.0285714  E = -812.294554210975 S^2 = 3.7500000
  State 34 weight 0.0285714  E = -812.293845157233 S^2 = 3.7500000
  CASSCF E_min = -812.51611739 H

[Step 4] NEVPT2
sacasscf_nevpt2_casci_ver

******** <class 'embed_sim.nevpt2.NEVPT'> ********
NEVPT2 (7e+4e, 7o), ncore = 11, nvir = 7
spin = 3  root = 0
Sr    (-1)',   E = -0.00165763058137
Si    (+1)',   E = -0.00000358573101
Sijrs (0)  ,   E = -0.00001764437793
Sijr  (+1) ,   E = -0.00000335356442
Srsi  (-1) ,   E = -0.00001129811388
Srs   (-2) ,   E = -0.01919997968524
Sij   (+2) ,   E = -0.00000028596127
Sir   (0)' ,   E = -0.00020620580217
Nevpt2 Energy = -0.021099983817283

******** <class 'embed_sim.nevpt2.NEVPT'> ********
NEVPT2 (7e+4e, 7o), ncore = 11, nvir = 7
spin = 3  root = 1
Sr    (-1)',   E = -0.00164356389145
Si    (+1)',   E = -0.00000227566169
Sijrs (0)  ,   E = -0.00001765862570
Sijr  (+1) ,   E = -0.00000287985024
Srsi  (-1) ,   E = -0.00001152873908
Srs   (-2) ,   E = -0.02005342253201
Sij   (+2) ,   E = -0.00000013048457
Sir   (0)' ,   E = -0.00017222401142
Nevpt2 Energy = -0.021903683796158

******** <class 'embed_sim.nevpt2.NEVPT'> ********
NEVPT2 (7e+4e, 7o), ncore = 11, nvir = 7
spin = 3  root = 2
Sr    (-1)',   E = -0.00162715532826
Si    (+1)',   E = -0.00000383423661
Sijrs (0)  ,   E = -0.00001765981203
Sijr  (+1) ,   E = -0.00000280069655
Srsi  (-1) ,   E = -0.00001147174882
Srs   (-2) ,   E = -0.01966776854810
Sij   (+2) ,   E = -0.00000011260241
Sir   (0)' ,   E = -0.00016024253838
Nevpt2 Energy = -0.021491045511161

******** <class 'embed_sim.nevpt2.NEVPT'> ********
NEVPT2 (7e+4e, 7o), ncore = 11, nvir = 7
spin = 3  root = 3
Sr    (-1)',   E = -0.00162805573708
Si    (+1)',   E = -0.00000385729574
Sijrs (0)  ,   E = -0.00001766036357
Sijr  (+1) ,   E = -0.00000309804084
Srsi  (-1) ,   E = -0.00001149022650
Srs   (-2) ,   E = -0.01970717660062
Sij   (+2) ,   E = -0.00000011263148
Sir   (0)' ,   E = -0.00015973453305
Nevpt2 Energy = -0.021531185428880

******** <class 'embed_sim.nevpt2.NEVPT'> ********
NEVPT2 (7e+4e, 7o), ncore = 11, nvir = 7
spin = 3  root = 4
Sr    (-1)',   E = -0.00165017626452
Si    (+1)',   E = -0.00000272861335
Sijrs (0)  ,   E = -0.00001767169314
Sijr  (+1) ,   E = -0.00000243135634
Srsi  (-1) ,   E = -0.00001164934854
Srs   (-2) ,   E = -0.02068105085984
Sij   (+2) ,   E = -0.00000007281276
Sir   (0)' ,   E = -0.00013210247209
Nevpt2 Energy = -0.022497883420576

******** <class 'embed_sim.nevpt2.NEVPT'> ********
NEVPT2 (7e+4e, 7o), ncore = 11, nvir = 7
spin = 3  root = 5
Sr    (-1)',   E = -0.00163636933277
Si    (+1)',   E = -0.00000289750458
Sijrs (0)  ,   E = -0.00001767187576
Sijr  (+1) ,   E = -0.00000234407323
Srsi  (-1) ,   E = -0.00001172017063
Srs   (-2) ,   E = -0.02059353888295
Sij   (+2) ,   E = -0.00000002907292
Sir   (0)' ,   E = -0.00011844737153
Nevpt2 Energy = -0.022383018284383

******** <class 'embed_sim.nevpt2.NEVPT'> ********
NEVPT2 (7e+4e, 7o), ncore = 11, nvir = 7
spin = 3  root = 6
Sr    (-1)',   E = -0.00163536272262
Si    (+1)',   E = -0.00000288443515
Sijrs (0)  ,   E = -0.00001767222303
Sijr  (+1) ,   E = -0.00000259541054
Srsi  (-1) ,   E = -0.00001169323968
Srs   (-2) ,   E = -0.02058973303986
Sij   (+2) ,   E = -0.00000002757253
Sir   (0)' ,   E = -0.00011714260802
Nevpt2 Energy = -0.022377111251420

******** <class 'embed_sim.nevpt2.NEVPT'> ********
NEVPT2 (7e+4e, 7o), ncore = 11, nvir = 7
spin = 3  root = 7
Sr    (-1)',   E = -0.00162559272049
Si    (+1)',   E = -0.00000334378418
Sijrs (0)  ,   E = -0.00001767115264
Sijr  (+1) ,   E = -0.00000262647014
Srsi  (-1) ,   E = -0.00001170270742
Srs   (-2) ,   E = -0.02036837747069
Sij   (+2) ,   E = -0.00000005041330
Sir   (0)' ,   E = -0.00010858521353
Nevpt2 Energy = -0.022137949932382

******** <class 'embed_sim.nevpt2.NEVPT'> ********
NEVPT2 (7e+4e, 7o), ncore = 11, nvir = 7
spin = 3  root = 8
Sr    (-1)',   E = -0.00158762366053
Si    (+1)',   E = -0.00000330211448
Sijrs (0)  ,   E = -0.00001768003455
Sijr  (+1) ,   E = -0.00000256445636
Srsi  (-1) ,   E = -0.00001177332326
Srs   (-2) ,   E = -0.01998636842213
Sij   (+2) ,   E = -0.00000000410774
Sir   (0)' ,   E = -0.00009503623098
Nevpt2 Energy = -0.021704352350025

******** <class 'embed_sim.nevpt2.NEVPT'> ********
NEVPT2 (7e+4e, 7o), ncore = 11, nvir = 7
spin = 3  root = 9
Sr    (-1)',   E = -0.00159441780896
Si    (+1)',   E = -0.00000187874213
Sijrs (0)  ,   E = -0.00001767822290
Sijr  (+1) ,   E = -0.00000256316733
Srsi  (-1) ,   E = -0.00001185919689
Srs   (-2) ,   E = -0.02022237225910
Sij   (+2) ,   E = -0.00000002370170
Sir   (0)' ,   E = -0.00009375428753
Nevpt2 Energy = -0.021944547386529

******** <class 'embed_sim.nevpt2.NEVPT'> ********
NEVPT2 (7e+4e, 7o), ncore = 11, nvir = 7
spin = 3  root = 10
Sr    (-1)',   E = -0.00160396939514
Si    (+1)',   E = -0.00000204126639
Sijrs (0)  ,   E = -0.00001769255169
Sijr  (+1) ,   E = -0.00000219603651
Srsi  (-1) ,   E = -0.00001196807665
Srs   (-2) ,   E = -0.02079640043432
Sij   (+2) ,   E = -0.00000001067939
Sir   (0)' ,   E = -0.00005911154723
Nevpt2 Energy = -0.022493389987312

******** <class 'embed_sim.nevpt2.NEVPT'> ********
NEVPT2 (7e+4e, 7o), ncore = 11, nvir = 7
spin = 3  root = 11
Sr    (-1)',   E = -0.00160395177012
Si    (+1)',   E = -0.00000202481623
Sijrs (0)  ,   E = -0.00001769362632
Sijr  (+1) ,   E = -0.00000213650085
Srsi  (-1) ,   E = -0.00001193474832
Srs   (-2) ,   E = -0.02079155166658
Sij   (+2) ,   E = -0.00000001076806
Sir   (0)' ,   E = -0.00005749145504
Nevpt2 Energy = -0.022486795351524

******** <class 'embed_sim.nevpt2.NEVPT'> ********
NEVPT2 (7e+4e, 7o), ncore = 11, nvir = 7
spin = 3  root = 12
Sr    (-1)',   E = -0.00161172192249
Si    (+1)',   E = -0.00000129692451
Sijrs (0)  ,   E = -0.00001769155507
Sijr  (+1) ,   E = -0.00000201962864
Srsi  (-1) ,   E = -0.00001206250053
Srs   (-2) ,   E = -0.02101383497714
Sij   (+2) ,   E = -0.00000000880037
Sir   (0)' ,   E = -0.00005062983638
Nevpt2 Energy = -0.022709266145123

******** <class 'embed_sim.nevpt2.NEVPT'> ********
NEVPT2 (7e+4e, 7o), ncore = 11, nvir = 7
spin = 3  root = 13
Sr    (-1)',   E = -0.00283866669177
Si    (+1)',   E = -0.00000578626038
Sijrs (0)  ,   E = -0.00001766864477
Sijr  (+1) ,   E = -0.00000247184509
Srsi  (-1) ,   E = -0.00001166342103
Srs   (-2) ,   E = -0.02103418270238
Sij   (+2) ,   E = -0.00000008551760
Sir   (0)' ,   E = -0.00013682085206
Nevpt2 Energy = -0.024047345935084

******** <class 'embed_sim.nevpt2.NEVPT'> ********
NEVPT2 (7e+4e, 7o), ncore = 11, nvir = 7
spin = 3  root = 14
Sr    (-1)',   E = -0.00283334949831
Si    (+1)',   E = -0.00000415181934
Sijrs (0)  ,   E = -0.00001766996650
Sijr  (+1) ,   E = -0.00000271618694
Srsi  (-1) ,   E = -0.00001169142576
Srs   (-2) ,   E = -0.02006787008097
Sij   (+2) ,   E = -0.00000009242145
Sir   (0)' ,   E = -0.00014224328237
Nevpt2 Energy = -0.023079784681640

******** <class 'embed_sim.nevpt2.NEVPT'> ********
NEVPT2 (7e+4e, 7o), ncore = 11, nvir = 7
spin = 3  root = 15
Sr    (-1)',   E = -0.00283322920594
Si    (+1)',   E = -0.00000439766511
Sijrs (0)  ,   E = -0.00001767035184
Sijr  (+1) ,   E = -0.00000266958782
Srsi  (-1) ,   E = -0.00001162971152
Srs   (-2) ,   E = -0.02007302684389
Sij   (+2) ,   E = -0.00000009295400
Sir   (0)' ,   E = -0.00014109492316
Nevpt2 Energy = -0.023083811243286

******** <class 'embed_sim.nevpt2.NEVPT'> ********
NEVPT2 (7e+4e, 7o), ncore = 11, nvir = 7
spin = 3  root = 16
Sr    (-1)',   E = -0.00282720797294
Si    (+1)',   E = -0.00000636601917
Sijrs (0)  ,   E = -0.00001766778137
Sijr  (+1) ,   E = -0.00000282050889
Srsi  (-1) ,   E = -0.00001171606208
Srs   (-2) ,   E = -0.02030466534724
Sij   (+2) ,   E = -0.00000010812285
Sir   (0)' ,   E = -0.00015286374621
Nevpt2 Energy = -0.023323415560753

******** <class 'embed_sim.nevpt2.NEVPT'> ********
NEVPT2 (7e+4e, 7o), ncore = 11, nvir = 7
spin = 3  root = 17
Sr    (-1)',   E = -0.00254662026622
Si    (+1)',   E = -0.00002029802071
Sijrs (0)  ,   E = -0.00001767488318
Sijr  (+1) ,   E = -0.00000253777607
Srsi  (-1) ,   E = -0.00001175773592
Srs   (-2) ,   E = -0.02055303736680
Sij   (+2) ,   E = -0.00000006902995
Sir   (0)' ,   E = -0.00012500247339
Nevpt2 Energy = -0.023276997552238

******** <class 'embed_sim.nevpt2.NEVPT'> ********
NEVPT2 (7e+4e, 7o), ncore = 11, nvir = 7
spin = 3  root = 18
Sr    (-1)',   E = -0.00284039306804
Si    (+1)',   E = -0.00000444967251
Sijrs (0)  ,   E = -0.00001768074278
Sijr  (+1) ,   E = -0.00000210808251
Srsi  (-1) ,   E = -0.00001181987661
Srs   (-2) ,   E = -0.02093475172377
Sij   (+2) ,   E = -0.00000006430540
Sir   (0)' ,   E = -0.00011767075785
Nevpt2 Energy = -0.023928938229475

******** <class 'embed_sim.nevpt2.NEVPT'> ********
NEVPT2 (7e+4e, 7o), ncore = 11, nvir = 7
spin = 3  root = 19
Sr    (-1)',   E = -0.00283981484557
Si    (+1)',   E = -0.00000454287289
Sijrs (0)  ,   E = -0.00001768073742
Sijr  (+1) ,   E = -0.00000257108352
Srsi  (-1) ,   E = -0.00001181719141
Srs   (-2) ,   E = -0.02092332014322
Sij   (+2) ,   E = -0.00000006570040
Sir   (0)' ,   E = -0.00011761921756
Nevpt2 Energy = -0.023917431791983

******** <class 'embed_sim.nevpt2.NEVPT'> ********
NEVPT2 (7e+4e, 7o), ncore = 11, nvir = 7
spin = 3  root = 20
Sr    (-1)',   E = -0.00285255674826
Si    (+1)',   E = -0.00000388109140
Sijrs (0)  ,   E = -0.00001767833932
Sijr  (+1) ,   E = -0.00000262802253
Srsi  (-1) ,   E = -0.00001186322234
Srs   (-2) ,   E = -0.02031580298815
Sij   (+2) ,   E = -0.00000001662000
Sir   (0)' ,   E = -0.00008086633280
Nevpt2 Energy = -0.023285293364795

******** <class 'embed_sim.nevpt2.NEVPT'> ********
NEVPT2 (7e+4e, 7o), ncore = 11, nvir = 7
spin = 3  root = 21
Sr    (-1)',   E = -0.00416302457190
Si    (+1)',   E = -0.00000918055565
Sijrs (0)  ,   E = -0.00001766134923
Sijr  (+1) ,   E = -0.00000254023667
Srsi  (-1) ,   E = -0.00001159415004
Srs   (-2) ,   E = -0.02103664534657
Sij   (+2) ,   E = -0.00000019759797
Sir   (0)' ,   E = -0.00020142110086
Nevpt2 Energy = -0.025442264908887

******** <class 'embed_sim.nevpt2.NEVPT'> ********
NEVPT2 (7e+4e, 7o), ncore = 11, nvir = 7
spin = 3  root = 22
Sr    (-1)',   E = -0.00402015948037
Si    (+1)',   E = -0.00000792570450
Sijrs (0)  ,   E = -0.00001765988523
Sijr  (+1) ,   E = -0.00000323151387
Srsi  (-1) ,   E = -0.00001154072523
Srs   (-2) ,   E = -0.01972054455064
Sij   (+2) ,   E = -0.00000005349277
Sir   (0)' ,   E = -0.00015176804475
Nevpt2 Energy = -0.023932883397360

******** <class 'embed_sim.nevpt2.NEVPT'> ********
NEVPT2 (7e+4e, 7o), ncore = 11, nvir = 7
spin = 3  root = 23
Sr    (-1)',   E = -0.00412341831026
Si    (+1)',   E = -0.00000922969253
Sijrs (0)  ,   E = -0.00001767636153
Sijr  (+1) ,   E = -0.00000224422715
Srsi  (-1) ,   E = -0.00001170689381
Srs   (-2) ,   E = -0.02121065565570
Sij   (+2) ,   E = -0.00000008470541
Sir   (0)' ,   E = -0.00016837585556
Nevpt2 Energy = -0.025543391701955

******** <class 'embed_sim.nevpt2.NEVPT'> ********
NEVPT2 (7e+4e, 7o), ncore = 11, nvir = 7
spin = 3  root = 24
Sr    (-1)',   E = -0.00412590979912
Si    (+1)',   E = -0.00000936590145
Sijrs (0)  ,   E = -0.00001767658910
Sijr  (+1) ,   E = -0.00000230656364
Srsi  (-1) ,   E = -0.00001172635281
Srs   (-2) ,   E = -0.02121210283892
Sij   (+2) ,   E = -0.00000008119614
Sir   (0)' ,   E = -0.00016685429396
Nevpt2 Energy = -0.025546023535138

******** <class 'embed_sim.nevpt2.NEVPT'> ********
NEVPT2 (7e+4e, 7o), ncore = 11, nvir = 7
spin = 3  root = 25
Sr    (-1)',   E = -0.00409201035609
Si    (+1)',   E = -0.00000887127184
Sijrs (0)  ,   E = -0.00001767362988
Sijr  (+1) ,   E = -0.00000262604868
Srsi  (-1) ,   E = -0.00001177205199
Srs   (-2) ,   E = -0.02071155488209
Sij   (+2) ,   E = -0.00000003460927
Sir   (0)' ,   E = -0.00011784496674
Nevpt2 Energy = -0.024962387816589

******** <class 'embed_sim.nevpt2.NEVPT'> ********
NEVPT2 (7e+4e, 7o), ncore = 11, nvir = 7
spin = 3  root = 26
Sr    (-1)',   E = -0.00398932499769
Si    (+1)',   E = -0.00000546850300
Sijrs (0)  ,   E = -0.00001767452718
Sijr  (+1) ,   E = -0.00000278285694
Srsi  (-1) ,   E = -0.00001183527594
Srs   (-2) ,   E = -0.02006034584597
Sij   (+2) ,   E = -0.00000009947834
Sir   (0)' ,   E = -0.00011135042227
Nevpt2 Energy = -0.024198881907331

******** <class 'embed_sim.nevpt2.NEVPT'> ********
NEVPT2 (7e+4e, 7o), ncore = 11, nvir = 7
spin = 3  root = 27
Sr    (-1)',   E = -0.00400641906789
Si    (+1)',   E = -0.00000495192792
Sijrs (0)  ,   E = -0.00001767528967
Sijr  (+1) ,   E = -0.00000283734073
Srsi  (-1) ,   E = -0.00001178963722
Srs   (-2) ,   E = -0.02011518592443
Sij   (+2) ,   E = -0.00000008107999
Sir   (0)' ,   E = -0.00011088948992
Nevpt2 Energy = -0.024269829757773

******** <class 'embed_sim.nevpt2.NEVPT'> ********
NEVPT2 (7e+4e, 7o), ncore = 11, nvir = 7
spin = 3  root = 28
Sr    (-1)',   E = -0.00396132535570
Si    (+1)',   E = -0.00000607767830
Sijrs (0)  ,   E = -0.00001767432858
Sijr  (+1) ,   E = -0.00000283302366
Srsi  (-1) ,   E = -0.00001185219920
Srs   (-2) ,   E = -0.01993104298353
Sij   (+2) ,   E = -0.00000013272217
Sir   (0)' ,   E = -0.00011174280145
Nevpt2 Energy = -0.024042681092600

******** <class 'embed_sim.nevpt2.NEVPT'> ********
NEVPT2 (7e+4e, 7o), ncore = 11, nvir = 7
spin = 3  root = 29
Sr    (-1)',   E = -0.00419219040761
Si    (+1)',   E = -0.00000469849152
Sijrs (0)  ,   E = -0.00001769162158
Sijr  (+1) ,   E = -0.00000189995624
Srsi  (-1) ,   E = -0.00001201022231
Srs   (-2) ,   E = -0.02202070747882
Sij   (+2) ,   E = -0.00000004519853
Sir   (0)' ,   E = -0.00006574756881
Nevpt2 Energy = -0.026314990945420

******** <class 'embed_sim.nevpt2.NEVPT'> ********
NEVPT2 (7e+4e, 7o), ncore = 11, nvir = 7
spin = 3  root = 30
Sr    (-1)',   E = -0.00523756979271
Si    (+1)',   E = -0.00001447171809
Sijrs (0)  ,   E = -0.00001767573549
Sijr  (+1) ,   E = -0.00000215327462
Srsi  (-1) ,   E = -0.00001181250285
Srs   (-2) ,   E = -0.02081700406735
Sij   (+2) ,   E = -0.00000011908147
Sir   (0)' ,   E = -0.00016900054638
Nevpt2 Energy = -0.026269806718952

******** <class 'embed_sim.nevpt2.NEVPT'> ********
NEVPT2 (7e+4e, 7o), ncore = 11, nvir = 7
spin = 3  root = 31
Sr    (-1)',   E = -0.00523782989290
Si    (+1)',   E = -0.00001482831342
Sijrs (0)  ,   E = -0.00001767489035
Sijr  (+1) ,   E = -0.00000257071423
Srsi  (-1) ,   E = -0.00001172904301
Srs   (-2) ,   E = -0.02079553905614
Sij   (+2) ,   E = -0.00000012059838
Sir   (0)' ,   E = -0.00016823897835
Nevpt2 Energy = -0.026248531486784

******** <class 'embed_sim.nevpt2.NEVPT'> ********
NEVPT2 (7e+4e, 7o), ncore = 11, nvir = 7
spin = 3  root = 32
Sr    (-1)',   E = -0.00522328134249
Si    (+1)',   E = -0.00001937950144
Sijrs (0)  ,   E = -0.00001767085808
Sijr  (+1) ,   E = -0.00000274568806
Srsi  (-1) ,   E = -0.00001174169917
Srs   (-2) ,   E = -0.02159972411394
Sij   (+2) ,   E = -0.00000009609285
Sir   (0)' ,   E = -0.00015845654513
Nevpt2 Energy = -0.027033095841153

******** <class 'embed_sim.nevpt2.NEVPT'> ********
NEVPT2 (7e+4e, 7o), ncore = 11, nvir = 7
spin = 3  root = 33
Sr    (-1)',   E = -0.00525749780493
Si    (+1)',   E = -0.00001085314384
Sijrs (0)  ,   E = -0.00001767697749
Sijr  (+1) ,   E = -0.00000218506415
Srsi  (-1) ,   E = -0.00001179693703
Srs   (-2) ,   E = -0.02113584903986
Sij   (+2) ,   E = -0.00000014054476
Sir   (0)' ,   E = -0.00012267611369
Nevpt2 Energy = -0.026558675625755

******** <class 'embed_sim.nevpt2.NEVPT'> ********
NEVPT2 (7e+4e, 7o), ncore = 11, nvir = 7
spin = 3  root = 34
Sr    (-1)',   E = -0.00526293395697
Si    (+1)',   E = -0.00001784540984
Sijrs (0)  ,   E = -0.00001767153777
Sijr  (+1) ,   E = -0.00000331777704
Srsi  (-1) ,   E = -0.00001185386733
Srs   (-2) ,   E = -0.02014386669970
Sij   (+2) ,   E = -0.00000005492058
Sir   (0)' ,   E = -0.00011655262584
Nevpt2 Energy = -0.025574096795070
  NEVPT2 corrections: -5933.08 to -4630.91 cm^-1

[Step 5] SISO
Attempting SA-CASSCF with
fix_spin parameter 0.5 on spin multiplicity 4
35 states with spin multiplicity 4
    CPU time for 2e SOC J/K1/K2 integrals    250.99 sec, wall time     26.45 sec
state 0 energy 0.0
(S, MS, I), [3 3 0]	 coeff	 -0.001+0.437j	 |coeff| ** 2	 0.191
(S, MS, I), [3 3 1]	 coeff	 -0.405+0.003j	 |coeff| ** 2	 0.164
(S, MS, I), [ 3 -1  0]	 coeff	 0.344+0.136j	 |coeff| ** 2	 0.137
(S, MS, I), [3 1 3]	 coeff	 0.280-0.207j	 |coeff| ** 2	 0.121
(S, MS, I), [3 1 2]	 coeff	 -0.190+0.095j	 |coeff| ** 2	 0.045
(S, MS, I), [ 3 -3  3]	 coeff	 0.059-0.198j	 |coeff| ** 2	 0.043
(S, MS, I), [ 3 -3  2]	 coeff	 0.189+0.065j	 |coeff| ** 2	 0.040
(S, MS, I), [3 1 0]	 coeff	 0.045+0.176j	 |coeff| ** 2	 0.033
(S, MS, I), [3 1 5]	 coeff	 -0.063+0.145j	 |coeff| ** 2	 0.025
(S, MS, I), [3 1 6]	 coeff	 0.147+0.016j	 |coeff| ** 2	 0.022
state 1 energy 0.0
(S, MS, I), [ 3 -3  0]	 coeff	 0.437+0.000j	 |coeff| ** 2	 0.191
(S, MS, I), [ 3 -3  1]	 coeff	 0.003-0.405j	 |coeff| ** 2	 0.164
(S, MS, I), [3 1 0]	 coeff	 0.135+0.345j	 |coeff| ** 2	 0.137
(S, MS, I), [ 3 -1  3]	 coeff	 0.207-0.280j	 |coeff| ** 2	 0.121
(S, MS, I), [ 3 -1  2]	 coeff	 -0.095+0.190j	 |coeff| ** 2	 0.045
(S, MS, I), [3 3 3]	 coeff	 0.198-0.058j	 |coeff| ** 2	 0.043
(S, MS, I), [3 3 2]	 coeff	 -0.065-0.189j	 |coeff| ** 2	 0.040
(S, MS, I), [ 3 -1  0]	 coeff	 -0.176-0.045j	 |coeff| ** 2	 0.033
(S, MS, I), [ 3 -1  5]	 coeff	 -0.145+0.063j	 |coeff| ** 2	 0.025
(S, MS, I), [ 3 -1  6]	 coeff	 -0.015-0.147j	 |coeff| ** 2	 0.022
state 2 energy 3.223398185473393
(S, MS, I), [3 3 0]	 coeff	 -0.165-0.384j	 |coeff| ** 2	 0.175
(S, MS, I), [ 3 -1  0]	 coeff	 0.388-0.013j	 |coeff| ** 2	 0.151
(S, MS, I), [3 3 1]	 coeff	 0.349-0.152j	 |coeff| ** 2	 0.145
(S, MS, I), [3 1 2]	 coeff	 -0.307-0.168j	 |coeff| ** 2	 0.122
(S, MS, I), [3 1 3]	 coeff	 -0.156-0.149j	 |coeff| ** 2	 0.047
(S, MS, I), [ 3 -3  2]	 coeff	 0.214-0.025j	 |coeff| ** 2	 0.046
(S, MS, I), [ 3 -3  3]	 coeff	 -0.015-0.210j	 |coeff| ** 2	 0.044
(S, MS, I), [3 1 0]	 coeff	 0.116+0.151j	 |coeff| ** 2	 0.036
(S, MS, I), [3 1 6]	 coeff	 -0.152-0.004j	 |coeff| ** 2	 0.023
(S, MS, I), [3 1 5]	 coeff	 -0.046-0.136j	 |coeff| ** 2	 0.021
state 3 energy 3.223398235376146
(S, MS, I), [ 3 -3  0]	 coeff	 0.418+0.000j	 |coeff| ** 2	 0.175
(S, MS, I), [3 1 0]	 coeff	 -0.141-0.361j	 |coeff| ** 2	 0.151
(S, MS, I), [ 3 -3  1]	 coeff	 0.002-0.381j	 |coeff| ** 2	 0.145
(S, MS, I), [ 3 -1  2]	 coeff	 -0.275-0.216j	 |coeff| ** 2	 0.122
(S, MS, I), [ 3 -1  3]	 coeff	 -0.199-0.085j	 |coeff| ** 2	 0.047
(S, MS, I), [3 3 2]	 coeff	 0.061+0.207j	 |coeff| ** 2	 0.046
(S, MS, I), [3 3 3]	 coeff	 -0.199+0.069j	 |coeff| ** 2	 0.044
(S, MS, I), [ 3 -1  0]	 coeff	 0.184+0.047j	 |coeff| ** 2	 0.036
(S, MS, I), [ 3 -1  6]	 coeff	 -0.064-0.138j	 |coeff| ** 2	 0.023
(S, MS, I), [ 3 -1  5]	 coeff	 -0.143+0.011j	 |coeff| ** 2	 0.021
mag energy [0.00000000e+00 0.00000000e+00 3.22339819e+00 3.22339824e+00
 5.51686663e+02 5.51686663e+02 6.38493050e+02 6.38493050e+02
 8.69369361e+02 8.69369362e+02 1.16783701e+03 1.16783701e+03
 1.25675301e+03 1.25675301e+03 1.64589878e+03 1.64589878e+03
 6.53003655e+03 6.53003655e+03 6.72060918e+03 6.72060918e+03]

******** siso.analyze ********

WARN: Picture change is only needed when X2C is applied.

states = 0
with_x2c = None
picture_change = False
gauge = length

The oscillator strength and transition dipole moment for state 0
        Energy (cm-1)      Energy (nm)   Energy (eV)     fosc     D**2 (a.u.**2)   |Dx| (a.u.)   |Dy| (a.u.)   |Dz| (a.u.)  
----------------------------------------------------------------------------------------------------------------------------
    0        0.000000         0.000000     0.000000    0.000000      0.008467        0.014764      0.025537      0.087162   
    1        0.000000         0.000000     0.000000    0.000000      0.000000        0.000000      0.000000      0.000000   
    2        3.223398   3102316.057084     0.000400    0.000000      0.000001        0.000736      0.000087      0.000332   
    3        3.223398   3102316.009056     0.000400    0.000000      0.000005        0.001509      0.001536      0.000394   
    4      551.686666     18126.231101     0.068400    0.000000      0.000005        0.000317      0.000443      0.002231   
    5      551.686666     18126.231099     0.068400    0.000000      0.000003        0.000686      0.001371      0.000450   
    6      638.493053     15661.877525     0.079163    0.000000      0.000005        0.001883      0.000359      0.001142   
    7      638.493053     15661.877523     0.079163    0.000000      0.000006        0.000439      0.000465      0.002345   
    8      869.369366     11502.590720     0.107788    0.000000      0.000008        0.001620      0.002262      0.000204   
    9      869.369366     11502.590719     0.107788    0.000000      0.000000        0.000176      0.000171      0.000467   
   10     1167.837017      8562.838698     0.144793    0.000000      0.000004        0.001522      0.001222      0.000629   
   11     1167.837017      8562.838697     0.144793    0.000000      0.000002        0.000278      0.000280      0.001229   
   12     1256.753020      7957.012908     0.155818    0.000000      0.000009        0.000520      0.000751      0.002774   
   13     1256.753020      7957.012908     0.155818    0.000000      0.000004        0.000456      0.001089      0.001739   
   14     1645.898790      6075.707728     0.204065    0.000000      0.000003        0.001504      0.000583      0.000084   
   15     1645.898790      6075.707728     0.204065    0.000000      0.000002        0.000346      0.000446      0.001246   
   16     6530.036584      1531.384989     0.809621    0.000000      0.000001        0.000813      0.000200      0.000716   
   17     6530.036584      1531.384989     0.809621    0.000000      0.000003        0.001166      0.001132      0.000253   
   18     6720.609216      1487.960344     0.833249    0.000000      0.000004        0.000312      0.000637      0.001739   
   19     6720.609217      1487.960344     0.833249    0.000000      0.000003        0.000985      0.001227      0.000689   
   20     6781.126816      1474.681166     0.840753    0.000000      0.000001        0.000898      0.000646      0.000100   
   21     6781.126816      1474.681166     0.840753    0.000000      0.000000        0.000342      0.000366      0.000156   
   22     6904.319677      1448.368625     0.856027    0.000000      0.000002        0.000855      0.000431      0.000917   
   23     6904.319677      1448.368625     0.856027    0.000000      0.000001        0.000545      0.000687      0.000843   
   24     7021.068806      1424.284575     0.870502    0.000000      0.000003        0.000195      0.000321      0.001719   
   25     7021.068806      1424.284575     0.870502    0.000000      0.000002        0.000568      0.001082      0.000117   
   26     7037.967084      1420.864844     0.872597    0.000000      0.000004        0.000057      0.000074      0.001970   
   27     7037.967084      1420.864844     0.872597    0.000000      0.000011        0.002141      0.002309      0.001050   
   28     7256.790205      1378.019719     0.899727    0.000000      0.000002        0.001205      0.000587      0.000274   
   29     7256.790205      1378.019719     0.899727    0.000000      0.000002        0.000509      0.000544      0.001125   
   30    11996.430718       833.581274     1.487368    0.000000      0.000000        0.000197      0.000128      0.000528   
   31    11996.430718       833.581274     1.487368    0.000000      0.000000        0.000263      0.000329      0.000117   
   32    12001.197082       833.250211     1.487959    0.000000      0.000001        0.000395      0.000412      0.000726   
   33    12001.197082       833.250211     1.487959    0.000000      0.000002        0.000620      0.001375      0.000323   
   34    12113.596361       825.518674     1.501895    0.000000      0.000000        0.000113      0.000264      0.000095   
   35    12113.596361       825.518674     1.501895    0.000000      0.000000        0.000299      0.000102      0.000090   
   36    12211.262949       818.916114     1.514004    0.000000      0.000001        0.000588      0.000473      0.000047   
   37    12211.262949       818.916114     1.514004    0.000000      0.000000        0.000202      0.000217      0.000064   
   38    12342.592664       810.202546     1.530286    0.000000      0.000000        0.000367      0.000309      0.000296   
   39    12342.592664       810.202546     1.530286    0.000000      0.000001        0.000206      0.000187      0.000693   
   40    12415.431669       805.449240     1.539317    0.000000      0.000002        0.000638      0.000960      0.000543   
   41    12415.431669       805.449240     1.539317    0.000000      0.000001        0.000226      0.000214      0.001115   
   42    16131.279657       619.913622     2.000024    0.000000      0.000000        0.000334      0.000261      0.000105   
   43    16131.279657       619.913622     2.000024    0.000000      0.000000        0.000021      0.000019      0.000212   
   44    16308.425017       613.179997     2.021987    0.000000      0.000000        0.000047      0.000026      0.000010   
   45    16308.425017       613.179997     2.021987    0.000000      0.000000        0.000077      0.000044      0.000007   
   46    16901.101064       591.677428     2.095469    0.000000      0.000000        0.000149      0.000014      0.000016   
   47    16901.101064       591.677428     2.095469    0.000000      0.000000        0.000044      0.000033      0.000190   
   48    16963.184750       589.511943     2.103167    0.000000      0.000000        0.000098      0.000301      0.000358   
   49    16963.184750       589.511943     2.103167    0.000000      0.000000        0.000263      0.000183      0.000254   
   50    17253.445544       579.594376     2.139155    0.000000      0.000000        0.000174      0.000100      0.000056   
   51    17253.445545       579.594376     2.139155    0.000000      0.000000        0.000063      0.000063      0.000106   
   52    22266.632261       449.102490     2.760711    0.000000      0.000000        0.000086      0.000076      0.000407   
   53    22266.632261       449.102490     2.760711    0.000000      0.000001        0.000295      0.000694      0.000222   
   54    22303.889381       448.352295     2.765330    0.000000      0.000000        0.000134      0.000102      0.000206   
   55    22303.889381       448.352295     2.765330    0.000000      0.000000        0.000124      0.000405      0.000027   
   56    22363.982922       447.147542     2.772780    0.000000      0.000000        0.000135      0.000175      0.000391   
   57    22363.982922       447.147542     2.772780    0.000000      0.000001        0.000290      0.000864      0.000189   
   58    22415.577840       446.118323     2.779177    0.000000      0.000002        0.000624      0.000520      0.001258   
   59    22415.577840       446.118323     2.779177    0.000000      0.000003        0.001476      0.000707      0.000543   
   60    22530.645851       443.839918     2.793444    0.000000      0.000000        0.000077      0.000403      0.000269   
   61    22530.645851       443.839918     2.793444    0.000000      0.000000        0.000212      0.000247      0.000281   
   62    25834.387688       387.080976     3.203056    0.000000      0.000001        0.001030      0.000197      0.000377   
   63    25834.387689       387.080976     3.203056    0.000000      0.000000        0.000254      0.000168      0.000633   
   64    25848.273188       386.873039     3.204777    0.000000      0.000001        0.000550      0.000185      0.000524   
   65    25848.273188       386.873039     3.204777    0.000000      0.000001        0.000802      0.000787      0.000110   
   66    26121.255987       382.829984     3.238623    0.000000      0.000005        0.000534      0.000518      0.002222   
   67    26121.255987       382.829984     3.238623    0.000000      0.000005        0.001042      0.001860      0.000808   
   68    26121.308686       382.829211     3.238629    0.000000      0.000002        0.000385      0.000251      0.001260   
   69    26121.308686       382.829211     3.238629    0.000000      0.000001        0.000202      0.000526      0.000547   
   70    26165.590737       382.181320     3.244120    0.000000      0.000001        0.000756      0.000154      0.000130   
   71    26165.590737       382.181320     3.244120    0.000000      0.000001        0.000230      0.000149      0.000819   
   72    26281.862933       380.490532     3.258536    0.000000      0.000000        0.000039      0.000045      0.000424   
   73    26281.862933       380.490532     3.258536    0.000000      0.000000        0.000237      0.000257      0.000204   
   74    28799.704125       347.225789     3.570708    0.000000      0.000000        0.000185      0.000231      0.000333   
   75    28799.704125       347.225789     3.570708    0.000000      0.000000        0.000344      0.000510      0.000012   
   76    28904.397069       345.968123     3.583688    0.000000      0.000000        0.000260      0.000353      0.000365   
   77    28904.397069       345.968123     3.583688    0.000000      0.000001        0.000715      0.000409      0.000189   
   78    28915.117150       345.839858     3.585018    0.000000      0.000001        0.000874      0.000115      0.000037   
   79    28915.117150       345.839858     3.585018    0.000000      0.000000        0.000276      0.000070      0.000357   
   80    30748.104294       325.223302     3.812279    0.000000      0.000000        0.000126      0.000125      0.000097   
   81    30748.104294       325.223302     3.812279    0.000000      0.000000        0.000223      0.000198      0.000040   
   82    30760.263610       325.094743     3.813787    0.000000      0.000000        0.000036      0.000352      0.000046   
   83    30760.263610       325.094743     3.813787    0.000000      0.000000        0.000109      0.000149      0.000067   
   84    30931.312742       323.296980     3.834994    0.000000      0.000000        0.000404      0.000297      0.000115   
   85    30931.312742       323.296980     3.834994    0.000000      0.000000        0.000113      0.000249      0.000435   
   86    31011.732171       322.458608     3.844965    0.000000      0.000000        0.000236      0.000250      0.000157   
   87    31011.732171       322.458608     3.844965    0.000000      0.000000        0.000446      0.000534      0.000071   
   88    31283.339763       319.658965     3.878640    0.000000      0.000001        0.000244      0.000781      0.000358   
   89    31283.339763       319.658965     3.878640    0.000000      0.000001        0.000225      0.000226      0.000749   
   90    31364.717466       318.829590     3.888729    0.000000      0.000001        0.000099      0.000116      0.000791   
   91    31364.717466       318.829590     3.888729    0.000000      0.000000        0.000274      0.000169      0.000045   
   92    31549.291364       316.964330     3.911614    0.000000      0.000000        0.000208      0.000288      0.000067   
   93    31549.291364       316.964330     3.911614    0.000000      0.000000        0.000021      0.000036      0.000154   
   94    31725.548211       315.203379     3.933467    0.000000      0.000001        0.000035      0.000566      0.000592   
   95    31725.548211       315.203379     3.933467    0.000000      0.000001        0.000337      0.000460      0.000426   
   96    35509.276852       281.616549     4.402589    0.000000      0.000000        0.000152      0.000138      0.000220   
   97    35509.276852       281.616549     4.402589    0.000000      0.000000        0.000415      0.000159      0.000107   
   98    35673.428496       280.320687     4.422941    0.000000      0.000000        0.000306      0.000435      0.000300   
   99    35673.428496       280.320687     4.422941    0.000000      0.000000        0.000076      0.000142      0.000586   
  100    35694.197854       280.157577     4.425516    0.000000      0.000000        0.000293      0.000168      0.000066   
  101    35694.197854       280.157577     4.425516    0.000000      0.000000        0.000262      0.000130      0.000155   
  102    35819.935718       279.174147     4.441106    0.000000      0.000000        0.000254      0.000127      0.000015   
  103    35819.935718       279.174147     4.441106    0.000000      0.000000        0.000065      0.000051      0.000041   
  104    36004.971756       277.739421     4.464048    0.000000      0.000000        0.000522      0.000168      0.000150   
  105    36004.971756       277.739421     4.464048    0.000000      0.000000        0.000094      0.000097      0.000304   
  106    39164.225053       255.335066     4.855745    0.000000      0.000000        0.000115      0.000066      0.000030   
  107    39164.225053       255.335066     4.855745    0.000000      0.000000        0.000052      0.000039      0.000058   
  108    39215.247126       255.002856     4.862071    0.000000      0.000000        0.000075      0.000070      0.000197   
  109    39215.247126       255.002856     4.862071    0.000000      0.000000        0.000224      0.000068      0.000029   
  110    39520.064126       253.036027     4.899863    0.000000      0.000000        0.000056      0.000179      0.000108   
  111    39520.064126       253.036027     4.899863    0.000000      0.000000        0.000098      0.000057      0.000181   
  112    39652.621513       252.190136     4.916298    0.000000      0.000000        0.000052      0.000045      0.000277   
  113    39652.621513       252.190136     4.916298    0.000000      0.000000        0.000241      0.000090      0.000143   
  114    42108.658886       237.480848     5.220808    0.000000      0.000000        0.000019      0.000038      0.000068   
  115    42108.658886       237.480848     5.220808    0.000000      0.000000        0.000018      0.000075      0.000020   
  116    42323.549989       236.275076     5.247451    0.000000      0.000000        0.000074      0.000015      0.000069   
  117    42323.549989       236.275076     5.247451    0.000000      0.000000        0.000059      0.000042      0.000071   
  118    42380.330624       235.958518     5.254491    0.000000      0.000000        0.000051      0.000049      0.000061   
  119    42380.330624       235.958518     5.254491    0.000000      0.000000        0.000136      0.000064      0.000029   
  120    51484.645869       194.232666     6.383283    0.000000      0.000000        0.000079      0.000154      0.000431   
  121    51484.645869       194.232666     6.383283    0.000000      0.000000        0.000292      0.000253      0.000071   
  122    51550.305411       193.985272     6.391423    0.000000      0.000000        0.000114      0.000127      0.000679   
  123    51550.305411       193.985272     6.391423    0.000000      0.000000        0.000351      0.000460      0.000311   
  124    51612.002848       193.753380     6.399073    0.000000      0.000000        0.000081      0.000099      0.000376   
  125    51612.002848       193.753380     6.399073    0.000000      0.000000        0.000109      0.000232      0.000075   
  126    51769.556710       193.163717     6.418607    0.000000      0.000000        0.000039      0.000028      0.000257   
  127    51769.556710       193.163717     6.418607    0.000000      0.000000        0.000102      0.000098      0.000135   
  128    54335.843680       184.040577     6.736786    0.000000      0.000000        0.000151      0.000113      0.000126   
  129    54335.843680       184.040577     6.736786    0.000000      0.000000        0.000475      0.000157      0.000068   
  130    54356.758451       183.969764     6.739379    0.000000      0.000000        0.000091      0.000128      0.000233   
  131    54356.758451       183.969764     6.739379    0.000000      0.000000        0.000306      0.000051      0.000028   
  132    54659.887338       182.949517     6.776962    0.000000      0.000000        0.000147      0.000319      0.000057   
  133    54659.887338       182.949517     6.776962    0.000000      0.000000        0.000084      0.000136      0.000213   
  134    56486.584118       177.033187     7.003444    0.000000      0.000000        0.000098      0.000094      0.000328   
  135    56486.584118       177.033187     7.003444    0.000000      0.000000        0.000184      0.000357      0.000169   
  136    56500.054087       176.990981     7.005114    0.000000      0.000000        0.000045      0.000056      0.000255   
  137    56500.054087       176.990981     7.005114    0.000000      0.000000        0.000100      0.000137      0.000033   
  138    57713.748321       173.268940     7.155593    0.000000      0.000000        0.000009      0.000009      0.000002   
  139    57713.748321       173.268940     7.155593    0.000000      0.000000        0.000026      0.000017      0.000001   

The oscillator strength and transition dipole moment for state 0 after summing the degenerate Kramers doublets
       Energy (cm-1)      Energy (nm)   Energy (eV)     fosc     D**2 (a.u.**2)  
---------------------------------------------------------------------------------
   0        0.000000         0.000000     0.000000    0.000000      0.008467     
   1        3.223398   3102316.057084     0.000400    0.000000      0.000005     
   2      551.686666     18126.231101     0.068400    0.000000      0.000008     
   3      638.493053     15661.877525     0.079163    0.000000      0.000011     
   4      869.369366     11502.590720     0.107788    0.000000      0.000008     
   5     1167.837017      8562.838698     0.144793    0.000000      0.000006     
   6     1256.753020      7957.012908     0.155818    0.000000      0.000013     
   7     1645.898790      6075.707728     0.204065    0.000000      0.000004     
   8     6530.036584      1531.384989     0.809621    0.000000      0.000004     
   9     6720.609216      1487.960344     0.833249    0.000000      0.000006     
  10     6781.126816      1474.681166     0.840753    0.000000      0.000002     
  11     6904.319677      1448.368625     0.856027    0.000000      0.000003     
  12     7021.068806      1424.284575     0.870502    0.000000      0.000005     
  13     7037.967084      1420.864844     0.872597    0.000000      0.000015     
  14     7256.790205      1378.019719     0.899727    0.000000      0.000004     
  15    11996.430718       833.581274     1.487368    0.000000      0.000001     
  16    12001.197082       833.250211     1.487959    0.000000      0.000003     
  17    12113.596361       825.518674     1.501895    0.000000      0.000000     
  18    12211.262949       818.916114     1.514004    0.000000      0.000001     
  19    12342.592664       810.202546     1.530286    0.000000      0.000001     
  20    12415.431669       805.449240     1.539317    0.000000      0.000003     
  21    16131.279657       619.913622     2.000024    0.000000      0.000000     
  22    16308.425017       613.179997     2.021987    0.000000      0.000000     
  23    16901.101064       591.677428     2.095469    0.000000      0.000000     
  24    16963.184750       589.511943     2.103167    0.000000      0.000000     
  25    17253.445544       579.594376     2.139155    0.000000      0.000000     
  26    22266.632261       449.102490     2.760711    0.000000      0.000001     
  27    22303.889381       448.352295     2.765330    0.000000      0.000000     
  28    22363.982922       447.147542     2.772780    0.000000      0.000001     
  29    22415.577840       446.118323     2.779177    0.000000      0.000005     
  30    22530.645851       443.839918     2.793444    0.000000      0.000000     
  31    25834.387688       387.080976     3.203056    0.000000      0.000002     
  32    25848.273188       386.873039     3.204777    0.000000      0.000002     
  33    26121.255987       382.829984     3.238623    0.000001      0.000011     
  34    26121.308686       382.829211     3.238629    0.000000      0.000002     
  35    26165.590737       382.181320     3.244120    0.000000      0.000001     
  36    26281.862933       380.490532     3.258536    0.000000      0.000000     
  37    28799.704125       347.225789     3.570708    0.000000      0.000001     
  38    28904.397069       345.968123     3.583688    0.000000      0.000001     
  39    28915.117150       345.839858     3.585018    0.000000      0.000001     
  40    30748.104294       325.223302     3.812279    0.000000      0.000000     
  41    30760.263610       325.094743     3.813787    0.000000      0.000000     
  42    30931.312742       323.296980     3.834994    0.000000      0.000001     
  43    31011.732171       322.458608     3.844965    0.000000      0.000001     
  44    31283.339763       319.658965     3.878640    0.000000      0.000001     
  45    31364.717466       318.829590     3.888729    0.000000      0.000001     
  46    31549.291364       316.964330     3.911614    0.000000      0.000000     
  47    31725.548211       315.203379     3.933467    0.000000      0.000001     
  48    35509.276852       281.616549     4.402589    0.000000      0.000000     
  49    35673.428496       280.320687     4.422941    0.000000      0.000001     
  50    35694.197854       280.157577     4.425516    0.000000      0.000000     
  51    35819.935718       279.174147     4.441106    0.000000      0.000000     
  52    36004.971756       277.739421     4.464048    0.000000      0.000000     
  53    39164.225053       255.335066     4.855745    0.000000      0.000000     
  54    39215.247126       255.002856     4.862071    0.000000      0.000000     
  55    39520.064126       253.036027     4.899863    0.000000      0.000000     
  56    39652.621513       252.190136     4.916298    0.000000      0.000000     
  57    42108.658886       237.480848     5.220808    0.000000      0.000000     
  58    42323.549989       236.275076     5.247451    0.000000      0.000000     
  59    42380.330624       235.958518     5.254491    0.000000      0.000000     
  60    51484.645869       194.232666     6.383283    0.000000      0.000000     
  61    51550.305411       193.985272     6.391423    0.000000      0.000001     
  62    51612.002848       193.753380     6.399073    0.000000      0.000000     
  63    51769.556710       193.163717     6.418607    0.000000      0.000000     
  64    54335.843680       184.040577     6.736786    0.000000      0.000000     
  65    54356.758451       183.969764     6.739379    0.000000      0.000000     
  66    54659.887338       182.949517     6.776962    0.000000      0.000000     
  67    56486.584118       177.033187     7.003444    0.000000      0.000000     
  68    56500.054087       176.990981     7.005114    0.000000      0.000000     
  69    57713.748321       173.268940     7.155593    0.000000      0.000000     
  SISO done → LiYF4:Er3+_DMET_Er_4f_mag.txt

  [Er_4f] finished!

