  -18.7138963651    	  -143.722206613    	  -10.5633864878    
           0
         800
 -0.688663314607    	 -0.506158159106E-01
  -3.47577544501    	 -0.255464762445    
  -10.0518267055    	 -0.738795575863    
  -5.71102248438    	 -0.419752376232    
  -1.71826806668    	 -0.126290363235    
   1.93829719275    	  0.142462204400    
   5.54724970428    	  0.407715299895    
  -2.63468080434    	 -0.193645451626    
  -7.69951958965    	 -0.565904205848    
  -1.04859814559    	 -0.770705358850E-01
  -1.33059758865    	 -0.977971109675E-01
  -5.96790226709    	 -0.438632690483    
   2.22570718719    	  0.163586447641    
  -3.11264650742    	 -0.228775279985    
 -0.556011380369    	 -0.408660793685E-01
  -2.66347892190    	 -0.195762074054    
  -2.76507113631    	 -0.203228963481    
  0.731163664569    	  0.537395337625E-01
  0.690701629332    	  0.507656292673E-01
  0.248831343928    	  0.182887649594E-01
  -4.14268538916    	 -0.304481735247    
  0.256847053232    	  0.188779086787E-01
   1.16391571284    	  0.855462200569E-01
  -2.91024304307    	 -0.213898900956    
   3.78966427928    	  0.278535164360    
   22.5749254783    	   1.65922628368    
  -2.53297299856    	 -0.186170066391    
  -2.83327297219    	 -0.208241705552    
  -7.46451924123    	 -0.548632000225    
  -3.69775626461    	 -0.271780050428    
  -1.90468809631    	 -0.139991981575    
 -0.761096031716    	 -0.559395219905E-01
  -3.59760268184    	 -0.264418898467    
  -3.63255045820    	 -0.266987512443    
  -1.34607936970    	 -0.989350007941E-01
  -3.83036691743    	 -0.281526752842    
  -2.98672352010    	 -0.219520111878    
  -6.94452186092    	 -0.510412900823    
  -5.13503821708    	 -0.377418316870    
  -2.85314835467    	 -0.209702519101    
  -4.09168633504    	 -0.300733374212    
 -0.874616332537    	 -0.642831095269E-01
  -12.4298209049    	 -0.913574911540    
  0.992175094536    	  0.729235184608E-01
  -3.04425629489    	 -0.223748692486    
  -2.47786213015    	 -0.182119492604    
   1.59109435515    	  0.116943268602    
 -0.251239530398E-01	 -0.184657633859E-02
  -1.74878712595    	 -0.128533472535    
   3.10624638824    	  0.228304879939    
  -4.53221234210    	 -0.333111435892    
  -13.9125137327    	  -1.02255081549    
  -4.42126550588    	 -0.324956994500    
  -3.70151351062    	 -0.272056202893    
  -4.17423499143    	 -0.306800588055    
  0.604861962937    	  0.444565306702E-01
 -0.377027483035    	 -0.277110066265E-01
  -1.25823814550    	 -0.924787904239E-01
  -1.34353504597    	 -0.987479964648E-01
  -2.18311426826    	 -0.160455926097    
  -1.84090147695    	 -0.135303751906    
  0.326943617341    	  0.240299106943E-01
  -16.5989944101    	  -1.22000348725    
   2.72730127358    	  0.200452929999    
  -8.36333484751    	 -0.614693723421    
 -0.279515014007    	 -0.205439729301E-01
  -1.90375136503    	 -0.139923133102    
  -7.85603285508    	 -0.577407717742    
   7.76221343210    	  0.570512117901    
   39.8637615944    	   2.92993219701    
  -3.71774942197    	 -0.273249520270    
  -4.92896363573    	 -0.362272115741    
  -4.87795992576    	 -0.358523412507    
  -4.38912278198    	 -0.322594548060    
  -7.24870679635    	 -0.532770079386    
 -0.680242623262E-01	 -0.499969065626E-02
   7.11905583296    	  0.523240910115    
  -11.6080081173    	 -0.853172790665    
   6.42693053491    	  0.472370643135    
  -3.59759767321    	 -0.264418530340    
  -2.51468226498    	 -0.184825722378    
   61.7990915904    	   4.54214908364    
  -3.68971551801    	 -0.271189066501    
  -2.29545516173    	 -0.168712828798    
  -1.74601611081    	 -0.128329806695    
  -6.61980620920    	 -0.486546742568    
   1.13361621237    	  0.833192480296E-01
  -3.05465959062    	 -0.224513320557    
  -4.30136507981    	 -0.316144476446    
  -4.85291556365    	 -0.356682685993    
   2.02580450913    	  0.148893873000    
  -5.32248497656    	 -0.391195398456    
  -1.44881887336    	 -0.106486214419    
  -2.45433181785    	 -0.180390046690    
   36.4217919746    	   2.67695211668    
  -4.42542938288    	 -0.325263033790    
   12.3990759091    	  0.911315196211    
 -0.104324377041E-01	 -0.766769966002E-03
  -2.10186386502    	 -0.154484132092    
  -2.69930849658    	 -0.198395499006    
  0.648652127175    	  0.476750481152E-01
  -3.30757107924    	 -0.243101970596    
  -2.73812159622    	 -0.201248208980    
  -6.78305939069    	 -0.498545629115    
  -5.45508282805    	 -0.400941159990    
   13.7823074381    	   1.01298083012    
   23.5201730760    	   1.72870069502    
  -3.52463434835    	 -0.259055825313    
 -0.713395780283    	 -0.524336184610E-01
  -3.79241517892    	 -0.278737351738    
   1.77955271773    	  0.130794701639    
  -3.96878664743    	 -0.291700414518    
 -0.911462885583    	 -0.669912810039E-01
 -0.785131676043E-01	 -0.577061091207E-02
  -2.00296939526    	 -0.147215523224    
   8.87192981176    	  0.652074760770    
  -4.14372424569    	 -0.304558089788    
  -3.00136121931    	 -0.220595962839    
  -4.07782053496    	 -0.299714256787    
  -3.88408553261    	 -0.285474997912    
   8.10118848937    	  0.595426323047    
  -1.75960057785    	 -0.129328246525    
  -4.05486301247    	 -0.298026910144    
  0.226093346755    	  0.166175531282E-01
 -0.799776998502    	 -0.587825203797E-01
   4.18927661899    	  0.307906127200    
   21.4980551404    	   1.58007778015    
  -5.27357154650    	 -0.387600327950    
   63.3546524892    	   4.65648069158    
  0.744292322885E-02	  0.547044722722E-03
  -3.92401472725    	 -0.288409739349    
  -5.97933341147    	 -0.439472864029    
 -0.529558394741    	 -0.389218209443E-01
  -4.35385708501    	 -0.320002567352    
  -1.19855728130    	 -0.880923281695E-01
   9.99176529456    	  0.734381143940    
 -0.795383380056    	 -0.584595954065E-01
   1.55507445963    	  0.114295855327    
 -0.962746226608    	 -0.707605367397E-01
  -4.84702033878    	 -0.356249394992    
  -4.42119414330    	 -0.324951749447    
 -0.140291513642    	 -0.103112352258E-01
  -2.44861718663    	 -0.179970029076    
  -9.04750189168    	 -0.664979069577    
  -3.10869144411    	 -0.228484588216    
  -3.71308302587    	 -0.272906546511    
  -1.70815116167    	 -0.125546784492    
  -3.71076649139    	 -0.272736284380    
  -5.73064625713    	 -0.421194696808    
   8.99566839399    	  0.661169378076    
  -5.12142309884    	 -0.376417624218    
  -1.29393463206    	 -0.951024335804E-01
  -55.7324297290    	  -4.09625769745    
   1.33111379820    	  0.978350516672E-01
  -4.12200067711    	 -0.302961437077    
   8.67557480167    	  0.637642934893    
   3.29312050369    	  0.242039872969    
  -3.85448486236    	 -0.283299388954    
  -3.35814030304    	 -0.246818739688    
  0.935852127511    	  0.687838570762E-01
  -2.55253586266    	 -0.187607910265    
  -5.03508509392    	 -0.370071898418    
  -1.90651176529    	 -0.140126018762    
   3.61322063901    	  0.265566797053    
  -5.13000397019    	 -0.377048306579    
  -4.41175106942    	 -0.324257696376    
  -3.75591192015    	 -0.276054411922    
 -0.157757098840    	 -0.115949319560E-01
  -3.72073675257    	 -0.273469085001    
  -4.89525062144    	 -0.359794255095    
  -6.77454353153    	 -0.497919725063    
   3.42902660792    	  0.252028786575    
   12.2898916708    	  0.903290303367    
 -0.919687503754    	 -0.675957792405E-01
  -1.74382978144    	 -0.128169114464    
  -4.28857579808    	 -0.315204481653    
  -6.62328780016    	 -0.486802634763    
  -4.18175756882    	 -0.307353487250    
  -3.02325475626    	 -0.222205107994    
   11.5429518188    	  0.848391241308    
  -6.56245223182    	 -0.482331303326    
 -0.298057198831    	 -0.219067982668E-01
  -6.46394428411    	 -0.475091103302    
  -4.05698934153    	 -0.298183192434    
   1.07391359327    	  0.789311868195E-01
 -0.695784952518E-01	 -0.511392465999E-02
   3.85507137830    	  0.283342497077    
  -3.24158813965    	 -0.238252314381    
   1.96743428366    	  0.144603740907    
  -3.28805077765    	 -0.241667255008    
  -2.17856331041    	 -0.160121436891    
 -0.546673958563    	 -0.401797915800E-01
  -3.42499212324    	 -0.251732257444    
   12.6141499751    	  0.927122847210    
   2.85586880559    	  0.209902468539    
  -3.93366794453    	 -0.289119237674    
  -2.13013578749    	 -0.156562079898    
   6.88086465006    	  0.505734182503    
  -30.1685028627    	  -2.21734388170    
  -1.54209703910    	 -0.113342032589    
  -18.1422772229    	  -1.33343267259    
  -2.05157519875    	 -0.150787983596    
  -5.45846708639    	 -0.401189898370    
  -12.3698781365    	 -0.909169199680    
  -4.07568146543    	 -0.299557038089    
   5.47745396188    	  0.402585407866    
  -4.68829737872    	 -0.344583473552    
   15.4664166562    	   1.13676056450    
  -3.16810576615    	 -0.232851459985    
   4.50449405044    	  0.331074179197    
   5.14069539090    	  0.377834111443    
  -2.51358915440    	 -0.184745380239    
  -3.13771046692    	 -0.230617446879    
  -5.87106887294    	 -0.431515567865    
  -13.9631481893    	  -1.02627237910    
   26.6606860490    	   1.95952412228    
  -4.86020941486    	 -0.357218774125    
  0.737849527699    	  0.542309355988E-01
  -3.73532275044    	 -0.274541135984    
 -0.737168845006    	 -0.541809063477E-01
  -23.6250780520    	  -1.73641106792    
  -8.07701442763    	 -0.593649562426    
  -4.72343432694    	 -0.347165991402    
  -7.15344262077    	 -0.525768292196    
  -13.2204520513    	 -0.971685224247    
  -2.89261387855    	 -0.212603181368    
  -3.79398514711    	 -0.278852742262    
  -4.27285861223    	 -0.314049289894    
  -4.16311862144    	 -0.305983549997    
  -2.61729934116    	 -0.192367937749    
  -3.21228365906    	 -0.236098474960    
  -3.63150539990    	 -0.266910702082    
   18.9834560663    	   1.39525817220    
  -2.53583216579    	 -0.186380211289    
  -1.15564479658    	 -0.849383189734E-01
  -5.01160362154    	 -0.368346042172    
   8.20382482082    	  0.602969953656    
  -1.48315482912    	 -0.109009860414    
  -2.46846715274    	 -0.181428974557    
 -0.466229837795    	 -0.342672582396E-01
  -2.79953475307    	 -0.205761992385    
  -3.64901665585    	 -0.268197755550    
   6.27412288927    	  0.461139489250    
  -2.96169338446    	 -0.217680430991    
   14.0565169386    	   1.03313485504    
  -2.18410066847    	 -0.160528425168    
  -2.43321142366    	 -0.178837726476    
   7.80439135566    	  0.573612137851    
  -3.96806465488    	 -0.291647349049    
  -3.86317382061    	 -0.283938015554    
  -1.09509051118    	 -0.804876614502E-01
  0.542158664032    	  0.398479235802E-01
   1.84454941871    	  0.135571870658    
   10.3462456150    	  0.760434964814    
   1.80172828125    	  0.132424575363    
  -2.25450210935    	 -0.165702835212    
   6.60688869140    	  0.485597322599    
  0.985596740138    	  0.724400183700E-01
  -3.37142309048    	 -0.247795006478    
   11.9057267135    	  0.875054702100    
  -2.03048417098    	 -0.149237821774    
  -2.57268671684    	 -0.189088970609    
  -11.3666963353    	 -0.835436703274    
  -2.81039331328    	 -0.206560081776    
  -8.15305619899    	 -0.599238529080    
   37.9355521808    	   2.78821143064    
  -7.04671302718    	 -0.517923812395    
  -13.6224138468    	  -1.00122886888    
  -1.44987026071    	 -0.106563489958    
  -3.32890135296    	 -0.244669716669    
  -3.86281561630    	 -0.283911688025    
   15.3047471991    	   1.12487807955    
  -6.36330234744    	 -0.467694057996    
   8.15999537370    	  0.599748548972    
  -1.58918540356    	 -0.116802963260    
  -3.28701462839    	 -0.241591099448    
   32.3590010141    	   2.37834251315    
   3.97629180444    	  0.292252033339    
  -6.35826594635    	 -0.467323889373    
  -3.20630119891    	 -0.235658772285    
  -1.36369082048    	 -0.100229418446    
  -9.26845028571    	 -0.681218475686    
  -2.87197783857    	 -0.211086460528    
  -6.41543661147    	 -0.471525855413    
  0.504705614490    	  0.370951754365E-01
  -2.28716597821    	 -0.168103585096    
  -2.72507363142    	 -0.200289201334    
  0.391961680506    	  0.288086498056E-01
   3.52220564658    	  0.258877319039    
  0.810134126181    	  0.595437551614E-01
  -2.92946777735    	 -0.215311892748    
  -2.59180376608    	 -0.190494047697    
  -1.75091727353    	 -0.128690035482    
 -0.573852862795    	 -0.421774040331E-01
   23.2303600711    	   1.70739983378    
  -5.45329865871    	 -0.400810025973    
  0.367471595496    	  0.270086619041E-01
   21.5569625352    	   1.58440739346    
  -7.08204811996    	 -0.520520893601    
   1.72216850025    	  0.126577039791    
 -0.165444506193    	 -0.121599459289E-01
  -4.09789708714    	 -0.301189856035    
  -2.42833271663    	 -0.178479148152    
  -4.59999819410    	 -0.338093603714    
  -4.06457135635    	 -0.298740460200    
  -4.19865034888    	 -0.308595083583    
  -2.57852697667    	 -0.189518221754    
   12.3122286796    	  0.904932043099    
   10.1021068255    	  0.742491096220    
  0.494365117083    	  0.363351629572E-01
  -4.65501074558    	 -0.342136951341    
  -3.73727308960    	 -0.274684483257    
  -3.26890370708    	 -0.240259971393    
  0.212271542707    	  0.156016693510E-01
  -3.93412610467    	 -0.289152911821    
  -4.47057591130    	 -0.328581242155    
  0.376525917695    	  0.276741422569E-01
  -2.17107193261    	 -0.159570830823    
 -0.956024972480    	 -0.702665337133E-01
   4.46493000891    	  0.328166276017    
  -1.79466396402    	 -0.131905357665    
  -7.50609911344    	 -0.551688064216    
  -2.99035376443    	 -0.219786929894    
   1.68872531485    	  0.124119011202    
  -9.42469399533    	 -0.692702175595    
  -6.08992139068    	 -0.447600929921    
  -2.75426707892    	 -0.202434879974    
 -0.635408206763    	 -0.467016379984E-01
   1.82245219152    	  0.133947754548    
  0.529919460340E-01	  0.389483587742E-02
   14.0687590272    	   1.03403463188    
   35.3309069584    	   2.59677355339    
  -1.45313235352    	 -0.106803249337    
  -10.0076730727    	 -0.735550343976    
   4.14801572604    	  0.304873507750    
  -11.1099178113    	 -0.816563831398    
  -7.55127438872    	 -0.555008385437    
   12.3319622355    	  0.906382432587    
  0.546708366600    	  0.401823205239E-01
  -4.84651533534    	 -0.356212277927    
   6.71008174488    	  0.493181871518    
  -2.69782461224    	 -0.198286435528    
  -3.00642580299    	 -0.220968202843    
  -14.6449878003    	  -1.07638666209    
  -10.7183971198    	 -0.787787593681    
  -3.18050418079    	 -0.233762726579    
  -4.40905821413    	 -0.324059775178    
   42.2339427307    	   3.10413728318    
  -2.62459944853    	 -0.192904485701    
  -2.71304405709    	 -0.199405044001    
  -3.22901680918    	 -0.237328338709    
  -8.04686041401    	 -0.591433283484    
  -3.06435164482    	 -0.225225673344    
  -3.67909822922    	 -0.270408710232    
  -80.9552285551    	  -5.95009906673    
  -1.77431913006    	 -0.130410040072    
  -3.15667589603    	 -0.232011380095    
  -2.62686338478    	 -0.193070881933    
  -2.88831950144    	 -0.212287550498    
  -4.89031562033    	 -0.359431539234    
  -5.88925764252    	 -0.432852417663    
  -2.11229486483    	 -0.155250796375    
   4.83627512704    	  0.355459636561    
  -3.35939722203    	 -0.246911121522    
  -2.51730047127    	 -0.185018156976    
  -3.63907561016    	 -0.267467102228    
  -7.06618184681    	 -0.519354744128    
   2.08955813338    	  0.153579677573    
   16.4108146498    	   1.20617253110    
  -3.20243193733    	 -0.235374386827    
  -2.99108280006    	 -0.219840513020    
  -6.33743582636    	 -0.465792903917    
 -0.554014791567    	 -0.407193328102E-01
   11.5593999803    	  0.849600158785    
  -3.19031570972    	 -0.234483860596    
  -3.73695302798    	 -0.274660959163    
  -3.35441249530    	 -0.246544750895    
  -4.10640868123    	 -0.301815446611    
  -28.6384654739    	  -2.10488821699    
  -2.36208009864    	 -0.173609670942    
  -3.04446352773    	 -0.223763923817    
  -4.13385889353    	 -0.303832999838    
  -4.45005785696    	 -0.327073193100    
 -0.828502263871    	 -0.608937882708E-01
  -6.44732274755    	 -0.473869442998    
 -0.710737961304    	 -0.522382723850E-01
 -0.128391683512    	 -0.943661391457E-02
  0.469971146666    	  0.345422393474E-01
  -3.40026369850    	 -0.249914751897    
  -1.06176203423    	 -0.780380637754E-01
   6.49023382121    	  0.477023348482    
  -4.98882072221    	 -0.366671530093    
 -0.560572829754    	 -0.412013396872E-01
  -1.16441768397    	 -0.855831142512E-01
  -3.26004326238    	 -0.239608740772    
  -5.59509072057    	 -0.411231549450    
  0.298717090140    	  0.219552993795E-01
  -10.5814649326    	 -0.777723264378    
  -1.92821341030    	 -0.141721060120    
  -5.69153529677    	 -0.418320094478    
  -3.95507857611    	 -0.290692889942    
  -3.13696345456    	 -0.230562542488    
  -4.28080709524    	 -0.314633492572    
   9.85425703274    	  0.724274473933    
  -3.34891218293    	 -0.246140485425    
   13.6735604001    	   1.00498807091    
   1.31060959390    	  0.963280205702E-01
   7.05568145372    	  0.518582979534    
   5.19074772212    	  0.381512889634    
  -4.26241756980    	 -0.313281887492    
   3.60112904947    	  0.264678081686    
  -2.62506649444    	 -0.192938812940    
  0.408885731039    	  0.300525444752E-01
  -1.23235405407    	 -0.905763449484E-01
   20.3520154631    	   1.49584542437    
  -4.06073207702    	 -0.298458278396    
  -15.7054885972    	  -1.15433202664    
  -2.30356901738    	 -0.169309186141    
   3.90294466000    	  0.286861118095    
  -12.5093456041    	 -0.919419868645    
  -3.62753543165    	 -0.266618914821    
  -2.56181774833    	 -0.188290116223    
  -1.61025636792    	 -0.118351650449    
  -2.89763893075    	 -0.212972515862    
  -1.78975614611    	 -0.131544639731    
  -1.86383854721    	 -0.136989595339    
   11.3081088155    	  0.831130600338    
  -4.53249147016    	 -0.333131951425    
  -3.33054661002    	 -0.244790640824    
  -13.3449335585    	 -0.980834445524    
   2.64475590820    	  0.194385958041    
  -3.84439613157    	 -0.282557880978    
   10.7708573501    	  0.791643349177    
   9.29850177170    	  0.683427218987    
  -3.61209505144    	 -0.265484067899    
  -3.94051943008    	 -0.289622812533    
 -0.851767469957    	 -0.626037492393E-01
 -0.909002199918    	 -0.668104239581E-01
  -1.80182176479    	 -0.132431446276    
   90.2541765511    	   6.63355908260    
  -1.77205695546    	 -0.130243773318    
  -2.66213242898    	 -0.195663108658    
   2.21298166089    	  0.162651138786    
   15.9231911245    	   1.17033286596    
  -2.77276633119    	 -0.203794549827    
   21.0003883437    	   1.54349994825    
  -3.50673465989    	 -0.257740222584    
   4.78727901751    	  0.351858489225    
   34.9589068255    	   2.56943205015    
  -3.23502371920    	 -0.237769838416    
  -2.75827524173    	 -0.202729474483    
  -2.38904835634    	 -0.175591801162    
  -3.63411971767    	 -0.267102850877    
 -0.334265012907    	 -0.245680232993E-01
  -3.78745756688    	 -0.278372974003    
  0.429491373670    	  0.315670311511E-01
   1.58514235561    	  0.116505804740    
  -18.2499543591    	  -1.34134679548    
  -1.25309105354    	 -0.921004861736E-01
   4.08646824999    	  0.300349852066    
  -1.55521398877    	 -0.114306110529    
   1.49208412478    	  0.109666151486    
   4.41723571507    	  0.324660810363    
  -4.67286540178    	 -0.343449244260    
  -4.64505123902    	 -0.341404941170    
   15.4153766939    	   1.13300919677    
 -0.662278089996    	 -0.486765378289E-01
  -7.95948833590    	 -0.585011554713    
  -3.25338401347    	 -0.239119295045    
  -4.16540057924    	 -0.306151270789    
  -3.09323858945    	 -0.227348824440    
 -0.188984940865    	 -0.138901358237E-01
   13.2133190762    	  0.971160960284    
  -2.99806984952    	 -0.220354051641    
   6.48881303017    	  0.476918922275    
  -3.35242886044    	 -0.246398956434    
  -2.53153453067    	 -0.186064340960    
  -3.34599189113    	 -0.245925847954    
  -1.65808318011    	 -0.121866856022    
  -2.33993954444    	 -0.171982370356    
 -0.147479806622    	 -0.108395649719E-01
  -4.04357603334    	 -0.297197332546    
   4.14361591465    	  0.304550127604    
  -4.19894713153    	 -0.308616896703    
  -19.2114735143    	  -1.41201714415    
  -3.10604753257    	 -0.228290264318    
   24.6332660418    	   1.81051151237    
   59.1009855243    	   4.34384196163    
  -1.68850706870    	 -0.124102970407    
  -4.19394898137    	 -0.308249539472    
  -26.6503081181    	  -1.95876135849    
 -0.532530900122    	 -0.391402960424E-01
  -11.5416737163    	 -0.848297302518    
  -5.35601060255    	 -0.393659486317    
  -1.00560079138    	 -0.739102888981E-01
  -1.72901395358    	 -0.127080171289    
   19.1353560768    	   1.40642261614    
  -1.21278492264    	 -0.891380404348E-01
  -10.7348002940    	 -0.788993204653    
   55.8628289713    	   4.10584186420    
 -0.294585465522    	 -0.216516305959E-01
  -8.93795254985    	 -0.656927342120    
  -3.45925559775    	 -0.254250576166    
 -0.655407770674    	 -0.481715787136E-01
   1.52965798398    	  0.112427778976    
  -3.30668996894    	 -0.243037210188    
   4.76986947972    	  0.350578911903    
   18.2776487325    	   1.34338229422    
   4.34440448946    	  0.319307814451    
   5.41522907504    	  0.398011963410    
  0.810170641446    	  0.595464389836E-01
   4.34561027346    	  0.319396437933    
   70.1172316852    	   5.15352105427    
   4.98082927525    	  0.366084169623    
  -2.30227940656    	 -0.169214401501    
   29.3461692965    	   2.15690348431    
  -8.10802225083    	 -0.595928595210    
  -12.9032209630    	 -0.948369171208    
  -3.57717338896    	 -0.262917373258    
  -2.31497394792    	 -0.170147433006    
   3.50463571814    	  0.257585953223    
   7.85153512121    	  0.577077140427    
  -4.89571421325    	 -0.359828328462    
  -5.80679716414    	 -0.426791684784    
  -2.48190686354    	 -0.182416775001    
 -0.693188841838    	 -0.509484359998E-01
  -16.4485882392    	  -1.20894883849    
  -3.00724053848    	 -0.221028084792    
  -1.97613846925    	 -0.145243486696    
   7.62104756907    	  0.560136619186    
  -2.96718539300    	 -0.218084086141    
  -1.90701288095    	 -0.140162850081    
  -4.31318916248    	 -0.317013530422    
  -3.67463504947    	 -0.270080672597    
   5.16136156592    	  0.379353047167    
   7.59141854583    	  0.557958926322    
  -3.28210112987    	 -0.241229963998    
  -3.33376444762    	 -0.245027147506    
  -3.22297038660    	 -0.236883934882    
  -1.25823265274    	 -0.924783867136E-01
   15.5308117007    	   1.14149351259    
  -3.62172945458    	 -0.266192183412    
  -10.6168072848    	 -0.780320879142    
 -0.364525877131    	 -0.267921556153E-01
  -5.12572974075    	 -0.376734156534    
  0.253106334777    	  0.186029709658E-01
 -0.960019471019    	 -0.705601239168E-01
  -2.47556187768    	 -0.181950427180    
   11.9328928675    	  0.877051377428    
  -12.8982441815    	 -0.948003384543    
  -3.00961793575    	 -0.221202820255    
   15.7380758988    	   1.15672714894    
  -4.09094162227    	 -0.300678638838    
  -1.39431839353    	 -0.102480503361    
  -3.97494834953    	 -0.292153291232    
   20.1434781505    	   1.48051821585    
  -2.46291153965    	 -0.181020644559    
   16.0427784287    	   1.17912236998    
  -21.1570647634    	  -1.55501545175    
   13.4829850999    	  0.990981045841    
   11.6716193332    	  0.857848128420    
   28.5750025065    	   2.10022377530    
  -2.98045685286    	 -0.219059520369    
  -7.12931296792    	 -0.523994795568    
  -1.58328316355    	 -0.116369156655    
   17.0358505864    	   1.25211182136    
  -2.94483476670    	 -0.216441345541    
   6.44670393719    	  0.473823961279    
   6.38251468455    	  0.469106138612    
 -0.379894131605    	 -0.279217013930E-01
  -5.09901356802    	 -0.374770554217    
  -3.43780657102    	 -0.252674101907    
  -2.95550121398    	 -0.217225314892    
  -2.33263832126    	 -0.171445740394    
   3.90324869809    	  0.286883464481    
  -2.04421316678    	 -0.150246884271    
   5.31905428329    	  0.390943247172    
   1.40178183637    	  0.103029056248    
  -14.2216972858    	  -1.04527538564    
  -3.30183733941    	 -0.242680548525    
  -1.41996987039    	 -0.104365851983    
   5.58534939777    	  0.410515575488    
  -2.01562607222    	 -0.148145771747    
  -1.86959567195    	 -0.137412736167    
  -3.26671777100    	 -0.240099308067    
  -1.72148579488    	 -0.126526861876    
  -4.98116781725    	 -0.366109051999    
  -3.82725721610    	 -0.281298194028    
   9.75350747229    	  0.716869518425    
   9.65553909729    	  0.709668976260    
   14.8539921280    	   1.09174819559    
   28.8847391397    	   2.12298899609    
   10.0343792678    	  0.737513212947    
   14.3165705953    	   1.05224844471    
  -1.21713489377    	 -0.894577573898E-01
  -2.45635873974    	 -0.180539022689    
   102.221196727    	   7.51311877074    
  -3.54958947597    	 -0.260889993213    
   3.18321475516    	  0.233961950104    
  -12.4788124164    	 -0.917175720926    
 -0.285430473480    	 -0.209787511466E-01
   1.11345158347    	  0.818371752623E-01
  -3.00496597084    	 -0.220860907168    
  -1.70783310882    	 -0.125523408040    
  -2.55064801002    	 -0.187469155666    
  -1.61690857470    	 -0.118840578590    
  -13.1071219319    	 -0.963355614782    
   3.70276913382    	  0.272148489489    
  -2.96388069957    	 -0.217841195673    
   1.74058314538    	  0.127930491133    
  -3.08196625006    	 -0.226520322844    
  -3.45518825817    	 -0.253951632245    
  -2.62725698047    	 -0.193099810680    
   14.4383511144    	   1.06119914704    
  -4.52442061961    	 -0.332538754899    
  -8.40330882129    	 -0.617631756064    
  -3.29685867239    	 -0.242314623279    
  -8.17831097584    	 -0.601094720790    
  -13.2838673921    	 -0.976346165441    
   3.53886270787    	  0.260101590364    
  -1.67294507708    	 -0.122959185213    
  -3.93936130098    	 -0.289537691621    
  -4.54286544471    	 -0.333894424429    
   7.26059430757    	  0.533643795274    
  -6.57126724700    	 -0.482979194939    
  -3.52843295019    	 -0.259335017376    
  -2.25480755891    	 -0.165725285339    
  -3.57779750683    	 -0.262963245071    
  0.366114894809    	  0.269089462510E-01
  -6.07046173530    	 -0.446170671747    
   1.63611529565    	  0.120252246426    
  -3.42272755199    	 -0.251565814540    
  -5.11413686096    	 -0.375882095655    
  -1.70311031814    	 -0.125176289356    
  -2.62121121331    	 -0.192655455027    
  0.694241948019    	  0.510258378702E-01
  -16.2470332693    	  -1.19413482264    
  -2.58119885867    	 -0.189714601443    
 -0.668958949313    	 -0.491675718917E-01
  -4.39712849664    	 -0.323182957187    
   23.4710222694    	   1.72508817766    
  -3.13714011992    	 -0.230575527152    
 -0.779840617946E-01	 -0.573172235551E-02
  -4.99733126092    	 -0.367297043100    
  -3.02769491224    	 -0.222531453412    
  -3.02887786169    	 -0.222618398586    
 -0.774791067926    	 -0.569460885043E-01
  -2.54160603471    	 -0.186804582793    
  -4.35791460072    	 -0.320300789232    
   11.9462114996    	  0.878030278754    
   2.65306335285    	  0.194996543912    
  -5.97365220048    	 -0.439055302758    
  -3.27695168307    	 -0.240851486670    
   4.47391045319    	  0.328826326444    
 -0.179821625929    	 -0.132166446530E-01
   6.03476690096    	  0.443547150026    
  -3.56822473878    	 -0.262259659655    
  -4.17277299365    	 -0.306693133209    
  0.775828205629    	  0.570223167132E-01
   2.38854461578    	  0.175554776916    
   7.07766997612    	  0.520199105990    
  -2.61448300687    	 -0.192160941014    
  -1.08262757851    	 -0.795716528689E-01
   1.77745311720    	  0.130640383859    
  -2.23121051103    	 -0.163990934450    
  -5.24532190117    	 -0.385524017483    
  -15.2239569496    	  -1.11894010621    
  -7.10283495151    	 -0.522048697416    
   7.80455000870    	  0.573623798634    
  -5.71239960454    	 -0.419853592689    
   55.8856767142    	   4.10752114219    
  -3.07333572866    	 -0.225885991273    
   4.10875094195    	  0.301987599584    
  -2.43424629651    	 -0.178913788221    
   3.20692263751    	  0.235704447175    
   6.88307260350    	  0.505896464075    
  -6.91200636562    	 -0.508023056193    
  -6.11063911467    	 -0.449123654424    
  -4.55819576636    	 -0.335021182195    
  -5.46692205407    	 -0.401811326982    
  -2.89211556314    	 -0.212566555864    
  -2.57134960504    	 -0.188990694712    
   2.37061601511    	  0.174237049180    
  0.523360507545    	  0.384662846748E-01
  -13.5801220900    	 -0.998120482347    
   5.57283926902    	  0.409596098059    
   7.40962931835    	  0.544597665634    
  -4.45543225755    	 -0.327468204225    
  -4.34753811713    	 -0.319538131817    
   7.53704086526    	  0.553962240843    
  -4.22469627711    	 -0.310509423843    
 -0.466856287179    	 -0.343133014164E-01
 -0.770919931035    	 -0.566615652139E-01
   7.18400762000    	  0.528014778022    
  -2.59411978514    	 -0.190664271944    
   5.07356007199    	  0.372899756917    
  -14.1879480757    	  -1.04279486465    
   5.22086581970    	  0.383726528796    
  -7.57396833985    	 -0.556676359943    
   4.71427683655    	  0.346492928328    
   1.67236481805    	  0.122916536964    
  -3.99418052498    	 -0.293566829941    
  -2.90022269276    	 -0.213162418852    
  -2.02228000238    	 -0.148634826553    
   1.13481737015    	  0.834075314910E-01
  -4.72058626367    	 -0.346956662630    
  -3.45179903370    	 -0.253702528861    
  -34.9018030739    	  -2.56523500216    
   11.8787197795    	  0.873069729229    
   8.59157385090    	  0.631468979391    
  -18.5967028944    	  -1.36683234068    
  -1.73339494837    	 -0.127402168441    
  -2.31941151015    	 -0.170473587787    
  -4.59432597172    	 -0.337676703093    
  -3.35562032343    	 -0.246633524618    
   6.02363394618    	  0.442728893009    
   2.84275917785    	  0.208938928751    
 -0.108128848112    	 -0.794732310340E-02
   1.39335015352    	  0.102409339039    
  -5.03729739176    	 -0.370234499297    
  -2.92541754802    	 -0.215014206407    
   10.0215950936    	  0.736573593552    
  -7.31493890406    	 -0.537638049118    
  -11.1581794475    	 -0.820110995944    
   3.22065149028    	  0.236713499161    
  -2.30000278351    	 -0.169047072807    
   22.3683550244    	   1.64404363659    
   1.89858731463    	  0.139543582429    
  0.549541359700E-01	  0.403905416592E-02
  -3.47589235562    	 -0.255473355216    
  -2.50598974960    	 -0.184186834334    
 -0.453017575309    	 -0.332961749373E-01
   15.2970708921    	   1.12431388143    
  -1.43594187843    	 -0.105539772826    
   2.23824125316    	  0.164507684423    
  -3.33792511874    	 -0.245332951167    
  -2.69383084461    	 -0.197992899045    
  -5.31108343122    	 -0.390357400399    
  -2.11644819592    	 -0.155556060554    
   12.9807432355    	  0.954066952678    
  -5.69866117581    	 -0.418843836884    
   6.68585966935    	  0.491401581948    
   2.66058150221    	  0.195549117652    
  -16.8202878054    	  -1.23626825048    
   7.84848324257    	  0.576852831502    
  -6.41641126197    	 -0.471597490898    
  0.173253906237    	  0.127339261986E-01
  0.123785627462    	  0.909807506672E-02
  -10.8920910641    	 -0.800553862082    
  -3.70288712678    	 -0.272157161811    
   13.9541417898    	   1.02561042100    
   30.8154065526    	   2.26489042206    
  -1.61613491192    	 -0.118783715428    
   43.4138615249    	   3.19085970793    
  0.148497810868E-01	  0.109143868979E-02
  -3.53882142628    	 -0.260098556223    
  0.647645762505E-01	  0.476010816822E-02
  -2.30925766846    	 -0.169727294249    
  -2.88125711608    	 -0.211768474790    
  -3.19646455276    	 -0.234935792187    
  -3.06137036015    	 -0.225006552980    
  -2.48704398025    	 -0.182794346084    
  0.573834549945    	  0.421760580636E-01
  -3.25168615878    	 -0.238994505037    
  -3.08151831631    	 -0.226487400323    
  -2.52715646535    	 -0.185742559120    
   4.67753159938    	  0.343792203430    
   2.23574048930    	  0.164323881685    
  -3.70450889179    	 -0.272276359330    
  -3.50845366435    	 -0.257866567071    
  -1.69873996998    	 -0.124855074717    
  -3.15808237473    	 -0.232114754364    
  -8.36065254433    	 -0.614496577790    
   25.7063214543    	   1.88937962408    
   14.9789566654    	   1.10093291893    
  -4.20232712577    	 -0.308865321678    
   28.1348428092    	   2.06787263688    
  -27.6582435639    	  -2.03284324131    
  -4.91469309269    	 -0.361223250259    
  -1.98031598412    	 -0.145550528351    
   44.2760137428    	   3.25422672200    
 -0.977596801827    	 -0.718520337971E-01
  -6.05696606451    	 -0.445178758320    
  0.737262916165    	  0.541878204498E-01
 -0.708321959807    	 -0.520606995647E-01
   2.70898847118    	  0.199106963958    
  -6.43408599545    	 -0.472896559742    
   1.34282979445    	  0.986961614384E-01
   1.03015097157    	  0.757146937134E-01
  -18.8408755853    	  -1.38477870099    
  0.169565833553    	  0.124628578781E-01
   1.42913214402    	  0.105039266619    
   1.35983364954    	  0.999459216340E-01
 -0.422015875669    	 -0.310175922270E-01
   3.17139269655    	  0.233093044894    
  -6.05163169354    	 -0.444786689317    
   3.74862232681    	  0.275518636738    
  -2.61832714387    	 -0.192443479849    
   29.7329846017    	   2.18533388253    
   21.1531544466    	   1.55472804879    
