Running on host: amd-cpu
opt_cluster_2 DMET Er_all (25-atom big cluster)
Modules OK
F is load
Li is load
Y is load
#INFO: **** input file is /data/home/wangcx/LiYF4_Er3+/AIMPModelGenerator-main/LiYF4_Er3+/opt_cluster_2/dmet/main_AIMP_ROHF_DMET.py ****
import sys, os
from embed_sim import myavas, sacasscf_mixer, siso
from embed_sim.ssdmet import SSDMET

from src.AIMP3_DMET_SCEI import AIMPEnvLoader, AIMP_RHF, AIMP_RKS, AIMP_ROHF, AIMP_ROKS, AIMP_CAHF
from src.pckit2 import OrganicPCLoader, PointChargeParams
from pyscf import gto, lib
from pyscf.lib import chkfile
import yaml
import numpy as np
import basis_set_exchange as bse

Ha2eV = 27.211324570273
Ha2cm = 219474.63

workdir = "./"
inputdir = workdir + "input.yaml"
with open(inputdir, 'r') as f:
    inputdict = yaml.safe_load(f)
aimpdict = inputdict["aimp"]
clusterdict = inputdict["cluster"]

# Load AIMP environment
try: aimpdir = workdir + aimpdict["dir"]
except KeyError: aimpdir = workdir + "aimp.xyz"
aimpdict["dir"] = aimpdir
aimpdict["workdir"] = workdir
AIMP_LOADER = AIMPEnvLoader(aimpdict)
try: orthoreg = aimpdict["orthoreg"]
except: orthoreg = 0

# Load Point Charge Environment
try:
    pcdict = inputdict["pointcharge"]
    try: is_organic = pcdict["organic"]
    except KeyError: is_organic = False
    try: rawxyzdir = workdir + pcdict["rawxyzdir"]
    except KeyError: rawxyzdir = workdir + "rawChgs.xyz"
    if not is_organic:
        try: rawchgdir = workdir + pcdict["rawchgdir"]
        except KeyError: rawchgdir = workdir + "rawCharges.dat"
        pcparam_raw = PointChargeParams(rawxyzdir, rawchgdir)
    else:
        pcdict2 = dict(aimpdict)
        pcdict2["dir"] = rawxyzdir
        pcdict2["workdir"] = workdir
        pc_loader = OrganicPCLoader(pcdict2)
        pcparam_raw = pc_loader.make_param()
    try: surfxyzdir = workdir + pcdict["surfxyzdir"]
    except KeyError: surfxyzdir = workdir + "surfChgs.xyz"
    try: surfchgdir = workdir + pcdict["surfchgdir"]
    except KeyError: surfchgdir = workdir + "surfaceCharges.dat"
    pcparam_surf = PointChargeParams(surfxyzdir, surfchgdir)
    PCPARAM = pcparam_raw + pcparam_surf
except: PCPARAM = None

# Load cluster molecule
try: ecp = clusterdict["ecp"]
except KeyError: ecp = {}
try: spin = clusterdict["spin"]
except KeyError: spin = 0

def aimp_calc(CLUS_MOL, scfdict, interpolation=False):
    scftype = scfdict["calc"].upper()
    if scftype in ["ROHF"]:
        MF = AIMP_ROHF(CLUS_MOL, AIMP_LOADER).density_fit()
    else:
        raise NotImplementedError("Only ROHF supported for DMET restart")
    if PCPARAM is not None: MF.addPCParam2(PCPARAM)
    MF.set_orthoreg_param(orthoreg)
    try: MF.chkfile = workdir + inputdict["chkfile"]
    except KeyError: pass
    return MF

# ===================================================================
# ROHF — load from chk file
# ===================================================================
if inputdict["type"].upper() in ["GEO_OPT", "GEOM_OPT", "RELAX", "GEOMOPT", "ENERGY"]:
    try: clusterdir = workdir + clusterdict["dir"]
    except KeyError: clusterdir = workdir + "cluster.xyz"
    for basis in clusterdict["basis"]:
        if "parse" in clusterdict["basis"][basis] or "load" in clusterdict["basis"][basis]:
            clusterdict["basis"][basis] = eval(clusterdict["basis"][basis])
    CLUS_MOL = gto.M(atom=clusterdir, basis=clusterdict["basis"],
                     charge=clusterdict["charge"], spin=spin, verbose=4)
    scfdict = clusterdict["scf"]
    MF = aimp_calc(CLUS_MOL, scfdict)

    # Load ROHF from chk
    if not os.path.exists(MF.chkfile):
        raise FileNotFoundError(f"ROHF chk file not found: {MF.chkfile}")
    print(f"Loading ROHF from chk: {MF.chkfile}")
    scfdat = chkfile.load(MF.chkfile, "scf")
    MF.e_tot = scfdat["e_tot"]
    MF.mo_coeff = scfdat["mo_coeff"]
    MF.mo_occ = scfdat["mo_occ"]
    MF.mo_energy = scfdat["mo_energy"]
    print(f"Loaded: e_tot={MF.e_tot:.8f}")

print()

# ===================================================================
# DMET — impurity: Er (all orbitals), 25-atom big cluster
# ===================================================================
IMP_NAME = "Er_all"
IMP_LABELS = ["Er"]
IMP_DESC = "All Er orbitals (optbig 25-atom cluster)"

title_base = "LiYF4:Er3+_optbig"
ncas_set = 7
nelec_set = 11

title = f"{title_base}_DMET_{IMP_NAME}"
print("=" * 70)
print(f"  DMET impurity: {IMP_DESC}")
print(f"  Title: {title}")
print("=" * 70)

# Step 1: Build DMET embedding
print(f"\n[Step 1] Building DMET embedding")
dmet = SSDMET(MF, title=title, imp_idx=IMP_LABELS, threshold=1e-13)
es_mf = dmet.build()
print(f"  Embedded space: {dmet.nes} orbitals")
print(f"  impurity: {len(dmet.imp_idx)} orbitals")
print(f"  frozen occupied: {dmet.nfo},  frozen virtual: {dmet.nfv}")
print(f"  Frozen orbital energy: {dmet.fo_ene:.8f} Hartree")

# Step 2: AVAS
print(f"\n[Step 2] AVAS: Er 4f from embedded space")
ncas, nelec, es_mo = dmet.avas(["Er 4f"],
                                minao=CLUS_MOL._basis["Er"],
                                threshold=0.5,
                                openshell_option=2)
print(f"  AVAS: ncas={ncas}, nelec={nelec}")

# Step 3: SACASSCF
print(f"\n[Step 3] SACASSCF({ncas_set},{nelec_set})")
statelis = [0, 0, 0, 35]
es_mycas = sacasscf_mixer.sacasscf_mixer(es_mf, ncas_set, nelec_set, statelis=statelis)
es_mycas.kernel(es_mo)
e_cas = es_mycas.fcisolver.e_states
e_min = np.min(e_cas)
print(f"  CASSCF E_min = {e_min:.8f} H")
np.savetxt(f"{title}_cas_NO_SOC.txt", (e_cas - e_min) * Ha2cm, fmt="%.6f")

# Step 4: NEVPT2
print(f"\n[Step 4] NEVPT2")
ecorr = sacasscf_mixer.sacasscf_nevpt2(es_mycas, method="SC")
es_mycas.fcisolver.e_states = e_cas + ecorr
np.savetxt(f"{title}_nevpt2.txt", ecorr)
np.savetxt(f"{title}_opt.txt",
           (es_mycas.fcisolver.e_states - np.min(es_mycas.fcisolver.e_states)) * Ha2cm,
           fmt="%.6f")
print(f"  NEVPT2 corrections: {np.min(ecorr)*Ha2cm:.2f} to {np.max(ecorr)*Ha2cm:.2f} cm^-1")

# Step 5: SISO
print(f"\n[Step 5] SISO")
total_cas = dmet.total_cas(es_mycas)
mysiso = siso.SISO(title, total_cas, amfi=True, verbose=6)
mysiso.kernel()
mysiso.analyze()
print(f"  SISO done -> {title}_mag.txt")

print(f"\n  [{IMP_NAME}] finished!\n")
#INFO: ******************** input file end ********************


System: uname_result(system='Linux', node='amd-cpu', release='6.8.0-111-generic', version='#111~22.04.1-Ubuntu SMP PREEMPT_DYNAMIC Tue Apr 14 17:13:45 UTC ', machine='x86_64')  Threads 16
Python 3.10.19 | packaged by conda-forge | (main, Jan 26 2026, 23:45:08) [GCC 14.3.0]
numpy 1.26.4  scipy 1.15.3  h5py 3.15.1
Date: Sat May 16 02:19:09 2026
PySCF version 2.12.0
PySCF path  /data/home/wangcx/LiYF4_Er3+/env/lib/python3.10/site-packages/pyscf

[CONFIG] conf_file None
[INPUT] verbose = 4
[INPUT] num. atoms = 25
[INPUT] num. electrons = 345
[INPUT] charge = 11
[INPUT] spin (= nelec alpha-beta = 2S) = 3
[INPUT] symmetry False subgroup None
[INPUT] Mole.unit = angstrom
[INPUT] Symbol           X                Y                Z      unit          X                Y                Z       unit  Magmom
[INPUT]  1 Er     0.000000000000   0.000000000000   0.000000000000 AA    0.000000000000   0.000000000000   0.000000000000 Bohr   0.0
[INPUT]  2 F      1.112939200000   1.721198800000  -0.853327500000 AA    2.103150281293   3.252594337930  -1.612555269560 Bohr   0.0
[INPUT]  3 F     -1.114069800000  -1.720539300000  -0.853677500000 AA   -2.105286805649  -3.251348063551  -1.613216673703 Bohr   0.0
[INPUT]  4 F      1.709793900000  -1.124883800000   0.863235600000 AA    3.231042200452  -2.125722303960   1.631278864975 Bohr   0.0
[INPUT]  5 F     -1.709896600000   1.127957000000   0.860681400000 AA   -3.231236275325   2.131529810286   1.626452126507 Bohr   0.0
[INPUT]  6 F     -1.132263600000   0.830445300000  -1.797304800000 AA   -2.139668104814   1.569314178432  -3.396413834366 Bohr   0.0
[INPUT]  7 F      1.131356600000  -0.833615300000  -1.796821800000 AA    2.137954123219  -1.575304610247  -3.395501096648 Bohr   0.0
[INPUT]  8 F     -0.835465800000  -1.126125700000   1.801287800000 AA   -1.578801548441  -2.128069154834   3.403940613520 Bohr   0.0
[INPUT]  9 F      0.835932700000   1.130966100000   1.798574500000 AA    1.579683861568   2.137216185167   3.398813219627 Bohr   0.0
[INPUT] 10 Li     2.545287000000   2.572127900000   0.018939400000 AA    4.809895338416   4.860617288353   0.035790278964 Bohr   0.0
[INPUT] 11 Li    -2.547868700000  -2.569991200000   0.019036100000 AA   -4.814774044352  -4.856579510542   0.035973015480 Bohr   0.0
[INPUT] 12 Li     2.579147700000  -2.569478000000   0.022324000000 AA    4.873882787802  -4.855609703095   0.042186246005 Bohr   0.0
[INPUT] 13 Li    -2.581644800000   2.571450400000   0.022242600000 AA   -4.878601622908   4.859336998903   0.042032422298 Bohr   0.0
[INPUT] 14 Li     0.017315100000  -2.567602400000   2.661884100000 AA    0.032720796819  -4.852065332776   5.030231924334 Bohr   0.0
[INPUT] 15 F     -3.413508200000  -1.135194100000   0.876699300000 AA   -6.450595621957  -2.145205947222   1.656721570598 Bohr   0.0
[INPUT] 16 Li    -0.012350800000   2.574508900000   2.661808800000 AA   -0.023339629419   4.865116726255   5.030089627957 Bohr   0.0
[INPUT] 17 F      3.414538400000   1.138646200000   0.874248700000 AA    6.452542417811   2.151729470777   1.652090607757 Bohr   0.0
[INPUT] 18 Y     -0.019472400000   2.567875400000  -2.670605800000 AA   -0.036797502988   4.852581228008  -5.046713548675 Bohr   0.0
[INPUT] 19 Y      0.015772100000  -2.570671100000  -2.670547200000 AA    0.029804949409  -4.857864335334  -5.046602810724 Bohr   0.0
[INPUT] 20 Y     -2.560694600000   0.003355400000   2.682122600000 AA   -4.839011482653   0.006340787038   5.068477146506 Bohr   0.0
[INPUT] 21 Y      2.563146800000   0.005812900000   2.682136200000 AA    4.843645469055   0.010984788989   5.068502846782 Bohr   0.0
[INPUT] 22 F      1.155562300000  -3.417478400000  -0.866161800000 AA    2.183696266872  -6.458098212617  -1.636808581560 Bohr   0.0
[INPUT] 23 F     -1.157306400000   3.417301600000  -0.867179300000 AA   -2.186992138206   6.457764109038  -1.638731377892 Bohr   0.0
[INPUT] 24 Li     2.563112500000  -0.004204600000  -2.691426300000 AA    4.843580651449  -0.007945542463  -5.086058591451 Bohr   0.0
[INPUT] 25 Li    -2.564225300000  -0.000789400000  -2.691315200000 AA   -4.845683538681  -0.001491749803  -5.085848642879 Bohr   0.0

nuclear repulsion = 7963.1188638011
number of shells = 177
number of NR pGTOs = 1221
number of NR cGTOs = 549
basis = {'Er': [[0, [58741043.595, 0.0003095617, -0.0001259089, 6.91037e-05, -1.85591e-05, 1.0646e-05, -2.8433e-06, 8.7323e-06, -1.35596e-05, 1.22007e-05], [13545709.704, 0.0008516942, -0.0003466459, 0.000190297, -5.11104e-05, 2.93191e-05, -7.8312e-06, 2.40575e-05, -3.73546e-05, 3.35856e-05], [3592430.6955, 0.0019082673, -0.0007777057, 0.0004270617, -0.00011472, 6.5803e-05, -1.75727e-05, 5.39601e-05, -8.37945e-05, 7.54362e-05], [1068997.5743, 0.0039195893, -0.0016019262, 0.0008804759, -0.0002365759, 0.0001357079, -3.62538e-05, 0.0001114133, -0.0001729792, 0.0001553739], [349706.57902, 0.0079014176, -0.0032457866, 0.0017860832, -0.0004801945, 0.0002753786, -7.35186e-05, 0.0002256084, -0.0003504131, 0.0003160705], [123694.33912, 0.0157477694, -0.0065247398, 0.0036004833, -0.0009686648, 0.0005556288, -0.0001485097, 0.0004569229, -0.0007092419, 0.0006350258], [46678.398919, 0.0315658984, -0.0132634217, 0.0073419466, -0.001978727, 0.0011340632, -0.0003025333, 0.0009268542, -0.0014402417, 0.00130602], [18595.315822, 0.0629662301, -0.0270708201, 0.0150963167, -0.0040754906, 0.0023372419, -0.000625405, 0.001929166, -0.0029931159, 0.0026602426], [7755.2163127, 0.1221158296, -0.0546773715, 0.0307772461, -0.0083518799, 0.0047794665, -0.0012731364, 0.0038880662, -0.0060469357, 0.0055436892], [3363.779054, 0.2163719352, -0.104424382, 0.0601260542, -0.0164146081, 0.0094035178, -0.0025217555, 0.0078186556, -0.0121224202, 0.0106191691], [1509.3223033, 0.3107230962, -0.1727137331, 0.1028299975, -0.0285728915, 0.0162739243, -0.0043197692, 0.0130943713, -0.020410749, 0.0192252465], [697.35341479, 0.2829389649, -0.1915966744, 0.1213177905, -0.0342877174, 0.0196005497, -0.0053102484, 0.0168441816, -0.0260260623, 0.0212627647], [330.31834917, 0.1107960478, 0.0034524045, -0.0181721285, 0.0066342313, -0.0038699051, 0.0012231975, -0.0050898659, 0.0075551906, -0.0012422347], [159.65709504, 0.0270243507, 0.4305459366, -0.4433513468, 0.1566058182, -0.0860727872, 0.0225872722, -0.0670551554, 0.1058849283, -0.1109799087], [78.31452052, 0.0232087242, 0.4684246852, -0.6988915467, 0.2808109652, -0.1552371292, 0.0426972868, -0.1405799382, 0.2184698745, -0.1696579273], [38.72141347, 0.0055176072, 0.1426867969, 0.1943727124, -0.1280926327, 0.0718453765, -0.0217060429, 0.0829657157, -0.1245611955, 0.0411381473], [19.13306359, 0.0031445846, 0.0929387262, 1.0361135919, -0.9537793805, 0.525773751, -0.1391241817, 0.4492313044, -0.7655773076, 0.9930541848], [9.34554064, 0.0004607124, 0.0232306464, 0.2626141253, -0.0422353432, 0.0201638951, -0.0136943468, 0.0349080406, 0.0454196412, -0.6396768379], [4.45086586, 0.0001781851, -0.0031742957, -0.1267686346, 1.0541080152, -0.8378775487, 0.2628172995, -1.2056038591, 2.147979658, -1.9410318798], [2.03183894, -7.56855e-05, -0.0016126249, -0.0408915598, 0.3248928868, -0.3964838724, 0.0993913427, 0.5682899564, -1.7434598196, 3.6018504183], [0.87066929, 3.65992e-05, 0.0002068927, 0.0007349372, 0.0139982831, 0.8863351232, -0.2957863828, 0.9403581481, -1.3586599759, -2.346333334], [0.34147598, -1.51071e-05, -9.14805e-05, -0.0007009845, 0.0168647478, 0.5480126667, -0.501983712, -0.1922763278, 2.8649308149, -0.2115088121], [0.11893832, 5.8215e-06, 3.66177e-05, 0.0002306016, -0.0017855486, -0.0040889684, 0.4012936792, -1.3781196527, -1.7164544585, 1.9831692389], [0.03550733, -2.1488e-06, -1.41275e-05, -9.22395e-05, 0.0006879657, 0.0254351638, 0.8667698628, 0.6781220542, -0.02489973, -2.3638636205], [0.0106002, 6.241e-07, 3.9799e-06, 2.50085e-05, -0.0002447711, -0.0024978973, 0.0032299041, 0.4465290241, 0.684248083, 1.4645723957]], [1, [1999053.9457, 5.27248e-05, -4.22635e-05, 1.30946e-05, -4.9249e-06, -7.3048e-06, 4.3447e-06], [321492.94665, 0.0002062575, -0.0001656169, 5.13657e-05, -1.93198e-05, -2.86616e-05, 1.7027e-05], [69812.056384, 0.0007907197, -0.0006363455, 0.000197712, -7.43577e-05, -0.0001102843, 6.56782e-05], [19170.076373, 0.0028024207, -0.002264492, 0.0007050579, -0.0002652092, -0.0003936378, 0.0002333715], [6305.3605866, 0.0095627773, -0.0077776077, 0.0024344086, -0.0009155802, -0.0013579797, 0.0008104196], [2376.8728903, 0.0304081438, -0.0250497846, 0.0078955451, -0.0029703482, -0.0044130515, 0.0026094783], [991.08412563, 0.0858604085, -0.0724292592, 0.0232269816, -0.0087378, -0.0129711589, 0.0077547693], [444.45398997, 0.1955859903, -0.1717398404, 0.0563532022, -0.0212133939, -0.0316035208, 0.0186048576], [209.69390666, 0.3155610848, -0.2911116024, 0.0989987042, -0.0372819372, -0.0554689629, 0.0333537151], [102.29811686, 0.2905358073, -0.2282088299, 0.0668567425, -0.0250422154, -0.0374428239, 0.0210996293], [50.88921302, 0.1591725371, 0.2080341786, -0.1627677359, 0.0633913839, 0.099232041, -0.0550030502], [25.50997433, 0.1299786618, 0.5917917452, -0.4481104632, 0.1774758008, 0.2882984752, -0.1694027739], [12.7434798, 0.0625434303, 0.2992606204, -0.0676100109, 0.0108147877, -0.0133784295, 0.0098207141], [6.27002774, 0.0032893684, 0.0040392694, 0.6422905592, -0.3270990029, -0.7392411815, 0.3365294551], [2.99728634, -0.0006558915, -0.0130864967, 0.4864450388, -0.2791426358, -0.0930687868, 0.2382128786], [1.36875252, -0.0004321153, -0.0031844737, 0.0628819747, 0.2842338164, 1.437166915, -0.6804512825], [0.58442767, 0.0001110347, 0.000417432, 0.0028540545, 0.6667205951, -0.615533406, -0.2295587724], [0.22701214, -4.69339e-05, -0.0001930291, -0.0002962991, 0.2702142984, -1.0704463494, 0.2950152407], [0.08817945, 1.45036e-05, 5.98307e-05, 0.0001287369, 0.0016271736, 1.1394985724, 0.7705007891]], [2, [5075.2324021, 0.0004624199, -0.000212402, -0.0001338418, 7.03252e-05], [1400.6417964, 0.0037918263, -0.0017568935, -0.0010946858, 0.0006244381], [508.75311079, 0.0209012836, -0.0097240779, -0.006121187, 0.0032341649], [217.04181128, 0.0790282781, -0.0374730955, -0.0233913319, 0.0133490101], [101.12993278, 0.2106341946, -0.1012553833, -0.0640717841, 0.0335018815], [49.31418858, 0.3724161614, -0.1765190844, -0.1116543118, 0.0648584305], [24.56993946, 0.3724484114, -0.128055937, -0.0882595432, 0.0322480645], [12.30281942, 0.148439962, 0.1923894925, 0.1729546348, -0.060142795], [6.06684041, 0.0098260817, 0.4912902906, 0.4780271086, -0.2393569992], [2.84408803, -0.0060274869, 0.3965132651, 0.0275202804, -0.0459067525], [1.19180063, -0.0014732962, 0.0922209987, -1.5212904072, 0.1481679239], [0.499418, 1.92511e-05, 0.0018946649, 1.1745898944, 0.8929833783]], [3, [267.83532496, 0.002136697, -0.0023682897, 0.0028860639], [91.41297085, 0.0173101959, -0.0192847672, 0.0233886013], [38.11144675, 0.0692400235, -0.0773233756, 0.0942762644], [17.45050795, 0.1795048421, -0.2008573225, 0.24774166], [8.22655234, 0.3013531728, -0.2941870723, 0.2935809324], [3.84017672, 0.3456940442, -0.1630393094, -0.1608245388], [1.72324813, 0.2910461118, 0.2530702283, -0.7001354408], [0.7167717, 0.1773588489, 0.5241741225, 0.2478955537], [0.26038487, 0.0581198269, 0.2828111484, 0.5517990419], [0.09459118, 0.0013117456, 0.0230907024, 0.1236695388]], [4, [10.85067572, 0.1594340766], [5.06864131, 0.2278265327], [2.46175491, 0.4089511043], [1.16532292, 0.3834860395], [0.46008995, 0.1687647303]]], 'F': 'ccpvdz', 'Li': 'ccpvdz', 'Y': [[0, [2522141.32102006, 0.001699], [449156.29990432, 0.0036724], [151720.1764528, 0.0066311], [51855.44354044, 0.0167936], [18689.66232941, 0.041001], [6875.55030786, 0.1012493], [2648.45220711, 0.2522764], [1049.980737, 0.5766767]], [0, [422.47853745, -0.5348801], [172.31836708, -0.4651198]], [0, [60.56530325, 1.0]], [0, [28.30120953, 0.7509238], [12.66764116, 0.2490761]], [0, [5.05894842, 0.6863196], [2.20390257, 0.3136803]], [0, [0.72735771, 0.6399224], [0.30401193, 0.3600775]], [0, [0.04783584, 1.0]], [0, [0.01355997, 1.0]], [1, [11876.25484875, 0.0009397], [3268.55095104, 0.0033491], [1184.41460471, 0.0136442], [463.14383928, 0.0517347], [191.23738154, 0.1583925], [82.85996128, 0.3508255], [37.20448645, 0.4211141]], [1, [17.1581726, -1.0]], [1, [7.6564011, -0.5178717], [3.40344219, -0.4821282]], [1, [1.2829311, 0.2898036], [0.54825392, 0.5360604], [0.21437241, 0.1741359]], [1, [0.41142, 1.0]], [1, [0.01782, 1.0]], [2, [251.01056821, 0.0062628], [74.41352333, 0.0434411], [27.67867091, 0.1557311], [11.29136346, 0.3101388], [4.69433459, 0.3367227], [1.90670194, 0.1477033]], [2, [0.54823392, 1.0]], [2, [0.15142201, 1.0]], [3, [0.18507, 1.0]]]}
ecp = {}
CPU time:         4.09
Loading ROHF from chk: ./Er_ROHF_optbig.chk
Loaded: e_tot=-27881.31515013

======================================================================
  DMET impurity: All Er orbitals (optbig 25-atom cluster)
  Title: LiYF4:Er3+_optbig_DMET_Er_all
======================================================================

[Step 1] Building DMET embedding

******** <class 'embed_sim.ssdmet.SSDMET'> ********
DMET from ROHF
number of impurity orbitals = 77
number of bath orbitals = 82
number of embedded cluster orbitals = 159
number of frozen occupied orbitals = 92
number of frozen virtual orbitals = 298
number of frozen orbitals = 390
percentage of embedded cluster orbitals = 28.96%
percentage of frozen orbitals = 71.04%
h_PC is added!
******** <class 'pyscf.df.df.DF'> ********
auxbasis = None
max_memory = 4000
Default auxbasis cc-pvdz-jkfit is used for F ccpvdz
ETB for Li: l = 0, exps = 0.0561 * 2^n , n = 0..12
ETB for Li: l = 1, exps = 0.05192461843865586 * 2^n , n = 0..9
ETB for Li: l = 2, exps = 0.04806 * 2^n , n = 0..6
ETB for Er: l = 0, exps = 0.0212004 * 2^n , n = 0..28
ETB for Er: l = 1, exps = 0.061146375391841506 * 2^n , n = 0..23
ETB for Er: l = 2, exps = 0.14551880543215023 * 2^n , n = 0..19
ETB for Er: l = 3, exps = 0.06333041690170688 * 2^n , n = 0..19
ETB for Er: l = 4, exps = 0.1396716934527537 * 2^n , n = 0..16
ETB for Er: l = 5, exps = 0.40284229540368527 * 2^n , n = 0..11
ETB for Er: l = 6, exps = 0.18918236 * 2^n , n = 0..11
ETB for Er: l = 7, exps = 0.41723111713601135 * 2^n , n = 0..8
ETB for Er: l = 8, exps = 0.9201799 * 2^n , n = 0..4
ETB for Y: l = 0, exps = 0.02711994 * 2^n , n = 0..27
ETB for Y: l = 1, exps = 0.03108946222757801 * 2^n , n = 0..22
ETB for Y: l = 2, exps = 0.03564 * 2^n , n = 0..20
ETB for Y: l = 3, exps = 0.10019069114244097 * 2^n , n = 0..14
ETB for Y: l = 4, exps = 0.11485551619317202 * 2^n , n = 0..12
ETB for Y: l = 5, exps = 0.33480544434462234 * 2^n , n = 0..5
ETB for Y: l = 6, exps = 0.37014 * 2^n , n = 0..0
ETB for F: l = 0, exps = 0.7794 * 2^n , n = 0..12
ETB for F: l = 1, exps = 0.7355674544186958 * 2^n , n = 0..9
ETB for F: l = 2, exps = 0.6942 * 2^n , n = 0..7
ETB for F: l = 3, exps = 1.5089652083464349 * 2^n , n = 0..3
ETB for F: l = 4, exps = 3.28 * 2^n , n = 0..0

WARN: Even tempered Gaussians are generated as DF auxbasis for  Li Er Y

_cderi_to_save = /tmp/tmphvmxvzs4
h_PC is added!

energy from frozen occupied orbitals = -12380.941115530375
deviation from DMET exact condition = -4.6202330850064754e-10
  Embedded space: 159 orbitals
  impurity: 77 orbitals
  frozen occupied: 92,  frozen virtual: 298
  Frozen orbital energy: -12380.94111553 Hartree

[Step 2] AVAS: Er 4f from embedded space

******** AVAS flags ********
aolabels = ['Er 4f']
ncore = 92
nunocc = 298
minao = [[0, [58741043.595, 0.0003095617, -0.0001259089, 6.91037e-05, -1.85591e-05, 1.0646e-05, -2.8433e-06, 8.7323e-06, -1.35596e-05, 1.22007e-05], [13545709.704, 0.0008516942, -0.0003466459, 0.000190297, -5.11104e-05, 2.93191e-05, -7.8312e-06, 2.40575e-05, -3.73546e-05, 3.35856e-05], [3592430.6955, 0.0019082673, -0.0007777057, 0.0004270617, -0.00011472, 6.5803e-05, -1.75727e-05, 5.39601e-05, -8.37945e-05, 7.54362e-05], [1068997.5743, 0.0039195893, -0.0016019262, 0.0008804759, -0.0002365759, 0.0001357079, -3.62538e-05, 0.0001114133, -0.0001729792, 0.0001553739], [349706.57902, 0.0079014176, -0.0032457866, 0.0017860832, -0.0004801945, 0.0002753786, -7.35186e-05, 0.0002256084, -0.0003504131, 0.0003160705], [123694.33912, 0.0157477694, -0.0065247398, 0.0036004833, -0.0009686648, 0.0005556288, -0.0001485097, 0.0004569229, -0.0007092419, 0.0006350258], [46678.398919, 0.0315658984, -0.0132634217, 0.0073419466, -0.001978727, 0.0011340632, -0.0003025333, 0.0009268542, -0.0014402417, 0.00130602], [18595.315822, 0.0629662301, -0.0270708201, 0.0150963167, -0.0040754906, 0.0023372419, -0.000625405, 0.001929166, -0.0029931159, 0.0026602426], [7755.2163127, 0.1221158296, -0.0546773715, 0.0307772461, -0.0083518799, 0.0047794665, -0.0012731364, 0.0038880662, -0.0060469357, 0.0055436892], [3363.779054, 0.2163719352, -0.104424382, 0.0601260542, -0.0164146081, 0.0094035178, -0.0025217555, 0.0078186556, -0.0121224202, 0.0106191691], [1509.3223033, 0.3107230962, -0.1727137331, 0.1028299975, -0.0285728915, 0.0162739243, -0.0043197692, 0.0130943713, -0.020410749, 0.0192252465], [697.35341479, 0.2829389649, -0.1915966744, 0.1213177905, -0.0342877174, 0.0196005497, -0.0053102484, 0.0168441816, -0.0260260623, 0.0212627647], [330.31834917, 0.1107960478, 0.0034524045, -0.0181721285, 0.0066342313, -0.0038699051, 0.0012231975, -0.0050898659, 0.0075551906, -0.0012422347], [159.65709504, 0.0270243507, 0.4305459366, -0.4433513468, 0.1566058182, -0.0860727872, 0.0225872722, -0.0670551554, 0.1058849283, -0.1109799087], [78.31452052, 0.0232087242, 0.4684246852, -0.6988915467, 0.2808109652, -0.1552371292, 0.0426972868, -0.1405799382, 0.2184698745, -0.1696579273], [38.72141347, 0.0055176072, 0.1426867969, 0.1943727124, -0.1280926327, 0.0718453765, -0.0217060429, 0.0829657157, -0.1245611955, 0.0411381473], [19.13306359, 0.0031445846, 0.0929387262, 1.0361135919, -0.9537793805, 0.525773751, -0.1391241817, 0.4492313044, -0.7655773076, 0.9930541848], [9.34554064, 0.0004607124, 0.0232306464, 0.2626141253, -0.0422353432, 0.0201638951, -0.0136943468, 0.0349080406, 0.0454196412, -0.6396768379], [4.45086586, 0.0001781851, -0.0031742957, -0.1267686346, 1.0541080152, -0.8378775487, 0.2628172995, -1.2056038591, 2.147979658, -1.9410318798], [2.03183894, -7.56855e-05, -0.0016126249, -0.0408915598, 0.3248928868, -0.3964838724, 0.0993913427, 0.5682899564, -1.7434598196, 3.6018504183], [0.87066929, 3.65992e-05, 0.0002068927, 0.0007349372, 0.0139982831, 0.8863351232, -0.2957863828, 0.9403581481, -1.3586599759, -2.346333334], [0.34147598, -1.51071e-05, -9.14805e-05, -0.0007009845, 0.0168647478, 0.5480126667, -0.501983712, -0.1922763278, 2.8649308149, -0.2115088121], [0.11893832, 5.8215e-06, 3.66177e-05, 0.0002306016, -0.0017855486, -0.0040889684, 0.4012936792, -1.3781196527, -1.7164544585, 1.9831692389], [0.03550733, -2.1488e-06, -1.41275e-05, -9.22395e-05, 0.0006879657, 0.0254351638, 0.8667698628, 0.6781220542, -0.02489973, -2.3638636205], [0.0106002, 6.241e-07, 3.9799e-06, 2.50085e-05, -0.0002447711, -0.0024978973, 0.0032299041, 0.4465290241, 0.684248083, 1.4645723957]], [1, [1999053.9457, 5.27248e-05, -4.22635e-05, 1.30946e-05, -4.9249e-06, -7.3048e-06, 4.3447e-06], [321492.94665, 0.0002062575, -0.0001656169, 5.13657e-05, -1.93198e-05, -2.86616e-05, 1.7027e-05], [69812.056384, 0.0007907197, -0.0006363455, 0.000197712, -7.43577e-05, -0.0001102843, 6.56782e-05], [19170.076373, 0.0028024207, -0.002264492, 0.0007050579, -0.0002652092, -0.0003936378, 0.0002333715], [6305.3605866, 0.0095627773, -0.0077776077, 0.0024344086, -0.0009155802, -0.0013579797, 0.0008104196], [2376.8728903, 0.0304081438, -0.0250497846, 0.0078955451, -0.0029703482, -0.0044130515, 0.0026094783], [991.08412563, 0.0858604085, -0.0724292592, 0.0232269816, -0.0087378, -0.0129711589, 0.0077547693], [444.45398997, 0.1955859903, -0.1717398404, 0.0563532022, -0.0212133939, -0.0316035208, 0.0186048576], [209.69390666, 0.3155610848, -0.2911116024, 0.0989987042, -0.0372819372, -0.0554689629, 0.0333537151], [102.29811686, 0.2905358073, -0.2282088299, 0.0668567425, -0.0250422154, -0.0374428239, 0.0210996293], [50.88921302, 0.1591725371, 0.2080341786, -0.1627677359, 0.0633913839, 0.099232041, -0.0550030502], [25.50997433, 0.1299786618, 0.5917917452, -0.4481104632, 0.1774758008, 0.2882984752, -0.1694027739], [12.7434798, 0.0625434303, 0.2992606204, -0.0676100109, 0.0108147877, -0.0133784295, 0.0098207141], [6.27002774, 0.0032893684, 0.0040392694, 0.6422905592, -0.3270990029, -0.7392411815, 0.3365294551], [2.99728634, -0.0006558915, -0.0130864967, 0.4864450388, -0.2791426358, -0.0930687868, 0.2382128786], [1.36875252, -0.0004321153, -0.0031844737, 0.0628819747, 0.2842338164, 1.437166915, -0.6804512825], [0.58442767, 0.0001110347, 0.000417432, 0.0028540545, 0.6667205951, -0.615533406, -0.2295587724], [0.22701214, -4.69339e-05, -0.0001930291, -0.0002962991, 0.2702142984, -1.0704463494, 0.2950152407], [0.08817945, 1.45036e-05, 5.98307e-05, 0.0001287369, 0.0016271736, 1.1394985724, 0.7705007891]], [2, [5075.2324021, 0.0004624199, -0.000212402, -0.0001338418, 7.03252e-05], [1400.6417964, 0.0037918263, -0.0017568935, -0.0010946858, 0.0006244381], [508.75311079, 0.0209012836, -0.0097240779, -0.006121187, 0.0032341649], [217.04181128, 0.0790282781, -0.0374730955, -0.0233913319, 0.0133490101], [101.12993278, 0.2106341946, -0.1012553833, -0.0640717841, 0.0335018815], [49.31418858, 0.3724161614, -0.1765190844, -0.1116543118, 0.0648584305], [24.56993946, 0.3724484114, -0.128055937, -0.0882595432, 0.0322480645], [12.30281942, 0.148439962, 0.1923894925, 0.1729546348, -0.060142795], [6.06684041, 0.0098260817, 0.4912902906, 0.4780271086, -0.2393569992], [2.84408803, -0.0060274869, 0.3965132651, 0.0275202804, -0.0459067525], [1.19180063, -0.0014732962, 0.0922209987, -1.5212904072, 0.1481679239], [0.499418, 1.92511e-05, 0.0018946649, 1.1745898944, 0.8929833783]], [3, [267.83532496, 0.002136697, -0.0023682897, 0.0028860639], [91.41297085, 0.0173101959, -0.0192847672, 0.0233886013], [38.11144675, 0.0692400235, -0.0773233756, 0.0942762644], [17.45050795, 0.1795048421, -0.2008573225, 0.24774166], [8.22655234, 0.3013531728, -0.2941870723, 0.2935809324], [3.84017672, 0.3456940442, -0.1630393094, -0.1608245388], [1.72324813, 0.2910461118, 0.2530702283, -0.7001354408], [0.7167717, 0.1773588489, 0.5241741225, 0.2478955537], [0.26038487, 0.0581198269, 0.2828111484, 0.5517990419], [0.09459118, 0.0013117456, 0.0230907024, 0.1236695388]], [4, [10.85067572, 0.1594340766], [5.06864131, 0.2278265327], [2.46175491, 0.4089511043], [1.16532292, 0.3834860395], [0.46008995, 0.1687647303]]]
threshold = 0.5
with_iao = False
openshell_option = 2
canonicalize = False

** AVAS **
  Total number of HF MOs  is equal to    549
  Number of occupied HF MOs is equal to  174
reference AO indices for [[0, [58741043.595, 0.0003095617, -0.0001259089, 6.91037e-05, -1.85591e-05, 1.0646e-05, -2.8433e-06, 8.7323e-06, -1.35596e-05, 1.22007e-05], [13545709.704, 0.0008516942, -0.0003466459, 0.000190297, -5.11104e-05, 2.93191e-05, -7.8312e-06, 2.40575e-05, -3.73546e-05, 3.35856e-05], [3592430.6955, 0.0019082673, -0.0007777057, 0.0004270617, -0.00011472, 6.5803e-05, -1.75727e-05, 5.39601e-05, -8.37945e-05, 7.54362e-05], [1068997.5743, 0.0039195893, -0.0016019262, 0.0008804759, -0.0002365759, 0.0001357079, -3.62538e-05, 0.0001114133, -0.0001729792, 0.0001553739], [349706.57902, 0.0079014176, -0.0032457866, 0.0017860832, -0.0004801945, 0.0002753786, -7.35186e-05, 0.0002256084, -0.0003504131, 0.0003160705], [123694.33912, 0.0157477694, -0.0065247398, 0.0036004833, -0.0009686648, 0.0005556288, -0.0001485097, 0.0004569229, -0.0007092419, 0.0006350258], [46678.398919, 0.0315658984, -0.0132634217, 0.0073419466, -0.001978727, 0.0011340632, -0.0003025333, 0.0009268542, -0.0014402417, 0.00130602], [18595.315822, 0.0629662301, -0.0270708201, 0.0150963167, -0.0040754906, 0.0023372419, -0.000625405, 0.001929166, -0.0029931159, 0.0026602426], [7755.2163127, 0.1221158296, -0.0546773715, 0.0307772461, -0.0083518799, 0.0047794665, -0.0012731364, 0.0038880662, -0.0060469357, 0.0055436892], [3363.779054, 0.2163719352, -0.104424382, 0.0601260542, -0.0164146081, 0.0094035178, -0.0025217555, 0.0078186556, -0.0121224202, 0.0106191691], [1509.3223033, 0.3107230962, -0.1727137331, 0.1028299975, -0.0285728915, 0.0162739243, -0.0043197692, 0.0130943713, -0.020410749, 0.0192252465], [697.35341479, 0.2829389649, -0.1915966744, 0.1213177905, -0.0342877174, 0.0196005497, -0.0053102484, 0.0168441816, -0.0260260623, 0.0212627647], [330.31834917, 0.1107960478, 0.0034524045, -0.0181721285, 0.0066342313, -0.0038699051, 0.0012231975, -0.0050898659, 0.0075551906, -0.0012422347], [159.65709504, 0.0270243507, 0.4305459366, -0.4433513468, 0.1566058182, -0.0860727872, 0.0225872722, -0.0670551554, 0.1058849283, -0.1109799087], [78.31452052, 0.0232087242, 0.4684246852, -0.6988915467, 0.2808109652, -0.1552371292, 0.0426972868, -0.1405799382, 0.2184698745, -0.1696579273], [38.72141347, 0.0055176072, 0.1426867969, 0.1943727124, -0.1280926327, 0.0718453765, -0.0217060429, 0.0829657157, -0.1245611955, 0.0411381473], [19.13306359, 0.0031445846, 0.0929387262, 1.0361135919, -0.9537793805, 0.525773751, -0.1391241817, 0.4492313044, -0.7655773076, 0.9930541848], [9.34554064, 0.0004607124, 0.0232306464, 0.2626141253, -0.0422353432, 0.0201638951, -0.0136943468, 0.0349080406, 0.0454196412, -0.6396768379], [4.45086586, 0.0001781851, -0.0031742957, -0.1267686346, 1.0541080152, -0.8378775487, 0.2628172995, -1.2056038591, 2.147979658, -1.9410318798], [2.03183894, -7.56855e-05, -0.0016126249, -0.0408915598, 0.3248928868, -0.3964838724, 0.0993913427, 0.5682899564, -1.7434598196, 3.6018504183], [0.87066929, 3.65992e-05, 0.0002068927, 0.0007349372, 0.0139982831, 0.8863351232, -0.2957863828, 0.9403581481, -1.3586599759, -2.346333334], [0.34147598, -1.51071e-05, -9.14805e-05, -0.0007009845, 0.0168647478, 0.5480126667, -0.501983712, -0.1922763278, 2.8649308149, -0.2115088121], [0.11893832, 5.8215e-06, 3.66177e-05, 0.0002306016, -0.0017855486, -0.0040889684, 0.4012936792, -1.3781196527, -1.7164544585, 1.9831692389], [0.03550733, -2.1488e-06, -1.41275e-05, -9.22395e-05, 0.0006879657, 0.0254351638, 0.8667698628, 0.6781220542, -0.02489973, -2.3638636205], [0.0106002, 6.241e-07, 3.9799e-06, 2.50085e-05, -0.0002447711, -0.0024978973, 0.0032299041, 0.4465290241, 0.684248083, 1.4645723957]], [1, [1999053.9457, 5.27248e-05, -4.22635e-05, 1.30946e-05, -4.9249e-06, -7.3048e-06, 4.3447e-06], [321492.94665, 0.0002062575, -0.0001656169, 5.13657e-05, -1.93198e-05, -2.86616e-05, 1.7027e-05], [69812.056384, 0.0007907197, -0.0006363455, 0.000197712, -7.43577e-05, -0.0001102843, 6.56782e-05], [19170.076373, 0.0028024207, -0.002264492, 0.0007050579, -0.0002652092, -0.0003936378, 0.0002333715], [6305.3605866, 0.0095627773, -0.0077776077, 0.0024344086, -0.0009155802, -0.0013579797, 0.0008104196], [2376.8728903, 0.0304081438, -0.0250497846, 0.0078955451, -0.0029703482, -0.0044130515, 0.0026094783], [991.08412563, 0.0858604085, -0.0724292592, 0.0232269816, -0.0087378, -0.0129711589, 0.0077547693], [444.45398997, 0.1955859903, -0.1717398404, 0.0563532022, -0.0212133939, -0.0316035208, 0.0186048576], [209.69390666, 0.3155610848, -0.2911116024, 0.0989987042, -0.0372819372, -0.0554689629, 0.0333537151], [102.29811686, 0.2905358073, -0.2282088299, 0.0668567425, -0.0250422154, -0.0374428239, 0.0210996293], [50.88921302, 0.1591725371, 0.2080341786, -0.1627677359, 0.0633913839, 0.099232041, -0.0550030502], [25.50997433, 0.1299786618, 0.5917917452, -0.4481104632, 0.1774758008, 0.2882984752, -0.1694027739], [12.7434798, 0.0625434303, 0.2992606204, -0.0676100109, 0.0108147877, -0.0133784295, 0.0098207141], [6.27002774, 0.0032893684, 0.0040392694, 0.6422905592, -0.3270990029, -0.7392411815, 0.3365294551], [2.99728634, -0.0006558915, -0.0130864967, 0.4864450388, -0.2791426358, -0.0930687868, 0.2382128786], [1.36875252, -0.0004321153, -0.0031844737, 0.0628819747, 0.2842338164, 1.437166915, -0.6804512825], [0.58442767, 0.0001110347, 0.000417432, 0.0028540545, 0.6667205951, -0.615533406, -0.2295587724], [0.22701214, -4.69339e-05, -0.0001930291, -0.0002962991, 0.2702142984, -1.0704463494, 0.2950152407], [0.08817945, 1.45036e-05, 5.98307e-05, 0.0001287369, 0.0016271736, 1.1394985724, 0.7705007891]], [2, [5075.2324021, 0.0004624199, -0.000212402, -0.0001338418, 7.03252e-05], [1400.6417964, 0.0037918263, -0.0017568935, -0.0010946858, 0.0006244381], [508.75311079, 0.0209012836, -0.0097240779, -0.006121187, 0.0032341649], [217.04181128, 0.0790282781, -0.0374730955, -0.0233913319, 0.0133490101], [101.12993278, 0.2106341946, -0.1012553833, -0.0640717841, 0.0335018815], [49.31418858, 0.3724161614, -0.1765190844, -0.1116543118, 0.0648584305], [24.56993946, 0.3724484114, -0.128055937, -0.0882595432, 0.0322480645], [12.30281942, 0.148439962, 0.1923894925, 0.1729546348, -0.060142795], [6.06684041, 0.0098260817, 0.4912902906, 0.4780271086, -0.2393569992], [2.84408803, -0.0060274869, 0.3965132651, 0.0275202804, -0.0459067525], [1.19180063, -0.0014732962, 0.0922209987, -1.5212904072, 0.1481679239], [0.499418, 1.92511e-05, 0.0018946649, 1.1745898944, 0.8929833783]], [3, [267.83532496, 0.002136697, -0.0023682897, 0.0028860639], [91.41297085, 0.0173101959, -0.0192847672, 0.0233886013], [38.11144675, 0.0692400235, -0.0773233756, 0.0942762644], [17.45050795, 0.1795048421, -0.2008573225, 0.24774166], [8.22655234, 0.3013531728, -0.2941870723, 0.2935809324], [3.84017672, 0.3456940442, -0.1630393094, -0.1608245388], [1.72324813, 0.2910461118, 0.2530702283, -0.7001354408], [0.7167717, 0.1773588489, 0.5241741225, 0.2478955537], [0.26038487, 0.0581198269, 0.2828111484, 0.5517990419], [0.09459118, 0.0013117456, 0.0230907024, 0.1236695388]], [4, [10.85067572, 0.1594340766], [5.06864131, 0.2278265327], [2.46175491, 0.4089511043], [1.16532292, 0.3834860395], [0.46008995, 0.1687647303]]] ['Er 4f']:
 [47 48 49 50 51 52 53]
Option 2: threshold 0.5
Active from occupied = 6 , eig [0.99849078 0.99872697 0.99885779 0.99898141 0.9994581  0.99949049]
Inactive from occupied = 76
Active from unoccupied = 1 , eig [0.99725569]
Inactive from unoccupied = 76
Dimensions of active 7
# of alpha electrons 6
# of beta electrons 3
  AVAS: ncas=7, nelec=9

[Step 3] SACASSCF(7,11)
Attempting SA-CASSCF with
fix_spin parameter 0.5 on spin multiplicity 4
35 states with spin multiplicity 4

******** <class 'pyscf.mcscf.addons.StateAverageCASSCF'> ********
CAS (7e+4e, 7o), ncore = 75, nvir = 77
max_cycle_macro = 50
max_cycle_micro = 4
conv_tol = 1e-07
conv_tol_grad = None
orbital rotation max_stepsize = 0.02
orbital rotation threshold for CI restart = 0.01
augmented hessian ah_max_cycle = 30
augmented hessian ah_conv_tol = 1e-12
augmented hessian ah_linear dependence = 1e-14
augmented hessian ah_level shift = 1e-08
augmented hessian ah_start_tol = 2.5
augmented hessian ah_start_cycle = 3
augmented hessian ah_grad_trust_region = 3
kf_trust_region = 3
kf_interval = 4
ci_response_space = 4
ci_grad_trust_region = 3
with_dep4 0
natorb = False
canonicalization = True
sorting_mo_energy = False
ao2mo_level = 2
chkfile = /tmp/tmp7rgkoohq
max_memory 4000 MB (current use 1124 MB)
internal_rotation = False
******** <class 'pyscf.mcscf.addons.StateAverageMixSpinPenaltyFCISolver'> ********
max. cycles = 100
conv_tol = 1e-10
davidson only = True
linear dependence = 1e-14
level shift = 0.001
max iter space = 12
max_memory 4000 MB
nroots = 35
pspace_size = 400
spin = 3
State-average over 35 states with weights [0.02857143 0.02857143 0.02857143 0.02857143 0.02857143 0.02857143
 0.02857143 0.02857143 0.02857143 0.02857143 0.02857143 0.02857143
 0.02857143 0.02857143 0.02857143 0.02857143 0.02857143 0.02857143
 0.02857143 0.02857143 0.02857143 0.02857143 0.02857143 0.02857143
 0.02857143 0.02857143 0.02857143 0.02857143 0.02857143 0.02857143
 0.02857143 0.02857143 0.02857143 0.02857143 0.02857143]
CASCI E = -15498.4362322714  S^2 = 3.7500000
Set conv_tol_grad to 0.000316228
macro iter   1 ( 23 JK    4 micro), CASSCF E = -15499.0438423674  dE = -6.07610096e-01  S^2 = 3.7500000
               |grad[o]|= 2.91  |ddm|=1.13e-14  |maxRot[o]|=0.269
macro iter   2 ( 22 JK    4 micro), CASSCF E = -15499.1034574460  dE = -5.96150787e-02  S^2 = 3.7500000
               |grad[o]|= 0.66  |ddm|=3.56e-15  |maxRot[o]|=0.121
macro iter   3 ( 21 JK    4 micro), CASSCF E = -15499.1151528090  dE = -1.16953629e-02  S^2 = 3.7500000
               |grad[o]|=0.249  |ddm|=2.91e-15  |maxRot[o]|=0.314
macro iter   4 ( 21 JK    4 micro), CASSCF E = -15499.1515948751  dE = -3.64420661e-02  S^2 = 3.7500000
               |grad[o]|=0.416  |ddm|=3.43e-15  |maxRot[o]|=0.314
macro iter   5 ( 21 JK    4 micro), CASSCF E = -15499.2146684337  dE = -6.30735586e-02  S^2 = 3.7500000
               |grad[o]|=0.407  |ddm|=3.8e-15  |maxRot[o]|=0.313
macro iter   6 ( 33 JK    4 micro), CASSCF E = -15499.3413537866  dE = -1.26685353e-01  S^2 = 3.7500000
               |grad[o]|=0.374  |ddm|=4.04e-15  |maxRot[o]|=0.204
macro iter   7 ( 21 JK    4 micro), CASSCF E = -15499.8514808092  dE = -5.10127023e-01  S^2 = 3.7500000
               |grad[o]|=0.434  |ddm|=4.72e-15  |maxRot[o]|=0.301
macro iter   8 ( 21 JK    4 micro), CASSCF E = -15500.2128981687  dE = -3.61417359e-01  S^2 = 3.7500000
               |grad[o]|=0.552  |ddm|=7.24e-15  |maxRot[o]|=0.223
macro iter   9 ( 21 JK    4 micro), CASSCF E = -15500.2813022500  dE = -6.84040813e-02  S^2 = 3.7500000
               |grad[o]|=0.459  |ddm|=1.29e-14  |maxRot[o]|=0.0976
macro iter  10 ( 22 JK    4 micro), CASSCF E = -15500.2889724133  dE = -7.67016333e-03  S^2 = 3.7500000
               |grad[o]|= 0.48  |ddm|=6.23e-15  |maxRot[o]|=0.0211
macro iter  11 ( 26 JK    4 micro), CASSCF E = -15500.2901932187  dE = -1.22080538e-03  S^2 = 3.7500000
               |grad[o]|=0.185  |ddm|=6.33e-15  |maxRot[o]|=0.00998
macro iter  12 ( 30 JK    4 micro), CASSCF E = -15500.2903391560  dE = -1.45937294e-04  S^2 = 3.7500000
               |grad[o]|=0.061  |ddm|=6.33e-15  |maxRot[o]|=0.0044
macro iter  13 ( 33 JK    4 micro), CASSCF E = -15500.2903553462  dE = -1.61902753e-05  S^2 = 3.7500000
               |grad[o]|=0.0183  |ddm|=4.64e-15  |maxRot[o]|=0.00116
macro iter  14 ( 33 JK    4 micro), CASSCF E = -15500.2903565543  dE = -1.20809273e-06  S^2 = 3.7500000
               |grad[o]|=0.00646  |ddm|=9.99e-15  |maxRot[o]|=0.000308
macro iter  15 ( 11 JK    1 micro), CASSCF E = -15500.2903565953  dE = -4.09945642e-08  S^2 = 3.7500000
               |grad[o]|=0.0013  |ddm|=4.57e-15  |maxRot[o]|=3.7e-05
macro iter  16 ( 12 JK    1 micro), CASSCF E = -15500.2903566113  dE = -1.60234777e-08  S^2 = 3.7500000
               |grad[o]|=0.000802  |ddm|=6.19e-15  |maxRot[o]|=2.99e-05
macro iter  17 ( 12 JK    1 micro), CASSCF E = -15500.2903566161  dE = -4.74028639e-09  S^2 = 3.7500000
               |grad[o]|=0.000401  |ddm|=3.44e-15  |maxRot[o]|=1.56e-05
macro iter  18 ( 13 JK    1 micro), CASSCF E = -15500.2903566174  dE = -1.32786226e-09  S^2 = 3.7500000
               |grad[o]|=0.000233  |ddm|=4.4e-15  |maxRot[o]|=7.78e-06
1-step CASSCF converged in  18 macro (396 JK  60 micro) steps
CASSCF canonicalization
Density matrix diagonal elements [1.57142857 1.57142857 1.57142857 1.57142857 1.57142857 1.57142857
 1.57142857]
CASSCF energy = -15500.2903566174
CASCI E = -15500.2903566174  E(CI) = -71.3579488563300  S^2 = 3.7500000
CASCI state-averaged energy = -15500.2903566174
CASCI energy for each state
  State 0 weight 0.0285714  E = -15500.3741428876 S^2 = 3.7500000
  State 1 weight 0.0285714  E = -15500.3740656855 S^2 = 3.7500000
  State 2 weight 0.0285714  E = -15500.3739802569 S^2 = 3.7500000
  State 3 weight 0.0285714  E = -15500.3738677197 S^2 = 3.7500000
  State 4 weight 0.0285714  E = -15500.3737877304 S^2 = 3.7500000
  State 5 weight 0.0285714  E = -15500.3731095122 S^2 = 3.7500000
  State 6 weight 0.0285714  E = -15500.3730378067 S^2 = 3.7500000
  State 7 weight 0.0285714  E = -15500.3729794902 S^2 = 3.7500000
  State 8 weight 0.0285714  E = -15500.3727864174 S^2 = 3.7500000
  State 9 weight 0.0285714  E = -15500.3726307588 S^2 = 3.7500000
  State 10 weight 0.0285714  E = -15500.3725959381 S^2 = 3.7500000
  State 11 weight 0.0285714  E = -15500.3725676179 S^2 = 3.7500000
  State 12 weight 0.0285714  E = -15500.3725258187 S^2 = 3.7500000
  State 13 weight 0.0285714  E = -15500.2907653075 S^2 = 3.7500000
  State 14 weight 0.0285714  E = -15500.2907430437 S^2 = 3.7500000
  State 15 weight 0.0285714  E = -15500.2906301498 S^2 = 3.7500000
  State 16 weight 0.0285714  E = -15500.2905692642 S^2 = 3.7500000
  State 17 weight 0.0285714  E = -15500.2903842888 S^2 = 3.7500000
  State 18 weight 0.0285714  E = -15500.2903646913 S^2 = 3.7500000
  State 19 weight 0.0285714  E = -15500.2901368415 S^2 = 3.7500000
  State 20 weight 0.0285714  E = -15500.2892985491 S^2 = 3.7500000
  State 21 weight 0.0285714  E = -15500.2441656526 S^2 = 3.7500000
  State 22 weight 0.0285714  E = -15500.2438769213 S^2 = 3.7500000
  State 23 weight 0.0285714  E = -15500.2438563758 S^2 = 3.7500000
  State 24 weight 0.0285714  E = -15500.2427225544 S^2 = 3.7500000
  State 25 weight 0.0285714  E = -15500.2426545231 S^2 = 3.7500000
  State 26 weight 0.0285714  E = -15500.2425101054 S^2 = 3.7500000
  State 27 weight 0.0285714  E = -15500.2424204393 S^2 = 3.7500000
  State 28 weight 0.0285714  E = -15500.2423936295 S^2 = 3.7500000
  State 29 weight 0.0285714  E = -15500.242311377 S^2 = 3.7500000
  State 30 weight 0.0285714  E = -15500.1608644408 S^2 = 3.7500000
  State 31 weight 0.0285714  E = -15500.1608073251 S^2 = 3.7500000
  State 32 weight 0.0285714  E = -15500.1602527407 S^2 = 3.7500000
  State 33 weight 0.0285714  E = -15500.1596842369 S^2 = 3.7500000
  State 34 weight 0.0285714  E = -15500.1589915116 S^2 = 3.7500000
  CASSCF E_min = -15500.37414289 H

[Step 4] NEVPT2
sacasscf_nevpt2_casci_ver

******** <class 'embed_sim.nevpt2.NEVPT'> ********
NEVPT2 (7e+4e, 7o), ncore = 75, nvir = 77
spin = 3  root = 0
Sr    (-1)',   E = -0.00281386749949
Si    (+1)',   E = -0.00013371084250
Sijrs (0)  ,   E = -0.94969475258405
Sijr  (+1) ,   E = -0.06797213306104
Srsi  (-1) ,   E = -0.54724572263558
Srs   (-2) ,   E = -0.31825683938439
Sij   (+2) ,   E = -0.00173895226847
Sir   (0)' ,   E = -0.08440750029871
Nevpt2 Energy = -1.972263478574235

******** <class 'embed_sim.nevpt2.NEVPT'> ********
NEVPT2 (7e+4e, 7o), ncore = 75, nvir = 77
spin = 3  root = 1
Sr    (-1)',   E = -0.00281234228652
Si    (+1)',   E = -0.00013289558407
Sijrs (0)  ,   E = -0.94957067547184
Sijr  (+1) ,   E = -0.06795141851119
Srsi  (-1) ,   E = -0.54719261995873
Srs   (-2) ,   E = -0.31815192205877
Sij   (+2) ,   E = -0.00173928858283
Sir   (0)' ,   E = -0.08439171378561
Nevpt2 Energy = -1.971942876239557

******** <class 'embed_sim.nevpt2.NEVPT'> ********
NEVPT2 (7e+4e, 7o), ncore = 75, nvir = 77
spin = 3  root = 2
Sr    (-1)',   E = -0.00280866699875
Si    (+1)',   E = -0.00013349400156
Sijrs (0)  ,   E = -0.94981393638060
Sijr  (+1) ,   E = -0.06794399078622
Srsi  (-1) ,   E = -0.54722383944636
Srs   (-2) ,   E = -0.31820176437485
Sij   (+2) ,   E = -0.00173873981746
Sir   (0)' ,   E = -0.08438752258061
Nevpt2 Energy = -1.972251954386416

******** <class 'embed_sim.nevpt2.NEVPT'> ********
NEVPT2 (7e+4e, 7o), ncore = 75, nvir = 77
spin = 3  root = 3
Sr    (-1)',   E = -0.00280674903489
Si    (+1)',   E = -0.00013315249567
Sijrs (0)  ,   E = -0.94991820777232
Sijr  (+1) ,   E = -0.06793626550120
Srsi  (-1) ,   E = -0.54717604640853
Srs   (-2) ,   E = -0.31812271933969
Sij   (+2) ,   E = -0.00173881070894
Sir   (0)' ,   E = -0.08438037664360
Nevpt2 Energy = -1.972212327904823

******** <class 'embed_sim.nevpt2.NEVPT'> ********
NEVPT2 (7e+4e, 7o), ncore = 75, nvir = 77
spin = 3  root = 4
Sr    (-1)',   E = -0.00280754523724
Si    (+1)',   E = -0.00013270626980
Sijrs (0)  ,   E = -0.95004903079374
Sijr  (+1) ,   E = -0.06792163484155
Srsi  (-1) ,   E = -0.54715308325098
Srs   (-2) ,   E = -0.31806916529605
Sij   (+2) ,   E = -0.00173897633212
Sir   (0)' ,   E = -0.08437095627456
Nevpt2 Energy = -1.972243098296045

******** <class 'embed_sim.nevpt2.NEVPT'> ********
NEVPT2 (7e+4e, 7o), ncore = 75, nvir = 77
spin = 3  root = 5
Sr    (-1)',   E = -0.00280084839890
Si    (+1)',   E = -0.00013388217828
Sijrs (0)  ,   E = -0.94996449054329
Sijr  (+1) ,   E = -0.06785118252818
Srsi  (-1) ,   E = -0.54717525616230
Srs   (-2) ,   E = -0.31812811186865
Sij   (+2) ,   E = -0.00173743702885
Sir   (0)' ,   E = -0.08429539740581
Nevpt2 Energy = -1.972086606114262

******** <class 'embed_sim.nevpt2.NEVPT'> ********
NEVPT2 (7e+4e, 7o), ncore = 75, nvir = 77
spin = 3  root = 6
Sr    (-1)',   E = -0.00279911779563
Si    (+1)',   E = -0.00013373381195
Sijrs (0)  ,   E = -0.95013434442173
Sijr  (+1) ,   E = -0.06784238477300
Srsi  (-1) ,   E = -0.54719397343467
Srs   (-2) ,   E = -0.31815579077868
Sij   (+2) ,   E = -0.00173714483821
Sir   (0)' ,   E = -0.08429186031828
Nevpt2 Energy = -1.972288350172153

******** <class 'embed_sim.nevpt2.NEVPT'> ********
NEVPT2 (7e+4e, 7o), ncore = 75, nvir = 77
spin = 3  root = 7
Sr    (-1)',   E = -0.00279683910822
Si    (+1)',   E = -0.00013392924923
Sijrs (0)  ,   E = -0.94982949696825
Sijr  (+1) ,   E = -0.06784228652597
Srsi  (-1) ,   E = -0.54704615211753
Srs   (-2) ,   E = -0.31792152391178
Sij   (+2) ,   E = -0.00173779228590
Sir   (0)' ,   E = -0.08428944342156
Nevpt2 Energy = -1.971597463588452

******** <class 'embed_sim.nevpt2.NEVPT'> ********
NEVPT2 (7e+4e, 7o), ncore = 75, nvir = 77
spin = 3  root = 8
Sr    (-1)',   E = -0.00279697480574
Si    (+1)',   E = -0.00013385684910
Sijrs (0)  ,   E = -0.94987689155025
Sijr  (+1) ,   E = -0.06779441233762
Srsi  (-1) ,   E = -0.54713555853861
Srs   (-2) ,   E = -0.31803543090040
Sij   (+2) ,   E = -0.00173753667541
Sir   (0)' ,   E = -0.08424811004976
Nevpt2 Energy = -1.971758771706886

******** <class 'embed_sim.nevpt2.NEVPT'> ********
NEVPT2 (7e+4e, 7o), ncore = 75, nvir = 77
spin = 3  root = 9
Sr    (-1)',   E = -0.00279541588020
Si    (+1)',   E = -0.00013428476311
Sijrs (0)  ,   E = -0.94977976059037
Sijr  (+1) ,   E = -0.06779794090907
Srsi  (-1) ,   E = -0.54711755094442
Srs   (-2) ,   E = -0.31802109774751
Sij   (+2) ,   E = -0.00173721799693
Sir   (0)' ,   E = -0.08424864430720
Nevpt2 Energy = -1.971631913138808

******** <class 'embed_sim.nevpt2.NEVPT'> ********
NEVPT2 (7e+4e, 7o), ncore = 75, nvir = 77
spin = 3  root = 10
Sr    (-1)',   E = -0.00279716114913
Si    (+1)',   E = -0.00013293375646
Sijrs (0)  ,   E = -0.94961794503603
Sijr  (+1) ,   E = -0.06776546008653
Srsi  (-1) ,   E = -0.54722288866497
Srs   (-2) ,   E = -0.31814742310507
Sij   (+2) ,   E = -0.00173745026621
Sir   (0)' ,   E = -0.08422774421069
Nevpt2 Energy = -1.971649006275095

******** <class 'embed_sim.nevpt2.NEVPT'> ********
NEVPT2 (7e+4e, 7o), ncore = 75, nvir = 77
spin = 3  root = 11
Sr    (-1)',   E = -0.00279549433389
Si    (+1)',   E = -0.00013360297450
Sijrs (0)  ,   E = -0.94989275938541
Sijr  (+1) ,   E = -0.06777389384312
Srsi  (-1) ,   E = -0.54715570753710
Srs   (-2) ,   E = -0.31805787622253
Sij   (+2) ,   E = -0.00173732022398
Sir   (0)' ,   E = -0.08423061638442
Nevpt2 Energy = -1.971777270904967

******** <class 'embed_sim.nevpt2.NEVPT'> ********
NEVPT2 (7e+4e, 7o), ncore = 75, nvir = 77
spin = 3  root = 12
Sr    (-1)',   E = -0.00279535620527
Si    (+1)',   E = -0.00013381255099
Sijrs (0)  ,   E = -0.94991455537278
Sijr  (+1) ,   E = -0.06777793417787
Srsi  (-1) ,   E = -0.54719881564721
Srs   (-2) ,   E = -0.31812607306214
Sij   (+2) ,   E = -0.00173742116823
Sir   (0)' ,   E = -0.08423612664285
Nevpt2 Energy = -1.971920094827343

******** <class 'embed_sim.nevpt2.NEVPT'> ********
NEVPT2 (7e+4e, 7o), ncore = 75, nvir = 77
spin = 3  root = 13
Sr    (-1)',   E = -0.00505777446477
Si    (+1)',   E = -0.00078089822603
Sijrs (0)  ,   E = -0.94951240937887
Sijr  (+1) ,   E = -0.06814984203561
Srsi  (-1) ,   E = -0.54787574336379
Srs   (-2) ,   E = -0.32266805388434
Sij   (+2) ,   E = -0.00705561062540
Sir   (0)' ,   E = -0.08697186574659
Nevpt2 Energy = -1.988072197725412

******** <class 'embed_sim.nevpt2.NEVPT'> ********
NEVPT2 (7e+4e, 7o), ncore = 75, nvir = 77
spin = 3  root = 14
Sr    (-1)',   E = -0.00505760167393
Si    (+1)',   E = -0.00078039304972
Sijrs (0)  ,   E = -0.94961527545742
Sijr  (+1) ,   E = -0.06814255898810
Srsi  (-1) ,   E = -0.54788436975217
Srs   (-2) ,   E = -0.32266796008990
Sij   (+2) ,   E = -0.00705562641890
Sir   (0)' ,   E = -0.08696490368040
Nevpt2 Energy = -1.988168689110536

******** <class 'embed_sim.nevpt2.NEVPT'> ********
NEVPT2 (7e+4e, 7o), ncore = 75, nvir = 77
spin = 3  root = 15
Sr    (-1)',   E = -0.00505927306081
Si    (+1)',   E = -0.00078024533391
Sijrs (0)  ,   E = -0.95030262811754
Sijr  (+1) ,   E = -0.06813519537549
Srsi  (-1) ,   E = -0.54789548049169
Srs   (-2) ,   E = -0.32267053857045
Sij   (+2) ,   E = -0.00705573564435
Sir   (0)' ,   E = -0.08695808972123
Nevpt2 Energy = -1.988857186315466

******** <class 'embed_sim.nevpt2.NEVPT'> ********
NEVPT2 (7e+4e, 7o), ncore = 75, nvir = 77
spin = 3  root = 16
Sr    (-1)',   E = -0.00506074368499
Si    (+1)',   E = -0.00078144318735
Sijrs (0)  ,   E = -0.95004100607990
Sijr  (+1) ,   E = -0.06814187219813
Srsi  (-1) ,   E = -0.54786436844968
Srs   (-2) ,   E = -0.32265676896882
Sij   (+2) ,   E = -0.00705544480902
Sir   (0)' ,   E = -0.08695778662879
Nevpt2 Energy = -1.988559434006686

******** <class 'embed_sim.nevpt2.NEVPT'> ********
NEVPT2 (7e+4e, 7o), ncore = 75, nvir = 77
spin = 3  root = 17
Sr    (-1)',   E = -0.00446474188639
Si    (+1)',   E = -0.00456027117124
Sijrs (0)  ,   E = -0.94985109108305
Sijr  (+1) ,   E = -0.06812134672334
Srsi  (-1) ,   E = -0.54784012712395
Srs   (-2) ,   E = -0.32289665283118
Sij   (+2) ,   E = -0.00784468513960
Sir   (0)' ,   E = -0.08571385921397
Nevpt2 Energy = -1.991292775172714

******** <class 'embed_sim.nevpt2.NEVPT'> ********
NEVPT2 (7e+4e, 7o), ncore = 75, nvir = 77
spin = 3  root = 18
Sr    (-1)',   E = -0.00504220639281
Si    (+1)',   E = -0.00081361022072
Sijrs (0)  ,   E = -0.94999745245712
Sijr  (+1) ,   E = -0.06811450704078
Srsi  (-1) ,   E = -0.54786205547706
Srs   (-2) ,   E = -0.32265803894471
Sij   (+2) ,   E = -0.00706122067602
Sir   (0)' ,   E = -0.08693938098786
Nevpt2 Energy = -1.988488472197091

******** <class 'embed_sim.nevpt2.NEVPT'> ********
NEVPT2 (7e+4e, 7o), ncore = 75, nvir = 77
spin = 3  root = 19
Sr    (-1)',   E = -0.00505235352652
Si    (+1)',   E = -0.00078079567311
Sijrs (0)  ,   E = -0.94970537771696
Sijr  (+1) ,   E = -0.06810992246646
Srsi  (-1) ,   E = -0.54784554073871
Srs   (-2) ,   E = -0.32264367767940
Sij   (+2) ,   E = -0.00705394538619
Sir   (0)' ,   E = -0.08693618782488
Nevpt2 Energy = -1.988127801012225

******** <class 'embed_sim.nevpt2.NEVPT'> ********
NEVPT2 (7e+4e, 7o), ncore = 75, nvir = 77
spin = 3  root = 20
Sr    (-1)',   E = -0.00504104506018
Si    (+1)',   E = -0.00078167254053
Sijrs (0)  ,   E = -0.94978683738025
Sijr  (+1) ,   E = -0.06802384247956
Srsi  (-1) ,   E = -0.54782120282478
Srs   (-2) ,   E = -0.32260377452827
Sij   (+2) ,   E = -0.00705340887549
Sir   (0)' ,   E = -0.08686789796867
Nevpt2 Energy = -1.987979681657724

******** <class 'embed_sim.nevpt2.NEVPT'> ********
NEVPT2 (7e+4e, 7o), ncore = 75, nvir = 77
spin = 3  root = 21
Sr    (-1)',   E = -0.00723851824910
Si    (+1)',   E = -0.00062617618021
Sijrs (0)  ,   E = -0.94985718515074
Sijr  (+1) ,   E = -0.06840028327569
Srsi  (-1) ,   E = -0.54845050998149
Srs   (-2) ,   E = -0.32491654237842
Sij   (+2) ,   E = -0.00844807208498
Sir   (0)' ,   E = -0.09131125297950
Nevpt2 Energy = -1.999248540280131

******** <class 'embed_sim.nevpt2.NEVPT'> ********
NEVPT2 (7e+4e, 7o), ncore = 75, nvir = 77
spin = 3  root = 22
Sr    (-1)',   E = -0.00724021731206
Si    (+1)',   E = -0.00062526405504
Sijrs (0)  ,   E = -0.94986888250804
Sijr  (+1) ,   E = -0.06835662252305
Srsi  (-1) ,   E = -0.54845473242697
Srs   (-2) ,   E = -0.32489403609745
Sij   (+2) ,   E = -0.00844822484784
Sir   (0)' ,   E = -0.09112535096214
Nevpt2 Energy = -1.999013330732582

******** <class 'embed_sim.nevpt2.NEVPT'> ********
NEVPT2 (7e+4e, 7o), ncore = 75, nvir = 77
spin = 3  root = 23
Sr    (-1)',   E = -0.00724133688255
Si    (+1)',   E = -0.00062511390619
Sijrs (0)  ,   E = -0.94989189899501
Sijr  (+1) ,   E = -0.06835493285865
Srsi  (-1) ,   E = -0.54844945519893
Srs   (-2) ,   E = -0.32488852025781
Sij   (+2) ,   E = -0.00844700175577
Sir   (0)' ,   E = -0.09139479243927
Nevpt2 Energy = -1.999293052294191

******** <class 'embed_sim.nevpt2.NEVPT'> ********
NEVPT2 (7e+4e, 7o), ncore = 75, nvir = 77
spin = 3  root = 24
Sr    (-1)',   E = -0.00722549697342
Si    (+1)',   E = -0.00061875730673
Sijrs (0)  ,   E = -0.94980437244760
Sijr  (+1) ,   E = -0.06825086423385
Srsi  (-1) ,   E = -0.54836003603575
Srs   (-2) ,   E = -0.32478834956004
Sij   (+2) ,   E = -0.00844517253049
Sir   (0)' ,   E = -0.09107000181094
Nevpt2 Energy = -1.998563050898831

******** <class 'embed_sim.nevpt2.NEVPT'> ********
NEVPT2 (7e+4e, 7o), ncore = 75, nvir = 77
spin = 3  root = 25
Sr    (-1)',   E = -0.00722548715024
Si    (+1)',   E = -0.00062028544862
Sijrs (0)  ,   E = -0.94987586895198
Sijr  (+1) ,   E = -0.06823807628322
Srsi  (-1) ,   E = -0.54829281832688
Srs   (-2) ,   E = -0.32467958333364
Sij   (+2) ,   E = -0.00844329848101
Sir   (0)' ,   E = -0.09106432287663
Nevpt2 Energy = -1.998439740852229

******** <class 'embed_sim.nevpt2.NEVPT'> ********
NEVPT2 (7e+4e, 7o), ncore = 75, nvir = 77
spin = 3  root = 26
Sr    (-1)',   E = -0.00721994153017
Si    (+1)',   E = -0.00061772965362
Sijrs (0)  ,   E = -0.94972728067057
Sijr  (+1) ,   E = -0.06823723862553
Srsi  (-1) ,   E = -0.54834413232351
Srs   (-2) ,   E = -0.32479026023747
Sij   (+2) ,   E = -0.00844468801682
Sir   (0)' ,   E = -0.09102737409694
Nevpt2 Energy = -1.998408645154626

******** <class 'embed_sim.nevpt2.NEVPT'> ********
NEVPT2 (7e+4e, 7o), ncore = 75, nvir = 77
spin = 3  root = 27
Sr    (-1)',   E = -0.00722647088771
Si    (+1)',   E = -0.00061661495626
Sijrs (0)  ,   E = -0.94970588773877
Sijr  (+1) ,   E = -0.06820581933045
Srsi  (-1) ,   E = -0.54830022840791
Srs   (-2) ,   E = -0.32469180010121
Sij   (+2) ,   E = -0.00844438383831
Sir   (0)' ,   E = -0.09099312602541
Nevpt2 Energy = -1.998184331286031

******** <class 'embed_sim.nevpt2.NEVPT'> ********
NEVPT2 (7e+4e, 7o), ncore = 75, nvir = 77
spin = 3  root = 28
Sr    (-1)',   E = -0.00722773248032
Si    (+1)',   E = -0.00061687832949
Sijrs (0)  ,   E = -0.94999198439002
Sijr  (+1) ,   E = -0.06820781672846
Srsi  (-1) ,   E = -0.54829953665398
Srs   (-2) ,   E = -0.32469750166443
Sij   (+2) ,   E = -0.00844310059490
Sir   (0)' ,   E = -0.09101108211202
Nevpt2 Energy = -1.998495632953621

******** <class 'embed_sim.nevpt2.NEVPT'> ********
NEVPT2 (7e+4e, 7o), ncore = 75, nvir = 77
spin = 3  root = 29
Sr    (-1)',   E = -0.00723304962144
Si    (+1)',   E = -0.00061617912718
Sijrs (0)  ,   E = -0.94991740931482
Sijr  (+1) ,   E = -0.06817433640616
Srsi  (-1) ,   E = -0.54837461470048
Srs   (-2) ,   E = -0.32479155156684
Sij   (+2) ,   E = -0.00844545813917
Sir   (0)' ,   E = -0.09099727772051
Nevpt2 Energy = -1.998549876596596

******** <class 'embed_sim.nevpt2.NEVPT'> ********
NEVPT2 (7e+4e, 7o), ncore = 75, nvir = 77
spin = 3  root = 30
Sr    (-1)',   E = -0.00934715933533
Si    (+1)',   E = -0.00094032519617
Sijrs (0)  ,   E = -0.95001735746487
Sijr  (+1) ,   E = -0.06854872926136
Srsi  (-1) ,   E = -0.54913534681505
Srs   (-2) ,   E = -0.32896562785663
Sij   (+2) ,   E = -0.01276045763581
Sir   (0)' ,   E = -0.09539116784190
Nevpt2 Energy = -2.015106171407115

******** <class 'embed_sim.nevpt2.NEVPT'> ********
NEVPT2 (7e+4e, 7o), ncore = 75, nvir = 77
spin = 3  root = 31
Sr    (-1)',   E = -0.00934521446430
Si    (+1)',   E = -0.00094144258767
Sijrs (0)  ,   E = -0.94954239233534
Sijr  (+1) ,   E = -0.06859661052708
Srsi  (-1) ,   E = -0.54909634049545
Srs   (-2) ,   E = -0.32894345180594
Sij   (+2) ,   E = -0.01276032041886
Sir   (0)' ,   E = -0.09542843919563
Nevpt2 Energy = -2.014654211830268

******** <class 'embed_sim.nevpt2.NEVPT'> ********
NEVPT2 (7e+4e, 7o), ncore = 75, nvir = 77
spin = 3  root = 32
Sr    (-1)',   E = -0.00934596186803
Si    (+1)',   E = -0.00094022593372
Sijrs (0)  ,   E = -0.95035300822410
Sijr  (+1) ,   E = -0.06854108000837
Srsi  (-1) ,   E = -0.54910403288567
Srs   (-2) ,   E = -0.32894055132313
Sij   (+2) ,   E = -0.01275953666970
Sir   (0)' ,   E = -0.09536863192586
Nevpt2 Energy = -2.015353028838586

******** <class 'embed_sim.nevpt2.NEVPT'> ********
NEVPT2 (7e+4e, 7o), ncore = 75, nvir = 77
spin = 3  root = 33
Sr    (-1)',   E = -0.00935757223187
Si    (+1)',   E = -0.00093804193563
Sijrs (0)  ,   E = -0.94951272709313
Sijr  (+1) ,   E = -0.06848257663985
Srsi  (-1) ,   E = -0.54902929123817
Srs   (-2) ,   E = -0.32886425852138
Sij   (+2) ,   E = -0.01275626139989
Sir   (0)' ,   E = -0.09530376742681
Nevpt2 Energy = -2.014244496486741

******** <class 'embed_sim.nevpt2.NEVPT'> ********
NEVPT2 (7e+4e, 7o), ncore = 75, nvir = 77
spin = 3  root = 34
Sr    (-1)',   E = -0.00935428905092
Si    (+1)',   E = -0.00093619625292
Sijrs (0)  ,   E = -0.94986109144686
Sijr  (+1) ,   E = -0.06843900400527
Srsi  (-1) ,   E = -0.54900920445429
Srs   (-2) ,   E = -0.32885465452591
Sij   (+2) ,   E = -0.01275561935628
Sir   (0)' ,   E = -0.09525043878657
Nevpt2 Energy = -2.014460497879015
  NEVPT2 corrections: -442318.86 to -432715.62 cm^-1

[Step 5] SISO
Attempting SA-CASSCF with
fix_spin parameter 0.5 on spin multiplicity 4
35 states with spin multiplicity 4
    CPU time for 2e SOC J/K1/K2 integrals    259.59 sec, wall time     28.56 sec
state 0 energy 0.0
(S, MS, I), [ 3 -1  0]	 coeff	 0.234-0.332j	 |coeff| ** 2	 0.165
(S, MS, I), [ 3 -3  2]	 coeff	 -0.313+0.090j	 |coeff| ** 2	 0.106
(S, MS, I), [ 3 -3  0]	 coeff	 -0.314+0.000j	 |coeff| ** 2	 0.099
(S, MS, I), [3 1 2]	 coeff	 0.024-0.289j	 |coeff| ** 2	 0.084
(S, MS, I), [ 3 -3  1]	 coeff	 -0.007+0.270j	 |coeff| ** 2	 0.073
(S, MS, I), [ 3 -1  1]	 coeff	 -0.182-0.084j	 |coeff| ** 2	 0.040
(S, MS, I), [ 3 -1  4]	 coeff	 0.065-0.187j	 |coeff| ** 2	 0.039
(S, MS, I), [3 1 5]	 coeff	 -0.185-0.069j	 |coeff| ** 2	 0.039
(S, MS, I), [ 3 -3  3]	 coeff	 -0.015+0.180j	 |coeff| ** 2	 0.033
(S, MS, I), [ 3 -1  2]	 coeff	 -0.027+0.169j	 |coeff| ** 2	 0.029
state 1 energy 3.9922202631714755e-07
(S, MS, I), [3 1 0]	 coeff	 -0.052-0.402j	 |coeff| ** 2	 0.165
(S, MS, I), [3 3 2]	 coeff	 -0.234-0.226j	 |coeff| ** 2	 0.106
(S, MS, I), [3 3 0]	 coeff	 -0.278-0.147j	 |coeff| ** 2	 0.099
(S, MS, I), [ 3 -1  2]	 coeff	 -0.113+0.267j	 |coeff| ** 2	 0.084
(S, MS, I), [3 3 1]	 coeff	 0.120-0.243j	 |coeff| ** 2	 0.073
(S, MS, I), [3 1 1]	 coeff	 0.200+0.011j	 |coeff| ** 2	 0.040
(S, MS, I), [3 1 4]	 coeff	 0.030-0.195j	 |coeff| ** 2	 0.039
(S, MS, I), [ 3 -1  5]	 coeff	 -0.196-0.026j	 |coeff| ** 2	 0.039
(S, MS, I), [3 3 3]	 coeff	 0.071-0.166j	 |coeff| ** 2	 0.033
(S, MS, I), [3 1 2]	 coeff	 -0.055+0.162j	 |coeff| ** 2	 0.029
state 2 energy 9.024664616331647
(S, MS, I), [ 3 -3  1]	 coeff	 0.049-0.367j	 |coeff| ** 2	 0.137
(S, MS, I), [ 3 -3  0]	 coeff	 0.303+0.000j	 |coeff| ** 2	 0.092
(S, MS, I), [ 3 -3  3]	 coeff	 -0.112+0.226j	 |coeff| ** 2	 0.064
(S, MS, I), [ 3 -1  3]	 coeff	 0.106-0.215j	 |coeff| ** 2	 0.058
(S, MS, I), [ 3 -1  2]	 coeff	 -0.037+0.237j	 |coeff| ** 2	 0.057
(S, MS, I), [3 1 3]	 coeff	 0.195-0.132j	 |coeff| ** 2	 0.055
(S, MS, I), [3 1 0]	 coeff	 -0.208+0.054j	 |coeff| ** 2	 0.046
(S, MS, I), [ 3 -1  5]	 coeff	 0.136-0.161j	 |coeff| ** 2	 0.044
(S, MS, I), [3 3 3]	 coeff	 -0.107+0.167j	 |coeff| ** 2	 0.039
(S, MS, I), [ 3 -1  6]	 coeff	 0.194-0.011j	 |coeff| ** 2	 0.038
state 3 energy 9.024666213219753
(S, MS, I), [3 3 1]	 coeff	 0.117+0.351j	 |coeff| ** 2	 0.137
(S, MS, I), [3 3 0]	 coeff	 0.298-0.057j	 |coeff| ** 2	 0.092
(S, MS, I), [3 3 3]	 coeff	 -0.153-0.201j	 |coeff| ** 2	 0.064
(S, MS, I), [3 1 3]	 coeff	 -0.145-0.191j	 |coeff| ** 2	 0.058
(S, MS, I), [3 1 2]	 coeff	 0.081+0.225j	 |coeff| ** 2	 0.057
(S, MS, I), [ 3 -1  3]	 coeff	 0.216+0.092j	 |coeff| ** 2	 0.055
(S, MS, I), [ 3 -1  0]	 coeff	 -0.215-0.013j	 |coeff| ** 2	 0.046
(S, MS, I), [3 1 5]	 coeff	 -0.164-0.132j	 |coeff| ** 2	 0.044
(S, MS, I), [ 3 -3  3]	 coeff	 0.136+0.144j	 |coeff| ** 2	 0.039
(S, MS, I), [3 1 6]	 coeff	 -0.192+0.026j	 |coeff| ** 2	 0.038
mag energy [0.00000000e+00 3.99222026e-07 9.02466462e+00 9.02466621e+00
 2.40747426e+01 2.40747434e+01 6.08231261e+01 6.08231285e+01
 2.32822951e+02 2.32822951e+02 2.75116818e+02 2.75116820e+02
 3.15750536e+02 3.15750536e+02 3.33232590e+02 3.33232592e+02
 6.12519808e+03 6.12519808e+03 6.14862160e+03 6.14862160e+03]

******** siso.analyze ********

WARN: Picture change is only needed when X2C is applied.

states = 0
with_x2c = None
picture_change = False
gauge = length

The oscillator strength and transition dipole moment for state 0
        Energy (cm-1)      Energy (nm)   Energy (eV)     fosc     D**2 (a.u.**2)   |Dx| (a.u.)   |Dy| (a.u.)   |Dz| (a.u.)  
----------------------------------------------------------------------------------------------------------------------------
    0        0.000000         0.000000     0.000000    0.000000      0.006776        0.016429      0.017955      0.078638   
    1        0.000000         0.000000     0.000000    0.000000      0.000000        0.000000      0.000000      0.000000   
    2        9.024665   1108074.413211     0.001119    0.000000      0.000002        0.000931      0.000542      0.000998   
    3        9.024666   1108074.217141     0.001119    0.000000      0.000000        0.000125      0.000518      0.000182   
    4       24.074743    415373.079193     0.002985    0.000000      0.000006        0.001126      0.001899      0.000802   
    5       24.074743    415373.065417     0.002985    0.000000      0.000003        0.000643      0.000778      0.001453   
    6       60.823126    164411.147395     0.007541    0.000000      0.000004        0.001399      0.001166      0.001047   
    7       60.823129    164411.140921     0.007541    0.000000      0.000005        0.000528      0.000690      0.002101   
    8      232.822953     42951.091750     0.028866    0.000000      0.000004        0.001424      0.001327      0.000764   
    9      232.822953     42951.091750     0.028866    0.000000      0.000002        0.001177      0.000481      0.000086   
   10      275.116820     36348.195682     0.034110    0.000000      0.000004        0.001768      0.000309      0.000663   
   11      275.116821     36348.195471     0.034110    0.000000      0.000006        0.000946      0.002127      0.000671   
   12      315.750537     31670.571607     0.039148    0.000000      0.000004        0.000814      0.001027      0.001372   
   13      315.750537     31670.571607     0.039148    0.000000      0.000002        0.000497      0.000837      0.001034   
   14      333.232591     30009.069530     0.041316    0.000000      0.000004        0.000565      0.000537      0.001847   
   15      333.232594     30009.069314     0.041316    0.000000      0.000005        0.000922      0.000221      0.002017   
   16     6125.198112      1632.600255     0.759428    0.000000      0.000001        0.000499      0.000534      0.000165   
   17     6125.198112      1632.600255     0.759428    0.000000      0.000001        0.000132      0.001043      0.000464   
   18     6148.621630      1626.380773     0.762332    0.000000      0.000002        0.001276      0.000860      0.000230   
   19     6148.621631      1626.380773     0.762332    0.000000      0.000003        0.001238      0.001025      0.000880   
   20     6185.401071      1616.710038     0.766892    0.000000      0.000002        0.001166      0.000312      0.000543   
   21     6185.401072      1616.710038     0.766892    0.000000      0.000004        0.000993      0.001479      0.000623   
   22     6262.140082      1596.898164     0.776406    0.000000      0.000011        0.001205      0.001163      0.002790   
   23     6262.140084      1596.898164     0.776406    0.000000      0.000005        0.000506      0.000632      0.001999   
   24     6297.600401      1587.906403     0.780803    0.000000      0.000002        0.000661      0.000205      0.001114   
   25     6297.600402      1587.906403     0.780803    0.000000      0.000001        0.000569      0.000721      0.000793   
   26     6319.293663      1582.455340     0.783493    0.000000      0.000005        0.000706      0.001649      0.001233   
   27     6319.293663      1582.455340     0.783493    0.000000      0.000002        0.001066      0.000817      0.000367   
   28     6355.971661      1573.323566     0.788040    0.000000      0.000002        0.000828      0.000913      0.000982   
   29     6355.971661      1573.323566     0.788040    0.000000      0.000010        0.002540      0.001792      0.000333   
   30    11412.550665       876.228312     1.414976    0.000000      0.000000        0.000391      0.000268      0.000429   
   31    11412.550667       876.228311     1.414976    0.000000      0.000001        0.000162      0.000262      0.000804   
   32    11434.340136       874.558556     1.417677    0.000000      0.000001        0.000273      0.000655      0.000869   
   33    11434.340137       874.558556     1.417677    0.000000      0.000000        0.000336      0.000347      0.000258   
   34    11514.847790       868.443959     1.427659    0.000000      0.000002        0.000901      0.001144      0.000430   
   35    11514.847792       868.443959     1.427659    0.000000      0.000000        0.000179      0.000527      0.000424   
   36    11550.078198       865.795004     1.432027    0.000000      0.000002        0.000699      0.001292      0.000415   
   37    11550.078198       865.795004     1.432027    0.000000      0.000001        0.000351      0.000372      0.000728   
   38    11566.532954       864.563309     1.434067    0.000000      0.000001        0.000550      0.000635      0.000650   
   39    11566.532955       864.563309     1.434067    0.000000      0.000000        0.000386      0.000324      0.000141   
   40    11614.697440       860.978088     1.440039    0.000000      0.000002        0.000474      0.000218      0.001320   
   41    11614.697440       860.978088     1.440039    0.000000      0.000004        0.000486      0.000093      0.001991   
   42    15781.164281       633.666808     1.956615    0.000000      0.000000        0.000094      0.000109      0.000182   
   43    15781.164284       633.666808     1.956615    0.000000      0.000000        0.000095      0.000044      0.000067   
   44    15950.165138       626.952757     1.977568    0.000000      0.000000        0.000088      0.000084      0.000078   
   45    15950.165139       626.952756     1.977568    0.000000      0.000000        0.000055      0.000017      0.000070   
   46    16008.642925       624.662568     1.984819    0.000000      0.000000        0.000325      0.000313      0.000214   
   47    16008.642926       624.662568     1.984819    0.000000      0.000000        0.000051      0.000217      0.000288   
   48    16038.506808       623.499439     1.988521    0.000000      0.000000        0.000226      0.000071      0.000047   
   49    16038.506809       623.499439     1.988521    0.000000      0.000000        0.000085      0.000096      0.000142   
   50    16122.909545       620.235446     1.998986    0.000000      0.000000        0.000252      0.000221      0.000190   
   51    16122.909546       620.235446     1.998986    0.000000      0.000001        0.000506      0.000395      0.000304   
   52    18307.020909       546.238520     2.269781    0.000000      0.000001        0.000383      0.000435      0.000533   
   53    18307.020911       546.238520     2.269781    0.000000      0.000000        0.000372      0.000158      0.000222   
   54    18345.036009       545.106589     2.274495    0.000000      0.000000        0.000309      0.000232      0.000064   
   55    18345.036012       545.106589     2.274495    0.000000      0.000000        0.000152      0.000034      0.000332   
   56    18372.077148       544.304268     2.277847    0.000000      0.000000        0.000349      0.000089      0.000263   
   57    18372.077151       544.304268     2.277847    0.000000      0.000000        0.000243      0.000145      0.000073   
   58    18469.786509       541.424775     2.289962    0.000000      0.000004        0.001490      0.000841      0.001007   
   59    18469.786510       541.424775     2.289962    0.000001      0.000011        0.002080      0.001994      0.001712   
   60    18537.112631       539.458340     2.298309    0.000000      0.000001        0.000438      0.000815      0.000472   
   61    18537.112632       539.458340     2.298309    0.000000      0.000001        0.000389      0.000432      0.000551   
   62    21403.909119       467.204376     2.653746    0.000000      0.000002        0.001061      0.000248      0.001134   
   63    21403.909119       467.204376     2.653746    0.000000      0.000003        0.001041      0.000712      0.001327   
   64    21406.744306       467.142498     2.654098    0.000000      0.000005        0.000985      0.001439      0.001295   
   65    21406.744309       467.142498     2.654098    0.000000      0.000004        0.000511      0.000530      0.001752   
   66    21994.109467       454.667192     2.726922    0.000000      0.000003        0.001267      0.000752      0.000604   
   67    21994.109469       454.667192     2.726922    0.000000      0.000005        0.000756      0.000327      0.002045   
   68    22045.340790       453.610588     2.733274    0.000000      0.000002        0.000494      0.001298      0.000606   
   69    22045.340791       453.610588     2.733274    0.000000      0.000001        0.000433      0.000160      0.001048   
   70    22080.579834       452.886658     2.737643    0.000000      0.000001        0.000418      0.000392      0.000475   
   71    22080.579835       452.886658     2.737643    0.000000      0.000000        0.000215      0.000106      0.000436   
   72    22120.935887       452.060440     2.742646    0.000000      0.000001        0.000329      0.000785      0.000457   
   73    22120.935889       452.060439     2.742646    0.000000      0.000000        0.000189      0.000282      0.000069   
   74    24825.892066       402.805264     3.078018    0.000000      0.000001        0.000658      0.000586      0.000351   
   75    24825.892068       402.805264     3.078018    0.000000      0.000001        0.000815      0.000709      0.000407   
   76    24917.611203       401.322579     3.089390    0.000000      0.000000        0.000176      0.000113      0.000127   
   77    24917.611204       401.322579     3.089390    0.000000      0.000000        0.000317      0.000328      0.000102   
   78    24948.490283       400.825857     3.093219    0.000000      0.000000        0.000285      0.000141      0.000314   
   79    24948.490284       400.825857     3.093219    0.000000      0.000002        0.000973      0.000709      0.000490   
   80    25103.989860       398.343054     3.112498    0.000000      0.000002        0.000032      0.000888      0.001190   
   81    25103.989861       398.343054     3.112498    0.000000      0.000000        0.000477      0.000290      0.000344   
   82    25126.807326       397.981322     3.115327    0.000000      0.000001        0.000601      0.000392      0.000437   
   83    25126.807326       397.981322     3.115327    0.000000      0.000002        0.000766      0.000476      0.001107   
   84    25202.558952       396.785105     3.124719    0.000000      0.000001        0.000238      0.000677      0.000640   
   85    25202.558954       396.785105     3.124719    0.000000      0.000001        0.000725      0.000136      0.000903   
   86    25439.994398       393.081848     3.154157    0.000000      0.000000        0.000203      0.000452      0.000132   
   87    25439.994401       393.081848     3.154157    0.000000      0.000000        0.000155      0.000513      0.000193   
   88    25481.091724       392.447863     3.159253    0.000000      0.000000        0.000137      0.000349      0.000549   
   89    25481.091724       392.447863     3.159253    0.000000      0.000000        0.000551      0.000292      0.000061   
   90    25511.868497       391.974426     3.163069    0.000000      0.000000        0.000250      0.000319      0.000561   
   91    25511.868498       391.974426     3.163069    0.000000      0.000001        0.000290      0.000335      0.000626   
   92    26903.465170       371.699331     3.335605    0.000000      0.000000        0.000143      0.000152      0.000352   
   93    26903.465171       371.699331     3.335605    0.000000      0.000000        0.000272      0.000280      0.000182   
   94    26963.411007       370.872958     3.343037    0.000000      0.000000        0.000021      0.000143      0.000459   
   95    26963.411008       370.872958     3.343037    0.000000      0.000000        0.000330      0.000214      0.000140   
   96    29688.610505       336.829506     3.680919    0.000000      0.000001        0.000759      0.000613      0.000576   
   97    29688.610506       336.829506     3.680919    0.000000      0.000001        0.000915      0.000695      0.000210   
   98    29703.701934       336.658374     3.682790    0.000000      0.000000        0.000046      0.000435      0.000502   
   99    29703.701938       336.658374     3.682790    0.000000      0.000001        0.000407      0.000496      0.000493   
  100    29776.872697       335.831103     3.691862    0.000000      0.000000        0.000175      0.000092      0.000663   
  101    29776.872698       335.831103     3.691862    0.000000      0.000000        0.000240      0.000233      0.000188   
  102    29813.525550       335.418231     3.696406    0.000000      0.000000        0.000253      0.000161      0.000114   
  103    29813.525550       335.418231     3.696406    0.000000      0.000000        0.000083      0.000059      0.000207   
  104    29892.661819       334.530262     3.706218    0.000000      0.000000        0.000270      0.000228      0.000267   
  105    29892.661820       334.530262     3.706218    0.000000      0.000000        0.000206      0.000086      0.000065   
  106    33377.475379       299.603247     4.138280    0.000000      0.000000        0.000070      0.000053      0.000192   
  107    33377.475380       299.603247     4.138280    0.000000      0.000000        0.000035      0.000095      0.000165   
  108    33386.065094       299.526164     4.139344    0.000000      0.000000        0.000269      0.000331      0.000227   
  109    33386.065094       299.526164     4.139344    0.000000      0.000000        0.000210      0.000170      0.000325   
  110    33427.095891       299.158504     4.144432    0.000000      0.000000        0.000127      0.000239      0.000323   
  111    33427.095891       299.158504     4.144432    0.000000      0.000000        0.000208      0.000141      0.000410   
  112    33514.715607       298.376394     4.155295    0.000000      0.000000        0.000081      0.000049      0.000407   
  113    33514.715608       298.376394     4.155295    0.000000      0.000000        0.000189      0.000164      0.000196   
  114    36134.961270       276.740299     4.480164    0.000000      0.000000        0.000111      0.000089      0.000009   
  115    36134.961272       276.740299     4.480164    0.000000      0.000000        0.000030      0.000058      0.000046   
  116    36330.986327       275.247138     4.504468    0.000000      0.000000        0.000077      0.000060      0.000061   
  117    36330.986329       275.247138     4.504468    0.000000      0.000000        0.000153      0.000136      0.000053   
  118    36364.201345       274.995727     4.508586    0.000000      0.000000        0.000022      0.000016      0.000067   
  119    36364.201346       274.995727     4.508586    0.000000      0.000000        0.000102      0.000058      0.000031   
  120    42267.198900       236.590081     5.240465    0.000000      0.000000        0.000145      0.000181      0.000063   
  121    42267.198902       236.590081     5.240465    0.000000      0.000000        0.000274      0.000365      0.000207   
  122    42375.183556       235.987178     5.253853    0.000000      0.000000        0.000158      0.000059      0.000208   
  123    42375.183557       235.987178     5.253853    0.000000      0.000000        0.000095      0.000048      0.000523   
  124    42431.877598       235.671871     5.260882    0.000000      0.000000        0.000050      0.000100      0.000175   
  125    42431.877600       235.671871     5.260882    0.000000      0.000001        0.000058      0.000073      0.000987   
  126    42517.874310       235.195201     5.271545    0.000000      0.000000        0.000089      0.000052      0.000157   
  127    42517.874312       235.195201     5.271545    0.000000      0.000000        0.000069      0.000056      0.000466   
  128    45124.554170       221.608838     5.594732    0.000000      0.000000        0.000215      0.000167      0.000089   
  129    45124.554171       221.608838     5.594732    0.000000      0.000000        0.000337      0.000319      0.000128   
  130    45173.125914       221.370556     5.600754    0.000000      0.000000        0.000213      0.000168      0.000156   
  131    45173.125915       221.370556     5.600754    0.000000      0.000000        0.000168      0.000098      0.000172   
  132    45445.412681       220.044212     5.634513    0.000000      0.000000        0.000370      0.000334      0.000016   
  133    45445.412683       220.044211     5.634513    0.000000      0.000000        0.000198      0.000124      0.000200   
  134    47284.597877       211.485356     5.862543    0.000000      0.000000        0.000037      0.000204      0.000132   
  135    47284.597879       211.485356     5.862543    0.000000      0.000000        0.000061      0.000202      0.000196   
  136    47289.746871       211.462329     5.863181    0.000000      0.000000        0.000358      0.000141      0.000139   
  137    47289.746872       211.462329     5.863181    0.000000      0.000000        0.000086      0.000105      0.000476   
  138    48502.635261       206.174364     6.013560    0.000000      0.000000        0.000005      0.000002      0.000021   
  139    48502.635265       206.174364     6.013560    0.000000      0.000000        0.000013      0.000021      0.000005   

The oscillator strength and transition dipole moment for state 0 after summing the degenerate Kramers doublets
       Energy (cm-1)      Energy (nm)   Energy (eV)     fosc     D**2 (a.u.**2)  
---------------------------------------------------------------------------------
   0        0.000000         0.000000     0.000000    0.000000      0.006776     
   1        9.024665   1108074.413211     0.001119    0.000000      0.000002     
   2       24.074743    415373.079193     0.002985    0.000000      0.000009     
   3       60.823126    164411.147395     0.007541    0.000000      0.000010     
   4      232.822953     42951.091750     0.028866    0.000000      0.000006     
   5      275.116820     36348.195682     0.034110    0.000000      0.000010     
   6      315.750537     31670.571607     0.039148    0.000000      0.000006     
   7      333.232591     30009.069530     0.041316    0.000000      0.000009     
   8     6125.198112      1632.600255     0.759428    0.000000      0.000002     
   9     6148.621630      1626.380773     0.762332    0.000000      0.000006     
  10     6185.401071      1616.710038     0.766892    0.000000      0.000005     
  11     6262.140082      1596.898164     0.776406    0.000000      0.000015     
  12     6297.600401      1587.906403     0.780803    0.000000      0.000003     
  13     6319.293663      1582.455340     0.783493    0.000000      0.000007     
  14     6355.971661      1573.323566     0.788040    0.000000      0.000012     
  15    11412.550665       876.228312     1.414976    0.000000      0.000001     
  16    11434.340136       874.558556     1.417677    0.000000      0.000002     
  17    11514.847790       868.443959     1.427659    0.000000      0.000003     
  18    11550.078198       865.795004     1.432027    0.000000      0.000003     
  19    11566.532954       864.563309     1.434067    0.000000      0.000001     
  20    11614.697440       860.978088     1.440039    0.000000      0.000006     
  21    15781.164281       633.666808     1.956615    0.000000      0.000000     
  22    15950.165138       626.952757     1.977568    0.000000      0.000000     
  23    16008.642925       624.662568     1.984819    0.000000      0.000000     
  24    16038.506808       623.499439     1.988521    0.000000      0.000000     
  25    16122.909545       620.235446     1.998986    0.000000      0.000001     
  26    18307.020909       546.238520     2.269781    0.000000      0.000001     
  27    18345.036009       545.106589     2.274495    0.000000      0.000000     
  28    18372.077148       544.304268     2.277847    0.000000      0.000000     
  29    18469.786509       541.424775     2.289962    0.000001      0.000015     
  30    18537.112631       539.458340     2.298309    0.000000      0.000002     
  31    21403.909119       467.204376     2.653746    0.000000      0.000006     
  32    21406.744306       467.142498     2.654098    0.000001      0.000008     
  33    21994.109467       454.667192     2.726922    0.000000      0.000007     
  34    22045.340790       453.610588     2.733274    0.000000      0.000004     
  35    22080.579834       452.886658     2.737643    0.000000      0.000001     
  36    22120.935887       452.060440     2.742646    0.000000      0.000001     
  37    24825.892066       402.805264     3.078018    0.000000      0.000002     
  38    24917.611203       401.322579     3.089390    0.000000      0.000000     
  39    24948.490283       400.825857     3.093219    0.000000      0.000002     
  40    25103.989860       398.343054     3.112498    0.000000      0.000003     
  41    25126.807326       397.981322     3.115327    0.000000      0.000003     
  42    25202.558952       396.785105     3.124719    0.000000      0.000002     
  43    25439.994398       393.081848     3.154157    0.000000      0.000001     
  44    25481.091724       392.447863     3.159253    0.000000      0.000001     
  45    25511.868497       391.974426     3.163069    0.000000      0.000001     
  46    26903.465170       371.699331     3.335605    0.000000      0.000000     
  47    26963.411007       370.872958     3.343037    0.000000      0.000000     
  48    29688.610505       336.829506     3.680919    0.000000      0.000003     
  49    29703.701934       336.658374     3.682790    0.000000      0.000001     
  50    29776.872697       335.831103     3.691862    0.000000      0.000001     
  51    29813.525550       335.418231     3.696406    0.000000      0.000000     
  52    29892.661819       334.530262     3.706218    0.000000      0.000000     
  53    33377.475379       299.603247     4.138280    0.000000      0.000000     
  54    33386.065094       299.526164     4.139344    0.000000      0.000000     
  55    33427.095891       299.158504     4.144432    0.000000      0.000000     
  56    33514.715607       298.376394     4.155295    0.000000      0.000000     
  57    36134.961270       276.740299     4.480164    0.000000      0.000000     
  58    36330.986327       275.247138     4.504468    0.000000      0.000000     
  59    36364.201345       274.995727     4.508586    0.000000      0.000000     
  60    42267.198900       236.590081     5.240465    0.000000      0.000000     
  61    42375.183556       235.987178     5.253853    0.000000      0.000000     
  62    42431.877598       235.671871     5.260882    0.000000      0.000001     
  63    42517.874310       235.195201     5.271545    0.000000      0.000000     
  64    45124.554170       221.608838     5.594732    0.000000      0.000000     
  65    45173.125914       221.370556     5.600754    0.000000      0.000000     
  66    45445.412681       220.044212     5.634513    0.000000      0.000000     
  67    47284.597877       211.485356     5.862543    0.000000      0.000000     
  68    47289.746871       211.462329     5.863181    0.000000      0.000000     
  69    48502.635261       206.174364     6.013560    0.000000      0.000000     
  SISO done -> LiYF4:Er3+_optbig_DMET_Er_all_mag.txt

  [Er_all] finished!

