 Read from file calcmad.in
 Calculation lattice: 3D1
 Calculation Method: Ewald     
 Crystal Parameter:     9.7058    9.7339   12.2261
 Angles:   113.2410  113.1967   90.3675
Input file format: with atom names
 a=     9.7058164     0.0000000     0.0000000
 b=    -0.0624335     9.7336745     0.0000000
 c=    -4.8157372    -4.8554128    10.1346860
      No.      x             y             z         Charge
 Atom  1:     0.0353015    -2.4273242     7.5634724  1.000
 Atom  2:     4.7923443     7.3055860     2.5712136  1.000
 Atom  3:    -0.0153817     2.4343631     2.5277266  3.000
 Atom  4:     4.8430275     2.4438986     7.6069594  3.000
 Atom  5:     1.5771656     4.5848726     5.9486082 -1.000
 Atom  6:     2.1014004     5.7251257     0.8934291 -1.000
 Atom  7:     6.4255132     4.5837425     4.1792005 -1.000
 Atom  8:     7.5062810     8.8768982     0.8943793 -1.000
 Atom  9:     3.2504801     0.2933892     4.1860778 -1.000
 Atom 10:    -1.5978674     0.2945193     5.9554855 -1.000
 Atom 11:    -2.6786352    -3.9986365     9.2403068 -1.000
 Atom 12:     2.7262454    -0.8468639     9.2412569 -1.000
 Minimum fund between   1 and  12
 Minimum Distance:    3.54316168153293     
 Core Atom List: 
 Converge Standard:   1.000000000000000E-012
 Ewald Alpha Optimized Estimate:   0.507548828125000     
 Use new Ewald Alpha.
 ---------------------Overall Madelung Constant-------------------
 Electrostatic Energy:   -143.722206613196     
 Madelung Constant:  -18.7138963651128     
 ------------ Atom-Site Madelung Potential--------
 --------------------Non-atom Madelung Potential--------------------
 Site    1
 Electrostatic Potential :   -4.41636716637     V
 Site    2
 Electrostatic Potential :   -1.48171812469     V
 Site    3
 Electrostatic Potential :    4.70367301494     V
 Site    4
 Electrostatic Potential :   -3.42476675480     V
 Site    5
 Electrostatic Potential :   -4.67930833897     V
 Site    6
 Electrostatic Potential :   -14.9362299527     V
 Site    7
 Electrostatic Potential :   -5.05221007648     V
 Site    8
 Electrostatic Potential :   -2.31232908277     V
 Site    9
 Electrostatic Potential :    21.7314067656     V
 Site   10
 Electrostatic Potential :  -0.542191881671     V
 Site   11
 Electrostatic Potential :   -5.18747140018     V
 Site   12
 Electrostatic Potential :   -6.10889108588     V
 Site   13
 Electrostatic Potential :   -3.74337564270     V
 Site   14
 Electrostatic Potential :   -4.94279762115     V
 Site   15
 Electrostatic Potential :    4.86021302188     V
 Site   16
 Electrostatic Potential :   -4.27675941123     V
 Site   17
 Electrostatic Potential :   -3.56603920550     V
 Site   18
 Electrostatic Potential :    16.0033010973     V
 Site   19
 Electrostatic Potential :   -9.14917002030     V
 Site   20
 Electrostatic Potential :    8.73153346691     V
 Site   21
 Electrostatic Potential :    2.74462996207     V
 Site   22
 Electrostatic Potential :   -2.99377084076     V
 Site   23
 Electrostatic Potential :    15.1429647605     V
 Site   24
 Electrostatic Potential :   -4.35262294702     V
 Site   25
 Electrostatic Potential :    3.79291422261     V
 Site   26
 Electrostatic Potential :   -5.51451954706     V
 Site   27
 Electrostatic Potential :   -3.28798733410     V
 Site   28
 Electrostatic Potential :   -3.29054104143     V
 Site   29
 Electrostatic Potential :   -3.10278800023     V
 Site   30
 Electrostatic Potential :   -17.5122214738     V
 Site   31
 Electrostatic Potential :    1.74999313707     V
 Site   32
 Electrostatic Potential :   -64.4638168952     V
 Site   33
 Electrostatic Potential :   -3.37768089675     V
 Site   34
 Electrostatic Potential :   -2.26603412947     V
 Site   35
 Electrostatic Potential :    47.2363953681     V
 Site   36
 Electrostatic Potential :   -1.42182017930     V
 Site   37
 Electrostatic Potential :   -1.81093631583     V
 Site   38
 Electrostatic Potential :   -3.18400259025     V
 Site   39
 Electrostatic Potential :   -4.35157913890     V
 Site   40
 Electrostatic Potential :   -1.99332941058     V
 Site   41
 Electrostatic Potential :   -1.74172704512     V
 Site   42
 Electrostatic Potential :   -7.75797635516     V
 Site   43
 Electrostatic Potential :    20.4995379804     V
 Site   44
 Electrostatic Potential :   -3.46080618575     V
 Site   45
 Electrostatic Potential :    15.0237485889     V
 Site   46
 Electrostatic Potential :  -0.648558211473     V
 Site   47
 Electrostatic Potential :  -0.356130374060     V
 Site   48
 Electrostatic Potential :   -3.07068599642     V
 Site   49
 Electrostatic Potential :   -3.69184162654     V
 Site   50
 Electrostatic Potential :   -26.4090859939     V
 Site   51
 Electrostatic Potential :   -1.14887261926     V
 Site   52
 Electrostatic Potential :   -1.19242696225     V
 Site   53
 Electrostatic Potential :   -2.40888720760     V
 Site   54
 Electrostatic Potential :   -4.91604051768     V
 Site   55
 Electrostatic Potential :   -5.46572136665     V
 Site   56
 Electrostatic Potential :   -7.33609434401     V
 Site   57
 Electrostatic Potential :   -3.95547381269     V
 Site   58
 Electrostatic Potential :    3.20605023746     V
 Site   59
 Electrostatic Potential :   -4.99451049105     V
 Site   60
 Electrostatic Potential :    3.56568288453     V
 Site   61
 Electrostatic Potential :    2.61874674191     V
 Site   62
 Electrostatic Potential :   -1.01080542247     V
 Site   63
 Electrostatic Potential :   -3.92543746127     V
 Site   64
 Electrostatic Potential :    58.6258521701     V
 Site   65
 Electrostatic Potential :    15.7279711901     V
 Site   66
 Electrostatic Potential :   -3.76484185767     V
 Site   67
 Electrostatic Potential :   -1.72636115402     V
 Site   68
 Electrostatic Potential :    4.20029668042     V
 Site   69
 Electrostatic Potential :   0.238675260648     V
 Site   70
 Electrostatic Potential :   -2.71108107417     V
 Site   71
 Electrostatic Potential :    4.74164063529     V
 Site   72
 Electrostatic Potential :   -9.79926308639     V
 Site   73
 Electrostatic Potential :   -7.07252333064     V
 Site   74
 Electrostatic Potential :  -0.920826692847     V
 Site   75
 Electrostatic Potential :   -6.68618341189     V
 Site   76
 Electrostatic Potential :    26.4968800261     V
 Site   77
 Electrostatic Potential :  -0.240444500778     V
 Site   78
 Electrostatic Potential :    1.99895775370     V
 Site   79
 Electrostatic Potential :   -1.01437332176     V
 Site   80
 Electrostatic Potential :   -16.2434917428     V
 Site   81
 Electrostatic Potential :   -9.74535435128     V
 Site   82
 Electrostatic Potential :   -2.45839836219     V
 Site   83
 Electrostatic Potential :    3.40311226091     V
 Site   84
 Electrostatic Potential :    10.9287920275     V
 Site   85
 Electrostatic Potential :   0.989058732740     V
 Site   86
 Electrostatic Potential :  -0.359250356736     V
 Site   87
 Electrostatic Potential :    2.98713925791     V
 Site   88
 Electrostatic Potential :    12.8942227258     V
 Site   89
 Electrostatic Potential :   -21.5030608687     V
 Site   90
 Electrostatic Potential :    3.79561414502     V
 Site   91
 Electrostatic Potential :  -0.311033434026     V
 Site   92
 Electrostatic Potential :   -3.87413748424     V
 Site   93
 Electrostatic Potential :   -3.32226265969     V
 Site   94
 Electrostatic Potential :    3.03879201627     V
 Site   95
 Electrostatic Potential :    1.95246383606     V
 Site   96
 Electrostatic Potential :   -3.03926805048     V
 Site   97
 Electrostatic Potential :   -3.54533195417     V
 Site   98
 Electrostatic Potential :    5.63110348975     V
 Site   99
 Electrostatic Potential :   -11.3212365818     V
 Site  100
 Electrostatic Potential :   -2.65896743223     V
 Site  101
 Electrostatic Potential :   -7.40603757930     V
 Site  102
 Electrostatic Potential :   -5.64891304777     V
 Site  103
 Electrostatic Potential :    1.64552747438     V
 Site  104
 Electrostatic Potential :   -2.62207877621     V
 Site  105
 Electrostatic Potential :   -3.26867145346     V
 Site  106
 Electrostatic Potential :   -2.82739478846     V
 Site  107
 Electrostatic Potential :   -2.06014082368     V
 Site  108
 Electrostatic Potential :    4.94353558787     V
 Site  109
 Electrostatic Potential :   -1.10920663826     V
 Site  110
 Electrostatic Potential :    6.42072883004     V
 Site  111
 Electrostatic Potential :   0.784976303563E-01 V
 Site  112
 Electrostatic Potential :   -1.53136847955     V
 Site  113
 Electrostatic Potential :   -1.40571369762     V
 Site  114
 Electrostatic Potential :   0.110481341669     V
 Site  115
 Electrostatic Potential :   -2.96118916168     V
 Site  116
 Electrostatic Potential :    7.35352152076     V
 Site  117
 Electrostatic Potential :   -3.43618835991     V
 Site  118
 Electrostatic Potential :   -3.84447555452     V
 Site  119
 Electrostatic Potential :    10.9822464161     V
 Site  120
 Electrostatic Potential :   -2.54424723465     V
 Site  121
 Electrostatic Potential :   -2.92437062754     V
 Site  122
 Electrostatic Potential :   -2.54737523144     V
 Site  123
 Electrostatic Potential :  -0.665499992575     V
 Site  124
 Electrostatic Potential :  -0.164235221611     V
 Site  125
 Electrostatic Potential :    2.36449690721     V
 Site  126
 Electrostatic Potential :   -1.87872283521     V
 Site  127
 Electrostatic Potential :    5.40179105809     V
 Site  128
 Electrostatic Potential :   -9.08375299118     V
 Site  129
 Electrostatic Potential :   -4.54769295891     V
 Site  130
 Electrostatic Potential :   -15.3269240663     V
 Site  131
 Electrostatic Potential :   -2.22701869308     V
 Site  132
 Electrostatic Potential :    4.81973652444     V
 Site  133
 Electrostatic Potential :   -3.90397160780     V
 Site  134
 Electrostatic Potential :    21.7682937264     V
 Site  135
 Electrostatic Potential :   -2.87273059174     V
 Site  136
 Electrostatic Potential :    30.0445602783     V
 Site  137
 Electrostatic Potential :   -3.44489316621     V
 Site  138
 Electrostatic Potential :   -2.67074269512     V
 Site  139
 Electrostatic Potential :   -4.82791036730     V
 Site  140
 Electrostatic Potential :   -3.92785111153     V
 Site  141
 Electrostatic Potential :    5.82975208903     V
 Site  142
 Electrostatic Potential :   -2.38893876142     V
 Site  143
 Electrostatic Potential :    28.9464148554     V
 Site  144
 Electrostatic Potential :   -8.09598821888     V
 Site  145
 Electrostatic Potential :   -3.17617319234     V
 Site  146
 Electrostatic Potential :   -3.15096959002     V
 Site  147
 Electrostatic Potential :   0.474529715617     V
 Site  148
 Electrostatic Potential :   0.574734196836     V
 Site  149
 Electrostatic Potential :   -6.01457576855     V
 Site  150
 Electrostatic Potential :   -3.29651919779     V
 Site  151
 Electrostatic Potential :   -1.75300966588     V
 Site  152
 Electrostatic Potential :    38.3507589768     V
 Site  153
 Electrostatic Potential :    10.5520159892     V
 Site  154
 Electrostatic Potential :  -0.658021963059     V
 Site  155
 Electrostatic Potential :   -3.23930902346     V
 Site  156
 Electrostatic Potential :   -6.85846560002     V
 Site  157
 Electrostatic Potential :   -2.17199476202     V
 Site  158
 Electrostatic Potential :    9.37849405755     V
 Site  159
 Electrostatic Potential :    15.1357376136     V
 Site  160
 Electrostatic Potential :  -0.520595260508     V
 Site  161
 Electrostatic Potential :   -3.42214258481     V
 Site  162
 Electrostatic Potential :   -2.52955315546     V
 Site  163
 Electrostatic Potential :   -1.84992087305     V
 Site  164
 Electrostatic Potential :    12.0858481046     V
 Site  165
 Electrostatic Potential :  -0.918498740578     V
 Site  166
 Electrostatic Potential :   -8.84128498218     V
 Site  167
 Electrostatic Potential :   -3.04911994890     V
 Site  168
 Electrostatic Potential :    1.68285448526     V
 Site  169
 Electrostatic Potential :   -4.10825989945     V
 Site  170
 Electrostatic Potential :   -3.01983321764     V
 Site  171
 Electrostatic Potential :    2.78139873411     V
 Site  172
 Electrostatic Potential :    6.72810344798     V
 Site  173
 Electrostatic Potential :   -3.04570480121     V
 Site  174
 Electrostatic Potential :   -1.56089223291     V
 Site  175
 Electrostatic Potential :   -2.81720717893     V
 Site  176
 Electrostatic Potential :   0.346243104567     V
 Site  177
 Electrostatic Potential :   -3.76344697229     V
 Site  178
 Electrostatic Potential :   -4.68075287028     V
 Site  179
 Electrostatic Potential :   -8.03967208062     V
 Site  180
 Electrostatic Potential :   -4.39924542720     V
 Site  181
 Electrostatic Potential :   -2.04932942242     V
 Site  182
 Electrostatic Potential :   -14.5739341199     V
 Site  183
 Electrostatic Potential :   -3.59743415148     V
 Site  184
 Electrostatic Potential :   -2.50185716960     V
 Site  185
 Electrostatic Potential :   0.388532783246     V
 Site  186
 Electrostatic Potential :    9.57264777226     V
 Site  187
 Electrostatic Potential :    4.62355664673     V
 Site  188
 Electrostatic Potential :   -1.97130283080     V
 Site  189
 Electrostatic Potential :   -3.87407069280     V
 Site  190
 Electrostatic Potential :   -2.91131532327     V
 Site  191
 Electrostatic Potential :   -3.24929911962     V
 Site  192
 Electrostatic Potential :    19.6144877340     V
 Site  193
 Electrostatic Potential :   -53.4161592772     V
 Site  194
 Electrostatic Potential :   -3.01513145937     V
 Site  195
 Electrostatic Potential :   -15.5160820973     V
 Site  196
 Electrostatic Potential :   -3.23318483849     V
 Site  197
 Electrostatic Potential :   0.707047918131     V
 Site  198
 Electrostatic Potential :    7.75554618117     V
 Site  199
 Electrostatic Potential :   0.970985837812     V
 Site  200
 Electrostatic Potential :    287.458998084     V
 Site  201
 Electrostatic Potential :    16.5559619166     V
 Site  202
 Electrostatic Potential :   -8.12327297379     V
 Site  203
 Electrostatic Potential :   -4.27826083483     V
 Site  204
 Electrostatic Potential :   -2.79846246727     V
 Site  205
 Electrostatic Potential :   -12.3814662924     V
 Site  206
 Electrostatic Potential :   -3.33932357260     V
 Site  207
 Electrostatic Potential :    6.87190746249     V
 Site  208
 Electrostatic Potential :   -1.84192876164     V
 Site  209
 Electrostatic Potential :    1.09292683868     V
 Site  210
 Electrostatic Potential :  -0.750907487580     V
 Site  211
 Electrostatic Potential :   -6.73779643513     V
 Site  212
 Electrostatic Potential :    12.2982792059     V
 Site  213
 Electrostatic Potential :   -6.51771065571     V
 Site  214
 Electrostatic Potential :    6.30864303609     V
 Site  215
 Electrostatic Potential :    4.58369945261     V
 Site  216
 Electrostatic Potential :    14.1859021783     V
 Site  217
 Electrostatic Potential :   0.297277939221     V
 Site  218
 Electrostatic Potential :   -2.97682133844     V
 Site  219
 Electrostatic Potential :   -3.22500729407     V
 Site  220
 Electrostatic Potential :   -1.28533107276     V
 Site  221
 Electrostatic Potential :    1.70262600554     V
 Site  222
 Electrostatic Potential :    45.2722633379     V
 Site  223
 Electrostatic Potential :   -1.01218758571     V
 Site  224
 Electrostatic Potential :   -12.8322837243     V
 Site  225
 Electrostatic Potential :   -3.90626169732     V
 Site  226
 Electrostatic Potential :   -6.81688099435     V
 Site  227
 Electrostatic Potential :   -3.56833252849     V
 Site  228
 Electrostatic Potential :   -2.39532435793     V
 Site  229
 Electrostatic Potential :   -7.55775039282     V
 Site  230
 Electrostatic Potential :   -3.12812420468     V
 Site  231
 Electrostatic Potential :    9.79640394816     V
 Site  232
 Electrostatic Potential :   -6.97397124057     V
 Site  233
 Electrostatic Potential :   -4.10982101458     V
 Site  234
 Electrostatic Potential :   -5.56033111126     V
 Site  235
 Electrostatic Potential :   -3.48757068257     V
 Site  236
 Electrostatic Potential :   -9.30514089880     V
 Site  237
 Electrostatic Potential :   -23.1166643151     V
 Site  238
 Electrostatic Potential :   -4.84951799538     V
 Site  239
 Electrostatic Potential :    1.16847449744     V
 Site  240
 Electrostatic Potential :    29.4981916111     V
 Site  241
 Electrostatic Potential :    7.19245807823     V
 Site  242
 Electrostatic Potential :    15.9072729805     V
 Site  243
 Electrostatic Potential :    10.4745401037     V
 Site  244
 Electrostatic Potential :   0.391286940600     V
 Site  245
 Electrostatic Potential :   -3.76309539895     V
 Site  246
 Electrostatic Potential :    56.8391199738     V
 Site  247
 Electrostatic Potential :   -6.60357928867     V
 Site  248
 Electrostatic Potential :    22.1568199848     V
 Site  249
 Electrostatic Potential :   -2.69419440205     V
 Site  250
 Electrostatic Potential :   -3.33127845050     V
 Site  251
 Electrostatic Potential :    5.47343374717     V
 Site  252
 Electrostatic Potential :   -1.86980446134     V
 Site  253
 Electrostatic Potential :   -3.99978570223     V
 Site  254
 Electrostatic Potential :   -3.37017732597     V
 Site  255
 Electrostatic Potential :   -3.55447756814     V
 Site  256
 Electrostatic Potential :   -3.69639038314     V
 Site  257
 Electrostatic Potential :   -5.37731575245     V
 Site  258
 Electrostatic Potential :    9.43847686699     V
 Site  259
 Electrostatic Potential :    2.16150733868     V
 Site  260
 Electrostatic Potential :    3.27143126679     V
 Site  261
 Electrostatic Potential :   -8.67299213841     V
 Site  262
 Electrostatic Potential :    53.7893839899     V
 Site  263
 Electrostatic Potential :  -0.762925253823     V
 Site  264
 Electrostatic Potential :   -9.70678365992     V
 Site  265
 Electrostatic Potential :   -1.83761488115     V
 Site  266
 Electrostatic Potential :   -3.52196672118     V
 Site  267
 Electrostatic Potential :    25.8055637035     V
 Site  268
 Electrostatic Potential :    18.9574976742     V
 Site  269
 Electrostatic Potential :   -7.52863194689     V
 Site  270
 Electrostatic Potential :    1.69681258422     V
 Site  271
 Electrostatic Potential :   -8.67069509206     V
 Site  272
 Electrostatic Potential :   -2.30758064791     V
 Site  273
 Electrostatic Potential :    4.72343924294     V
 Site  274
 Electrostatic Potential :    1.88866715446     V
 Site  275
 Electrostatic Potential :  -0.290475292494     V
 Site  276
 Electrostatic Potential :    17.3711278418     V
 Site  277
 Electrostatic Potential :    2.71682128621     V
 Site  278
 Electrostatic Potential :    12.0772009503     V
 Site  279
 Electrostatic Potential :   -2.56928404691     V
 Site  280
 Electrostatic Potential :    4.25613983469     V
 Site  281
 Electrostatic Potential :   0.763581153403     V
 Site  282
 Electrostatic Potential :   -5.05290037781     V
 Site  283
 Electrostatic Potential :   -1.06330435885     V
 Site  284
 Electrostatic Potential :   -3.38292375630     V
 Site  285
 Electrostatic Potential :    2.90915409769     V
 Site  286
 Electrostatic Potential :   -8.05409409906     V
 Site  287
 Electrostatic Potential :   -4.03196908469     V
 Site  288
 Electrostatic Potential :   -2.56777186202     V
 Site  289
 Electrostatic Potential :   -2.14814333488     V
 Site  290
 Electrostatic Potential :    39.9074707921     V
 Site  291
 Electrostatic Potential :   -10.7556212878     V
 Site  292
 Electrostatic Potential :    12.7598402250     V
 Site  293
 Electrostatic Potential :   -1.24263970036     V
 Site  294
 Electrostatic Potential :   -4.61527490455     V
 Site  295
 Electrostatic Potential :   -4.32575036040     V
 Site  296
 Electrostatic Potential :    9.27176184850     V
 Site  297
 Electrostatic Potential :   0.576809790637     V
 Site  298
 Electrostatic Potential :   -16.9892778620     V
 Site  299
 Electrostatic Potential :   -2.70516474986     V
 Site  300
 Electrostatic Potential :   -3.35262879874     V
 Site  301
 Electrostatic Potential :   -11.1612398709     V
 Site  302
 Electrostatic Potential :   -11.7149565446     V
 Site  303
 Electrostatic Potential :   -1.95107496502     V
 Site  304
 Electrostatic Potential :  -0.489012005166E-01 V
 Site  305
 Electrostatic Potential :    20.9998926430     V
 Site  306
 Electrostatic Potential :    1.82644921869     V
 Site  307
 Electrostatic Potential :    19.3062949443     V
 Site  308
 Electrostatic Potential :   0.776511218102     V
 Site  309
 Electrostatic Potential :   -3.02980960465     V
 Site  310
 Electrostatic Potential :   -3.59710591036     V
 Site  311
 Electrostatic Potential :   -2.94257177205     V
 Site  312
 Electrostatic Potential :    13.8439105083     V
 Site  313
 Electrostatic Potential :    11.5798149227     V
 Site  314
 Electrostatic Potential :    1.59288928191     V
 Site  315
 Electrostatic Potential :   -2.50098441392     V
 Site  316
 Electrostatic Potential :   -7.57130000660     V
 Site  317
 Electrostatic Potential :   -4.97662016702     V
 Site  318
 Electrostatic Potential :   -1.85949599974     V
 Site  319
 Electrostatic Potential :   -2.37491228463     V
 Site  320
 Electrostatic Potential :   -5.31888162742     V
 Site  321
 Electrostatic Potential :   -7.05326680924     V
 Site  322
 Electrostatic Potential :   -5.04022124779     V
 Site  323
 Electrostatic Potential :    23.2883200554     V
 Site  324
 Electrostatic Potential :   -33.9139997500     V
 Site  325
 Electrostatic Potential :   -25.3357905382     V
 Site  326
 Electrostatic Potential :   -6.06347528950     V
 Site  327
 Electrostatic Potential :   -1.78027685390     V
 Site  328
 Electrostatic Potential :   -5.35443301974     V
 Site  329
 Electrostatic Potential :   -1.49006391710     V
 Site  330
 Electrostatic Potential :   -2.57930220027     V
 Site  331
 Electrostatic Potential :   -2.59969608520     V
 Site  332
 Electrostatic Potential :    11.6073981088     V
 Site  333
 Electrostatic Potential :    1.02713295642     V
 Site  334
 Electrostatic Potential :  -0.670338337766E-01 V
 Site  335
 Electrostatic Potential :   -15.1835200371     V
 Site  336
 Electrostatic Potential :   -2.39421202875     V
 Site  337
 Electrostatic Potential :   -4.74033896280     V
 Site  338
 Electrostatic Potential :   -2.83712060666     V
 Site  339
 Electrostatic Potential :   -2.69179560969     V
 Site  340
 Electrostatic Potential :   -2.69149804496     V
 Site  341
 Electrostatic Potential :   -3.39910671027     V
 Site  342
 Electrostatic Potential :  -0.587053067841     V
 Site  343
 Electrostatic Potential :    14.3643641454     V
 Site  344
 Electrostatic Potential :   -4.98806326396     V
 Site  345
 Electrostatic Potential :    41.0232703893     V
 Site  346
 Electrostatic Potential :   -3.22851513569     V
 Site  347
 Electrostatic Potential :    22.3900464124     V
 Site  348
 Electrostatic Potential :    21.1939398167     V
 Site  349
 Electrostatic Potential :    5.79170624526     V
 Site  350
 Electrostatic Potential :    14.6606752521     V
 Site  351
 Electrostatic Potential :    3.34537777090     V
 Site  352
 Electrostatic Potential :   -3.00842450619     V
 Site  353
 Electrostatic Potential :   -10.1269006954     V
 Site  354
 Electrostatic Potential :   -3.56828798555     V
 Site  355
 Electrostatic Potential :  -0.636996149806     V
 Site  356
 Electrostatic Potential :   -2.25187933049     V
 Site  357
 Electrostatic Potential :   -2.25267487494     V
 Site  358
 Electrostatic Potential :   -3.68833076068     V
 Site  359
 Electrostatic Potential :    22.9110919785     V
 Site  360
 Electrostatic Potential :   -2.41656101646     V
 Site  361
 Electrostatic Potential :   -5.97015989848     V
 Site  362
 Electrostatic Potential :   -2.37367362078     V
 Site  363
 Electrostatic Potential :   -3.02701646124     V
 Site  364
 Electrostatic Potential :   -5.52043647429     V
 Site  365
 Electrostatic Potential :    5.65680476471     V
 Site  366
 Electrostatic Potential :   -2.66362759715     V
 Site  367
 Electrostatic Potential :   -1.38421938845     V
 Site  368
 Electrostatic Potential :   -2.67785960419     V
 Site  369
 Electrostatic Potential :   0.380773686995     V
 Site  370
 Electrostatic Potential :   -1.78624988395     V
 Site  371
 Electrostatic Potential :  -0.589333103164     V
 Site  372
 Electrostatic Potential :   -5.77186525335     V
 Site  373
 Electrostatic Potential :    2.06498786238     V
 Site  374
 Electrostatic Potential :    20.9489850234     V
 Site  375
 Electrostatic Potential :    2.13086570506     V
 Site  376
 Electrostatic Potential :  -0.808922192596     V
 Site  377
 Electrostatic Potential :  -0.996576150123E-01 V
 Site  378
 Electrostatic Potential :    11.6283768013     V
 Site  379
 Electrostatic Potential :   -3.46366697766     V
 Site  380
 Electrostatic Potential :   -4.48430065760     V
 Site  381
 Electrostatic Potential :    3.83965923036     V
 Site  382
 Electrostatic Potential :   -19.1210407754     V
 Site  383
 Electrostatic Potential :    23.2714270582     V
 Site  384
 Electrostatic Potential :   -3.26537226944     V
 Site  385
 Electrostatic Potential :    10.7467162828     V
 Site  386
 Electrostatic Potential :   -4.03688030027     V
 Site  387
 Electrostatic Potential :   -25.5764844558     V
 Site  388
 Electrostatic Potential :  -0.223669151486     V
 Site  389
 Electrostatic Potential :   -1.70206920943     V
 Site  390
 Electrostatic Potential :    2.09492233244     V
 Site  391
 Electrostatic Potential :   -2.65122409751     V
 Site  392
 Electrostatic Potential :   -3.47597032744     V
 Site  393
 Electrostatic Potential :   -2.57079517762     V
 Site  394
 Electrostatic Potential :   -3.11923801850     V
 Site  395
 Electrostatic Potential :   -1.19506519643     V
 Site  396
 Electrostatic Potential :   -3.41678518956     V
 Site  397
 Electrostatic Potential :    3.08304498247     V
 Site  398
 Electrostatic Potential :   -2.55785966661     V
 Site  399
 Electrostatic Potential :   -3.18049059591     V
 Site  400
 Electrostatic Potential :   -10.0215773338     V
 Site  401
 Electrostatic Potential :   -4.55953832862     V
 Site  402
 Electrostatic Potential :   -4.25718891304     V
 Site  403
 Electrostatic Potential :   -1.33987712732     V
 Site  404
 Electrostatic Potential :    3.27139734726     V
 Site  405
 Electrostatic Potential :   -2.42617432978     V
 Site  406
 Electrostatic Potential :    84.4001776505     V
 Site  407
 Electrostatic Potential :   -2.26359735928     V
 Site  408
 Electrostatic Potential :   -7.97121732854     V
 Site  409
 Electrostatic Potential :   -2.98793820511     V
 Site  410
 Electrostatic Potential :   -3.14906453237     V
 Site  411
 Electrostatic Potential :   -23.4028993312     V
 Site  412
 Electrostatic Potential :   -3.61453753861     V
 Site  413
 Electrostatic Potential :    3.71219647556     V
 Site  414
 Electrostatic Potential :   -2.07115238897     V
 Site  415
 Electrostatic Potential :   -2.73429489042     V
 Site  416
 Electrostatic Potential :   -3.10359981117     V
 Site  417
 Electrostatic Potential :   -3.81534415872     V
 Site  418
 Electrostatic Potential :   -23.0184205484     V
 Site  419
 Electrostatic Potential :   -9.31028322980     V
 Site  420
 Electrostatic Potential :    1.49258469453     V
 Site  421
 Electrostatic Potential :   -2.62412190491     V
 Site  422
 Electrostatic Potential :   -5.31571936373     V
 Site  423
 Electrostatic Potential :    4.41778311327     V
 Site  424
 Electrostatic Potential :   -2.87718693897     V
 Site  425
 Electrostatic Potential :   -8.71634179114     V
 Site  426
 Electrostatic Potential :   -14.0734409333     V
 Site  427
 Electrostatic Potential :  -0.495334592456     V
 Site  428
 Electrostatic Potential :    67.8118580340     V
 Site  429
 Electrostatic Potential :   -2.44294146414     V
 Site  430
 Electrostatic Potential :   -4.82120461717     V
 Site  431
 Electrostatic Potential :   -5.62320919493     V
 Site  432
 Electrostatic Potential :   -3.14890073441     V
 Site  433
 Electrostatic Potential :   -4.70691762941     V
 Site  434
 Electrostatic Potential :   -3.65839715297     V
 Site  435
 Electrostatic Potential :   -2.02864420533     V
 Site  436
 Electrostatic Potential :    7.58866661584     V
 Site  437
 Electrostatic Potential :   -4.13076400108     V
 Site  438
 Electrostatic Potential :   -8.72752172842     V
 Site  439
 Electrostatic Potential :   -1.23292529312     V
 Site  440
 Electrostatic Potential :   0.267341144416     V
 Site  441
 Electrostatic Potential :   -5.60547536511     V
 Site  442
 Electrostatic Potential :  -0.484665302551     V
 Site  443
 Electrostatic Potential :   -7.38118113402     V
 Site  444
 Electrostatic Potential :   -1.67953246425     V
 Site  445
 Electrostatic Potential :   -3.74365541050     V
 Site  446
 Electrostatic Potential :   -2.69682761863     V
 Site  447
 Electrostatic Potential :   -4.38434765365     V
 Site  448
 Electrostatic Potential :   -6.06436407592     V
 Site  449
 Electrostatic Potential :   -4.95573932664     V
 Site  450
 Electrostatic Potential :   -17.8360802706     V
 Site  451
 Electrostatic Potential :   -1.20503399352     V
 Site  452
 Electrostatic Potential :   -2.76365329366     V
 Site  453
 Electrostatic Potential :   -1.65049398412     V
 Site  454
 Electrostatic Potential :    9.70082979654     V
 Site  455
 Electrostatic Potential :   -23.8725701450     V
 Site  456
 Electrostatic Potential :    9.48953819606     V
 Site  457
 Electrostatic Potential :    4.09007371105     V
 Site  458
 Electrostatic Potential :   -5.20236077267     V
 Site  459
 Electrostatic Potential :    6.57633645923     V
 Site  460
 Electrostatic Potential :   -1.98406218496     V
 Site  461
 Electrostatic Potential :  -0.228430149669     V
 Site  462
 Electrostatic Potential :    6.44092232198     V
 Site  463
 Electrostatic Potential :   -6.35386086100     V
 Site  464
 Electrostatic Potential :  -0.354416221496     V
 Site  465
 Electrostatic Potential :    2.47943070703     V
 Site  466
 Electrostatic Potential :    1.33681759394     V
 Site  467
 Electrostatic Potential :   -1.24169009598     V
 Site  468
 Electrostatic Potential :   -3.49210628357     V
 Site  469
 Electrostatic Potential :   -2.93276383834     V
 Site  470
 Electrostatic Potential :   -23.3525797656     V
 Site  471
 Electrostatic Potential :   -7.74873091723     V
 Site  472
 Electrostatic Potential :   -3.75600896718     V
 Site  473
 Electrostatic Potential :   -15.1831889624     V
 Site  474
 Electrostatic Potential :   -3.78145707381     V
 Site  475
 Electrostatic Potential :    2.15593082314     V
 Site  476
 Electrostatic Potential :  -0.294104984928     V
 Site  477
 Electrostatic Potential :   -2.76863785270     V
 Site  478
 Electrostatic Potential :   -2.07596908622     V
 Site  479
 Electrostatic Potential :   -2.83796089668     V
 Site  480
 Electrostatic Potential :   -1.22165211213     V
 Site  481
 Electrostatic Potential :  -0.611044899529     V
 Site  482
 Electrostatic Potential :   -2.04092354038     V
 Site  483
 Electrostatic Potential :   -3.54577364079     V
 Site  484
 Electrostatic Potential :    1.55453949687     V
 Site  485
 Electrostatic Potential :   -6.88686473019     V
 Site  486
 Electrostatic Potential :   -2.85655876028     V
 Site  487
 Electrostatic Potential :    2.72567301888     V
 Site  488
 Electrostatic Potential :   -5.43272304160     V
 Site  489
 Electrostatic Potential :   -2.16147159878     V
 Site  490
 Electrostatic Potential :    3.49967806339     V
 Site  491
 Electrostatic Potential :   -3.83561117540     V
 Site  492
 Electrostatic Potential :    6.46394036061     V
 Site  493
 Electrostatic Potential :   -4.36689290688     V
 Site  494
 Electrostatic Potential :   0.428726670479     V
 Site  495
 Electrostatic Potential :   -7.10400419989     V
 Site  496
 Electrostatic Potential :   -2.51267227305     V
 Site  497
 Electrostatic Potential :  -0.813025537200     V
 Site  498
 Electrostatic Potential :   -2.76233615195     V
 Site  499
 Electrostatic Potential :   -3.72170087134     V
 Site  500
 Electrostatic Potential :   -5.81160270684     V
 Site  501
 Electrostatic Potential :   -9.34958887144     V
 Site  502
 Electrostatic Potential :  -0.854687857732     V
 Site  503
 Electrostatic Potential :   -4.05733752363     V
 Site  504
 Electrostatic Potential :    3.69683195954     V
 Site  505
 Electrostatic Potential :   -2.32976296495     V
 Site  506
 Electrostatic Potential :   -6.98898999476     V
 Site  507
 Electrostatic Potential :   -11.4928542000     V
 Site  508
 Electrostatic Potential :   -3.63279910655     V
 Site  509
 Electrostatic Potential :   -1.12995920985     V
 Site  510
 Electrostatic Potential :    3.19672103461     V
 Site  511
 Electrostatic Potential :   -1.69850206741     V
 Site  512
 Electrostatic Potential :   -13.4557683972     V
 Site  513
 Electrostatic Potential :   -11.7754779017     V
 Site  514
 Electrostatic Potential :  -0.315085651371E-01 V
 Site  515
 Electrostatic Potential :  -0.353036951838     V
 Site  516
 Electrostatic Potential :    46.1378940511     V
 Site  517
 Electrostatic Potential :   -2.88296916841     V
 Site  518
 Electrostatic Potential :    4.86041772882     V
 Site  519
 Electrostatic Potential :   -3.20943782277     V
 Site  520
 Electrostatic Potential :    11.8122983896     V
 Site  521
 Electrostatic Potential :   -1.67661166058     V
 Site  522
 Electrostatic Potential :  -0.226675294456     V
 Site  523
 Electrostatic Potential :   -1.54625437238     V
 Site  524
 Electrostatic Potential :    8.23994865962     V
 Site  525
 Electrostatic Potential :   0.509172471148E-01 V
 Site  526
 Electrostatic Potential :   -2.77061551789     V
 Site  527
 Electrostatic Potential :   -3.30645318740     V
 Site  528
 Electrostatic Potential :   0.430107338525     V
 Site  529
 Electrostatic Potential :    4.97277776095     V
 Site  530
 Electrostatic Potential :   -8.50965253924     V
 Site  531
 Electrostatic Potential :   -2.91195026260     V
 Site  532
 Electrostatic Potential :   -1.92769303796     V
 Site  533
 Electrostatic Potential :   -11.5352357090     V
 Site  534
 Electrostatic Potential :   -7.29413852999     V
 Site  535
 Electrostatic Potential :   0.987105485971     V
 Site  536
 Electrostatic Potential :   -3.08161952519     V
 Site  537
 Electrostatic Potential :    44.0947793826     V
 Site  538
 Electrostatic Potential :    12.9188214141     V
 Site  539
 Electrostatic Potential :   -3.26961851122     V
 Site  540
 Electrostatic Potential :    2.16810194203     V
 Site  541
 Electrostatic Potential :   0.517126917757     V
 Site  542
 Electrostatic Potential :   -2.60480742639     V
 Site  543
 Electrostatic Potential :    46.7199766127     V
 Site  544
 Electrostatic Potential :  -0.500395276114     V
 Site  545
 Electrostatic Potential :   -21.3633066285     V
 Site  546
 Electrostatic Potential :   -1.61724458465     V
 Site  547
 Electrostatic Potential :   -23.8286122846     V
 Site  548
 Electrostatic Potential :   -3.15058699503     V
 Site  549
 Electrostatic Potential :    6.12080797184     V
 Site  550
 Electrostatic Potential :   -3.87824123244     V
 Site  551
 Electrostatic Potential :   -3.40680139033     V
 Site  552
 Electrostatic Potential :   -3.26363841808     V
 Site  553
 Electrostatic Potential :   -2.36387667754     V
 Site  554
 Electrostatic Potential :   -4.95544443746     V
 Site  555
 Electrostatic Potential :   -4.32024364517     V
 Site  556
 Electrostatic Potential :    1.79529732991     V
 Site  557
 Electrostatic Potential :   -5.26542682491     V
 Site  558
 Electrostatic Potential :   -2.79732906861     V
 Site  559
 Electrostatic Potential :    7.63385372803     V
 Site  560
 Electrostatic Potential :   -1.51151333676     V
 Site  561
 Electrostatic Potential :   -3.67694871888     V
 Site  562
 Electrostatic Potential :   -9.71325210211     V
 Site  563
 Electrostatic Potential :    3.91136498023     V
 Site  564
 Electrostatic Potential :   -6.16265111848     V
 Site  565
 Electrostatic Potential :  -0.257494257313     V
 Site  566
 Electrostatic Potential :   -3.11715924118     V
 Site  567
 Electrostatic Potential :   -4.32577196277     V
 Site  568
 Electrostatic Potential :   -3.31277002862     V
 Site  569
 Electrostatic Potential :   -3.44170747101     V
 Site  570
 Electrostatic Potential :    46.4004990932     V
 Site  571
 Electrostatic Potential :   -1.72521564389     V
 Site  572
 Electrostatic Potential :    8.35887817920     V
 Site  573
 Electrostatic Potential :   -6.45594567405     V
 Site  574
 Electrostatic Potential :   -2.51844830141     V
 Site  575
 Electrostatic Potential :   -3.17916897635     V
 Site  576
 Electrostatic Potential :  -0.300122071152     V
 Site  577
 Electrostatic Potential :   -2.54678158887     V
 Site  578
 Electrostatic Potential :    17.8759364122     V
 Site  579
 Electrostatic Potential :   -2.79516626142     V
 Site  580
 Electrostatic Potential :   -14.0740096829     V
 Site  581
 Electrostatic Potential :   -3.72481005866     V
 Site  582
 Electrostatic Potential :    14.7512203055     V
 Site  583
 Electrostatic Potential :    263.130287034     V
 Site  584
 Electrostatic Potential :    3.16345288026     V
 Site  585
 Electrostatic Potential :   -2.98019283918     V
 Site  586
 Electrostatic Potential :   -2.95423126044     V
 Site  587
 Electrostatic Potential :   -3.30111835031     V
 Site  588
 Electrostatic Potential :   -4.77703986353     V
 Site  589
 Electrostatic Potential :   -2.62595429321     V
 Site  590
 Electrostatic Potential :   -2.88826988160     V
 Site  591
 Electrostatic Potential :   -5.64692932268     V
 Site  592
 Electrostatic Potential :   0.387725628878     V
 Site  593
 Electrostatic Potential :   -11.8041945920     V
 Site  594
 Electrostatic Potential :   -3.29536025039     V
 Site  595
 Electrostatic Potential :    2.41411374689     V
 Site  596
 Electrostatic Potential :   -2.32623858183     V
 Site  597
 Electrostatic Potential :  -0.665919512898     V
 Site  598
 Electrostatic Potential :   -3.56439480131     V
 Site  599
 Electrostatic Potential :   -7.25676362499     V
 Site  600
 Electrostatic Potential :   -3.46139042531     V
 Site  601
 Electrostatic Potential :   -3.50185009883     V
 Site  602
 Electrostatic Potential :   -2.85671280339     V
 Site  603
 Electrostatic Potential :    2.66605496020     V
 Site  604
 Electrostatic Potential :   -9.23034660279     V
 Site  605
 Electrostatic Potential :   -2.90483554061     V
 Site  606
 Electrostatic Potential :   -5.57480088677     V
 Site  607
 Electrostatic Potential :    4.11569211333     V
 Site  608
 Electrostatic Potential :    17.4833857513     V
 Site  609
 Electrostatic Potential :   -3.23724837788     V
 Site  610
 Electrostatic Potential :   -3.31407253119     V
 Site  611
 Electrostatic Potential :   -2.43628854393     V
 Site  612
 Electrostatic Potential :   -4.39188984985     V
 Site  613
 Electrostatic Potential :   -4.73543656497     V
 Site  614
 Electrostatic Potential :   -4.97576888911     V
 Site  615
 Electrostatic Potential :   -4.07920041136     V
 Site  616
 Electrostatic Potential :    2.61247238335     V
 Site  617
 Electrostatic Potential :   -1.10869037784     V
 Site  618
 Electrostatic Potential :    11.2529053249     V
 Site  619
 Electrostatic Potential :   -20.0290525331     V
 Site  620
 Electrostatic Potential :    5.51878211752     V
 Site  621
 Electrostatic Potential :  -0.703576343785     V
 Site  622
 Electrostatic Potential :    30.5301654762     V
 Site  623
 Electrostatic Potential :  -0.595176977600     V
 Site  624
 Electrostatic Potential :   -3.84587620399     V
 Site  625
 Electrostatic Potential :   -2.03194422664     V
 Site  626
 Electrostatic Potential :    3.78359439796     V
 Site  627
 Electrostatic Potential :    5.66074699707     V
 Site  628
 Electrostatic Potential :   0.283803275083     V
 Site  629
 Electrostatic Potential :   -2.87619528617     V
 Site  630
 Electrostatic Potential :   -2.38936695756     V
 Site  631
 Electrostatic Potential :   -13.4317822787     V
 Site  632
 Electrostatic Potential :    1.44898075607     V
 Site  633
 Electrostatic Potential :   -3.09407312360     V
 Site  634
 Electrostatic Potential :   -3.54062943469     V
 Site  635
 Electrostatic Potential :   -4.09212938202     V
 Site  636
 Electrostatic Potential :    1.27774059255     V
 Site  637
 Electrostatic Potential :   -3.74073280467     V
 Site  638
 Electrostatic Potential :   -8.11492549721     V
 Site  639
 Electrostatic Potential :   -1.36984410038     V
 Site  640
 Electrostatic Potential :   -7.49316164830     V
 Site  641
 Electrostatic Potential :   -7.25960213834     V
 Site  642
 Electrostatic Potential :    5.73731175374     V
 Site  643
 Electrostatic Potential :   -13.1615076727     V
 Site  644
 Electrostatic Potential :    230.343415410     V
 Site  645
 Electrostatic Potential :   0.390270218592     V
 Site  646
 Electrostatic Potential :   -4.04603983141     V
 Site  647
 Electrostatic Potential :   -1.36016947817     V
 Site  648
 Electrostatic Potential :    1.65889434052     V
 Site  649
 Electrostatic Potential :   -12.0307185328     V
 Site  650
 Electrostatic Potential :   -1.77426528034     V
 Site  651
 Electrostatic Potential :   -3.25151498058     V
 Site  652
 Electrostatic Potential :   -2.32431096110     V
 Site  653
 Electrostatic Potential :   -1.20793385800     V
 Site  654
 Electrostatic Potential :   -2.34810793026     V
 Site  655
 Electrostatic Potential :    7.95528244560     V
 Site  656
 Electrostatic Potential :   -3.60310588040     V
 Site  657
 Electrostatic Potential :   -7.85388589278     V
 Site  658
 Electrostatic Potential :    7.37210088104     V
 Site  659
 Electrostatic Potential :   -3.52793225351     V
 Site  660
 Electrostatic Potential :   -3.11326059480     V
 Site  661
 Electrostatic Potential :    6.89006706870     V
 Site  662
 Electrostatic Potential :   0.472152567630     V
 Site  663
 Electrostatic Potential :   -4.87532267927     V
 Site  664
 Electrostatic Potential :   -13.0079202784     V
 Site  665
 Electrostatic Potential :   -2.53881169352     V
 Site  666
 Electrostatic Potential :    9.63281940997     V
 Site  667
 Electrostatic Potential :   -7.75778585531     V
 Site  668
 Electrostatic Potential :   -7.42041661480     V
 Site  669
 Electrostatic Potential :   -1.37896040998     V
 Site  670
 Electrostatic Potential :   -2.64206237547     V
 Site  671
 Electrostatic Potential :   -4.00567879548     V
 Site  672
 Electrostatic Potential :   -4.28292255321     V
 Site  673
 Electrostatic Potential :   -7.98417992011     V
 Site  674
 Electrostatic Potential :   -4.63782175575     V
 Site  675
 Electrostatic Potential :   -2.51934042233     V
 Site  676
 Electrostatic Potential :    9.04780112869     V
 Site  677
 Electrostatic Potential :   -8.30243949061     V
 Site  678
 Electrostatic Potential :    7.63599707225     V
 Site  679
 Electrostatic Potential :    5.29543531638     V
 Site  680
 Electrostatic Potential :   -3.73491395828     V
 Site  681
 Electrostatic Potential :   -1.27626034755     V
 Site  682
 Electrostatic Potential :    3.83017275412     V
 Site  683
 Electrostatic Potential :   -1.13336099678     V
 Site  684
 Electrostatic Potential :   0.348574296233     V
 Site  685
 Electrostatic Potential :   -8.32693921602     V
 Site  686
 Electrostatic Potential :  -0.470523764628     V
 Site  687
 Electrostatic Potential :   -1.02817640602     V
 Site  688
 Electrostatic Potential :   -3.57532768242     V
 Site  689
 Electrostatic Potential :   -2.83963802841     V
 Site  690
 Electrostatic Potential :    3.88793119170     V
 Site  691
 Electrostatic Potential :   -1.26206543891     V
 Site  692
 Electrostatic Potential :  -0.918846522078     V
 Site  693
 Electrostatic Potential :   -2.29758529225     V
 Site  694
 Electrostatic Potential :   -4.55832493025     V
 Site  695
 Electrostatic Potential :   -1.96333447911     V
 Site  696
 Electrostatic Potential :   -9.36061216689     V
 Site  697
 Electrostatic Potential :    4.21340763766     V
 Site  698
 Electrostatic Potential :   -6.45012361766     V
 Site  699
 Electrostatic Potential :    2.95228896305     V
 Site  700
 Electrostatic Potential :   -4.38803352634     V
 Site  701
 Electrostatic Potential :   -3.26382758886     V
 Site  702
 Electrostatic Potential :  -0.877130687637E-01 V
 Site  703
 Electrostatic Potential :   -9.30364834014     V
 Site  704
 Electrostatic Potential :   -3.13484338149     V
 Site  705
 Electrostatic Potential :   -1.39010641218     V
 Site  706
 Electrostatic Potential :    11.8422686092     V
 Site  707
 Electrostatic Potential :  -0.990929882830E-01 V
 Site  708
 Electrostatic Potential :   -1.43682490622     V
 Site  709
 Electrostatic Potential :  -0.430478065116     V
 Site  710
 Electrostatic Potential :    2.46717848067     V
 Site  711
 Electrostatic Potential :   -7.52508917797     V
 Site  712
 Electrostatic Potential :  -0.494765847084     V
 Site  713
 Electrostatic Potential :   -3.72684323487     V
 Site  714
 Electrostatic Potential :   -1.59499055959     V
 Site  715
 Electrostatic Potential :   -1.64924931261     V
 Site  716
 Electrostatic Potential :   -3.15448141728     V
 Site  717
 Electrostatic Potential :   -11.6013033232     V
 Site  718
 Electrostatic Potential :    2.84487632350     V
 Site  719
 Electrostatic Potential :    12.1453397668     V
 Site  720
 Electrostatic Potential :   -5.39779786510     V
 Site  721
 Electrostatic Potential :   -59.8275347876     V
 Site  722
 Electrostatic Potential :   -3.66650586686     V
 Site  723
 Electrostatic Potential :   -2.02549054655     V
 Site  724
 Electrostatic Potential :   -2.66763579847     V
 Site  725
 Electrostatic Potential :   -82.4448501593     V
 Site  726
 Electrostatic Potential :   -4.02650869806     V
 Site  727
 Electrostatic Potential :   -36.7009523948     V
 Site  728
 Electrostatic Potential :   -5.83356494819     V
 Site  729
 Electrostatic Potential :    1.26134671767     V
 Site  730
 Electrostatic Potential :   -1.76548237143     V
 Site  731
 Electrostatic Potential :   -5.02331839629     V
 Site  732
 Electrostatic Potential :   -20.2022549624     V
 Site  733
 Electrostatic Potential :   0.886762679965     V
 Site  734
 Electrostatic Potential :  -0.142231762176     V
 Site  735
 Electrostatic Potential :    10.1812042554     V
 Site  736
 Electrostatic Potential :    3.26316824117     V
 Site  737
 Electrostatic Potential :    8.70407298954     V
 Site  738
 Electrostatic Potential :  -0.517271851120     V
 Site  739
 Electrostatic Potential :   -1.29487544658     V
 Site  740
 Electrostatic Potential :   -15.2707930554     V
 Site  741
 Electrostatic Potential :    50.0512938901     V
 Site  742
 Electrostatic Potential :   -2.35472293187     V
 Site  743
 Electrostatic Potential :    2.91663583521     V
 Site  744
 Electrostatic Potential :   -1.53685002825     V
 Site  745
 Electrostatic Potential :  -0.984561111576     V
 Site  746
 Electrostatic Potential :   -4.04156082200     V
 Site  747
 Electrostatic Potential :    5.59276706316     V
 Site  748
 Electrostatic Potential :   -3.54529069255     V
 Site  749
 Electrostatic Potential :   -2.94790358590     V
 Site  750
 Electrostatic Potential :   -5.45756634597     V
 Site  751
 Electrostatic Potential :    4.35107846451     V
 Site  752
 Electrostatic Potential :   -2.92596098476     V
 Site  753
 Electrostatic Potential :   -25.5604399092     V
 Site  754
 Electrostatic Potential :   -14.9357096268     V
 Site  755
 Electrostatic Potential :    4.72683121674     V
 Site  756
 Electrostatic Potential :   -3.28620030117     V
 Site  757
 Electrostatic Potential :    12.5228602007     V
 Site  758
 Electrostatic Potential :   -3.68654683156     V
 Site  759
 Electrostatic Potential :    1.97776322821     V
 Site  760
 Electrostatic Potential :    7.83486436552     V
 Site  761
 Electrostatic Potential :   -3.43862995911     V
 Site  762
 Electrostatic Potential :   -13.1831285468     V
 Site  763
 Electrostatic Potential :   -17.8463128427     V
 Site  764
 Electrostatic Potential :   -2.29441511451     V
 Site  765
 Electrostatic Potential :   -4.12798723391     V
 Site  766
 Electrostatic Potential :   -2.21044839068     V
 Site  767
 Electrostatic Potential :  -0.230117771526     V
 Site  768
 Electrostatic Potential :    10.3138104422     V
 Site  769
 Electrostatic Potential :    3.79150477000     V
 Site  770
 Electrostatic Potential :   -8.97154974174     V
 Site  771
 Electrostatic Potential :    13.3231087176     V
 Site  772
 Electrostatic Potential :    3.78202925498     V
 Site  773
 Electrostatic Potential :   -13.7618780004     V
 Site  774
 Electrostatic Potential :  -0.210327432541     V
 Site  775
 Electrostatic Potential :   -2.81088729353     V
 Site  776
 Electrostatic Potential :   -2.13585405909     V
 Site  777
 Electrostatic Potential :   -2.45166365247     V
 Site  778
 Electrostatic Potential :   -27.4019563936     V
 Site  779
 Electrostatic Potential :   -3.05435292958     V
 Site  780
 Electrostatic Potential :   -3.36766843200     V
 Site  781
 Electrostatic Potential :    14.8768962283     V
 Site  782
 Electrostatic Potential :   -2.52165130363     V
 Site  783
 Electrostatic Potential :   -1.65446398853     V
 Site  784
 Electrostatic Potential :   -3.68823682853     V
 Site  785
 Electrostatic Potential :    4.20358448424     V
 Site  786
 Electrostatic Potential :    2.26617795966     V
 Site  787
 Electrostatic Potential :   -1.50390492793     V
 Site  788
 Electrostatic Potential :   -1.23156582446     V
 Site  789
 Electrostatic Potential :   -6.03137652612     V
 Site  790
 Electrostatic Potential :    2.56536641614     V
 Site  791
 Electrostatic Potential :    32.5133885139     V
 Site  792
 Electrostatic Potential :   0.220793671084     V
 Site  793
 Electrostatic Potential :   -4.56594380220     V
 Site  794
 Electrostatic Potential :    5.56408708848     V
 Site  795
 Electrostatic Potential :  -0.359338949724     V
 Site  796
 Electrostatic Potential :    12.9548200882     V
 Site  797
 Electrostatic Potential :    1.29685262113     V
 Site  798
 Electrostatic Potential :   -8.37549647791     V
 Site  799
 Electrostatic Potential :   -3.65255768531     V
 Site  800
 Electrostatic Potential :   -3.05516717130     V
============================================================
  Building Merged 4-Layer Embedded Cluster
============================================================
  d/2 = 5.1361 A
  rCluster (ErF8) = 3.800 A
  rAIMP = 8.0 A, rChgs = 12.0 A, rSurface = 14.0 A

--- Step 1: Building neighbor lists ---
  Pre-opt  (LiYF4 prim, Y-center): 961 atoms within 14.0 A
  Post-opt (CONTCAR, Er-center): 961 atoms within 14.0 A

--- Step 2: Extracting atom data ---

--- Step 3: Merging at d/2 boundary ---
  Post-opt atoms within d/2 (=5.14A): 48
  Pre-opt atoms beyond d/2: 912
  Overlap atoms skipped: 0
  cluster: 25 atoms (Er:1, F:12, Li:8, Y:4)
  aimp: 151 atoms (F:110, Li:18, Y:23)
  rawChgs: 440 atoms (F:294, Li:72, Y:74)
  surfChgs: 344 atoms (F:224, Li:72, Y:48)

--- Step 4: Writing output files ---
  Wrote cluster.xyz: 25 atoms
  Wrote aimp.xyz: 151 atoms
  Wrote rawChgs.xyz: 440 atoms
  Wrote surfChgs.xyz: 344 atoms
  Wrote rawCharges.dat: 440 values

--- Step 5: Fitting surface charges on pre-opt structure ---
  Using PotentialFitOnlyCharges on pre-opt crystal...
n_pass = 800 n_fail = 6
Number of sites = 800
Number of surface point charges = 344
Number of sinular values used for fitting = 227
Mean absolute error of electrostatic potential for raw (formal) point charges =   17.13697 V.
Mean absolute error of electrostatic potential for fitted point charges =    0.00000 V.

  Wrote surfChgs.xyz: 344 atoms
  Wrote surfaceCharges.dat: 344 fitted charges

============================================================
  DONE! All files written to:
  /data/home/wangcx/LiYF4_Er3+/AIMPModelGenerator-main/LiYF4_Er3+/opt_cluster_2
  Surface charges: fitted on pre-opt crystal via PotentialFitOnlyCharges
============================================================

  Output files:
  cluster.xyz: 25 atoms, 1416 bytes
  aimp.xyz: 151 atoms, 8347 bytes
  rawChgs.xyz: 440 atoms, 24242 bytes
  rawCharges.dat: 11294 bytes
  surfChgs.xyz: 344 atoms, 18962 bytes
  surfaceCharges.dat: 8763 bytes
  CONTCAR: 10885 bytes
