opt_cluster_2 ROHF
Modules OK
F is load
Li is load
Y is load
#INFO: **** input file is /data/home/wangcx/LiYF4_Er3+/AIMPModelGenerator-main/LiYF4_Er3+/opt_cluster_2/main_ROHF.py ****
import sys, os
from src.AIMP3_DMET_SCEI import AIMPEnvLoader, AIMP_RHF, AIMP_RKS, AIMP_ROHF, AIMP_ROKS, AIMP_CAHF
from src.pckit2 import OrganicPCLoader, PointChargeParams
from pyscf import gto, lib
from pyscf.lib import chkfile
import yaml
import numpy as np
import basis_set_exchange as bse

workdir = "./"
inputdir = workdir + "input.yaml"
with open(inputdir, "r") as f:
    inputdict = yaml.safe_load(f)
aimpdict = inputdict["aimp"]
clusterdict = inputdict["cluster"]

try: aimpdir = workdir + aimpdict["dir"]
except KeyError: aimpdir = workdir + "aimp.xyz"
aimpdict["dir"] = aimpdir
aimpdict["workdir"] = workdir
AIMP_LOADER = AIMPEnvLoader(aimpdict)
try: orthoreg = aimpdict["orthoreg"]
except: orthoreg = 0

try:
    pcdict = inputdict["pointcharge"]
    try: is_organic = pcdict["organic"]
    except KeyError: is_organic = False
    try: rawxyzdir = workdir + pcdict["rawxyzdir"]
    except KeyError: rawxyzdir = workdir + "rawChgs.xyz"
    if not is_organic:
        try: rawchgdir = workdir + pcdict["rawchgdir"]
        except KeyError: rawchgdir = workdir + "rawCharges.dat"
        pcparam_raw = PointChargeParams(rawxyzdir, rawchgdir)
    else:
        pcdict2 = dict(aimpdict)
        pcdict2["dir"] = rawxyzdir
        pcdict2["workdir"] = workdir
        pc_loader = OrganicPCLoader(pcdict2)
        pcparam_raw = pc_loader.make_param()
    try: surfxyzdir = workdir + pcdict["surfxyzdir"]
    except KeyError: surfxyzdir = workdir + "surfChgs.xyz"
    try: surfchgdir = workdir + pcdict["surfchgdir"]
    except KeyError: surfchgdir = workdir + "surfaceCharges.dat"
    pcparam_surf = PointChargeParams(surfxyzdir, surfchgdir)
    PCPARAM = pcparam_raw + pcparam_surf
except: PCPARAM = None

try: ecp = clusterdict["ecp"]
except KeyError: ecp = {}
try: spin = clusterdict["spin"]
except KeyError: spin = 0

def aimp_calc(CLUS_MOL, scfdict):
    scftype = scfdict["calc"].upper()
    if scftype in ["ROHF"]:
        MF = AIMP_ROHF(CLUS_MOL, AIMP_LOADER).density_fit()
    else:
        raise NotImplementedError
    if PCPARAM is not None: MF.addPCParam2(PCPARAM)
    MF.set_orthoreg_param(orthoreg)
    try: MF.chkfile = workdir + inputdict["chkfile"]
    except KeyError: pass
    return MF

if inputdict["type"].upper() in ["GEO_OPT", "GEOM_OPT", "RELAX", "GEOMOPT", "ENERGY"]:
    try: clusterdir = workdir + clusterdict["dir"]
    except KeyError: clusterdir = workdir + "cluster.xyz"
    for basis in clusterdict["basis"]:
        val = clusterdict["basis"][basis]
        if isinstance(val, str) and ("parse" in val or "load" in val):
            clusterdict["basis"][basis] = eval(val)
    CLUS_MOL = gto.M(atom=clusterdir, basis=clusterdict["basis"],
                     charge=clusterdict["charge"], spin=spin, verbose=4)
    scfdict = clusterdict["scf"]
    MF = aimp_calc(CLUS_MOL, scfdict)
    MF.max_cycle = 500
    MF.conv_tol = 1e-7
    MF.conv_tol_grad = 3e-4
    MF.level_shift = 0.3
    MF.init_guess = "atom"
    print("Starting ROHF...")
    MF.kernel()
    print(f"ROHF converged: e_tot = {MF.e_tot:.8f} Hartree")
#INFO: ******************** input file end ********************


System: uname_result(system='Linux', node='amd-cpu', release='6.8.0-111-generic', version='#111~22.04.1-Ubuntu SMP PREEMPT_DYNAMIC Tue Apr 14 17:13:45 UTC ', machine='x86_64')  Threads 16
Python 3.10.19 | packaged by conda-forge | (main, Jan 26 2026, 23:45:08) [GCC 14.3.0]
numpy 1.26.4  scipy 1.15.3  h5py 3.15.1
Date: Fri May 15 12:49:11 2026
PySCF version 2.12.0
PySCF path  /data/home/wangcx/LiYF4_Er3+/env/lib/python3.10/site-packages/pyscf

[CONFIG] conf_file None
[INPUT] verbose = 4
[INPUT] num. atoms = 25
[INPUT] num. electrons = 345
[INPUT] charge = 11
[INPUT] spin (= nelec alpha-beta = 2S) = 3
[INPUT] symmetry False subgroup None
[INPUT] Mole.unit = angstrom
[INPUT] Symbol           X                Y                Z      unit          X                Y                Z       unit  Magmom
[INPUT]  1 Er     0.000000000000   0.000000000000   0.000000000000 AA    0.000000000000   0.000000000000   0.000000000000 Bohr   0.0
[INPUT]  2 F      1.112939200000   1.721198800000  -0.853327500000 AA    2.103150281293   3.252594337930  -1.612555269560 Bohr   0.0
[INPUT]  3 F     -1.114069800000  -1.720539300000  -0.853677500000 AA   -2.105286805649  -3.251348063551  -1.613216673703 Bohr   0.0
[INPUT]  4 F      1.709793900000  -1.124883800000   0.863235600000 AA    3.231042200452  -2.125722303960   1.631278864975 Bohr   0.0
[INPUT]  5 F     -1.709896600000   1.127957000000   0.860681400000 AA   -3.231236275325   2.131529810286   1.626452126507 Bohr   0.0
[INPUT]  6 F     -1.132263600000   0.830445300000  -1.797304800000 AA   -2.139668104814   1.569314178432  -3.396413834366 Bohr   0.0
[INPUT]  7 F      1.131356600000  -0.833615300000  -1.796821800000 AA    2.137954123219  -1.575304610247  -3.395501096648 Bohr   0.0
[INPUT]  8 F     -0.835465800000  -1.126125700000   1.801287800000 AA   -1.578801548441  -2.128069154834   3.403940613520 Bohr   0.0
[INPUT]  9 F      0.835932700000   1.130966100000   1.798574500000 AA    1.579683861568   2.137216185167   3.398813219627 Bohr   0.0
[INPUT] 10 Li     2.545287000000   2.572127900000   0.018939400000 AA    4.809895338416   4.860617288353   0.035790278964 Bohr   0.0
[INPUT] 11 Li    -2.547868700000  -2.569991200000   0.019036100000 AA   -4.814774044352  -4.856579510542   0.035973015480 Bohr   0.0
[INPUT] 12 Li     2.579147700000  -2.569478000000   0.022324000000 AA    4.873882787802  -4.855609703095   0.042186246005 Bohr   0.0
[INPUT] 13 Li    -2.581644800000   2.571450400000   0.022242600000 AA   -4.878601622908   4.859336998903   0.042032422298 Bohr   0.0
[INPUT] 14 Li     0.017315100000  -2.567602400000   2.661884100000 AA    0.032720796819  -4.852065332776   5.030231924334 Bohr   0.0
[INPUT] 15 F     -3.413508200000  -1.135194100000   0.876699300000 AA   -6.450595621957  -2.145205947222   1.656721570598 Bohr   0.0
[INPUT] 16 Li    -0.012350800000   2.574508900000   2.661808800000 AA   -0.023339629419   4.865116726255   5.030089627957 Bohr   0.0
[INPUT] 17 F      3.414538400000   1.138646200000   0.874248700000 AA    6.452542417811   2.151729470777   1.652090607757 Bohr   0.0
[INPUT] 18 Y     -0.019472400000   2.567875400000  -2.670605800000 AA   -0.036797502988   4.852581228008  -5.046713548675 Bohr   0.0
[INPUT] 19 Y      0.015772100000  -2.570671100000  -2.670547200000 AA    0.029804949409  -4.857864335334  -5.046602810724 Bohr   0.0
[INPUT] 20 Y     -2.560694600000   0.003355400000   2.682122600000 AA   -4.839011482653   0.006340787038   5.068477146506 Bohr   0.0
[INPUT] 21 Y      2.563146800000   0.005812900000   2.682136200000 AA    4.843645469055   0.010984788989   5.068502846782 Bohr   0.0
[INPUT] 22 F      1.155562300000  -3.417478400000  -0.866161800000 AA    2.183696266872  -6.458098212617  -1.636808581560 Bohr   0.0
[INPUT] 23 F     -1.157306400000   3.417301600000  -0.867179300000 AA   -2.186992138206   6.457764109038  -1.638731377892 Bohr   0.0
[INPUT] 24 Li     2.563112500000  -0.004204600000  -2.691426300000 AA    4.843580651449  -0.007945542463  -5.086058591451 Bohr   0.0
[INPUT] 25 Li    -2.564225300000  -0.000789400000  -2.691315200000 AA   -4.845683538681  -0.001491749803  -5.085848642879 Bohr   0.0

nuclear repulsion = 7963.1188638011
number of shells = 177
number of NR pGTOs = 1221
number of NR cGTOs = 549
basis = {'Er': [[0, [58741043.595, 0.0003095617, -0.0001259089, 6.91037e-05, -1.85591e-05, 1.0646e-05, -2.8433e-06, 8.7323e-06, -1.35596e-05, 1.22007e-05], [13545709.704, 0.0008516942, -0.0003466459, 0.000190297, -5.11104e-05, 2.93191e-05, -7.8312e-06, 2.40575e-05, -3.73546e-05, 3.35856e-05], [3592430.6955, 0.0019082673, -0.0007777057, 0.0004270617, -0.00011472, 6.5803e-05, -1.75727e-05, 5.39601e-05, -8.37945e-05, 7.54362e-05], [1068997.5743, 0.0039195893, -0.0016019262, 0.0008804759, -0.0002365759, 0.0001357079, -3.62538e-05, 0.0001114133, -0.0001729792, 0.0001553739], [349706.57902, 0.0079014176, -0.0032457866, 0.0017860832, -0.0004801945, 0.0002753786, -7.35186e-05, 0.0002256084, -0.0003504131, 0.0003160705], [123694.33912, 0.0157477694, -0.0065247398, 0.0036004833, -0.0009686648, 0.0005556288, -0.0001485097, 0.0004569229, -0.0007092419, 0.0006350258], [46678.398919, 0.0315658984, -0.0132634217, 0.0073419466, -0.001978727, 0.0011340632, -0.0003025333, 0.0009268542, -0.0014402417, 0.00130602], [18595.315822, 0.0629662301, -0.0270708201, 0.0150963167, -0.0040754906, 0.0023372419, -0.000625405, 0.001929166, -0.0029931159, 0.0026602426], [7755.2163127, 0.1221158296, -0.0546773715, 0.0307772461, -0.0083518799, 0.0047794665, -0.0012731364, 0.0038880662, -0.0060469357, 0.0055436892], [3363.779054, 0.2163719352, -0.104424382, 0.0601260542, -0.0164146081, 0.0094035178, -0.0025217555, 0.0078186556, -0.0121224202, 0.0106191691], [1509.3223033, 0.3107230962, -0.1727137331, 0.1028299975, -0.0285728915, 0.0162739243, -0.0043197692, 0.0130943713, -0.020410749, 0.0192252465], [697.35341479, 0.2829389649, -0.1915966744, 0.1213177905, -0.0342877174, 0.0196005497, -0.0053102484, 0.0168441816, -0.0260260623, 0.0212627647], [330.31834917, 0.1107960478, 0.0034524045, -0.0181721285, 0.0066342313, -0.0038699051, 0.0012231975, -0.0050898659, 0.0075551906, -0.0012422347], [159.65709504, 0.0270243507, 0.4305459366, -0.4433513468, 0.1566058182, -0.0860727872, 0.0225872722, -0.0670551554, 0.1058849283, -0.1109799087], [78.31452052, 0.0232087242, 0.4684246852, -0.6988915467, 0.2808109652, -0.1552371292, 0.0426972868, -0.1405799382, 0.2184698745, -0.1696579273], [38.72141347, 0.0055176072, 0.1426867969, 0.1943727124, -0.1280926327, 0.0718453765, -0.0217060429, 0.0829657157, -0.1245611955, 0.0411381473], [19.13306359, 0.0031445846, 0.0929387262, 1.0361135919, -0.9537793805, 0.525773751, -0.1391241817, 0.4492313044, -0.7655773076, 0.9930541848], [9.34554064, 0.0004607124, 0.0232306464, 0.2626141253, -0.0422353432, 0.0201638951, -0.0136943468, 0.0349080406, 0.0454196412, -0.6396768379], [4.45086586, 0.0001781851, -0.0031742957, -0.1267686346, 1.0541080152, -0.8378775487, 0.2628172995, -1.2056038591, 2.147979658, -1.9410318798], [2.03183894, -7.56855e-05, -0.0016126249, -0.0408915598, 0.3248928868, -0.3964838724, 0.0993913427, 0.5682899564, -1.7434598196, 3.6018504183], [0.87066929, 3.65992e-05, 0.0002068927, 0.0007349372, 0.0139982831, 0.8863351232, -0.2957863828, 0.9403581481, -1.3586599759, -2.346333334], [0.34147598, -1.51071e-05, -9.14805e-05, -0.0007009845, 0.0168647478, 0.5480126667, -0.501983712, -0.1922763278, 2.8649308149, -0.2115088121], [0.11893832, 5.8215e-06, 3.66177e-05, 0.0002306016, -0.0017855486, -0.0040889684, 0.4012936792, -1.3781196527, -1.7164544585, 1.9831692389], [0.03550733, -2.1488e-06, -1.41275e-05, -9.22395e-05, 0.0006879657, 0.0254351638, 0.8667698628, 0.6781220542, -0.02489973, -2.3638636205], [0.0106002, 6.241e-07, 3.9799e-06, 2.50085e-05, -0.0002447711, -0.0024978973, 0.0032299041, 0.4465290241, 0.684248083, 1.4645723957]], [1, [1999053.9457, 5.27248e-05, -4.22635e-05, 1.30946e-05, -4.9249e-06, -7.3048e-06, 4.3447e-06], [321492.94665, 0.0002062575, -0.0001656169, 5.13657e-05, -1.93198e-05, -2.86616e-05, 1.7027e-05], [69812.056384, 0.0007907197, -0.0006363455, 0.000197712, -7.43577e-05, -0.0001102843, 6.56782e-05], [19170.076373, 0.0028024207, -0.002264492, 0.0007050579, -0.0002652092, -0.0003936378, 0.0002333715], [6305.3605866, 0.0095627773, -0.0077776077, 0.0024344086, -0.0009155802, -0.0013579797, 0.0008104196], [2376.8728903, 0.0304081438, -0.0250497846, 0.0078955451, -0.0029703482, -0.0044130515, 0.0026094783], [991.08412563, 0.0858604085, -0.0724292592, 0.0232269816, -0.0087378, -0.0129711589, 0.0077547693], [444.45398997, 0.1955859903, -0.1717398404, 0.0563532022, -0.0212133939, -0.0316035208, 0.0186048576], [209.69390666, 0.3155610848, -0.2911116024, 0.0989987042, -0.0372819372, -0.0554689629, 0.0333537151], [102.29811686, 0.2905358073, -0.2282088299, 0.0668567425, -0.0250422154, -0.0374428239, 0.0210996293], [50.88921302, 0.1591725371, 0.2080341786, -0.1627677359, 0.0633913839, 0.099232041, -0.0550030502], [25.50997433, 0.1299786618, 0.5917917452, -0.4481104632, 0.1774758008, 0.2882984752, -0.1694027739], [12.7434798, 0.0625434303, 0.2992606204, -0.0676100109, 0.0108147877, -0.0133784295, 0.0098207141], [6.27002774, 0.0032893684, 0.0040392694, 0.6422905592, -0.3270990029, -0.7392411815, 0.3365294551], [2.99728634, -0.0006558915, -0.0130864967, 0.4864450388, -0.2791426358, -0.0930687868, 0.2382128786], [1.36875252, -0.0004321153, -0.0031844737, 0.0628819747, 0.2842338164, 1.437166915, -0.6804512825], [0.58442767, 0.0001110347, 0.000417432, 0.0028540545, 0.6667205951, -0.615533406, -0.2295587724], [0.22701214, -4.69339e-05, -0.0001930291, -0.0002962991, 0.2702142984, -1.0704463494, 0.2950152407], [0.08817945, 1.45036e-05, 5.98307e-05, 0.0001287369, 0.0016271736, 1.1394985724, 0.7705007891]], [2, [5075.2324021, 0.0004624199, -0.000212402, -0.0001338418, 7.03252e-05], [1400.6417964, 0.0037918263, -0.0017568935, -0.0010946858, 0.0006244381], [508.75311079, 0.0209012836, -0.0097240779, -0.006121187, 0.0032341649], [217.04181128, 0.0790282781, -0.0374730955, -0.0233913319, 0.0133490101], [101.12993278, 0.2106341946, -0.1012553833, -0.0640717841, 0.0335018815], [49.31418858, 0.3724161614, -0.1765190844, -0.1116543118, 0.0648584305], [24.56993946, 0.3724484114, -0.128055937, -0.0882595432, 0.0322480645], [12.30281942, 0.148439962, 0.1923894925, 0.1729546348, -0.060142795], [6.06684041, 0.0098260817, 0.4912902906, 0.4780271086, -0.2393569992], [2.84408803, -0.0060274869, 0.3965132651, 0.0275202804, -0.0459067525], [1.19180063, -0.0014732962, 0.0922209987, -1.5212904072, 0.1481679239], [0.499418, 1.92511e-05, 0.0018946649, 1.1745898944, 0.8929833783]], [3, [267.83532496, 0.002136697, -0.0023682897, 0.0028860639], [91.41297085, 0.0173101959, -0.0192847672, 0.0233886013], [38.11144675, 0.0692400235, -0.0773233756, 0.0942762644], [17.45050795, 0.1795048421, -0.2008573225, 0.24774166], [8.22655234, 0.3013531728, -0.2941870723, 0.2935809324], [3.84017672, 0.3456940442, -0.1630393094, -0.1608245388], [1.72324813, 0.2910461118, 0.2530702283, -0.7001354408], [0.7167717, 0.1773588489, 0.5241741225, 0.2478955537], [0.26038487, 0.0581198269, 0.2828111484, 0.5517990419], [0.09459118, 0.0013117456, 0.0230907024, 0.1236695388]], [4, [10.85067572, 0.1594340766], [5.06864131, 0.2278265327], [2.46175491, 0.4089511043], [1.16532292, 0.3834860395], [0.46008995, 0.1687647303]]], 'F': 'ccpvdz', 'Li': 'ccpvdz', 'Y': [[0, [2522141.32102006, 0.001699], [449156.29990432, 0.0036724], [151720.1764528, 0.0066311], [51855.44354044, 0.0167936], [18689.66232941, 0.041001], [6875.55030786, 0.1012493], [2648.45220711, 0.2522764], [1049.980737, 0.5766767]], [0, [422.47853745, -0.5348801], [172.31836708, -0.4651198]], [0, [60.56530325, 1.0]], [0, [28.30120953, 0.7509238], [12.66764116, 0.2490761]], [0, [5.05894842, 0.6863196], [2.20390257, 0.3136803]], [0, [0.72735771, 0.6399224], [0.30401193, 0.3600775]], [0, [0.04783584, 1.0]], [0, [0.01355997, 1.0]], [1, [11876.25484875, 0.0009397], [3268.55095104, 0.0033491], [1184.41460471, 0.0136442], [463.14383928, 0.0517347], [191.23738154, 0.1583925], [82.85996128, 0.3508255], [37.20448645, 0.4211141]], [1, [17.1581726, -1.0]], [1, [7.6564011, -0.5178717], [3.40344219, -0.4821282]], [1, [1.2829311, 0.2898036], [0.54825392, 0.5360604], [0.21437241, 0.1741359]], [1, [0.41142, 1.0]], [1, [0.01782, 1.0]], [2, [251.01056821, 0.0062628], [74.41352333, 0.0434411], [27.67867091, 0.1557311], [11.29136346, 0.3101388], [4.69433459, 0.3367227], [1.90670194, 0.1477033]], [2, [0.54823392, 1.0]], [2, [0.15142201, 1.0]], [3, [0.18507, 1.0]]]}
ecp = {}
CPU time:         3.75
Starting ROHF...


******** <class 'pyscf.df.df_jk.DFAIMP_ROHF'> ********
method = DFAIMP_ROHF
initial guess = atom
damping factor = 0
level_shift factor = 0.3
DIIS = <class 'pyscf.scf.diis.CDIIS'>
diis_start_cycle = 1
diis_space = 8
diis_damp = 0
SCF conv_tol = 1e-07
SCF conv_tol_grad = 0.0003
SCF max_cycles = 500
direct_scf = False
chkfile to save SCF result = ./Er_ROHF_optbig.chk
max_memory 4000 MB (current use 110 MB)
num. doubly occ = 171  num. singly occ = 3
Initial guess from the superposition of atomic densities.
Spherically averaged atomic HF for {'F', 'Y', 'Er', 'Li'}


******** <class 'pyscf.scf.atom_hf.AtomSphAverageRHF'> ********
method = AtomSphAverageRHF
initial guess = minao
damping factor = 0
level_shift factor = 0
DIIS = <class 'pyscf.scf.diis.CDIIS'>
diis_start_cycle = 1
diis_space = 8
diis_damp = 0
SCF conv_tol = 1e-09
SCF conv_tol_grad = None
SCF max_cycles = 50
direct_scf = True
direct_scf_tol = 1e-13
chkfile to save SCF result = /tmp/tmpy83cy3j1
max_memory 4000 MB (current use 118 MB)
atom = Er
Set gradient conv threshold to 3.16228e-05
Initial guess from minao.
init E= -11427.3091553468
cycle= 1 E= -11466.8517199665  delta_E= -39.5  |g|=    0  |ddm|= 5.04
cycle= 2 E= -11465.7016786187  delta_E= 1.15  |g|=    0  |ddm|= 6.76
cycle= 3 E= -11497.1764877418  delta_E= -31.5  |g|=    0  |ddm|= 3.53
cycle= 4 E= -11497.4036231797  delta_E= -0.227  |g|=    0  |ddm|= 0.843
cycle= 5 E= -11497.4776470368  delta_E= -0.074  |g|=    0  |ddm|= 0.231
cycle= 6 E= -11497.4784619244  delta_E= -0.000815  |g|=    0  |ddm|= 0.0382
cycle= 7 E= -11497.4784988157  delta_E= -3.69e-05  |g|=    0  |ddm|= 0.0053
cycle= 8 E= -11497.4784992874  delta_E= -4.72e-07  |g|=    0  |ddm|= 0.000655
cycle= 9 E= -11497.4784992906  delta_E= -3.2e-09  |g|=    0  |ddm|= 6.3e-05
cycle= 10 E= -11497.4784992906  delta_E= -3.64e-11  |g|=    0  |ddm|= 7.92e-06
Extra cycle  E= -11497.4784992906  delta_E= 2.91e-11  |g|=    0  |ddm|= 6.28e-07
Atomic HF for atom  Er  converged. SCF energy = -11497.4784992906



******** <class 'pyscf.scf.atom_hf.AtomSphAverageRHF'> ********
method = AtomSphAverageRHF
initial guess = minao
damping factor = 0
level_shift factor = 0
DIIS = <class 'pyscf.scf.diis.CDIIS'>
diis_start_cycle = 1
diis_space = 8
diis_damp = 0
SCF conv_tol = 1e-09
SCF conv_tol_grad = None
SCF max_cycles = 50
direct_scf = True
direct_scf_tol = 1e-13
chkfile to save SCF result = /tmp/tmppfret2cj
max_memory 4000 MB (current use 129 MB)
atom = F
Set gradient conv threshold to 3.16228e-05
Initial guess from minao.
init E= -99.0104601259712
cycle= 1 E= -99.0268653974123  delta_E= -0.0164  |g|=    0  |ddm|= 0.0196
cycle= 2 E= -99.0268906345715  delta_E= -2.52e-05  |g|=    0  |ddm|= 0.00981
cycle= 3 E= -99.0268960257449  delta_E= -5.39e-06  |g|=    0  |ddm|= 0.00306
cycle= 4 E= -99.0268960563137  delta_E= -3.06e-08  |g|=    0  |ddm|= 0.000364
cycle= 5 E= -99.0268960563169  delta_E= -3.2e-12  |g|=    0  |ddm|= 3e-06
Extra cycle  E= -99.0268960563168  delta_E= 4.26e-14  |g|=    0  |ddm|= 1.33e-09
Atomic HF for atom  F  converged. SCF energy = -99.0268960563168



******** <class 'pyscf.scf.atom_hf.AtomSphAverageRHF'> ********
method = AtomSphAverageRHF
initial guess = minao
damping factor = 0
level_shift factor = 0
DIIS = <class 'pyscf.scf.diis.CDIIS'>
diis_start_cycle = 1
diis_space = 8
diis_damp = 0
SCF conv_tol = 1e-09
SCF conv_tol_grad = None
SCF max_cycles = 50
direct_scf = True
direct_scf_tol = 1e-13
chkfile to save SCF result = /tmp/tmp8gwjfjk6
max_memory 4000 MB (current use 130 MB)
atom = Li
Set gradient conv threshold to 3.16228e-05
Initial guess from minao.
init E= -7.37329066587083
cycle= 1 E= -7.3767384265438  delta_E= -0.00345  |g|=    0  |ddm|= 0.302
cycle= 2 E= -7.37685738139239  delta_E= -0.000119  |g|=    0  |ddm|= 0.0656
cycle= 3 E= -7.37686191103613  delta_E= -4.53e-06  |g|=    0  |ddm|= 0.0157
cycle= 4 E= -7.37686191292369  delta_E= -1.89e-09  |g|=    0  |ddm|= 0.000307
cycle= 5 E= -7.3768619129241  delta_E= -4.03e-13  |g|=    0  |ddm|= 3.85e-06
Extra cycle  E= -7.3768619129241  delta_E= 1.78e-15  |g|=    0  |ddm|= 5.41e-08
Atomic HF for atom  Li  converged. SCF energy = -7.3768619129241



******** <class 'pyscf.scf.atom_hf.AtomSphAverageRHF'> ********
method = AtomSphAverageRHF
initial guess = minao
damping factor = 0
level_shift factor = 0
DIIS = <class 'pyscf.scf.diis.CDIIS'>
diis_start_cycle = 1
diis_space = 8
diis_damp = 0
SCF conv_tol = 1e-09
SCF conv_tol_grad = None
SCF max_cycles = 50
direct_scf = True
direct_scf_tol = 1e-13
chkfile to save SCF result = /tmp/tmpn3xq7c8k
max_memory 4000 MB (current use 130 MB)
atom = Y
Set gradient conv threshold to 3.16228e-05
Initial guess from minao.
init E= -3292.84758673169
cycle= 1 E= -3314.62208975787  delta_E= -21.8  |g|=    0  |ddm|= 1.56
cycle= 2 E= -3314.6310749466  delta_E= -0.00899  |g|=    0  |ddm|= 0.327
cycle= 3 E= -3314.63127488508  delta_E= -0.0002  |g|=    0  |ddm|= 0.0771
cycle= 4 E= -3314.63127991812  delta_E= -5.03e-06  |g|=    0  |ddm|= 0.021
cycle= 5 E= -3314.63128039374  delta_E= -4.76e-07  |g|=    0  |ddm|= 0.00754
cycle= 6 E= -3314.63128043659  delta_E= -4.28e-08  |g|=    0  |ddm|= 0.00301
cycle= 7 E= -3314.6312804366  delta_E= -1.27e-11  |g|=    0  |ddm|= 5.01e-05
Extra cycle  E= -3314.6312804366  delta_E= 1.36e-12  |g|=    0  |ddm|= 1.5e-07
Atomic HF for atom  Y  converged. SCF energy = -3314.6312804366

h_PC is added!
******** <class 'pyscf.df.df.DF'> ********
auxbasis = None
max_memory = 4000
Default auxbasis cc-pvdz-jkfit is used for F ccpvdz
ETB for F: l = 0, exps = 0.7794 * 2^n , n = 0..12
ETB for F: l = 1, exps = 0.7355674544186958 * 2^n , n = 0..9
ETB for F: l = 2, exps = 0.6942 * 2^n , n = 0..7
ETB for F: l = 3, exps = 1.5089652083464349 * 2^n , n = 0..3
ETB for F: l = 4, exps = 3.28 * 2^n , n = 0..0
ETB for Y: l = 0, exps = 0.02711994 * 2^n , n = 0..27
ETB for Y: l = 1, exps = 0.03108946222757801 * 2^n , n = 0..22
ETB for Y: l = 2, exps = 0.03564 * 2^n , n = 0..20
ETB for Y: l = 3, exps = 0.10019069114244097 * 2^n , n = 0..14
ETB for Y: l = 4, exps = 0.11485551619317202 * 2^n , n = 0..12
ETB for Y: l = 5, exps = 0.33480544434462234 * 2^n , n = 0..5
ETB for Y: l = 6, exps = 0.37014 * 2^n , n = 0..0
ETB for Er: l = 0, exps = 0.0212004 * 2^n , n = 0..28
ETB for Er: l = 1, exps = 0.061146375391841506 * 2^n , n = 0..23
ETB for Er: l = 2, exps = 0.14551880543215023 * 2^n , n = 0..19
ETB for Er: l = 3, exps = 0.06333041690170688 * 2^n , n = 0..19
ETB for Er: l = 4, exps = 0.1396716934527537 * 2^n , n = 0..16
ETB for Er: l = 5, exps = 0.40284229540368527 * 2^n , n = 0..11
ETB for Er: l = 6, exps = 0.18918236 * 2^n , n = 0..11
ETB for Er: l = 7, exps = 0.41723111713601135 * 2^n , n = 0..8
ETB for Er: l = 8, exps = 0.9201799 * 2^n , n = 0..4
ETB for Li: l = 0, exps = 0.0561 * 2^n , n = 0..12
ETB for Li: l = 1, exps = 0.05192461843865586 * 2^n , n = 0..9
ETB for Li: l = 2, exps = 0.04806 * 2^n , n = 0..6

WARN: Even tempered Gaussians are generated as DF auxbasis for  Y Er Li

_cderi_to_save = /tmp/tmp33qukozt
init E= -27616.2462861471

WARN: HOMO 1.48298530949763 >= LUMO 1.28965042079217

cycle= 1 E= -27849.3502197793  delta_E= -233  |g|= 13.3  |ddm|= 1.24e+03

WARN: HOMO -1.225436596924 >= LUMO -1.25139136990321

cycle= 2 E= -27487.8806917578  delta_E=  361  |g|= 59.1  |ddm|= 1.24e+03

WARN: HOMO -0.206691361449285 >= LUMO -0.697954892522916

cycle= 3 E= -27650.121119712  delta_E= -162  |g|=   46  |ddm|= 4.32
  HOMO = -0.586406470698775  LUMO = -0.554904130575939
cycle= 4 E= -27743.6550637283  delta_E= -93.5  |g|= 34.8  |ddm|= 3.99

WARN: HOMO -0.222936305539138 >= LUMO -0.751412546157893

cycle= 5 E= -27782.1914128013  delta_E= -38.5  |g|= 28.3  |ddm|= 4.54

WARN: HOMO 0.567234898483571 >= LUMO -0.490059576948943

cycle= 6 E= -27786.3933082192  delta_E= -4.2  |g|=   25  |ddm|=  135

WARN: HOMO 0.501476617772868 >= LUMO -0.507876585531988

cycle= 7 E= -27796.9353249578  delta_E= -10.5  |g|= 22.9  |ddm|=  135

WARN: HOMO 0.469583021867376 >= LUMO -0.351988931252538

cycle= 8 E= -27859.514914958  delta_E= -62.6  |g|= 15.3  |ddm|=  538

WARN: HOMO 0.524527029726046 >= LUMO -0.114272204214488

cycle= 9 E= -27862.1884058193  delta_E= -2.67  |g|= 12.4  |ddm|= 28.5
  HOMO = 0.666341021181931  LUMO = 0.678332870993238
cycle= 10 E= -27669.6622538541  delta_E=  193  |g|= 26.9  |ddm|=  725

WARN: HOMO 6.32981626395337 >= LUMO -0.0358915428174884

cycle= 11 E= -27842.9296382605  delta_E= -173  |g|= 12.9  |ddm|=  925

WARN: HOMO 0.700281290080128 >= LUMO 0.0844361218067878

cycle= 12 E= -27861.588226754  delta_E= -18.7  |g|= 9.64  |ddm|=  692

WARN: HOMO 0.533074474272293 >= LUMO 0.198775847343279

cycle= 13 E= -27856.2085478174  delta_E= 5.38  |g|= 8.67  |ddm|=  691

WARN: HOMO 0.723424145321407 >= LUMO 0.0116769507195151

cycle= 14 E= -27875.9126496889  delta_E= -19.7  |g|= 4.14  |ddm|=  183

WARN: HOMO 0.842833272981035 >= LUMO 0.510445178450863

cycle= 15 E= -27879.9196995382  delta_E= -4.01  |g|= 2.12  |ddm|=  183

WARN: HOMO 0.662767541555285 >= LUMO 0.471447405415752

cycle= 16 E= -27879.0916012446  delta_E= 0.828  |g|= 3.44  |ddm|=  734

WARN: HOMO 0.631007487529501 >= LUMO 0.360313827449901

cycle= 17 E= -27879.9114107164  delta_E= -0.82  |g|= 2.33  |ddm|=  732

WARN: HOMO 0.64532991559904 >= LUMO 0.429468302575042

cycle= 18 E= -27879.5094486974  delta_E= 0.402  |g|= 2.93  |ddm|=  744

WARN: HOMO 0.64973241132459 >= LUMO 0.357922208459842

cycle= 19 E= -27880.111297094  delta_E= -0.602  |g|= 2.28  |ddm|=  744

WARN: HOMO 0.622487908298 >= LUMO 0.468095098350843

cycle= 20 E= -27880.2628687345  delta_E= -0.152  |g|= 1.39  |ddm|=  601

WARN: HOMO 0.725908518845474 >= LUMO 0.135110271959265

cycle= 21 E= -27879.5415265577  delta_E= 0.721  |g|= 3.17  |ddm|=  515

WARN: HOMO 0.608411558601218 >= LUMO 0.330210376445441

cycle= 22 E= -27880.6244882842  delta_E= -1.08  |g|= 1.36  |ddm|=  467

WARN: HOMO 0.653039217744269 >= LUMO 0.371479327109721

cycle= 23 E= -27880.6507220842  delta_E= -0.0262  |g|= 2.39  |ddm|=  703

WARN: HOMO 0.626460520776826 >= LUMO 0.435703631013139

cycle= 24 E= -27880.6472607248  delta_E= 0.00346  |g|= 1.46  |ddm|=  722

WARN: HOMO 0.656094343933616 >= LUMO 0.375036168321577

cycle= 25 E= -27880.8279022463  delta_E= -0.181  |g|= 1.69  |ddm|=  728

WARN: HOMO 0.632333856612558 >= LUMO 0.478042612096576

cycle= 26 E= -27880.7646768851  delta_E= 0.0632  |g|=  1.1  |ddm|=  620

WARN: HOMO 0.648666792701131 >= LUMO 0.397101648577552

cycle= 27 E= -27880.7931819614  delta_E= -0.0285  |g|= 2.03  |ddm|=  579

WARN: HOMO 0.631804565340055 >= LUMO 0.405531158596356

cycle= 28 E= -27880.8626559311  delta_E= -0.0695  |g|= 0.79  |ddm|=  548

WARN: HOMO 0.589451429158881 >= LUMO 0.486908780670818

cycle= 29 E= -27881.2686839626  delta_E= -0.406  |g|= 0.352  |ddm|=  534
  HOMO = 0.514930280394332  LUMO = 0.640658531235257
cycle= 30 E= -27881.2588394367  delta_E= 0.00984  |g|= 0.299  |ddm|= 37.8
  HOMO = 0.474035648571329  LUMO = 0.643144774852701
cycle= 31 E= -27881.2536420987  delta_E= 0.0052  |g|= 0.33  |ddm|= 24.3
  HOMO = 0.366183488865353  LUMO = 0.636335889174605
cycle= 32 E= -27881.2919494566  delta_E= -0.0383  |g|= 0.365  |ddm|= 29.3
  HOMO = 0.373811758080674  LUMO = 0.633747206880868
cycle= 33 E= -27881.2893789769  delta_E= 0.00257  |g|= 0.396  |ddm|= 12.2
  HOMO = 0.342736273043473  LUMO = 0.635830967747667
cycle= 34 E= -27881.2929291214  delta_E= -0.00355  |g|= 0.438  |ddm|= 6.37
  HOMO = 0.353197009118694  LUMO = 0.636443770785758
cycle= 35 E= -27881.2940882666  delta_E= -0.00116  |g|= 0.449  |ddm|= 3.77
  HOMO = 0.393863299562869  LUMO = 0.634748353922069
cycle= 36 E= -27881.2952459055  delta_E= -0.00116  |g|= 0.368  |ddm|= 5.53
  HOMO = 0.351187518387777  LUMO = 0.646555353013171
cycle= 37 E= -27881.3082253106  delta_E= -0.013  |g|= 0.091  |ddm|= 7.05
  HOMO = 0.351679827542852  LUMO = 0.642981602219174
cycle= 38 E= -27881.3128107384  delta_E= -0.00459  |g|= 0.0343  |ddm|= 1.76
  HOMO = 0.351746327518631  LUMO = 0.642494292575541
cycle= 39 E= -27881.3134627362  delta_E= -0.000652  |g|= 0.019  |ddm|= 0.751
  HOMO = 0.351791174818788  LUMO = 0.642622701442262
cycle= 40 E= -27881.3137362313  delta_E= -0.000273  |g|= 0.0147  |ddm|= 0.575
  HOMO = 0.3517995208365  LUMO = 0.642558653293005
cycle= 41 E= -27881.3139298517  delta_E= -0.000194  |g|= 0.0133  |ddm|= 0.34
  HOMO = 0.351796549169548  LUMO = 0.642556006860423
cycle= 42 E= -27881.3141215615  delta_E= -0.000192  |g|= 0.0125  |ddm|= 0.258
  HOMO = 0.351793844883013  LUMO = 0.642563581075583
cycle= 43 E= -27881.3145549486  delta_E= -0.000433  |g|= 0.0104  |ddm|= 0.216
  HOMO = 0.351793511347425  LUMO = 0.642542983319982
cycle= 44 E= -27881.3149789733  delta_E= -0.000424  |g|= 0.00891  |ddm|= 0.0939
  HOMO = 0.351794776156773  LUMO = 0.642518294252609
cycle= 45 E= -27881.315355181  delta_E= -0.000376  |g|= 0.008  |ddm|= 0.0801
  HOMO = 0.351793285314114  LUMO = 0.642538122503207
cycle= 46 E= -27881.3155663861  delta_E= -0.000211  |g|= 0.00786  |ddm|= 0.122
  HOMO = 0.351792206322377  LUMO = 0.642538388006363
cycle= 47 E= -27881.3158368166  delta_E= -0.00027  |g|= 0.00726  |ddm|= 0.0791
  HOMO = 0.351791665947223  LUMO = 0.642539923317173
cycle= 48 E= -27881.3160018899  delta_E= -0.000165  |g|= 0.00721  |ddm|= 0.034
  HOMO = 0.351791333574664  LUMO = 0.642537885971658
cycle= 49 E= -27881.3160999427  delta_E= -9.81e-05  |g|= 0.00739  |ddm|= 0.0158
  HOMO = 0.351791447612912  LUMO = 0.642540152430148
cycle= 50 E= -27881.3161013036  delta_E= -1.36e-06  |g|= 0.00791  |ddm|= 0.0167
  HOMO = 0.351790807876638  LUMO = 0.642538202637457
cycle= 51 E= -27881.3162637693  delta_E= -0.000162  |g|= 0.00729  |ddm|= 0.0244
  HOMO = 0.351790414437519  LUMO = 0.642538101874856
cycle= 52 E= -27881.3164228926  delta_E= -0.000159  |g|= 0.0072  |ddm|= 0.0337
  HOMO = 0.351790208652674  LUMO = 0.642538262068043
cycle= 53 E= -27881.3165558059  delta_E= -0.000133  |g|= 0.00729  |ddm|= 0.0177
  HOMO = 0.351790432676651  LUMO = 0.642538379066596
cycle= 54 E= -27881.3164602627  delta_E= 9.55e-05  |g|= 0.00841  |ddm|= 0.0128
  HOMO = 0.351790245755627  LUMO = 0.642538358004041
cycle= 55 E= -27881.3165410786  delta_E= -8.08e-05  |g|= 0.00759  |ddm|= 0.0195
  HOMO = 0.351790278227307  LUMO = 0.642538313882945
cycle= 56 E= -27881.316579374  delta_E= -3.83e-05  |g|= 0.00779  |ddm|= 0.0163
  HOMO = 0.351790300432304  LUMO = 0.6425383309718
cycle= 57 E= -27881.3165880866  delta_E= -8.71e-06  |g|= 0.00794  |ddm|= 0.00767
  HOMO = 0.351790084791362  LUMO = 0.64253839745276
cycle= 58 E= -27881.3166698943  delta_E= -8.18e-05  |g|= 0.00763  |ddm|= 0.0239
  HOMO = 0.351790064998278  LUMO = 0.642538903880484
cycle= 59 E= -27881.3166425988  delta_E= 2.73e-05  |g|= 0.00809  |ddm|= 0.0115
  HOMO = 0.351789920131484  LUMO = 0.64253900640416
cycle= 60 E= -27881.3166741019  delta_E= -3.15e-05  |g|= 0.00781  |ddm|= 0.0121
  HOMO = 0.351789742157258  LUMO = 0.642538968577638
cycle= 61 E= -27881.3167492781  delta_E= -7.52e-05  |g|= 0.0076  |ddm|= 0.0103
  HOMO = 0.351789402429127  LUMO = 0.642539231490674
cycle= 62 E= -27881.3168508734  delta_E= -0.000102  |g|= 0.00749  |ddm|= 0.0169
  HOMO = 0.351789488730654  LUMO = 0.642538996319609
cycle= 63 E= -27881.3168831665  delta_E= -3.23e-05  |g|= 0.00783  |ddm|= 0.0137
  HOMO = 0.351789566019989  LUMO = 0.642538755024832
cycle= 64 E= -27881.3168648068  delta_E= 1.84e-05  |g|= 0.0081  |ddm|= 0.0117
  HOMO = 0.351789744567373  LUMO = 0.642539567937495
cycle= 65 E= -27881.3167900377  delta_E= 7.48e-05  |g|= 0.00835  |ddm|= 0.0163
  HOMO = 0.35178959039514  LUMO = 0.642538064744473
cycle= 66 E= -27881.3168204488  delta_E= -3.04e-05  |g|= 0.00779  |ddm|= 0.0212
  HOMO = 0.351789460116517  LUMO = 0.642538376621078
cycle= 67 E= -27881.3168275655  delta_E= -7.12e-06  |g|= 0.00781  |ddm|= 0.0368
  HOMO = 0.351789345744204  LUMO = 0.642537104509656
cycle= 68 E= -27881.316799857  delta_E= 2.77e-05  |g|= 0.00798  |ddm|= 0.0277
  HOMO = 0.351789194262258  LUMO = 0.642538252863856
cycle= 69 E= -27881.3168761953  delta_E= -7.63e-05  |g|= 0.00747  |ddm|= 0.0297
  HOMO = 0.351788739875083  LUMO = 0.642537287806835
cycle= 70 E= -27881.3170290785  delta_E= -0.000153  |g|= 0.00712  |ddm|= 0.0291
  HOMO = 0.351788842597142  LUMO = 0.642537393361434
cycle= 71 E= -27881.3170371214  delta_E= -8.04e-06  |g|= 0.0077  |ddm|= 0.0166
  HOMO = 0.351788343213268  LUMO = 0.642536626439866
cycle= 72 E= -27881.3172585736  delta_E= -0.000221  |g|= 0.00701  |ddm|= 0.045
  HOMO = 0.351788352723318  LUMO = 0.642536786467048
cycle= 73 E= -27881.3173153166  delta_E= -5.67e-05  |g|= 0.00747  |ddm|= 0.0117
  HOMO = 0.351788494512579  LUMO = 0.642538905360068
cycle= 74 E= -27881.3172402476  delta_E= 7.51e-05  |g|= 0.00809  |ddm|= 0.0473
  HOMO = 0.351789072615582  LUMO = 0.642549655554305
cycle= 75 E= -27881.3167621845  delta_E= 0.000478  |g|= 0.0105  |ddm|= 0.0671
  HOMO = 0.351789227799411  LUMO = 0.642545260031151
cycle= 76 E= -27881.3167244607  delta_E= 3.77e-05  |g|= 0.00807  |ddm|= 0.017
  HOMO = 0.351789356890748  LUMO = 0.642543450425452
cycle= 77 E= -27881.3166282462  delta_E= 9.62e-05  |g|= 0.00808  |ddm|= 0.0302
  HOMO = 0.351789438109292  LUMO = 0.6425417926363
cycle= 78 E= -27881.316626735  delta_E= 1.51e-06  |g|= 0.00763  |ddm|= 0.0112
  HOMO = 0.351789518218208  LUMO = 0.642542224349693
cycle= 79 E= -27881.3165936158  delta_E= 3.31e-05  |g|= 0.00775  |ddm|= 0.0151
  HOMO = 0.351789607418784  LUMO = 0.642539494184705
cycle= 80 E= -27881.3165998468  delta_E= -6.23e-06  |g|= 0.00763  |ddm|= 0.00746
  HOMO = 0.351789590781916  LUMO = 0.64253818200599
cycle= 81 E= -27881.3166605264  delta_E= -6.07e-05  |g|= 0.00745  |ddm|= 0.0203
  HOMO = 0.351789863934519  LUMO = 0.642538491667091
cycle= 82 E= -27881.3165484182  delta_E= 0.000112  |g|= 0.00831  |ddm|= 0.0563
  HOMO = 0.351789869267209  LUMO = 0.642538997171212
cycle= 83 E= -27881.3165435324  delta_E= 4.89e-06  |g|= 0.00779  |ddm|= 0.0141
  HOMO = 0.351789369953448  LUMO = 0.642542401985604
cycle= 84 E= -27881.3167115859  delta_E= -0.000168  |g|= 0.00698  |ddm|= 0.0269
  HOMO = 0.35178925082251  LUMO = 0.642539640003477
cycle= 85 E= -27881.3167856794  delta_E= -7.41e-05  |g|= 0.00725  |ddm|= 0.0133
  HOMO = 0.351789344263766  LUMO = 0.642539679230147
cycle= 86 E= -27881.316763343  delta_E= 2.23e-05  |g|= 0.00773  |ddm|= 0.00415
  HOMO = 0.351789278632008  LUMO = 0.64253917954079
cycle= 87 E= -27881.3167805233  delta_E= -1.72e-05  |g|= 0.00753  |ddm|= 0.00583
  HOMO = 0.351789278843334  LUMO = 0.642539529500199
cycle= 88 E= -27881.3167812272  delta_E= -7.04e-07  |g|= 0.00761  |ddm|= 0.00162
  HOMO = 0.351789276952457  LUMO = 0.642541532790055
cycle= 89 E= -27881.3168360613  delta_E= -5.48e-05  |g|= 0.00748  |ddm|= 0.0222
  HOMO = 0.351789258736202  LUMO = 0.642539910018838
cycle= 90 E= -27881.3168896129  delta_E= -5.36e-05  |g|= 0.00755  |ddm|= 0.0396
  HOMO = 0.351789287618059  LUMO = 0.642540320608597
cycle= 91 E= -27881.316897517  delta_E= -7.9e-06  |g|= 0.00777  |ddm|= 0.00221
  HOMO = 0.351788813090775  LUMO = 0.64253939281075
cycle= 92 E= -27881.3169272155  delta_E= -2.97e-05  |g|= 0.0076  |ddm|= 0.0388
  HOMO = 0.35178816403409  LUMO = 0.642545563808644
cycle= 93 E= -27881.3166100056  delta_E= 0.000317  |g|= 0.00936  |ddm|= 0.0608
  HOMO = 0.351788574140974  LUMO = 0.642541147834813
cycle= 94 E= -27881.3167477592  delta_E= -0.000138  |g|= 0.00719  |ddm|= 0.0304
  HOMO = 0.351787419808354  LUMO = 0.642544198729123
cycle= 95 E= -27881.3164577145  delta_E= 0.00029  |g|= 0.00926  |ddm|= 0.0883
  HOMO = 0.351787240580222  LUMO = 0.642541657598351
cycle= 96 E= -27881.3163326967  delta_E= 0.000125  |g|= 0.00792  |ddm|= 0.0412
  HOMO = 0.351786876158385  LUMO = 0.642541476068365
cycle= 97 E= -27881.3161990739  delta_E= 0.000134  |g|= 0.00792  |ddm|= 0.0435
  HOMO = 0.351786659801398  LUMO = 0.642542857632
cycle= 98 E= -27881.3161965637  delta_E= 2.51e-06  |g|= 0.0067  |ddm|= 0.111
  HOMO = 0.351786320992166  LUMO = 0.64254548251748
cycle= 99 E= -27881.3161856417  delta_E= 1.09e-05  |g|= 0.00648  |ddm|= 0.0783
  HOMO = 0.351786206600741  LUMO = 0.642541205888404
cycle= 100 E= -27881.3161983179  delta_E= -1.27e-05  |g|= 0.006  |ddm|= 0.0275
  HOMO = 0.351785632558665  LUMO = 0.642539711358058
cycle= 101 E= -27881.3160931618  delta_E= 0.000105  |g|= 0.00672  |ddm|= 0.0434
  HOMO = 0.351785009524267  LUMO = 0.642540317830397
cycle= 102 E= -27881.3161102617  delta_E= -1.71e-05  |g|= 0.00625  |ddm|= 0.0476
  HOMO = 0.351785377089638  LUMO = 0.642539728531316
cycle= 103 E= -27881.3160488285  delta_E= 6.14e-05  |g|= 0.0063  |ddm|= 0.0469
  HOMO = 0.351785655716458  LUMO = 0.642540288654741
cycle= 104 E= -27881.3161594381  delta_E= -0.000111  |g|= 0.00544  |ddm|= 0.0461
  HOMO = 0.351785131346103  LUMO = 0.642538829240577
cycle= 105 E= -27881.3161900054  delta_E= -3.06e-05  |g|= 0.00574  |ddm|= 0.0336
  HOMO = 0.351784842329702  LUMO = 0.642539059705086
cycle= 106 E= -27881.3162139348  delta_E= -2.39e-05  |g|= 0.00568  |ddm|= 0.0238
  HOMO = 0.351784818866988  LUMO = 0.642538759399825
cycle= 107 E= -27881.3162445606  delta_E= -3.06e-05  |g|= 0.0054  |ddm|= 0.0212
  HOMO = 0.351784651513016  LUMO = 0.642538941526727
cycle= 108 E= -27881.3161902855  delta_E= 5.43e-05  |g|= 0.00572  |ddm|= 0.0205
  HOMO = 0.351784854625172  LUMO = 0.642539821601915
cycle= 109 E= -27881.3162173505  delta_E= -2.71e-05  |g|= 0.0054  |ddm|= 0.0241
  HOMO = 0.351785203843787  LUMO = 0.642541070413465
cycle= 110 E= -27881.3163540564  delta_E= -0.000137  |g|= 0.00517  |ddm|= 0.0477
  HOMO = 0.35178525889385  LUMO = 0.642540910887527
cycle= 111 E= -27881.3164007517  delta_E= -4.67e-05  |g|= 0.00539  |ddm|= 0.0134
  HOMO = 0.351784881010179  LUMO = 0.642538521422914
cycle= 112 E= -27881.3161873049  delta_E= 0.000213  |g|= 0.00652  |ddm|= 0.0422
  HOMO = 0.351784317842214  LUMO = 0.642538145172695
cycle= 113 E= -27881.3159583695  delta_E= 0.000229  |g|= 0.00695  |ddm|= 0.0436
  HOMO = 0.351784272818626  LUMO = 0.642539011866027
cycle= 114 E= -27881.3158786495  delta_E= 7.97e-05  |g|= 0.00582  |ddm|= 0.025
  HOMO = 0.351784183137264  LUMO = 0.642538600792978
cycle= 115 E= -27881.3157892881  delta_E= 8.94e-05  |g|= 0.00572  |ddm|= 0.0252
  HOMO = 0.351784632987003  LUMO = 0.642535821763456
cycle= 116 E= -27881.3157392174  delta_E= 5.01e-05  |g|= 0.00555  |ddm|= 0.0371
  HOMO = 0.351784696638804  LUMO = 0.642534223666731
cycle= 117 E= -27881.3156219989  delta_E= 0.000117  |g|= 0.00607  |ddm|= 0.0367
  HOMO = 0.351784729966339  LUMO = 0.642538260672252
cycle= 118 E= -27881.3156458382  delta_E= -2.38e-05  |g|= 0.00496  |ddm|= 0.0723
  HOMO = 0.351784404310186  LUMO = 0.642539290455053
cycle= 119 E= -27881.3155979571  delta_E= 4.79e-05  |g|= 0.00464  |ddm|= 0.0629
  HOMO = 0.351784427925103  LUMO = 0.642538043228758
cycle= 120 E= -27881.3154664395  delta_E= 0.000132  |g|= 0.00559  |ddm|= 0.052
  HOMO = 0.351784362549842  LUMO = 0.642538088327016
cycle= 121 E= -27881.3153265764  delta_E= 0.00014  |g|= 0.00641  |ddm|= 0.0582
  HOMO = 0.351784604256124  LUMO = 0.642542112153054
cycle= 122 E= -27881.3153627989  delta_E= -3.62e-05  |g|= 0.00469  |ddm|= 0.0748
  HOMO = 0.351784704118965  LUMO = 0.642543478470176
cycle= 123 E= -27881.3153789887  delta_E= -1.62e-05  |g|= 0.00395  |ddm|= 0.0565
  HOMO = 0.35178504141921  LUMO = 0.642539922564836
cycle= 124 E= -27881.3154107396  delta_E= -3.18e-05  |g|= 0.00355  |ddm|= 0.0401
  HOMO = 0.351785119158919  LUMO = 0.642540482130989
cycle= 125 E= -27881.3153851514  delta_E= 2.56e-05  |g|= 0.00404  |ddm|= 0.0239
  HOMO = 0.351785218759261  LUMO = 0.642538417123946
cycle= 126 E= -27881.3154156451  delta_E= -3.05e-05  |g|= 0.00358  |ddm|= 0.0523
  HOMO = 0.351785310158452  LUMO = 0.642541047501508
cycle= 127 E= -27881.3153936299  delta_E= 2.2e-05  |g|= 0.00414  |ddm|= 0.0328
  HOMO = 0.351785285617059  LUMO = 0.642540119136651
cycle= 128 E= -27881.3153844955  delta_E= 9.13e-06  |g|= 0.00365  |ddm|= 0.03
  HOMO = 0.351785414913507  LUMO = 0.642539327548453
cycle= 129 E= -27881.3154350611  delta_E= -5.06e-05  |g|= 0.00319  |ddm|= 0.0226
  HOMO = 0.351785512391225  LUMO = 0.642539197175387
cycle= 130 E= -27881.3154520942  delta_E= -1.7e-05  |g|= 0.00337  |ddm|= 0.0198
  HOMO = 0.351785699039519  LUMO = 0.642539541349542
cycle= 131 E= -27881.3154850104  delta_E= -3.29e-05  |g|= 0.00355  |ddm|= 0.0201
  HOMO = 0.351785611048509  LUMO = 0.642539128246084
cycle= 132 E= -27881.3154977622  delta_E= -1.28e-05  |g|= 0.00331  |ddm|= 0.0313
  HOMO = 0.351785715064597  LUMO = 0.642539541759719
cycle= 133 E= -27881.3155352355  delta_E= -3.75e-05  |g|= 0.00321  |ddm|= 0.0177
  HOMO = 0.351785686809532  LUMO = 0.642539598481882
cycle= 134 E= -27881.3155545643  delta_E= -1.93e-05  |g|= 0.0032  |ddm|= 0.00864
  HOMO = 0.351785729320844  LUMO = 0.642539074545961
cycle= 135 E= -27881.3155376106  delta_E= 1.7e-05  |g|= 0.0036  |ddm|= 0.0273
  HOMO = 0.351785636350798  LUMO = 0.642538911827276
cycle= 136 E= -27881.3155551946  delta_E= -1.76e-05  |g|= 0.00341  |ddm|= 0.0154
  HOMO = 0.351785641723102  LUMO = 0.642539408705312
cycle= 137 E= -27881.3155678936  delta_E= -1.27e-05  |g|= 0.00332  |ddm|= 0.0168
  HOMO = 0.351785663382683  LUMO = 0.642539478850593
cycle= 138 E= -27881.3155704993  delta_E= -2.61e-06  |g|= 0.00343  |ddm|= 0.00851
  HOMO = 0.351785762348865  LUMO = 0.642540094555312
cycle= 139 E= -27881.3155516927  delta_E= 1.88e-05  |g|= 0.0037  |ddm|= 0.00928
  HOMO = 0.351785758872133  LUMO = 0.642540419958967
cycle= 140 E= -27881.3155860056  delta_E= -3.43e-05  |g|= 0.00321  |ddm|= 0.0121
  HOMO = 0.351785758421106  LUMO = 0.642540133300106
cycle= 141 E= -27881.3155870043  delta_E= -9.99e-07  |g|= 0.00339  |ddm|= 0.0163
  HOMO = 0.351785851077006  LUMO = 0.642540207582981
cycle= 142 E= -27881.3155943684  delta_E= -7.36e-06  |g|= 0.00345  |ddm|= 0.00827
  HOMO = 0.351785733566364  LUMO = 0.642539245432963
cycle= 143 E= -27881.3156384052  delta_E= -4.4e-05  |g|= 0.00316  |ddm|= 0.0327
  HOMO = 0.351785812805698  LUMO = 0.642540014108124
cycle= 144 E= -27881.3156574234  delta_E= -1.9e-05  |g|= 0.00337  |ddm|= 0.00924
  HOMO = 0.351785881547363  LUMO = 0.642539636361032
cycle= 145 E= -27881.3156224391  delta_E= 3.5e-05  |g|= 0.00389  |ddm|= 0.0156
  HOMO = 0.351785954281645  LUMO = 0.642539758094602
cycle= 146 E= -27881.3155960592  delta_E= 2.64e-05  |g|= 0.00382  |ddm|= 0.0106
  HOMO = 0.351786036038704  LUMO = 0.642540136824575
cycle= 147 E= -27881.3155468185  delta_E= 4.92e-05  |g|= 0.00401  |ddm|= 0.0166
  HOMO = 0.351785991393215  LUMO = 0.642539897756673
cycle= 148 E= -27881.3155233754  delta_E= 2.34e-05  |g|= 0.00365  |ddm|= 0.0137
  HOMO = 0.351786085791773  LUMO = 0.642538152460009
cycle= 149 E= -27881.3155389695  delta_E= -1.56e-05  |g|= 0.00326  |ddm|= 0.031
  HOMO = 0.351786263614763  LUMO = 0.642538126337403
cycle= 150 E= -27881.3154822391  delta_E= 5.67e-05  |g|= 0.00423  |ddm|= 0.0319
  HOMO = 0.351786189690891  LUMO = 0.642538898922535
cycle= 151 E= -27881.3154420615  delta_E= 4.02e-05  |g|= 0.0037  |ddm|= 0.0276
  HOMO = 0.351786237687448  LUMO = 0.642539248141676
cycle= 152 E= -27881.3153869061  delta_E= 5.52e-05  |g|= 0.00415  |ddm|= 0.0466
  HOMO = 0.351786388457985  LUMO = 0.642540488501747
cycle= 153 E= -27881.3153660222  delta_E= 2.09e-05  |g|= 0.00382  |ddm|= 0.0444
  HOMO = 0.351786264454527  LUMO = 0.642541582359175
cycle= 154 E= -27881.3153680392  delta_E= -2.02e-06  |g|= 0.00275  |ddm|= 0.0235
  HOMO = 0.351786430508842  LUMO = 0.642540738042132
cycle= 155 E= -27881.3153533452  delta_E= 1.47e-05  |g|= 0.00335  |ddm|= 0.0677
  HOMO = 0.351786446626584  LUMO = 0.64254133275876
cycle= 156 E= -27881.315362425  delta_E= -9.08e-06  |g|= 0.00276  |ddm|= 0.0347
  HOMO = 0.351786474449751  LUMO = 0.642540285462708
cycle= 157 E= -27881.3153740957  delta_E= -1.17e-05  |g|= 0.00206  |ddm|= 0.0196
  HOMO = 0.351786621426303  LUMO = 0.642539168868851
cycle= 158 E= -27881.315390914  delta_E= -1.68e-05  |g|= 0.00273  |ddm|= 0.0326
  HOMO = 0.351786693028594  LUMO = 0.642539814575476
cycle= 159 E= -27881.3154149248  delta_E= -2.4e-05  |g|= 0.00217  |ddm|= 0.0245
  HOMO = 0.351786705522649  LUMO = 0.642539713597493
cycle= 160 E= -27881.3154242377  delta_E= -9.31e-06  |g|= 0.00204  |ddm|= 0.0163
  HOMO = 0.351786755218802  LUMO = 0.642539523065891
cycle= 161 E= -27881.315439995  delta_E= -1.58e-05  |g|= 0.00188  |ddm|= 0.0117
  HOMO = 0.351786830490488  LUMO = 0.642540985029144
cycle= 162 E= -27881.3154628661  delta_E= -2.29e-05  |g|= 0.00187  |ddm|= 0.0154
  HOMO = 0.351786818667842  LUMO = 0.642540146608219
cycle= 163 E= -27881.3154622664  delta_E= 6e-07  |g|= 0.00196  |ddm|= 0.00886
  HOMO = 0.351786850577084  LUMO = 0.642540087556563
cycle= 164 E= -27881.3154691902  delta_E= -6.92e-06  |g|= 0.00183  |ddm|= 0.00521
  HOMO = 0.351786843910802  LUMO = 0.642540063342326
cycle= 165 E= -27881.3154710231  delta_E= -1.83e-06  |g|= 0.00187  |ddm|= 0.013
  HOMO = 0.351786884853936  LUMO = 0.642540171900301
cycle= 166 E= -27881.3154786466  delta_E= -7.62e-06  |g|= 0.00178  |ddm|= 0.0118
  HOMO = 0.35178693419852  LUMO = 0.642540136839063
cycle= 167 E= -27881.3154869669  delta_E= -8.32e-06  |g|= 0.00173  |ddm|= 0.0126
  HOMO = 0.351787063916404  LUMO = 0.642540353291394
cycle= 168 E= -27881.3155188883  delta_E= -3.19e-05  |g|= 0.00173  |ddm|= 0.0236
  HOMO = 0.351787111165076  LUMO = 0.642540416726594
cycle= 169 E= -27881.3155317447  delta_E= -1.29e-05  |g|= 0.00161  |ddm|= 0.0151
  HOMO = 0.35178715025323  LUMO = 0.642540418154186
cycle= 170 E= -27881.3155404704  delta_E= -8.73e-06  |g|= 0.00163  |ddm|= 0.0104
  HOMO = 0.35178723522332  LUMO = 0.642540513192279
cycle= 171 E= -27881.3155590641  delta_E= -1.86e-05  |g|= 0.00156  |ddm|= 0.0115
  HOMO = 0.351787275490874  LUMO = 0.642540552756725
cycle= 172 E= -27881.3155755451  delta_E= -1.65e-05  |g|= 0.00157  |ddm|= 0.0101
  HOMO = 0.351787338615474  LUMO = 0.642540635210432
cycle= 173 E= -27881.3155888209  delta_E= -1.33e-05  |g|= 0.00156  |ddm|= 0.00991
  HOMO = 0.351787321462653  LUMO = 0.642540620332957
cycle= 174 E= -27881.3155883891  delta_E= 4.32e-07  |g|= 0.00174  |ddm|= 0.00302
  HOMO = 0.351787326688169  LUMO = 0.642540631301161
cycle= 175 E= -27881.3155896929  delta_E= -1.3e-06  |g|= 0.00172  |ddm|= 0.00261
  HOMO = 0.351787347190884  LUMO = 0.642540663981842
cycle= 176 E= -27881.3155944677  delta_E= -4.77e-06  |g|= 0.00165  |ddm|= 0.00403
  HOMO = 0.351787327977781  LUMO = 0.642540622769561
cycle= 177 E= -27881.3155929494  delta_E= 1.52e-06  |g|= 0.00177  |ddm|= 0.00408
  HOMO = 0.351787369034489  LUMO = 0.642540675369916
cycle= 178 E= -27881.3156035039  delta_E= -1.06e-05  |g|= 0.00158  |ddm|= 0.00635
  HOMO = 0.351787388110947  LUMO = 0.642540714472296
cycle= 179 E= -27881.3156126917  delta_E= -9.19e-06  |g|= 0.00159  |ddm|= 0.00542
  HOMO = 0.351787404163782  LUMO = 0.642540758592008
cycle= 180 E= -27881.3156208179  delta_E= -8.13e-06  |g|= 0.0016  |ddm|= 0.00467
  HOMO = 0.351787404865083  LUMO = 0.642540769409501
cycle= 181 E= -27881.3156234091  delta_E= -2.59e-06  |g|= 0.00169  |ddm|= 0.00152
  HOMO = 0.351787396237942  LUMO = 0.642540747823655
cycle= 182 E= -27881.3156207981  delta_E= 2.61e-06  |g|= 0.00179  |ddm|= 0.00194
  HOMO = 0.351787423514888  LUMO = 0.642540773714999
cycle= 183 E= -27881.3156245111  delta_E= -3.71e-06  |g|= 0.00168  |ddm|= 0.00237
  HOMO = 0.351787420650289  LUMO = 0.642540768834414
cycle= 184 E= -27881.3156246733  delta_E= -1.62e-07  |g|= 0.00174  |ddm|= 0.00108
  HOMO = 0.351787442687811  LUMO = 0.642540791565439
cycle= 185 E= -27881.3156299223  delta_E= -5.25e-06  |g|= 0.00165  |ddm|= 0.00335
  HOMO = 0.3517874434852  LUMO = 0.642540795916289
cycle= 186 E= -27881.3156316272  delta_E= -1.7e-06  |g|= 0.00171  |ddm|= 0.00104
  HOMO = 0.351787432449346  LUMO = 0.642540772776181
cycle= 187 E= -27881.3156283734  delta_E= 3.25e-06  |g|= 0.00181  |ddm|= 0.00198
  HOMO = 0.351787429902772  LUMO = 0.642540769922328
cycle= 188 E= -27881.3156270927  delta_E= 1.28e-06  |g|= 0.00177  |ddm|= 0.00112
  HOMO = 0.3517874314144  LUMO = 0.642540775006439
cycle= 189 E= -27881.3156287095  delta_E= -1.62e-06  |g|= 0.00171  |ddm|= 0.00134
  HOMO = 0.351787445712111  LUMO = 0.642540802006774
cycle= 190 E= -27881.3156330519  delta_E= -4.34e-06  |g|= 0.00166  |ddm|= 0.00276
  HOMO = 0.351787447054409  LUMO = 0.642540803967548
cycle= 191 E= -27881.3156347668  delta_E= -1.71e-06  |g|= 0.00171  |ddm|= 0.00102
  HOMO = 0.351787404880741  LUMO = 0.642540718304287
cycle= 192 E= -27881.3156169157  delta_E= 1.79e-05  |g|= 0.00218  |ddm|= 0.0102
  HOMO = 0.351787372173025  LUMO = 0.642540651971472
cycle= 193 E= -27881.3155978016  delta_E= 1.91e-05  |g|= 0.00223  |ddm|= 0.011
  HOMO = 0.351787380086203  LUMO = 0.642540666172402
cycle= 194 E= -27881.3155969854  delta_E= 8.16e-07  |g|= 0.00176  |ddm|= 0.000649
  HOMO = 0.351787377904885  LUMO = 0.642540647465832
cycle= 195 E= -27881.3155929488  delta_E= 4.04e-06  |g|= 0.00182  |ddm|= 0.00381
  HOMO = 0.351787340633992  LUMO = 0.642540501828837
cycle= 196 E= -27881.3155661254  delta_E= 2.68e-05  |g|= 0.00247  |ddm|= 0.0166
  HOMO = 0.351787348927915  LUMO = 0.642540477703654
cycle= 197 E= -27881.315549616  delta_E= 1.65e-05  |g|= 0.0022  |ddm|= 0.0111
  HOMO = 0.351787372511201  LUMO = 0.642540538847249
cycle= 198 E= -27881.3155567996  delta_E= -7.18e-06  |g|= 0.00161  |ddm|= 0.0083
  HOMO = 0.351787299978846  LUMO = 0.642540360699887
cycle= 199 E= -27881.3155228946  delta_E= 3.39e-05  |g|= 0.00267  |ddm|= 0.0204
  HOMO = 0.351787379377577  LUMO = 0.642540377301613
cycle= 200 E= -27881.3155249047  delta_E= -2.01e-06  |g|= 0.00177  |ddm|= 0.00752
  HOMO = 0.351787337250441  LUMO = 0.642540231358887
cycle= 201 E= -27881.315494394  delta_E= 3.05e-05  |g|= 0.00261  |ddm|= 0.0196
  HOMO = 0.351787403077621  LUMO = 0.642540118190743
cycle= 202 E= -27881.3154503302  delta_E= 4.41e-05  |g|= 0.0034  |ddm|= 0.0348
  HOMO = 0.351787465454793  LUMO = 0.642540173879026
cycle= 203 E= -27881.3154572012  delta_E= -6.87e-06  |g|= 0.00168  |ddm|= 0.0115
  HOMO = 0.351787423398578  LUMO = 0.642539850095425
cycle= 204 E= -27881.3153954518  delta_E= 6.17e-05  |g|= 0.00411  |ddm|= 0.0471
  HOMO = 0.351787464152935  LUMO = 0.64253990748851
cycle= 205 E= -27881.3153964615  delta_E= -1.01e-06  |g|= 0.00171  |ddm|= 0.00893
  HOMO = 0.351787440535392  LUMO = 0.642539946063488
cycle= 206 E= -27881.3154231938  delta_E= -2.67e-05  |g|= 0.00165  |ddm|= 0.0204
  HOMO = 0.351787492664213  LUMO = 0.642539683152187
cycle= 207 E= -27881.3153946462  delta_E= 2.85e-05  |g|= 0.00265  |ddm|= 0.0234
  HOMO = 0.351787599852522  LUMO = 0.642539367064611
cycle= 208 E= -27881.3153536197  delta_E= 4.1e-05  |g|= 0.00373  |ddm|= 0.0386
  HOMO = 0.351787581117275  LUMO = 0.642539701683169
cycle= 209 E= -27881.315388529  delta_E= -3.49e-05  |g|= 0.00186  |ddm|= 0.028
  HOMO = 0.351787717138149  LUMO = 0.642539270893588
cycle= 210 E= -27881.3153549926  delta_E= 3.35e-05  |g|= 0.00331  |ddm|= 0.0359
  HOMO = 0.351787663621476  LUMO = 0.642539405707379
cycle= 211 E= -27881.3153642087  delta_E= -9.22e-06  |g|= 0.00135  |ddm|= 0.0111
  HOMO = 0.351787662772576  LUMO = 0.642539460452239
cycle= 212 E= -27881.3153712185  delta_E= -7.01e-06  |g|= 0.00135  |ddm|= 0.0122
  HOMO = 0.351787689708924  LUMO = 0.642539368215772
cycle= 213 E= -27881.3153672968  delta_E= 3.92e-06  |g|= 0.0016  |ddm|= 0.00607
  HOMO = 0.351787685498539  LUMO = 0.642539388696606
cycle= 214 E= -27881.3153669658  delta_E= 3.31e-07  |g|= 0.00147  |ddm|= 0.00171
  HOMO = 0.351787698692857  LUMO = 0.642539246904454
cycle= 215 E= -27881.3153611511  delta_E= 5.81e-06  |g|= 0.00163  |ddm|= 0.00653
  HOMO = 0.351787623190076  LUMO = 0.642539519302232
cycle= 216 E= -27881.3153762209  delta_E= -1.51e-05  |g|= 0.00163  |ddm|= 0.0176
  HOMO = 0.351787622397918  LUMO = 0.642539529114579
cycle= 217 E= -27881.3153799216  delta_E= -3.7e-06  |g|= 0.0014  |ddm|= 0.00427
  HOMO = 0.351787694630948  LUMO = 0.642539134903925
cycle= 218 E= -27881.3153669692  delta_E= 1.3e-05  |g|= 0.00206  |ddm|= 0.0168
  HOMO = 0.351787682580621  LUMO = 0.642539429958907
cycle= 219 E= -27881.3153693667  delta_E= -2.4e-06  |g|= 0.00145  |ddm|= 0.00933
  HOMO = 0.351787716318842  LUMO = 0.642539377708735
cycle= 220 E= -27881.3153636247  delta_E= 5.74e-06  |g|= 0.00169  |ddm|= 0.00806
  HOMO = 0.351787720349801  LUMO = 0.642539333070219
cycle= 221 E= -27881.3153645275  delta_E= -9.03e-07  |g|= 0.00146  |ddm|= 0.00793
  HOMO = 0.351787751024291  LUMO = 0.642539133834861
cycle= 222 E= -27881.3153607786  delta_E= 3.75e-06  |g|= 0.00169  |ddm|= 0.0202
  HOMO = 0.351787762009269  LUMO = 0.64253913874066
cycle= 223 E= -27881.3153664288  delta_E= -5.65e-06  |g|= 0.00138  |ddm|= 0.01
  HOMO = 0.351787743290486  LUMO = 0.642539180578199
cycle= 224 E= -27881.3153744995  delta_E= -8.07e-06  |g|= 0.00136  |ddm|= 0.00795
  HOMO = 0.351787762629451  LUMO = 0.642539126298199
cycle= 225 E= -27881.3153667686  delta_E= 7.73e-06  |g|= 0.00174  |ddm|= 0.00686
  HOMO = 0.351787653159014  LUMO = 0.64253934916409
cycle= 226 E= -27881.31537263  delta_E= -5.86e-06  |g|= 0.00179  |ddm|= 0.0163
  HOMO = 0.351787641340885  LUMO = 0.642539374822763
cycle= 227 E= -27881.315374196  delta_E= -1.57e-06  |g|= 0.00148  |ddm|= 0.00527
  HOMO = 0.351787666796175  LUMO = 0.642539287746788
cycle= 228 E= -27881.3153680185  delta_E= 6.18e-06  |g|= 0.00166  |ddm|= 0.00581
  HOMO = 0.351787647228942  LUMO = 0.642539416898192
cycle= 229 E= -27881.3153783965  delta_E= -1.04e-05  |g|= 0.00133  |ddm|= 0.00884
  HOMO = 0.351787660688207  LUMO = 0.642539428152729
cycle= 230 E= -27881.3153816103  delta_E= -3.21e-06  |g|= 0.00139  |ddm|= 0.00902
  HOMO = 0.351787658418351  LUMO = 0.642539459147741
cycle= 231 E= -27881.3153840251  delta_E= -2.41e-06  |g|= 0.00141  |ddm|= 0.0044
  HOMO = 0.351787650042393  LUMO = 0.642539460492551
cycle= 232 E= -27881.3153861421  delta_E= -2.12e-06  |g|= 0.00143  |ddm|= 0.00364
  HOMO = 0.351787642959838  LUMO = 0.642539486633154
cycle= 233 E= -27881.3153878045  delta_E= -1.66e-06  |g|= 0.00146  |ddm|= 0.00854
  HOMO = 0.351787643200848  LUMO = 0.642539483501572
cycle= 234 E= -27881.3153904555  delta_E= -2.65e-06  |g|= 0.00142  |ddm|= 0.00744
  HOMO = 0.351787658129971  LUMO = 0.642539468555379
cycle= 235 E= -27881.3153904209  delta_E= 3.46e-08  |g|= 0.00149  |ddm|= 0.00242
  HOMO = 0.35178766028024  LUMO = 0.642539499469316
cycle= 236 E= -27881.3153932668  delta_E= -2.85e-06  |g|= 0.00142  |ddm|= 0.00262
  HOMO = 0.351787671207499  LUMO = 0.642539464978213
cycle= 237 E= -27881.3153929184  delta_E= 3.48e-07  |g|= 0.0015  |ddm|= 0.00217
  HOMO = 0.351787664847291  LUMO = 0.642539519630621
cycle= 238 E= -27881.3153984207  delta_E= -5.5e-06  |g|= 0.0014  |ddm|= 0.0108
  HOMO = 0.351787664466153  LUMO = 0.642539549743566
cycle= 239 E= -27881.3154002668  delta_E= -1.85e-06  |g|= 0.00145  |ddm|= 0.00606
  HOMO = 0.351787660229582  LUMO = 0.642539568272881
cycle= 240 E= -27881.3154038735  delta_E= -3.61e-06  |g|= 0.00147  |ddm|= 0.013
  HOMO = 0.351787662423102  LUMO = 0.642539600348982
cycle= 241 E= -27881.3154070983  delta_E= -3.22e-06  |g|= 0.00146  |ddm|= 0.00467
  HOMO = 0.351787656858378  LUMO = 0.642539541363016
cycle= 242 E= -27881.3154000569  delta_E= 7.04e-06  |g|= 0.00173  |ddm|= 0.00804
  HOMO = 0.35178767131368  LUMO = 0.642539683072517
cycle= 243 E= -27881.315397275  delta_E= 2.78e-06  |g|= 0.00172  |ddm|= 0.0085
  HOMO = 0.351787666099899  LUMO = 0.642539550608711
cycle= 244 E= -27881.3154001619  delta_E= -2.89e-06  |g|= 0.00149  |ddm|= 0.0102
  HOMO = 0.351787696273162  LUMO = 0.642539621874934
cycle= 245 E= -27881.3154029861  delta_E= -2.82e-06  |g|= 0.00147  |ddm|= 0.00815
  HOMO = 0.351787703489635  LUMO = 0.642539630702624
cycle= 246 E= -27881.315405697  delta_E= -2.71e-06  |g|= 0.00143  |ddm|= 0.00495
  HOMO = 0.351787702288515  LUMO = 0.642539674476088
cycle= 247 E= -27881.3154073576  delta_E= -1.66e-06  |g|= 0.00145  |ddm|= 0.00939
  HOMO = 0.351787720276353  LUMO = 0.642539744812332
cycle= 248 E= -27881.315411657  delta_E= -4.3e-06  |g|= 0.00142  |ddm|= 0.0094
  HOMO = 0.351787723234012  LUMO = 0.642539759464447
cycle= 249 E= -27881.3154143672  delta_E= -2.71e-06  |g|= 0.00142  |ddm|= 0.00251
  HOMO = 0.351787700024453  LUMO = 0.64253963916068
cycle= 250 E= -27881.31540646  delta_E= 7.91e-06  |g|= 0.00174  |ddm|= 0.00708
  HOMO = 0.351787679870666  LUMO = 0.64253956764181
cycle= 251 E= -27881.3154058171  delta_E= 6.43e-07  |g|= 0.00156  |ddm|= 0.00746
  HOMO = 0.351787705137978  LUMO = 0.642539657185316
cycle= 252 E= -27881.3154158625  delta_E= -1e-05  |g|= 0.00137  |ddm|= 0.008
  HOMO = 0.351787717606526  LUMO = 0.642539653159767
cycle= 253 E= -27881.3154192563  delta_E= -3.39e-06  |g|= 0.00146  |ddm|= 0.00645
  HOMO = 0.351787722525808  LUMO = 0.64253967043252
cycle= 254 E= -27881.3154226192  delta_E= -3.36e-06  |g|= 0.00146  |ddm|= 0.00251
  HOMO = 0.351787731824783  LUMO = 0.642539723996305
cycle= 255 E= -27881.3154237126  delta_E= -1.09e-06  |g|= 0.00151  |ddm|= 0.00234
  HOMO = 0.351787727260053  LUMO = 0.642539654068013
cycle= 256 E= -27881.3154172783  delta_E= 6.43e-06  |g|= 0.00171  |ddm|= 0.00841
  HOMO = 0.351787710881321  LUMO = 0.642539410282889
cycle= 257 E= -27881.315395149  delta_E= 2.21e-05  |g|= 0.00225  |ddm|= 0.019
  HOMO = 0.351787696345338  LUMO = 0.642539288222486
cycle= 258 E= -27881.3153826825  delta_E= 1.25e-05  |g|= 0.00192  |ddm|= 0.0104
  HOMO = 0.351787666608878  LUMO = 0.642539555558006
cycle= 259 E= -27881.3153872732  delta_E= -4.59e-06  |g|= 0.00142  |ddm|= 0.0149
  HOMO = 0.351787590519214  LUMO = 0.64253959808862
cycle= 260 E= -27881.3153527526  delta_E= 3.45e-05  |g|= 0.00278  |ddm|= 0.0262
  HOMO = 0.351787582347259  LUMO = 0.642539599488357
cycle= 261 E= -27881.3153443471  delta_E= 8.41e-06  |g|= 0.00172  |ddm|= 0.00814
  HOMO = 0.351787560185585  LUMO = 0.64253966631065
cycle= 262 E= -27881.3153493493  delta_E= -5e-06  |g|= 0.00123  |ddm|= 0.0171
  HOMO = 0.351787564708221  LUMO = 0.642539710968716
cycle= 263 E= -27881.3153451532  delta_E= 4.2e-06  |g|= 0.00144  |ddm|= 0.00674
  HOMO = 0.351787527713356  LUMO = 0.642539685056659
cycle= 264 E= -27881.3153333158  delta_E= 1.18e-05  |g|= 0.00178  |ddm|= 0.0116
  HOMO = 0.351787481646888  LUMO = 0.642539674744304
cycle= 265 E= -27881.3153276078  delta_E= 5.71e-06  |g|= 0.00158  |ddm|= 0.00922
  HOMO = 0.351787468857736  LUMO = 0.642539704347479
cycle= 266 E= -27881.3153273016  delta_E= 3.06e-07  |g|= 0.00128  |ddm|= 0.00378
  HOMO = 0.351787449254271  LUMO = 0.642539759862805
cycle= 267 E= -27881.3153299545  delta_E= -2.65e-06  |g|= 0.00118  |ddm|= 0.00408
  HOMO = 0.35178742781578  LUMO = 0.642539867054132
cycle= 268 E= -27881.315335731  delta_E= -5.78e-06  |g|= 0.0011  |ddm|= 0.00589
  HOMO = 0.351787361172201  LUMO = 0.642539964981363
cycle= 269 E= -27881.3153416831  delta_E= -5.95e-06  |g|= 0.00112  |ddm|= 0.00824
  HOMO = 0.35178734735539  LUMO = 0.642539970673586
cycle= 270 E= -27881.3153459576  delta_E= -4.27e-06  |g|= 0.00113  |ddm|= 0.00753
  HOMO = 0.351787331898829  LUMO = 0.642540014508748
cycle= 271 E= -27881.3153520881  delta_E= -6.13e-06  |g|= 0.00107  |ddm|= 0.00514
  HOMO = 0.351787348188461  LUMO = 0.642539979559056
cycle= 272 E= -27881.3153498312  delta_E= 2.26e-06  |g|= 0.00127  |ddm|= 0.00272
  HOMO = 0.351787337264638  LUMO = 0.642539989076386
cycle= 273 E= -27881.3153495874  delta_E= 2.44e-07  |g|= 0.00122  |ddm|= 0.00156
  HOMO = 0.351787336653523  LUMO = 0.642540000335293
cycle= 274 E= -27881.3153531279  delta_E= -3.54e-06  |g|= 0.00112  |ddm|= 0.00321
  HOMO = 0.351787340672696  LUMO = 0.642539987623011
cycle= 275 E= -27881.3153539555  delta_E= -8.28e-07  |g|= 0.00118  |ddm|= 0.0018
  HOMO = 0.351787340462469  LUMO = 0.642539982861241
cycle= 276 E= -27881.3153533397  delta_E= 6.16e-07  |g|= 0.00123  |ddm|= 0.00131
  HOMO = 0.351787341816093  LUMO = 0.642539980983796
cycle= 277 E= -27881.3153528429  delta_E= 4.97e-07  |g|= 0.00123  |ddm|= 0.000641
  HOMO = 0.351787324628445  LUMO = 0.642539999844997
cycle= 278 E= -27881.3153488985  delta_E= 3.94e-06  |g|= 0.00137  |ddm|= 0.00559
  HOMO = 0.351787342223238  LUMO = 0.642539976561301
cycle= 279 E= -27881.3153438534  delta_E= 5.05e-06  |g|= 0.00139  |ddm|= 0.00541
  HOMO = 0.351787323416844  LUMO = 0.642540002616546
cycle= 280 E= -27881.3153449535  delta_E= -1.1e-06  |g|= 0.00118  |ddm|= 0.00261
  HOMO = 0.351787329183584  LUMO = 0.642539983815323
cycle= 281 E= -27881.3153422363  delta_E= 2.72e-06  |g|= 0.0013  |ddm|= 0.00339
  HOMO = 0.351787319089319  LUMO = 0.642540016710476
cycle= 282 E= -27881.3153449257  delta_E= -2.69e-06  |g|= 0.00114  |ddm|= 0.00254
  HOMO = 0.351787305669138  LUMO = 0.642540030346589
cycle= 283 E= -27881.3153464157  delta_E= -1.49e-06  |g|= 0.00117  |ddm|= 0.00219
  HOMO = 0.35178729464015  LUMO = 0.642540050549649
cycle= 284 E= -27881.3153498325  delta_E= -3.42e-06  |g|= 0.00112  |ddm|= 0.0032
  HOMO = 0.351787294169748  LUMO = 0.642540051493869
cycle= 285 E= -27881.3153515883  delta_E= -1.76e-06  |g|= 0.00116  |ddm|= 0.00193
  HOMO = 0.351787318988844  LUMO = 0.642539972369883
cycle= 286 E= -27881.3153462478  delta_E= 5.34e-06  |g|= 0.00139  |ddm|= 0.00611
  HOMO = 0.351787351043332  LUMO = 0.642539894515097
cycle= 287 E= -27881.315332835  delta_E= 1.34e-05  |g|= 0.00174  |ddm|= 0.011
  HOMO = 0.35178733254821  LUMO = 0.642539934885598
cycle= 288 E= -27881.3153268847  delta_E= 5.95e-06  |g|= 0.00147  |ddm|= 0.00673
  HOMO = 0.351787374450762  LUMO = 0.642539827724625
cycle= 289 E= -27881.3153183407  delta_E= 8.54e-06  |g|= 0.00151  |ddm|= 0.0087
  HOMO = 0.351787419447311  LUMO = 0.642539478123283
cycle= 290 E= -27881.3152905195  delta_E= 2.78e-05  |g|= 0.00258  |ddm|= 0.0254
  HOMO = 0.351787347696665  LUMO = 0.642539723814495
cycle= 291 E= -27881.3153017945  delta_E= -1.13e-05  |g|= 0.00105  |ddm|= 0.0105
  HOMO = 0.351787292609668  LUMO = 0.642539284312694
cycle= 292 E= -27881.3152851488  delta_E= 1.66e-05  |g|= 0.00223  |ddm|= 0.0212
  HOMO = 0.35178730611114  LUMO = 0.642539705515522
cycle= 293 E= -27881.3153035754  delta_E= -1.84e-05  |g|= 0.00136  |ddm|= 0.0202
  HOMO = 0.351787342700844  LUMO = 0.642539427790227
cycle= 294 E= -27881.3152754887  delta_E= 2.81e-05  |g|= 0.00275  |ddm|= 0.029
  HOMO = 0.351787332383378  LUMO = 0.642539380371386
cycle= 295 E= -27881.3152645507  delta_E= 1.09e-05  |g|= 0.00184  |ddm|= 0.0143
  HOMO = 0.351787316562409  LUMO = 0.642539455039894
cycle= 296 E= -27881.3152639539  delta_E= 5.97e-07  |g|= 0.00117  |ddm|= 0.00665
  HOMO = 0.351787310789217  LUMO = 0.642539464639896
cycle= 297 E= -27881.3152650653  delta_E= -1.11e-06  |g|= 0.00106  |ddm|= 0.00387
  HOMO = 0.351787304919399  LUMO = 0.64253952012877
cycle= 298 E= -27881.3152713402  delta_E= -6.27e-06  |g|= 0.00102  |ddm|= 0.00935
  HOMO = 0.351787301181427  LUMO = 0.642539469869533
cycle= 299 E= -27881.3152682255  delta_E= 3.11e-06  |g|= 0.00123  |ddm|= 0.00452
  HOMO = 0.351787288577322  LUMO = 0.642539454497183
cycle= 300 E= -27881.3152644777  delta_E= 3.75e-06  |g|= 0.00132  |ddm|= 0.0071
  HOMO = 0.351787264132365  LUMO = 0.642539458229974
cycle= 301 E= -27881.3152625523  delta_E= 1.93e-06  |g|= 0.00128  |ddm|= 0.0064
  HOMO = 0.351787273694426  LUMO = 0.64253936506107
cycle= 302 E= -27881.3152555915  delta_E= 6.96e-06  |g|= 0.00149  |ddm|= 0.00956
  HOMO = 0.35178726826812  LUMO = 0.642539541399035
cycle= 303 E= -27881.3152679569  delta_E= -1.24e-05  |g|= 0.00134  |ddm|= 0.017
  HOMO = 0.351787270221939  LUMO = 0.642539536758612
cycle= 304 E= -27881.3152704281  delta_E= -2.47e-06  |g|= 0.00104  |ddm|= 0.00347
  HOMO = 0.351787268266111  LUMO = 0.642539542309676
cycle= 305 E= -27881.3152707454  delta_E= -3.17e-07  |g|= 0.0011  |ddm|= 0.0026
  HOMO = 0.351787260081607  LUMO = 0.642539526783836
cycle= 306 E= -27881.315268612  delta_E= 2.13e-06  |g|= 0.00122  |ddm|= 0.00452
  HOMO = 0.351787260942898  LUMO = 0.642539536547871
cycle= 307 E= -27881.3152690091  delta_E= -3.97e-07  |g|= 0.0011  |ddm|= 0.000741
  HOMO = 0.351787286035022  LUMO = 0.642539471101416
cycle= 308 E= -27881.3152644935  delta_E= 4.52e-06  |g|= 0.00126  |ddm|= 0.00578
  HOMO = 0.351787284048035  LUMO = 0.642539435765939
cycle= 309 E= -27881.3152609243  delta_E= 3.57e-06  |g|= 0.00128  |ddm|= 0.00565
  HOMO = 0.351787288436601  LUMO = 0.642539423205706
cycle= 310 E= -27881.3152593471  delta_E= 1.58e-06  |g|= 0.00116  |ddm|= 0.00212
  HOMO = 0.351787294709538  LUMO = 0.642539426413614
cycle= 311 E= -27881.3152589961  delta_E= 3.51e-07  |g|= 0.0011  |ddm|= 0.000895
  HOMO = 0.351787270037874  LUMO = 0.642539485973661
cycle= 312 E= -27881.3152645392  delta_E= -5.54e-06  |g|= 0.00104  |ddm|= 0.00903
  HOMO = 0.351787266516157  LUMO = 0.642539501397497
cycle= 313 E= -27881.3152648728  delta_E= -3.34e-07  |g|= 0.00111  |ddm|= 0.00413
  HOMO = 0.351787280727412  LUMO = 0.642539456688952
cycle= 314 E= -27881.3152601011  delta_E= 4.77e-06  |g|= 0.00131  |ddm|= 0.00552
  HOMO = 0.351787260455798  LUMO = 0.642539503332114
cycle= 315 E= -27881.3152624311  delta_E= -2.33e-06  |g|= 0.00106  |ddm|= 0.00249
  HOMO = 0.351787258566645  LUMO = 0.642539492265236
cycle= 316 E= -27881.3152647488  delta_E= -2.32e-06  |g|= 0.00105  |ddm|= 0.00388
  HOMO = 0.351787246089776  LUMO = 0.642539527522167
cycle= 317 E= -27881.3152686838  delta_E= -3.94e-06  |g|= 0.00104  |ddm|= 0.00526
  HOMO = 0.351787235696702  LUMO = 0.642539531203426
cycle= 318 E= -27881.3152691326  delta_E= -4.49e-07  |g|= 0.00112  |ddm|= 0.00616
  HOMO = 0.351787225830848  LUMO = 0.642539562656142
cycle= 319 E= -27881.3152714122  delta_E= -2.28e-06  |g|= 0.00106  |ddm|= 0.00404
  HOMO = 0.351787258984552  LUMO = 0.642539537682532
cycle= 320 E= -27881.3152695643  delta_E= 1.85e-06  |g|= 0.00116  |ddm|= 0.00731
  HOMO = 0.351787325160178  LUMO = 0.642539456625861
cycle= 321 E= -27881.3152589065  delta_E= 1.07e-05  |g|= 0.00155  |ddm|= 0.0108
  HOMO = 0.351787227781797  LUMO = 0.642539614912636
cycle= 322 E= -27881.3152689538  delta_E= -1e-05  |g|= 0.00102  |ddm|= 0.00966
  HOMO = 0.351787285777234  LUMO = 0.642539487412049
cycle= 323 E= -27881.3152620034  delta_E= 6.95e-06  |g|= 0.00139  |ddm|= 0.00957
  HOMO = 0.35178728259314  LUMO = 0.64253949340172
cycle= 324 E= -27881.3152613857  delta_E= 6.18e-07  |g|= 0.00113  |ddm|= 0.00318
  HOMO = 0.351787346708063  LUMO = 0.642539394692464
cycle= 325 E= -27881.3152524749  delta_E= 8.91e-06  |g|= 0.00143  |ddm|= 0.00911
  HOMO = 0.351787503410931  LUMO = 0.642539125804443
cycle= 326 E= -27881.3152326443  delta_E= 1.98e-05  |g|= 0.002  |ddm|= 0.0189
  HOMO = 0.35178740831115  LUMO = 0.642539195929331
cycle= 327 E= -27881.3152393676  delta_E= -6.72e-06  |g|= 0.000961  |ddm|= 0.00827
  HOMO = 0.351787550346226  LUMO = 0.642538923103256
cycle= 328 E= -27881.3152245728  delta_E= 1.48e-05  |g|= 0.00176  |ddm|= 0.016
  HOMO = 0.351787708118163  LUMO = 0.642538521861309
cycle= 329 E= -27881.3152034825  delta_E= 2.11e-05  |g|= 0.0023  |ddm|= 0.0253
  HOMO = 0.351787783082353  LUMO = 0.642538421977876
cycle= 330 E= -27881.3151925957  delta_E= 1.09e-05  |g|= 0.00164  |ddm|= 0.0147
  HOMO = 0.351787930535986  LUMO = 0.642538066009772
cycle= 331 E= -27881.3151762318  delta_E= 1.64e-05  |g|= 0.00231  |ddm|= 0.0268
  HOMO = 0.351787926316517  LUMO = 0.642538033270624
cycle= 332 E= -27881.3151736825  delta_E= 2.55e-06  |g|= 0.00111  |ddm|= 0.00956
  HOMO = 0.351788120434648  LUMO = 0.642537617160596
cycle= 333 E= -27881.3151598355  delta_E= 1.38e-05  |g|= 0.0023  |ddm|= 0.0259
  HOMO = 0.351788247998712  LUMO = 0.642537275987329
cycle= 334 E= -27881.3151501413  delta_E= 9.69e-06  |g|= 0.00233  |ddm|= 0.0269
  HOMO = 0.351788196128671  LUMO = 0.642537361968692
cycle= 335 E= -27881.3151509593  delta_E= -8.18e-07  |g|= 0.000647  |ddm|= 0.00309
  HOMO = 0.351788223843237  LUMO = 0.642537272373588
cycle= 336 E= -27881.3151498614  delta_E= 1.1e-06  |g|= 0.000858  |ddm|= 0.0134
  HOMO = 0.351788400909489  LUMO = 0.642536913853195
cycle= 337 E= -27881.3151436052  delta_E= 6.26e-06  |g|= 0.00225  |ddm|= 0.0282
  HOMO = 0.351788396842702  LUMO = 0.642536897252126
cycle= 338 E= -27881.3151431716  delta_E= 4.34e-07  |g|= 0.000815  |ddm|= 0.0103
  HOMO = 0.351788392331811  LUMO = 0.642536892885331
cycle= 339 E= -27881.3151435397  delta_E= -3.68e-07  |g|= 0.000492  |ddm|= 0.00558
  HOMO = 0.351788424972821  LUMO = 0.642536800052065
cycle= 340 E= -27881.3151429364  delta_E= 6.03e-07  |g|= 0.000677  |ddm|= 0.00696
  HOMO = 0.351788428054379  LUMO = 0.642536770971772
cycle= 341 E= -27881.3151432301  delta_E= -2.94e-07  |g|= 0.000543  |ddm|= 0.00535
  HOMO = 0.351788443799672  LUMO = 0.642536739353016
cycle= 342 E= -27881.3151430942  delta_E= 1.36e-07  |g|= 0.000438  |ddm|= 0.00443
  HOMO = 0.351788427714906  LUMO = 0.64253678105903
cycle= 343 E= -27881.3151436124  delta_E= -5.18e-07  |g|= 0.000306  |ddm|= 0.00313
  HOMO = 0.351788439790276  LUMO = 0.642536765130361
cycle= 344 E= -27881.3151438612  delta_E= -2.49e-07  |g|= 0.000448  |ddm|= 0.00479
  HOMO = 0.351788427672062  LUMO = 0.642536806659373
cycle= 345 E= -27881.3151447059  delta_E= -8.45e-07  |g|= 0.000332  |ddm|= 0.00301
  HOMO = 0.351788421479277  LUMO = 0.642536817588141
cycle= 346 E= -27881.3151451198  delta_E= -4.14e-07  |g|= 0.000282  |ddm|= 0.00287
  HOMO = 0.351788412971329  LUMO = 0.642536843731892
cycle= 347 E= -27881.3151455186  delta_E= -3.99e-07  |g|= 0.000282  |ddm|= 0.00204
  HOMO = 0.351788410674055  LUMO = 0.642536860836308
cycle= 348 E= -27881.3151458036  delta_E= -2.85e-07  |g|= 0.000285  |ddm|= 0.00149
  HOMO = 0.351788407189974  LUMO = 0.642536869014591
cycle= 349 E= -27881.3151460788  delta_E= -2.75e-07  |g|= 0.000291  |ddm|= 0.00124
  HOMO = 0.351788402547809  LUMO = 0.642536881093601
cycle= 350 E= -27881.3151462642  delta_E= -1.85e-07  |g|= 0.000283  |ddm|= 0.000821
  HOMO = 0.351788399854795  LUMO = 0.642536894049548
cycle= 351 E= -27881.3151464019  delta_E= -1.38e-07  |g|= 0.000284  |ddm|= 0.000783
  HOMO = 0.351788387174095  LUMO = 0.642536932580191
cycle= 352 E= -27881.315146667  delta_E= -2.65e-07  |g|= 0.000289  |ddm|= 0.00145
  HOMO = 0.351788361148445  LUMO = 0.642536991113399
cycle= 353 E= -27881.3151472545  delta_E= -5.88e-07  |g|= 0.000311  |ddm|= 0.00269
  HOMO = 0.351788357749783  LUMO = 0.642536979839082
cycle= 354 E= -27881.3151475227  delta_E= -2.68e-07  |g|= 0.000271  |ddm|= 0.00119
  HOMO = 0.351788331351301  LUMO = 0.642537050639914
cycle= 355 E= -27881.3151482844  delta_E= -7.62e-07  |g|= 0.000281  |ddm|= 0.00225
  HOMO = 0.351788314109785  LUMO = 0.642537102062898
cycle= 356 E= -27881.3151491175  delta_E= -8.33e-07  |g|= 0.000263  |ddm|= 0.00199
  HOMO = 0.351788299213005  LUMO = 0.642537142302698
cycle= 357 E= -27881.3151497941  delta_E= -6.77e-07  |g|= 0.00026  |ddm|= 0.00178
  HOMO = 0.351788302571644  LUMO = 0.642537128159683
cycle= 358 E= -27881.3151498858  delta_E= -9.17e-08  |g|= 0.000274  |ddm|= 0.000795
  HOMO = 0.20178829520494  LUMO = 0.342537148045789
Extra cycle  E= -27881.3151501345  delta_E= -2.49e-07  |g|= 0.000276  |ddm|= 0.00109
converged SCF energy = -27881.3151501345
ROHF converged: e_tot = -27881.31515013 Hartree
