Running on host: amd-cpu
Python Executable: /data/home/wangcx/LiYF4_Er3+/env/bin/python
PYTHONPATH: :/data/home/wangcx/LAMP_emb:/data/home/wangcx/LAMP_emb/embed_sim:/data/home/wangcx/.local/lib/python3.10/site-packages
Python starts successfully!
Modules loaded successfully!
正在加载团簇与点电荷文件...
#INFO: **** input file is /data/home/wangcx/LiYF4_Er3+/AIMPModelGenerator-main/LiYF4_Er3+/cahf_opt.py ****
import numpy as np
from pyscf import gto, scf, qmmm
import cahf
import rdiis

def read_xyz(filename):
    """读取常规 xyz 文件，跳过前两行"""
    symbols = []
    coords = []
    with open(filename, 'r') as f:
        lines = f.readlines()[2:]
        for line in lines:
            if not line.strip(): continue
            parts = line.split()
            symbols.append(parts[0])
            coords.append([float(parts[1]), float(parts[2]), float(parts[3])])
    return symbols, np.array(coords)

def read_dat(filename):
    """读取单列的 .dat 电荷文件"""
    return np.loadtxt(filename)

def run_cahf():
    # --- 1. 读取分离的坐标和电荷数据 ---
    print("正在加载团簇与点电荷文件...")
    
    # QM 层和 AIMP 层 (只有坐标)
    qm_syms, qm_coords = read_xyz('cluster.xyz')
    aimp_syms, aimp_coords = read_xyz('aimp.xyz')
    
    # PC 层 (坐标 + 电荷)
    pc_syms, pc_coords = read_xyz('rawChgs.xyz')
    pc_charges = read_dat('rawCharges.dat')
    
    # Fitted 层 (坐标 + 电荷)
    fit_syms, fit_coords = read_xyz('surfChgs.xyz')
    fit_charges = read_dat('surfaceCharges.dat')

    # 合并所有背景点电荷 (MM区)
    all_bg_coords = np.vstack([pc_coords, fit_coords])
    all_bg_charges = np.concatenate([pc_charges, fit_charges])

    # --- 2. 构建 Mole 对象 ---
    mol = gto.Mole()
    
    # --- 2. 构建 Mole 对象 ---
    mol = gto.Mole()
    
    atom_list = []
    for s, c in zip(qm_syms, qm_coords):
        atom_list.append([s, tuple(c)])
    for s, c in zip(aimp_syms, aimp_coords):
        # 核心修改：将后缀 _aimp 改为数字 99
        atom_list.append([f"{s}99", tuple(c)])
    
    mol.atom = atom_list

    # --- 3. 基组与 ECP 设定 ---
    # 定义一个“零权重”的基组：[角动量, [指数, 系数]]
    # 这里使用一个非常大的指数 (1e6) 和 0.0 的系数，使其在物理上不产生任何轨道贡献
    dummy_basis = [[0, [1e8, 1.0]]]

    mol.basis = {
        'Er': 'stuttgart_rsc',  # Er 使用 Stuttgart RSC ECP 基组
        'F': '6-31g*',
        'Li99': dummy_basis, # 使用 99 后缀匹配 AIMP 原子
        'Y99': dummy_basis,
        'F99': dummy_basis
    }
    
    mol.ecp = {
        'Er': 'stuttgart_rsc',  # Er 使用 Stuttgart RSC ECP
        'Li99': 'bfd',        # Li 和 F 属于极轻元素，使用 bfd 或 crenbl
        'F99': 'bfd',
        'Y99': 'lanl2dz'    # Y 属于重元素，使用 lanl2dz 或 Stuttgart RSC ECP
    }

    mol.charge = -5
    mol.spin = 3
    mol.verbose = 4
    mol.build()

    # 这一步极其关键，否则 AIMP 层的假电子会毁掉整个计算
    mol.nelectron = 117  # 145 (ErF8) - 28 (stuttgart_rsc) = 117

    # --- 4. 初始化 CAHF ---
    print(f"\n构建 CAHF: Er3+ 具有 7 个 4f 轨道，包含 11 个电子。")
    mf_pure = cahf.CAHF(mol, ncas=7, nelecas=11, spin=3)
    
    # 使用 qmmm 模块注入背景电荷，完美兼容 X2C
    print("注入长程背景点电荷场...")
    mf = qmmm.add_mm_charges(mf_pure, all_bg_coords, all_bg_charges)

    # # --- 5. 绑定 RDIIS 与收敛参数 ---
    # print("挂载 RDIIS 加速收敛，锁定 Er 的 4f 轨道...")
    # # 搜索并锁定 Er 的 4f 轨道，给予 0.2 的 power 权重
    # f_idx = mol.search_ao_label(['Er.*4f'])
    # mf.diis = rdiis.RDIIS(rdiis_prop='dS', imp_idx=f_idx, power=0.5)

    # 检查点文件，方便后续读取轨道
    mf.chkfile = 'Er_CAHF_RDIIS.chk'

    # 对于包含重元素和大基组的体系，通常需要更好的初猜或收敛控制
    mf.init_guess = '1e'  
    # RDIIS 的专属参数设定
    mf.diis_space = 8
    mf.diis_start_cycle = 5        
    mf.max_cycle = 300       # 给足迭代空间
    mf.level_shift = 5.0  # 初始较大，帮助稳定收敛，后续可逐步减小
    mf.convergence_tol = 1e-6  # 先放宽标准，收敛后再以chk为初猜，加入rdiis加速收敛     
    

    # --- 5. 执行计算 ---
    print("\n--- 开始 CAHF 计算 ---")
    mf.kernel()

    if mf.converged:
        print(f"\n计算收敛！总能量: {mf.e_tot:.8f} Hartree")
    else:
        print("\n计算未收敛，可能需要调整 DIIS 或 Level Shift 策略。")

    return mf

if __name__ == "__main__":
    mf_results = run_cahf()#INFO: ******************** input file end ********************


System: uname_result(system='Linux', node='amd-cpu', release='6.8.0-101-generic', version='#101~22.04.1-Ubuntu SMP PREEMPT_DYNAMIC Wed Feb 11 13:19:54 UTC ', machine='x86_64')  Threads 16
Python 3.10.19 | packaged by conda-forge | (main, Jan 26 2026, 23:45:08) [GCC 14.3.0]
numpy 1.26.4  scipy 1.15.3  h5py 3.15.1
Date: Thu Mar 26 10:59:16 2026
PySCF version 2.12.0
PySCF path  /data/home/wangcx/LiYF4_Er3+/env/lib/python3.10/site-packages/pyscf

[CONFIG] conf_file None
[INPUT] verbose = 4
[INPUT] num. atoms = 177
[INPUT] num. electrons = 1249
[INPUT] charge = -5
[INPUT] spin (= nelec alpha-beta = 2S) = 3
[INPUT] symmetry False subgroup None
[INPUT] Mole.unit = angstrom
[INPUT] Symbol           X                Y                Z      unit          X                Y                Z       unit  Magmom
[INPUT]  1 Er     0.000000000000   0.000000000000   0.000000000000 AA    0.000000000000   0.000000000000   0.000000000000 Bohr   0.0
[INPUT]  2 F      1.112939200000   1.721198800000  -0.853327500000 AA    2.103150281293   3.252594337930  -1.612555269560 Bohr   0.0
[INPUT]  3 F     -1.114069800000  -1.720539300000  -0.853677500000 AA   -2.105286805649  -3.251348063551  -1.613216673703 Bohr   0.0
[INPUT]  4 F      1.709793900000  -1.124883800000   0.863235600000 AA    3.231042200452  -2.125722303960   1.631278864975 Bohr   0.0
[INPUT]  5 F     -1.709896600000   1.127957000000   0.860681400000 AA   -3.231236275325   2.131529810286   1.626452126507 Bohr   0.0
[INPUT]  6 F     -1.132263600000   0.830445300000  -1.797304800000 AA   -2.139668104814   1.569314178432  -3.396413834366 Bohr   0.0
[INPUT]  7 F      1.131356600000  -0.833615300000  -1.796821800000 AA    2.137954123219  -1.575304610247  -3.395501096648 Bohr   0.0
[INPUT]  8 F     -0.835465800000  -1.126125700000   1.801287800000 AA   -1.578801548441  -2.128069154834   3.403940613520 Bohr   0.0
[INPUT]  9 F      0.835932700000   1.130966100000   1.798574500000 AA    1.579683861568   2.137216185167   3.398813219627 Bohr   0.0
[INPUT] 10 Li99   2.544141000000   2.577740100000   0.023012300000 AA    4.807729712277   4.871222809309   0.043486944496 Bohr   0.0
[INPUT] 11 Li99  -2.558921400000  -2.573098600000   0.023012300000 AA   -4.835660620289  -4.862451645502   0.043486944496 Bohr   0.0
[INPUT] 12 Li99   2.577175500000  -2.573098600000   0.023012300000 AA    4.870155869939  -4.862451645502   0.043486944496 Bohr   0.0
[INPUT] 13 Li99  -2.591955900000   2.577740100000   0.023012300000 AA   -4.898086777951   4.871222809309   0.043486944496 Bohr   0.0
[INPUT] 14 F99   -3.407877800000  -1.132954600000   0.877561600000 AA   -6.439955707985  -2.140973905566   1.658351081435 Bohr   0.0
[INPUT] 15 F99    3.408375900000   1.137402500000   0.873922300000 AA    6.440896980568   2.149379218396   1.651473801150 Bohr   0.0
[INPUT] 16 F99    1.153188400000  -3.409442200000  -0.864832900000 AA    2.179210246025  -6.442911995535  -1.634297324513 Bohr   0.0
[INPUT] 17 F99   -1.155802100000   3.409242800000  -0.864330100000 AA   -2.184149423197   6.442535184145  -1.633347170218 Bohr   0.0
[INPUT] 18 Li99   0.026819200000  -2.572694200000   2.664801800000 AA    0.050680942880  -4.861687440257   5.035745578248 Bohr   0.0
[INPUT] 19 Li99  -0.006215300000   2.578144500000   2.664801800000 AA   -0.011745214782   4.871987014554   5.035745578248 Bohr   0.0
[INPUT] 20 Y99   -0.016757900000   2.574419800000  -2.675230500000 AA   -0.031667841423   4.864948351658  -5.055452965083 Bohr   0.0
[INPUT] 21 Y99    0.016276600000  -2.576418900000  -2.675230500000 AA    0.030758316239  -4.868726103153  -5.055452965083 Bohr   0.0
[INPUT] 22 Y99   -2.565136700000   0.005045900000   2.687814100000 AA   -4.847405835071   0.009535369052   5.079232522744 Bohr   0.0
[INPUT] 23 Y99    2.570960200000   0.005045900000   2.687814100000 AA    4.858410655157   0.009535369052   5.079232522744 Bohr   0.0
[INPUT] 24 Li99  -2.560898800000  -0.003320300000  -2.698242800000 AA   -4.839397364727  -0.006274457651  -5.098939909580 Bohr   0.0
[INPUT] 25 Li99   2.575198000000  -0.003320300000  -2.698242800000 AA    4.866418936528  -0.006274457651  -5.098939909580 Bohr   0.0
[INPUT] 26 F99    1.710963100000   1.437017300000  -3.549152800000 AA    3.233251668237   2.715569133262  -6.706926766233 Bohr   0.0
[INPUT] 27 F99   -1.711942400000  -1.443464300000  -3.552792100000 AA   -3.235102277031  -2.727752197587  -6.713804046518 Bohr   0.0
[INPUT] 28 F99    1.450806300000  -1.736350700000   3.552647000000 AA    2.741626566794  -3.281227279197   6.713529847258 Bohr   0.0
[INPUT] 29 F99   -1.442369100000   1.746641900000   3.552144300000 AA   -2.725682569535   3.300674828690   6.712579881935 Bohr   0.0
[INPUT] 30 F99   -1.694686500000  -4.013436200000   0.873922300000 AA   -3.202493351998  -7.584295236415   1.651473801150 Bohr   0.0
[INPUT] 31 F99    1.695184500000   4.017884100000   0.877561600000 AA    3.203434435608   7.592700549245   1.658351081435 Bohr   0.0
[INPUT] 32 F99    4.013329300000  -1.741596000000  -0.864330100000 AA    7.584093224692  -3.291139459638  -1.633347170218 Bohr   0.0
[INPUT] 33 F99   -4.015943000000   1.741396600000  -0.864832900000 AA   -7.589032401864   3.290762648249  -1.634297324513 Bohr   0.0
[INPUT] 34 F99   -3.997052700000  -0.834823000000  -1.810900300000 AA   -7.553334908453  -1.577586832488  -3.422105605893 Bohr   0.0
[INPUT] 35 F99    3.999185100000   0.833023200000  -1.810397500000 AA    7.557364560441   1.574185703409  -3.421155451597 Bohr   0.0
[INPUT] 36 F99    0.875775600000  -4.012838200000   1.810252500000 AA    1.654976030577  -7.583165180193   3.420881441309 Bohr   0.0
[INPUT] 37 F99   -0.870450200000   4.018482100000   1.813891800000 AA   -1.644912483073   7.593830605467   3.427758721594 Bohr   0.0
[INPUT] 38 F99   -0.859499000000   1.436419300000  -4.485483000000 AA   -1.624217714338   2.714439077039  -8.476334406392 Bohr   0.0
[INPUT] 39 F99   -1.428224900000  -0.827977300000   4.498211700000 AA   -2.698953905284  -1.564650334357   8.500388163314 Bohr   0.0
[INPUT] 40 F99    0.853692300000  -1.444062300000  -4.489122300000 AA    1.613244641650  -2.728882253810  -8.483211686678 Bohr   0.0
[INPUT] 41 F99    1.431916000000   0.839868900000   4.498714400000 AA    2.705929073383   1.587122201540   8.501338128637 Bohr   0.0
[INPUT] 42 F99   -4.293355800000   1.138000500000   1.810252500000 AA   -8.113266617313   2.150509274618   3.420881441309 Bohr   0.0
[INPUT] 43 F99    4.298681200000  -1.132356600000   1.813891800000 AA    8.123330164817  -2.139843849344   3.427758721594 Bohr   0.0
[INPUT] 44 F99    1.106009700000   4.316015800000  -1.810900300000 AA    2.090055424112   8.156087811296  -3.422105605893 Bohr   0.0
[INPUT] 45 F99   -1.103877300000  -4.317815500000  -1.810397500000 AA   -2.086025772124  -8.159488751402  -3.421155451597 Bohr   0.0
[INPUT] 46 F99   -1.409334600000  -3.404196900000   3.552144300000 AA   -2.663256411873  -6.432999815093   6.712579881935 Bohr   0.0
[INPUT] 47 F99    1.417771800000   3.414488100000   3.552647000000 AA    2.679200409132   6.452447364587   6.713529847258 Bohr   0.0
[INPUT] 48 Y99   -5.136096900000   0.000000000000   0.000000000000 AA   -9.705816490228   0.000000000000   0.000000000000 Bohr   0.0
[INPUT] 49 Y99    5.136096900000   0.000000000000   0.000000000000 AA    9.705816490228   0.000000000000   0.000000000000 Bohr   0.0
[INPUT] 50 F99   -3.425133800000   1.437017300000  -3.549152800000 AA   -6.472564821991   2.715569133262  -6.706926766233 Bohr   0.0
[INPUT] 51 F99    3.424154400000  -1.443464300000  -3.552792100000 AA    6.470714024224  -2.727752197587  -6.713804046518 Bohr   0.0
[INPUT] 52 Y99   -0.033034500000   5.150838800000   0.000000000000 AA   -0.062426157662   9.733674643783   0.000000000000 Bohr   0.0
[INPUT] 53 Y99    0.033034500000  -5.150838800000   0.000000000000 AA    0.062426157662  -9.733674643783   0.000000000000 Bohr   0.0
[INPUT] 54 F99    3.980294800000   3.409242800000  -0.864330100000 AA    7.521667067030   6.442535184145  -1.633347170218 Bohr   0.0
[INPUT] 55 F99   -3.982908500000  -3.409442200000  -0.864832900000 AA   -7.526606244202  -6.442911995535  -1.634297324513 Bohr   0.0
[INPUT] 56 Li99  -0.010542600000  -0.003724700000  -5.340032300000 AA   -0.019922626641  -0.007038662896 -10.091198543331 Bohr   0.0
[INPUT] 57 F99    3.441410400000  -4.013436200000   0.873922300000 AA    6.503323138230  -7.584295236415   1.651473801150 Bohr   0.0
[INPUT] 58 F99   -3.440912300000   4.017884100000   0.877561600000 AA   -6.502381865647   7.592700549245   1.658351081435 Bohr   0.0
[INPUT] 59 Li99  -0.004237900000   0.008366200000   5.386056900000 AA   -0.008008470343   0.015809826703  10.178172432324 Bohr   0.0
[INPUT] 60 F99   -3.685290600000  -1.736350700000   3.552647000000 AA   -6.964189923434  -3.281227279197   6.713529847258 Bohr   0.0
[INPUT] 61 F99    3.693727700000   1.746641900000   3.552144300000 AA    6.980133731720   3.300674828690   6.712579881935 Bohr   0.0
[INPUT] 62 F99   -1.744976900000   3.707374500000  -3.552792100000 AA   -3.297528434693   7.005922446196  -6.713804046518 Bohr   0.0
[INPUT] 63 F99    1.743997600000  -3.713821500000  -3.549152800000 AA    3.295677825899  -7.018105510521  -6.706926766233 Bohr   0.0
[INPUT] 64 F99    0.820657800000   3.706776500000  -4.489122300000 AA    1.550818483988   7.004792389974  -8.483211686678 Bohr   0.0
[INPUT] 65 F99   -0.826464500000  -3.714419500000  -4.485483000000 AA   -1.561791556676  -7.019235566744  -8.476334406392 Bohr   0.0
[INPUT] 66 F99   -3.704180900000   0.839868900000   4.498714400000 AA   -6.999887416845   1.587122201540   8.501338128637 Bohr   0.0
[INPUT] 67 F99    3.707871900000  -0.827977300000   4.498211700000 AA    7.006862395971  -1.564650334357   8.500388163314 Bohr   0.0
[INPUT] 68 F99   -4.260321300000  -4.012838200000   1.810252500000 AA   -8.050840459651  -7.583165180193   3.420881441309 Bohr   0.0
[INPUT] 69 F99    4.265646700000   4.018482100000   1.813891800000 AA    8.060904007155   7.593830605467   3.427758721594 Bohr   0.0
[INPUT] 70 F99    3.391119900000   3.707374500000  -3.552792100000 AA    6.408287866562   7.005922446196  -6.713804046518 Bohr   0.0
[INPUT] 71 F99   -3.392099300000  -3.713821500000  -3.549152800000 AA   -6.410138664329  -7.018105510521  -6.706926766233 Bohr   0.0
[INPUT] 72 F99    3.726762200000  -3.404196900000   3.552144300000 AA    7.042559889382  -6.432999815093   6.712579881935 Bohr   0.0
[INPUT] 73 F99   -3.718325100000   3.414488100000   3.552647000000 AA   -7.026616081096   6.452447364587   6.713529847258 Bohr   0.0
[INPUT] 74 F99   -4.030087200000   4.316015800000  -1.810900300000 AA   -7.615761066115   8.156087811296  -3.422105605893 Bohr   0.0
[INPUT] 75 F99    4.032219600000  -4.317815500000  -1.810397500000 AA    7.619790718103  -8.159488751402  -3.421155451597 Bohr   0.0
[INPUT] 76 Li99  -5.109277700000  -2.572694200000   2.664801800000 AA   -9.655135547348  -4.861687440257   5.035745578248 Bohr   0.0
[INPUT] 77 Y99    5.119339000000   2.574419800000  -2.675230500000 AA    9.674148648805   4.864948351658  -5.055452965083 Bohr   0.0
[INPUT] 78 Y99   -5.119820200000  -2.576418900000  -2.675230500000 AA   -9.675057985016  -4.868726103153  -5.055452965083 Bohr   0.0
[INPUT] 79 Li99   5.129881600000   2.578144500000   2.664801800000 AA    9.694071275446   4.871987014554   5.035745578248 Bohr   0.0
[INPUT] 80 Y99   -2.532102200000  -5.145792800000   2.687814100000 AA   -4.784979677409  -9.724139085759   5.079232522744 Bohr   0.0
[INPUT] 81 Li99  -5.142312200000   2.578144500000   2.664801800000 AA   -9.717561705010   4.871987014554   5.035745578248 Bohr   0.0
[INPUT] 82 Li99  -2.527864300000  -5.154159100000  -2.698242800000 AA   -4.776971207065  -9.739949101435  -5.098939909580 Bohr   0.0
[INPUT] 83 Li99   2.542163500000   5.147518400000  -2.698242800000 AA    4.803992778866   9.727399997159  -5.098939909580 Bohr   0.0
[INPUT] 84 Y99    2.537925700000   5.155884700000   2.687814100000 AA    4.795984497495   9.743210012835   5.079232522744 Bohr   0.0
[INPUT] 85 F99   -5.973512600000  -1.132356600000   1.813891800000 AA  -11.288302815639  -2.139843849344   3.427758721594 Bohr   0.0
[INPUT] 86 F99    5.978838000000   1.138000500000   1.810252500000 AA   11.298366363142   2.150509274618   3.420881441309 Bohr   0.0
[INPUT] 87 Y99   -5.152854700000   2.574419800000  -2.675230500000 AA   -9.737484142678   4.864948351658  -5.055452965083 Bohr   0.0
[INPUT] 88 Y99    5.152373500000  -2.576418900000  -2.675230500000 AA    9.736574806467  -4.868726103153  -5.055452965083 Bohr   0.0
[INPUT] 89 Li99   5.162916100000  -2.572694200000   2.664801800000 AA    9.756497433108  -4.861687440257   5.035745578248 Bohr   0.0
[INPUT] 90 F99   -1.169946300000   5.983862000000  -1.810397500000 AA   -2.210878087448  11.307860347192  -3.421155451597 Bohr   0.0
[INPUT] 91 F99    4.276597900000   1.436419300000  -4.485483000000 AA    8.081598775890   2.714439077039  -8.476334406392 Bohr   0.0
[INPUT] 92 F99    1.172078700000  -5.985661700000  -1.810900300000 AA    2.214907739436 -11.311261287299  -3.422105605893 Bohr   0.0
[INPUT] 93 Y99    2.603994700000  -5.145792800000   2.687814100000 AA    4.920836812819  -9.724139085759   5.079232522744 Bohr   0.0
[INPUT] 94 Li99  -2.593933300000   5.147518400000  -2.698242800000 AA   -4.901823522389   9.727399997159  -5.098939909580 Bohr   0.0
[INPUT] 95 Y99   -2.598171200000   5.155884700000   2.687814100000 AA   -4.909831992733   9.743210012835   5.079232522744 Bohr   0.0
[INPUT] 96 F99   -4.282404500000  -1.444062300000  -4.489122300000 AA   -8.092571659605  -2.728882253810  -8.483211686678 Bohr   0.0
[INPUT] 97 Li99   2.608232500000  -5.154159100000  -2.698242800000 AA    4.928845094190  -9.739949101435  -5.098939909580 Bohr   0.0
[INPUT] 98 F99    1.464950500000  -4.310969900000   4.498714400000 AA    2.768355231045  -8.146552442244   8.501338128637 Bohr   0.0
[INPUT] 99 F99   -1.461259400000   4.322861400000   4.498211700000 AA   -2.761380062946   8.169024120454   8.500388163314 Bohr   0.0
[INPUT]100 F99    1.425611300000   0.827778000000  -6.227374700000 AA    2.694014917085   1.564273711940 -11.768032658046 Bohr   0.0
[INPUT]101 F99   -1.434529600000  -0.840068200000  -6.227877500000 AA   -2.710868061582  -1.587498823956 -11.768982812341 Bohr   0.0
[INPUT]102 F99    0.859997100000  -1.431971400000   6.236966900000 AA    1.625158986920  -2.706033764210  11.786159288978 Bohr   0.0
[INPUT]103 F99   -0.853194300000   1.448510200000   6.240606200000 AA   -1.612303558040   2.737287566639  11.793036569263 Bohr   0.0
[INPUT]104 Y99   -2.548378800000  -2.569373900000   5.363044600000 AA   -4.815737993648  -4.855412982606  10.134685487828 Bohr   0.0
[INPUT]105 Y99    2.548378800000   2.569373900000  -5.363044600000 AA    4.815737993648   4.855412982606 -10.134685487828 Bohr   0.0
[INPUT]106 Y99    2.554683500000   2.581464800000   5.363044600000 AA    4.827652149945   4.878261472205  10.134685487828 Bohr   0.0
[INPUT]107 Y99   -2.554683500000  -2.581464800000  -5.363044600000 AA   -4.827652149945  -4.878261472205 -10.134685487828 Bohr   0.0
[INPUT]108 Y99   -2.587718000000   2.569373900000  -5.363044600000 AA   -4.890078307607   4.855412982606 -10.134685487828 Bohr   0.0
[INPUT]109 Y99    2.587718000000  -2.569373900000   5.363044600000 AA    4.890078307607  -4.855412982606  10.134685487828 Bohr   0.0
[INPUT]110 Y99   -2.581413300000   2.581464800000   5.363044600000 AA   -4.878164151310   4.878261472205  10.134685487828 Bohr   0.0
[INPUT]111 Y99    2.581413300000  -2.581464800000  -5.363044600000 AA    4.878164151310  -4.878261472205 -10.134685487828 Bohr   0.0
[INPUT]112 F99    6.256250800000   1.741396600000  -0.864832900000 AA   11.822600578591   3.290762648249  -1.634297324513 Bohr   0.0
[INPUT]113 F99   -6.258864400000  -1.741596000000  -0.864330100000 AA  -11.827539566790  -3.291139459638  -1.633347170218 Bohr   0.0
[INPUT]114 F99   -6.273008600000   0.833023200000  -1.810397500000 AA  -11.854268231041   1.574185703409  -3.421155451597 Bohr   0.0
[INPUT]115 F99    6.275141100000  -0.834823000000  -1.810900300000 AA   11.858298072002  -1.577586832488  -3.422105605893 Bohr   0.0
[INPUT]116 F99    1.761253600000  -6.283793400000   0.877561600000 AA    3.328286939904 -11.874648549350   1.658351081435 Bohr   0.0
[INPUT]117 F99   -1.760755500000   6.288241300000   0.873922300000 AA   -3.327345667322  11.883053862179   1.651473801150 Bohr   0.0
[INPUT]118 F99   -0.804381200000  -6.283195400000   1.813891800000 AA   -1.520060167749 -11.873518493127   3.427758721594 Bohr   0.0
[INPUT]119 F99    0.809706600000   6.288839300000   1.810252500000 AA    1.530123715253  11.884183918401   3.420881441309 Bohr   0.0
[INPUT]120 F99   -6.863817900000   1.137402500000   0.873922300000 AA  -12.970735999887   2.149379218396   1.651473801150 Bohr   0.0
[INPUT]121 F99    6.864315900000  -1.132954600000   0.877561600000 AA   12.971677083497  -2.140973905566   1.658351081435 Bohr   0.0
[INPUT]122 F99    1.087119400000   6.892235300000  -0.864832900000 AA    2.054357930701  13.024437103060  -1.634297324513 Bohr   0.0
[INPUT]123 F99   -1.089733100000  -6.892434700000  -0.864330100000 AA   -2.059297107873 -13.024813914449  -1.633347170218 Bohr   0.0
[INPUT]124 F99   -3.374843300000  -6.283793400000   0.877561600000 AA   -6.377529550323 -11.874648549350   1.658351081435 Bohr   0.0
[INPUT]125 F99    3.375341400000   6.288241300000   0.873922300000 AA    6.378470822906  11.883053862179   1.651473801150 Bohr   0.0
[INPUT]126 F99    6.289285300000  -3.409442200000  -0.864832900000 AA   11.885026736253  -6.442911995535  -1.634297324513 Bohr   0.0
[INPUT]127 F99   -6.291898900000   3.409242800000  -0.864330100000 AA  -11.889965724452   6.442535184145  -1.633347170218 Bohr   0.0
[INPUT]128 F99   -3.671146400000  -4.310969900000   4.498714400000 AA   -6.937461259183  -8.146552442244   8.501338128637 Bohr   0.0
[INPUT]129 F99    3.674837400000   4.322861400000   4.498211700000 AA    6.944436238309   8.169024120454   8.500388163314 Bohr   0.0
[INPUT]130 F99    4.309632400000  -3.714419500000  -4.485483000000 AA    8.144024933552  -7.019235566744  -8.476334406392 Bohr   0.0
[INPUT]131 F99   -4.315439000000   3.706776500000  -4.489122300000 AA   -8.154997817267   7.004792389974  -8.483211686678 Bohr   0.0
[INPUT]132 Y99   -5.103062400000  -5.150838800000   0.000000000000 AA   -9.643390332566  -9.733674643783   0.000000000000 Bohr   0.0
[INPUT]133 Y99    5.103062400000   5.150838800000   0.000000000000 AA    9.643390332566   9.733674643783   0.000000000000 Bohr   0.0
[INPUT]134 F99    3.701567200000  -0.840068200000  -6.227877500000 AA    6.994948239673  -1.587498823956 -11.768982812341 Bohr   0.0
[INPUT]135 F99   -3.710485600000   0.827778000000  -6.227374700000 AA   -7.011801573142   1.564273711940 -11.768032658046 Bohr   0.0
[INPUT]136 Y99    5.169131400000  -5.150838800000   0.000000000000 AA    9.768242647890  -9.733674643783   0.000000000000 Bohr   0.0
[INPUT]137 Y99   -5.169131400000   5.150838800000   0.000000000000 AA   -9.768242647890   9.733674643783   0.000000000000 Bohr   0.0
[INPUT]138 F99   -0.820159800000  -3.702328600000   6.240606200000 AA   -1.549877400378  -6.996387077144  11.793036569263 Bohr   0.0
[INPUT]139 F99    0.826962500000   3.718867400000   6.236966900000 AA    1.562732640286   7.027640879573  11.786159288978 Bohr   0.0
[INPUT]140 Li99   5.125554300000  -0.003724700000  -5.340032300000 AA    9.685893863587  -0.007038662896 -10.091198543331 Bohr   0.0
[INPUT]141 F99    3.966150600000   5.983862000000  -1.810397500000 AA    7.494938402779  11.307860347192  -3.421155451597 Bohr   0.0
[INPUT]142 F99   -3.964018200000  -5.985661700000  -1.810900300000 AA   -7.490908750791 -11.311261287299  -3.422105605893 Bohr   0.0
[INPUT]143 Li99  -5.146639400000  -0.003724700000  -5.340032300000 AA   -9.725738927896  -0.007038662896 -10.091198543331 Bohr   0.0
[INPUT]144 Li99  -0.043577100000   5.147114100000  -5.340032300000 AA   -0.082348784303   9.726635980887 -10.091198543331 Bohr   0.0
[INPUT]145 Li99   0.022491900000  -5.154563400000  -5.340032300000 AA    0.042503531021  -9.740713117707 -10.091198543331 Bohr   0.0
[INPUT]146 Li99   5.131859000000   0.008366200000   5.386056900000 AA    9.697808019884   0.015809826703  10.178172432324 Bohr   0.0
[INPUT]147 Li99  -5.140334700000   0.008366200000   5.386056900000 AA   -9.713824771598   0.015809826703  10.178172432324 Bohr   0.0
[INPUT]148 Li99   0.028796600000  -5.142472500000   5.386056900000 AA    0.054417687319  -9.717864628107  10.178172432324 Bohr   0.0
[INPUT]149 F99   -6.006547100000   4.018482100000   1.813891800000 AA  -11.350728973301   7.593830605467   3.427758721594 Bohr   0.0
[INPUT]150 F99    6.011872500000  -4.012838200000   1.810252500000 AA   11.360792520804  -7.583165180193   3.420881441309 Bohr   0.0
[INPUT]151 Li99  -0.037272400000   5.159205000000   5.386056900000 AA   -0.070434628005   9.749484470487  10.178172432324 Bohr   0.0
[INPUT]152 F99   -1.705637700000  -1.431373400000   7.173297100000 AA   -3.223188120733  -2.704903707988  13.555566929137 Bohr   0.0
[INPUT]153 F99    1.717267800000   1.449108200000   7.176936400000 AA    3.245165824534   2.738417622861  13.562444209422 Bohr   0.0
[INPUT]154 F99   -1.448673800000   1.734551000000  -7.173944900000 AA   -2.737596725833   3.277826339090 -13.556791093720 Bohr   0.0
[INPUT]155 F99    1.444501500000  -1.748441600000  -7.173442100000 AA    2.729712221523  -3.304075768796 -13.555840939425 Bohr   0.0
[INPUT]156 F99   -1.395190400000  -5.978816100000   4.498211700000 AA   -2.636527747622 -11.298324978140   8.500388163314 Bohr   0.0
[INPUT]157 F99    1.398881500000   5.990707600000   4.498714400000 AA    2.643502915721  11.320796656350   8.501338128637 Bohr   0.0
[INPUT]158 F99    5.989789200000  -1.444062300000  -4.489122300000 AA   11.319061131878  -2.728882253810  -8.483211686678 Bohr   0.0
[INPUT]159 F99   -5.995595900000   1.436419300000  -4.485483000000 AA  -11.330034204565   2.714439077039  -8.476334406392 Bohr   0.0
[INPUT]160 F99    1.677928600000   6.587856000000  -3.549152800000 AA    3.170825510575  12.449243588073  -6.706926766233 Bohr   0.0
[INPUT]161 F99   -1.678907900000  -6.594303000000  -3.552792100000 AA   -3.172676119369 -12.461426652398  -6.713804046518 Bohr   0.0
[INPUT]162 F99   -6.578466000000   1.746641900000   3.552144300000 AA  -12.431499059763   3.300674828690   6.712579881935 Bohr   0.0
[INPUT]163 F99    6.586903100000  -1.736350700000   3.552647000000 AA   12.447442868049  -3.281227279197   6.713529847258 Bohr   0.0
[INPUT]164 F99   -4.276099800000  -1.431971400000   6.236966900000 AA   -8.080657503307  -2.706033764210  11.786159288978 Bohr   0.0
[INPUT]165 F99    4.282902600000   1.448510200000   6.240606200000 AA    8.093512932188   2.737287566639  11.793036569263 Bohr   0.0
[INPUT]166 F99   -1.467564100000   4.310770500000  -6.227877500000 AA   -2.773294219244   8.146175630854 -11.768982812341 Bohr   0.0
[INPUT]167 F99    1.458645800000  -4.323060800000  -6.227374700000 AA    2.756441074747  -8.169400931843 -11.768032658046 Bohr   0.0
[INPUT]168 F99   -6.239974100000  -4.317815500000  -1.810397500000 AA  -11.791842073379  -8.159488751402  -3.421155451597 Bohr   0.0
[INPUT]169 F99    6.242106600000   4.316015800000  -1.810900300000 AA   11.795871914340   8.156087811296  -3.422105605893 Bohr   0.0
[INPUT]170 F99    4.331715700000  -6.283195400000   1.813891800000 AA    8.185756322479 -11.873518493127   3.427758721594 Bohr   0.0
[INPUT]171 F99    6.847060000000   1.437017300000  -3.549152800000 AA   12.939068158464   2.715569133262  -6.706926766233 Bohr   0.0
[INPUT]172 F99   -4.326390300000   6.288839300000   1.810252500000 AA   -8.175692774975  11.884183918401   3.420881441309 Bohr   0.0
[INPUT]173 F99   -6.848039300000  -1.443464300000  -3.552792100000 AA  -12.940918767258  -2.727752197587  -6.713804046518 Bohr   0.0
[INPUT]174 F99    1.483840800000  -6.887189400000   3.552647000000 AA    2.804052724456 -13.014901734008   6.713529847258 Bohr   0.0
[INPUT]175 F99   -1.475403600000   6.897480600000   3.552144300000 AA   -2.788108727197  13.034349283501   6.712579881935 Bohr   0.0
[INPUT]176 F99   -6.830783400000  -4.013436200000   0.873922300000 AA  -12.908309842225  -7.584295236415   1.651473801150 Bohr   0.0
[INPUT]177 F99    6.831281400000   4.017884100000   0.877561600000 AA   12.909250925835   7.592700549245   1.658351081435 Bohr   0.0

nuclear repulsion = 60125.7910407422
number of shells = 230
number of NR pGTOs = 522
number of NR cGTOs = 341
basis = {'Er': 'stuttgart_rsc', 'F': '6-31g*', 'Li99': [[0, [100000000.0, 1.0]]], 'Y99': [[0, [100000000.0, 1.0]]], 'F99': [[0, [100000000.0, 1.0]]]}
ecp = {'Er': 'stuttgart_rsc', 'Li99': 'bfd', 'F99': 'bfd', 'Y99': 'lanl2dz'}
CPU time:         2.73

构建 CAHF: Er3+ 具有 7 个 4f 轨道，包含 11 个电子。
注入长程背景点电荷场...

--- 开始 CAHF 计算 ---


******** <class 'pyscf.qmmm.itrf.QMMMCAHF'> ********
method = QMMMCAHF
initial guess = 1e
damping factor = 0
level_shift factor = 5.0
DIIS = <class 'pyscf.scf.diis.CDIIS'>
diis_start_cycle = 5
diis_space = 8
diis_damp = 0
SCF conv_tol = 1e-09
SCF conv_tol_grad = None
SCF max_cycles = 300
direct_scf = True
direct_scf_tol = 1e-13
chkfile to save SCF result = Er_CAHF_RDIIS.chk
max_memory 4000 MB (current use 96 MB)
num. doubly occ = 57  num. singly occ = 3
** Add background charges for QMMMCAHF **
Set gradient conv threshold to 3.16228e-05
Initial guess from hcore.
  HOMO = -133.144460142095  LUMO = -132.817999481268
init E= 47622.3560582986
  HOMO = -94.1023207752913  LUMO = -93.9990816260909
cycle= 1 E= 46988.3233936549  delta_E= -634  |g|= 16.3  |ddm|= 1.29e+03
  HOMO = -104.599706132703  LUMO = -103.498520765695
cycle= 2 E= 47623.9280378018  delta_E=  636  |g|=   65  |ddm|= 1.28e+03
  HOMO = -94.1892270357466  LUMO = -94.0878943280341
cycle= 3 E= 46976.7564957797  delta_E= -647  |g|=   22  |ddm|= 1.28e+03
  HOMO = -104.649026078025  LUMO = -103.459337295541
cycle= 4 E= 47578.2233353904  delta_E=  601  |g|= 87.2  |ddm|= 1.22e+03
  HOMO = -94.2339772643667  LUMO = -94.1392614918884
cycle= 5 E= 46953.3521607527  delta_E= -625  |g|= 29.3  |ddm|= 1.22e+03
  HOMO = -104.711151960641  LUMO = -103.218253808858
cycle= 6 E= 47527.4145280499  delta_E=  574  |g|=  105  |ddm|= 1.12e+03
  HOMO = -100.900834903949  LUMO = -99.1408973588902
cycle= 7 E= 47167.9235916008  delta_E= -359  |g|=  146  |ddm|=  729
  HOMO = -100.756288555869  LUMO = -98.6997887656087
cycle= 8 E= 47079.5798265953  delta_E= -88.3  |g|=  144  |ddm|=  103
  HOMO = -100.818337392444  LUMO = -98.6840404786487
cycle= 9 E= 47044.8565990719  delta_E= -34.7  |g|=  141  |ddm|= 29.3
  HOMO = -100.789326218252  LUMO = -98.6676996973138
cycle= 10 E= 47032.1382349177  delta_E= -12.7  |g|=  139  |ddm|= 5.89
  HOMO = -100.752227468279  LUMO = -98.6455724075161
cycle= 11 E= 47025.3028903708  delta_E= -6.84  |g|=  137  |ddm|= 4.48
  HOMO = -100.106913954104  LUMO = -98.6349097558631
cycle= 12 E= 47020.568404158  delta_E= -4.73  |g|=  136  |ddm|= 2.54
  HOMO = -100.638834084877  LUMO = -98.6031131000484
cycle= 13 E= 47015.8836135874  delta_E= -4.68  |g|=  136  |ddm|= 3.42
  HOMO = -94.1930244134352  LUMO = -94.1066348848169
cycle= 14 E= 46928.0960079417  delta_E= -87.8  |g|= 36.2  |ddm|=  285
  HOMO = -101.913266775086  LUMO = -101.798159456738
cycle= 15 E= 46805.2175989195  delta_E= -123  |g|=  121  |ddm|=  216
  HOMO = -100.668875968432  LUMO = -99.1372210481995
cycle= 16 E= 46876.2641329187  delta_E=   71  |g|=  115  |ddm|= 55.6
  HOMO = -101.177467666988  LUMO = -99.0634092394223
cycle= 17 E= 46907.7290248898  delta_E= 31.5  |g|=  113  |ddm|= 9.63
  HOMO = -101.239008650771  LUMO = -98.9570648931772
cycle= 18 E= 46906.851972999  delta_E= -0.877  |g|=  110  |ddm|= 16.9
  HOMO = -101.258648417104  LUMO = -98.9287008624142
cycle= 19 E= 46905.1620648473  delta_E= -1.69  |g|=  109  |ddm|= 4.51
  HOMO = -101.302701689586  LUMO = -98.9692592050378
cycle= 20 E= 46904.4610170253  delta_E= -0.701  |g|=  109  |ddm|= 4.88
  HOMO = -101.338342088144  LUMO = -98.9764118362544
cycle= 21 E= 46904.8239761047  delta_E= 0.363  |g|=  109  |ddm|= 4.11
  HOMO = -101.325162875079  LUMO = -98.9896284110362
cycle= 22 E= 46911.813740572  delta_E= 6.99  |g|=  109  |ddm|= 2.72
  HOMO = -94.366988178673  LUMO = -94.3572234279705
cycle= 23 E= 46916.4044134138  delta_E= 4.59  |g|= 38.3  |ddm|=  198
  HOMO = -101.391889320832  LUMO = -101.340943210538
cycle= 24 E= 46509.3335962278  delta_E= -407  |g|= 94.2  |ddm|=   68
  HOMO = -99.4212978373507  LUMO = -98.1280516861377
cycle= 25 E= 46536.7607756627  delta_E= 27.4  |g|= 88.7  |ddm|= 31.5
  HOMO = -99.7173050714946  LUMO = -98.0647085206266
cycle= 26 E= 46548.4057420098  delta_E= 11.6  |g|= 87.9  |ddm|=  6.7
  HOMO = -99.8620557347772  LUMO = -97.9350671991658
cycle= 27 E= 46552.6656920468  delta_E= 4.26  |g|= 88.1  |ddm|= 2.57
  HOMO = -99.9439249280875  LUMO = -97.890299187391
cycle= 28 E= 46555.3632025083  delta_E=  2.7  |g|=   88  |ddm|= 1.51
  HOMO = -100.056965827609  LUMO = -98.0931926166461
cycle= 29 E= 46559.0116096361  delta_E= 3.65  |g|= 86.9  |ddm|=  3.9
  HOMO = -100.072547538056  LUMO = -98.0720223046424
cycle= 30 E= 46558.288958111  delta_E= -0.723  |g|= 86.7  |ddm|= 2.02
  HOMO = -100.144547475574  LUMO = -98.2239086855811
cycle= 31 E= 46562.4457178882  delta_E= 4.16  |g|=   88  |ddm|= 9.36
  HOMO = -94.2208106197008  LUMO = -94.1919446189175
cycle= 32 E= 46896.698804027  delta_E=  334  |g|= 45.5  |ddm|= 87.8
  HOMO = -101.595542195301  LUMO = -101.083922506429
cycle= 33 E= 46270.08734446  delta_E= -627  |g|=   65  |ddm|= 41.9
  HOMO = -99.6306633379572  LUMO = -98.1156374207993
cycle= 34 E= 46304.768415343  delta_E= 34.7  |g|= 71.6  |ddm|= 9.61
  HOMO = -99.8250685983559  LUMO = -98.2428636336171
cycle= 35 E= 46327.6904127554  delta_E= 22.9  |g|= 75.7  |ddm|= 5.46
  HOMO = -99.9138164514407  LUMO = -98.1280903185513
cycle= 36 E= 46348.6649896069  delta_E=   21  |g|= 78.1  |ddm|= 2.95
  HOMO = -99.8734406884949  LUMO = -97.6136821811135
cycle= 37 E= 46356.9153115963  delta_E= 8.25  |g|= 78.5  |ddm|= 5.26
  HOMO = -99.8527648932615  LUMO = -97.5066685030017
cycle= 38 E= 46363.3596550436  delta_E= 6.44  |g|= 78.5  |ddm|= 2.78
  HOMO = -99.7687321435879  LUMO = -97.5943794473963
cycle= 39 E= 46373.3093915258  delta_E= 9.95  |g|= 79.3  |ddm|= 2.72
  HOMO = -99.7347269352629  LUMO = -97.3129593106059
cycle= 40 E= 46370.777914718  delta_E= -2.53  |g|= 78.6  |ddm|= 2.92
  HOMO = -94.2857154985446  LUMO = -94.2592514194346
cycle= 41 E= 46735.2235886173  delta_E=  364  |g|= 58.5  |ddm|= 40.1
  HOMO = -100.695655866962  LUMO = -100.393932804687
cycle= 42 E= 46101.9231574007  delta_E= -633  |g|= 30.2  |ddm|= 17.5
  HOMO = -98.6619276132595  LUMO = -96.4908624911809
cycle= 43 E= 46081.1037767845  delta_E= -20.8  |g|= 22.6  |ddm|= 8.24
  HOMO = -98.5120764827857  LUMO = -96.0142615076196
cycle= 44 E= 46060.5639305205  delta_E= -20.5  |g|= 13.8  |ddm|= 4.75
  HOMO = -98.1979977433447  LUMO = -95.7833513030489
cycle= 45 E= 46045.428059244  delta_E= -15.1  |g|= 5.54  |ddm|= 3.22
  HOMO = -97.9762610908985  LUMO = -95.5509188895589
cycle= 46 E= 46039.1655666913  delta_E= -6.26  |g|= 2.82  |ddm|= 2.62
  HOMO = -98.0003518604996  LUMO = -95.5711623771381
cycle= 47 E= 46037.0503903391  delta_E= -2.12  |g|=  2.2  |ddm|= 1.32
  HOMO = -97.9933119530065  LUMO = -95.529592324463
cycle= 48 E= 46035.7938099206  delta_E= -1.26  |g|= 1.51  |ddm|= 1.02
  HOMO = -98.1079752676853  LUMO = -95.5290875782078
cycle= 49 E= 46035.0908823814  delta_E= -0.703  |g|= 1.19  |ddm|= 0.744
  HOMO = -98.1964314037313  LUMO = -95.4857134390567
cycle= 50 E= 46034.5987629457  delta_E= -0.492  |g|= 0.871  |ddm|= 0.598
  HOMO = -98.2856150942132  LUMO = -95.46443374512
cycle= 51 E= 46034.281984179  delta_E= -0.317  |g|= 0.696  |ddm|= 0.449
  HOMO = -98.2574464806637  LUMO = -95.4391055461436
cycle= 52 E= 46034.0661570068  delta_E= -0.216  |g|= 0.58  |ddm|= 0.361
  HOMO = -98.2397340801053  LUMO = -95.4245709809715
cycle= 53 E= 46033.9091449286  delta_E= -0.157  |g|= 0.496  |ddm|= 0.308
  HOMO = -98.2339513314398  LUMO = -95.4355233523053
cycle= 54 E= 46033.7957790382  delta_E= -0.113  |g|= 0.434  |ddm|= 0.266
  HOMO = -98.2300721579736  LUMO = -95.4476025054316
cycle= 55 E= 46033.712531523  delta_E= -0.0832  |g|= 0.385  |ddm|= 0.234
  HOMO = -98.2280924588335  LUMO = -95.4639761077082
cycle= 56 E= 46033.6512958828  delta_E= -0.0612  |g|= 0.35  |ddm|= 0.203
  HOMO = -98.2325454617155  LUMO = -95.4900779627754
cycle= 57 E= 46033.6034558656  delta_E= -0.0478  |g|= 0.337  |ddm|= 0.182
  HOMO = -98.2245796151187  LUMO = -95.4833664545763
cycle= 58 E= 46033.5638322204  delta_E= -0.0396  |g|= 0.306  |ddm|= 0.16
  HOMO = -98.2399981954928  LUMO = -95.5206595097502
cycle= 59 E= 46033.52814114  delta_E= -0.0357  |g|= 0.306  |ddm|= 0.165
  HOMO = -98.2485841307255  LUMO = -95.5441791497664
cycle= 60 E= 46033.4965793686  delta_E= -0.0316  |g|= 0.32  |ddm|= 0.164
  HOMO = -98.2450905579821  LUMO = -95.537674811797
cycle= 61 E= 46033.4671142538  delta_E= -0.0295  |g|= 0.298  |ddm|= 0.151
  HOMO = -98.2431200895266  LUMO = -95.5358643292227
cycle= 62 E= 46033.4399252956  delta_E= -0.0272  |g|= 0.27  |ddm|= 0.143
  HOMO = -98.247108555631  LUMO = -95.5370997638624
cycle= 63 E= 46033.4140109317  delta_E= -0.0259  |g|= 0.256  |ddm|= 0.139
  HOMO = -98.2496729618887  LUMO = -95.5350857026105
cycle= 64 E= 46033.389696626  delta_E= -0.0243  |g|= 0.248  |ddm|= 0.129
  HOMO = -98.2531253699506  LUMO = -95.5329180559485
cycle= 65 E= 46033.3669486935  delta_E= -0.0227  |g|= 0.247  |ddm|= 0.12
  HOMO = -98.247835435022  LUMO = -95.5269067972781
cycle= 66 E= 46033.3466786249  delta_E= -0.0203  |g|= 0.242  |ddm|= 0.105
  HOMO = -98.2502187386161  LUMO = -95.535017051895
cycle= 67 E= 46033.3325998641  delta_E= -0.0141  |g|= 0.253  |ddm|= 0.0816
  HOMO = -98.2546373721962  LUMO = -95.5386320585208
cycle= 68 E= 46033.319115499  delta_E= -0.0135  |g|= 0.262  |ddm|= 0.0853
  HOMO = -98.2387590393449  LUMO = -95.5366997751266
cycle= 69 E= 46033.3075824347  delta_E= -0.0115  |g|= 0.257  |ddm|= 0.0673
  HOMO = -98.2345395634049  LUMO = -95.5371355381609
cycle= 70 E= 46033.2966651572  delta_E= -0.0109  |g|= 0.254  |ddm|= 0.0637
  HOMO = -98.2405058172838  LUMO = -95.53347156471
cycle= 71 E= 46033.2845442835  delta_E= -0.0121  |g|= 0.255  |ddm|= 0.0664
  HOMO = -98.2604630827581  LUMO = -95.527309170716
cycle= 72 E= 46033.2680321438  delta_E= -0.0165  |g|= 0.262  |ddm|= 0.0847
  HOMO = -98.2756733945817  LUMO = -95.5243149042296
cycle= 73 E= 46033.2502181032  delta_E= -0.0178  |g|= 0.274  |ddm|= 0.091
  HOMO = -98.2755132335961  LUMO = -95.5230192763154
cycle= 74 E= 46033.2353246087  delta_E= -0.0149  |g|= 0.28  |ddm|= 0.0798
  HOMO = -98.283518358697  LUMO = -95.5299477692081
cycle= 75 E= 46033.2178207517  delta_E= -0.0175  |g|= 0.273  |ddm|= 0.09
  HOMO = -98.2858636215632  LUMO = -95.537864050191
cycle= 76 E= 46033.1993906958  delta_E= -0.0184  |g|= 0.258  |ddm|= 0.0984
  HOMO = -98.2937019118077  LUMO = -95.5471317194962
cycle= 77 E= 46033.1813118993  delta_E= -0.0181  |g|= 0.24  |ddm|= 0.103
  HOMO = -98.3196573461522  LUMO = -95.5566845295288
cycle= 78 E= 46033.1571138258  delta_E= -0.0242  |g|= 0.217  |ddm|= 0.135
  HOMO = -98.3366883012458  LUMO = -95.5550486644477
cycle= 79 E= 46033.1332254545  delta_E= -0.0239  |g|= 0.194  |ddm|= 0.138
  HOMO = -98.3477929685267  LUMO = -95.5529581042185
cycle= 80 E= 46033.1114596124  delta_E= -0.0218  |g|= 0.177  |ddm|= 0.132
  HOMO = -98.3544921197222  LUMO = -95.5463514561762
cycle= 81 E= 46033.0935180541  delta_E= -0.0179  |g|= 0.169  |ddm|= 0.112
  HOMO = -98.3580825251154  LUMO = -95.543565371723
cycle= 82 E= 46033.0785616655  delta_E= -0.015  |g|= 0.172  |ddm|= 0.0958
  HOMO = -98.3622634101501  LUMO = -95.5379216721458
cycle= 83 E= 46033.0656698757  delta_E= -0.0129  |g|= 0.18  |ddm|= 0.0822
  HOMO = -98.3661040647907  LUMO = -95.532485399328
cycle= 84 E= 46033.0557836562  delta_E= -0.00989  |g|= 0.19  |ddm|= 0.0664
  HOMO = -98.3703088963733  LUMO = -95.5308156925969
cycle= 85 E= 46033.0453433026  delta_E= -0.0104  |g|= 0.191  |ddm|= 0.0694
  HOMO = -98.3737834529076  LUMO = -95.5280158712117
cycle= 86 E= 46033.0366154306  delta_E= -0.00873  |g|= 0.198  |ddm|= 0.0597
  HOMO = -98.3772598583296  LUMO = -95.5270211838186
cycle= 87 E= 46033.0288812925  delta_E= -0.00773  |g|= 0.211  |ddm|= 0.053
  HOMO = -98.3774092565957  LUMO = -95.5247117258102
cycle= 88 E= 46033.0233023251  delta_E= -0.00558  |g|= 0.229  |ddm|= 0.0422
  HOMO = -98.3802786212781  LUMO = -95.5256884530112
cycle= 89 E= 46033.0161982776  delta_E= -0.0071  |g|= 0.23  |ddm|= 0.0473
  HOMO = -98.3814131611237  LUMO = -95.5242476239324
cycle= 90 E= 46033.0089343122  delta_E= -0.00726  |g|= 0.234  |ddm|= 0.0473
  HOMO = -98.3825883273549  LUMO = -95.5253598289289
cycle= 91 E= 46033.0006951312  delta_E= -0.00824  |g|= 0.236  |ddm|= 0.0547
  HOMO = -98.385445190098  LUMO = -95.525392064576
cycle= 92 E= 46032.9930323408  delta_E= -0.00766  |g|= 0.246  |ddm|= 0.0508
  HOMO = -98.3886236460429  LUMO = -95.5255083602765
cycle= 93 E= 46032.9859233523  delta_E= -0.00711  |g|= 0.259  |ddm|= 0.0471
  HOMO = -98.3924271953134  LUMO = -95.5255435167854
cycle= 94 E= 46032.979483683  delta_E= -0.00644  |g|= 0.27  |ddm|= 0.0426
  HOMO = -98.3999347506179  LUMO = -95.5266319949404
cycle= 95 E= 46032.9723886346  delta_E= -0.0071  |g|= 0.281  |ddm|= 0.0436
  HOMO = -98.4161030178691  LUMO = -95.5293855372232
cycle= 96 E= 46032.961016407  delta_E= -0.0114  |g|= 0.293  |ddm|= 0.0578
  HOMO = -98.4073986292342  LUMO = -95.5297931802789
cycle= 97 E= 46032.9479675647  delta_E= -0.013  |g|= 0.315  |ddm|= 0.0681
  HOMO = -98.4107171563692  LUMO = -95.5299158525663
cycle= 98 E= 46032.9362630407  delta_E= -0.0117  |g|= 0.34  |ddm|= 0.0623
  HOMO = -98.4223600393605  LUMO = -95.5308024499576
cycle= 99 E= 46032.9252790961  delta_E= -0.011  |g|= 0.349  |ddm|= 0.0555
  HOMO = -98.4237983044007  LUMO = -95.5306097254477
cycle= 100 E= 46032.9160222506  delta_E= -0.00926  |g|= 0.358  |ddm|= 0.047
  HOMO = -98.4125559986094  LUMO = -95.5304532930671
cycle= 101 E= 46032.9063828179  delta_E= -0.00964  |g|= 0.383  |ddm|= 0.0549
  HOMO = -98.4013138409026  LUMO = -95.5307764689799
cycle= 102 E= 46032.8975979728  delta_E= -0.00878  |g|= 0.402  |ddm|= 0.0575
  HOMO = -98.4218576118001  LUMO = -95.5319206647345
cycle= 103 E= 46032.8887216492  delta_E= -0.00888  |g|= 0.396  |ddm|= 0.0532
  HOMO = -98.4440881602672  LUMO = -95.5341244134583
cycle= 104 E= 46032.8790654073  delta_E= -0.00966  |g|= 0.382  |ddm|= 0.0567
  HOMO = -98.3534989120988  LUMO = -95.5320087888435
cycle= 105 E= 46032.8714412002  delta_E= -0.00762  |g|= 0.404  |ddm|= 0.0628
  HOMO = -98.338927909228  LUMO = -95.5326503351992
cycle= 106 E= 46032.8630130379  delta_E= -0.00843  |g|= 0.404  |ddm|= 0.0666
  HOMO = -98.4035670542752  LUMO = -95.535587312109
cycle= 107 E= 46032.8523343458  delta_E= -0.0107  |g|= 0.385  |ddm|= 0.0639
  HOMO = -98.5249210045625  LUMO = -95.5420902743864
cycle= 108 E= 46032.8326813677  delta_E= -0.0197  |g|= 0.306  |ddm|= 0.0907
  HOMO = -98.5730858260717  LUMO = -95.5467703418127
cycle= 109 E= 46032.8105137185  delta_E= -0.0222  |g|= 0.259  |ddm|= 0.127
  HOMO = -98.5750991374357  LUMO = -95.5479243148157
cycle= 110 E= 46032.7912821643  delta_E= -0.0192  |g|= 0.238  |ddm|= 0.114
  HOMO = -98.5862124443938  LUMO = -95.5489308572483
cycle= 111 E= 46032.7725227797  delta_E= -0.0188  |g|= 0.239  |ddm|= 0.105
  HOMO = -98.5921939723018  LUMO = -95.5499212582958
cycle= 112 E= 46032.7532644215  delta_E= -0.0193  |g|= 0.246  |ddm|= 0.105
  HOMO = -98.5430780927208  LUMO = -95.5491122139716
cycle= 113 E= 46032.7370883232  delta_E= -0.0162  |g|= 0.26  |ddm|= 0.0954
  HOMO = -98.5132460141856  LUMO = -95.5489950762325
cycle= 114 E= 46032.7287445716  delta_E= -0.00834  |g|= 0.268  |ddm|= 0.0647
  HOMO = -98.509378062507  LUMO = -95.5484683755512
cycle= 115 E= 46032.7221272441  delta_E= -0.00662  |g|= 0.273  |ddm|= 0.0517
  HOMO = -98.4914057965542  LUMO = -95.5477257118473
cycle= 116 E= 46032.7167183058  delta_E= -0.00541  |g|= 0.285  |ddm|= 0.0587
  HOMO = -98.4893946235166  LUMO = -95.5468608681591
cycle= 117 E= 46032.7190801477  delta_E= 0.00236  |g|= 0.29  |ddm|= 0.0234
  HOMO = -98.4677115784341  LUMO = -95.5459897373628
cycle= 118 E= 46032.724891315  delta_E= 0.00581  |g|= 0.288  |ddm|= 0.0376
  HOMO = -98.445577479253  LUMO = -95.5452524082743
cycle= 119 E= 46032.7269756974  delta_E= 0.00208  |g|= 0.29  |ddm|= 0.0237
  HOMO = -98.5078406201808  LUMO = -95.547824900618
cycle= 120 E= 46032.7197627927  delta_E= -0.00721  |g|= 0.286  |ddm|= 0.0416
  HOMO = -98.5313685514191  LUMO = -95.5503893255801
cycle= 121 E= 46032.7030593917  delta_E= -0.0167  |g|= 0.282  |ddm|= 0.0972
  HOMO = -98.6165307022477  LUMO = -95.5532607511821
cycle= 122 E= 46032.6835091527  delta_E= -0.0196  |g|= 0.255  |ddm|=  0.1
  HOMO = -98.6943745872535  LUMO = -95.5564791241886
cycle= 123 E= 46032.6642090479  delta_E= -0.0193  |g|= 0.229  |ddm|= 0.111
  HOMO = -98.6893157519688  LUMO = -95.5565213834251
cycle= 124 E= 46032.6496559608  delta_E= -0.0146  |g|= 0.205  |ddm|= 0.0924
  HOMO = -98.7415151416295  LUMO = -95.5594671274163
cycle= 125 E= 46032.6396391284  delta_E= -0.01  |g|= 0.181  |ddm|= 0.071
  HOMO = -98.7403338179424  LUMO = -95.5592652457138
cycle= 126 E= 46032.6345783514  delta_E= -0.00506  |g|= 0.168  |ddm|= 0.0425
  HOMO = -98.7303046125357  LUMO = -95.5584351167398
cycle= 127 E= 46032.6290033892  delta_E= -0.00557  |g|= 0.148  |ddm|= 0.0492
  HOMO = -98.7437706511848  LUMO = -95.5597760413851
cycle= 128 E= 46032.6249817941  delta_E= -0.00402  |g|= 0.134  |ddm|= 0.0408
  HOMO = -98.7386376885445  LUMO = -95.5590828555871
cycle= 129 E= 46032.6228360473  delta_E= -0.00215  |g|= 0.123  |ddm|= 0.0256
  HOMO = -98.7365721654454  LUMO = -95.5586162091669
cycle= 130 E= 46032.6227800141  delta_E= -5.6e-05  |g|= 0.123  |ddm|= 0.0139
  HOMO = -98.7389710534785  LUMO = -95.5588263859196
cycle= 131 E= 46032.622099161  delta_E= -0.000681  |g|= 0.12  |ddm|= 0.0131
  HOMO = -98.738808421271  LUMO = -95.5587000304847
cycle= 132 E= 46032.6215086675  delta_E= -0.00059  |g|= 0.118  |ddm|= 0.00881
  HOMO = -98.737062854036  LUMO = -95.5587669347843
cycle= 133 E= 46032.6206071523  delta_E= -0.000902  |g|= 0.111  |ddm|= 0.0161
  HOMO = -98.7384942275108  LUMO = -95.5588277161008
cycle= 134 E= 46032.6200233608  delta_E= -0.000584  |g|= 0.108  |ddm|= 0.0117
  HOMO = -98.7336592208528  LUMO = -95.5583695947047
cycle= 135 E= 46032.6185536118  delta_E= -0.00147  |g|= 0.0963  |ddm|= 0.0311
  HOMO = -98.7358650754269  LUMO = -95.5585210507486
cycle= 136 E= 46032.6179899194  delta_E= -0.000564  |g|= 0.0932  |ddm|= 0.0203
  HOMO = -98.737773771211  LUMO = -95.5584950898876
cycle= 137 E= 46032.6180170572  delta_E= 2.71e-05  |g|= 0.0954  |ddm|= 0.00676
  HOMO = -98.7361429840715  LUMO = -95.5583548054349
cycle= 138 E= 46032.6179672738  delta_E= -4.98e-05  |g|= 0.095  |ddm|= 0.00718
  HOMO = -98.7370254927059  LUMO = -95.5583923018403
cycle= 139 E= 46032.6180931422  delta_E= 0.000126  |g|= 0.0957  |ddm|= 0.00372
  HOMO = -98.7384774220416  LUMO = -95.5584371469019
cycle= 140 E= 46032.6178300226  delta_E= -0.000263  |g|= 0.0948  |ddm|= 0.00772
  HOMO = -98.7285935771037  LUMO = -95.5581912431014
cycle= 141 E= 46032.6156092119  delta_E= -0.00222  |g|= 0.0691  |ddm|= 0.0393
  HOMO = -98.7380085672869  LUMO = -95.5584754384283
cycle= 142 E= 46032.6146005982  delta_E= -0.00101  |g|= 0.058  |ddm|= 0.0266
  HOMO = -98.7382394009527  LUMO = -95.5585092643381
cycle= 143 E= 46032.6139977122  delta_E= -0.000603  |g|= 0.0493  |ddm|= 0.0185
  HOMO = -98.7383904648627  LUMO = -95.5585751201391
cycle= 144 E= 46032.6138021318  delta_E= -0.000196  |g|= 0.0468  |ddm|= 0.012
  HOMO = -98.7391891496197  LUMO = -95.5586095649645
cycle= 145 E= 46032.6138723338  delta_E= 7.02e-05  |g|= 0.0481  |ddm|= 0.00584
  HOMO = -98.7387713894835  LUMO = -95.558586516102
cycle= 146 E= 46032.6139955762  delta_E= 0.000123  |g|= 0.0507  |ddm|= 0.00391
  HOMO = -98.7387229463727  LUMO = -95.5585749279539
cycle= 147 E= 46032.6141264336  delta_E= 0.000131  |g|= 0.053  |ddm|= 0.00373
  HOMO = -98.7385379071925  LUMO = -95.5585595220828
cycle= 148 E= 46032.6142292656  delta_E= 0.000103  |g|= 0.0546  |ddm|= 0.00326
  HOMO = -98.7363715124614  LUMO = -95.558561709639
cycle= 149 E= 46032.6138786132  delta_E= -0.000351  |g|= 0.0476  |ddm|= 0.0106
  HOMO = -98.7371704742048  LUMO = -95.5585086297456
cycle= 150 E= 46032.6135559713  delta_E= -0.000323  |g|= 0.0427  |ddm|= 0.0105
  HOMO = -98.7377659038915  LUMO = -95.5584992634784
cycle= 151 E= 46032.6133362044  delta_E= -0.00022  |g|= 0.0385  |ddm|= 0.00863
  HOMO = -98.7377648575196  LUMO = -95.5585170020856
cycle= 152 E= 46032.6132690551  delta_E= -6.71e-05  |g|= 0.0368  |ddm|= 0.00447
  HOMO = -98.7375503293189  LUMO = -95.5584923859996
cycle= 153 E= 46032.6133065608  delta_E= 3.75e-05  |g|= 0.0377  |ddm|= 0.00307
  HOMO = -98.7375715369813  LUMO = -95.5584713009177
cycle= 154 E= 46032.6133873548  delta_E= 8.08e-05  |g|= 0.0394  |ddm|= 0.00375
  HOMO = -98.737651949572  LUMO = -95.5584661623641
cycle= 155 E= 46032.6134982893  delta_E= 0.000111  |g|= 0.0416  |ddm|= 0.00415
  HOMO = -98.7376996940103  LUMO = -95.5584697187155
cycle= 156 E= 46032.6136187848  delta_E= 0.00012  |g|= 0.0438  |ddm|= 0.00405
  HOMO = -98.7352249926301  LUMO = -95.5583704895434
cycle= 157 E= 46032.6136664058  delta_E= 4.76e-05  |g|= 0.0438  |ddm|= 0.00833
  HOMO = -98.7363273165559  LUMO = -95.5583876514431
cycle= 158 E= 46032.613676184  delta_E= 9.78e-06  |g|= 0.0443  |ddm|= 0.00673
  HOMO = -98.7371707680698  LUMO = -95.5584313557831
cycle= 159 E= 46032.6136949939  delta_E= 1.88e-05  |g|= 0.0448  |ddm|= 0.00403
  HOMO = -98.7370578191074  LUMO = -95.5584688426562
cycle= 160 E= 46032.6137520742  delta_E= 5.71e-05  |g|= 0.0459  |ddm|= 0.00226
  HOMO = -98.7371447875377  LUMO = -95.5584532415217
cycle= 161 E= 46032.6138015421  delta_E= 4.95e-05  |g|= 0.0468  |ddm|= 0.00187
  HOMO = -98.737154884433  LUMO = -95.5584448744885
cycle= 162 E= 46032.6137684972  delta_E= -3.3e-05  |g|= 0.0462  |ddm|= 0.00226
  HOMO = -98.7371034769847  LUMO = -95.5584548221177
cycle= 163 E= 46032.6136699274  delta_E= -9.86e-05  |g|= 0.0448  |ddm|= 0.00523
  HOMO = -98.7342298586277  LUMO = -95.558355184972
cycle= 164 E= 46032.6131900993  delta_E= -0.00048  |g|= 0.0341  |ddm|= 0.0186
  HOMO = -98.7379245353247  LUMO = -95.5584999640978
cycle= 165 E= 46032.6129237553  delta_E= -0.000266  |g|= 0.028  |ddm|= 0.0119
  HOMO = -98.7374153543858  LUMO = -95.5584869809169
cycle= 166 E= 46032.6128628594  delta_E= -6.09e-05  |g|= 0.026  |ddm|= 0.0044
  HOMO = -98.7367947383281  LUMO = -95.558468410841
cycle= 167 E= 46032.6128712224  delta_E= 8.36e-06  |g|= 0.0262  |ddm|= 0.00227
  HOMO = -98.7372018167835  LUMO = -95.5584662525088
cycle= 168 E= 46032.6129076993  delta_E= 3.65e-05  |g|= 0.0274  |ddm|= 0.00211
  HOMO = -98.7372665084133  LUMO = -95.5584664813066
cycle= 169 E= 46032.6129430531  delta_E= 3.54e-05  |g|= 0.0285  |ddm|= 0.00184
  HOMO = -98.7370768311808  LUMO = -95.5584520875397
cycle= 170 E= 46032.6129710454  delta_E= 2.8e-05  |g|= 0.0292  |ddm|= 0.00169
  HOMO = -98.7367303679093  LUMO = -95.5584383704286
cycle= 171 E= 46032.6129519565  delta_E= -1.91e-05  |g|= 0.0288  |ddm|= 0.00244
  HOMO = -98.736401978712  LUMO = -95.5584109624765
cycle= 172 E= 46032.6128662225  delta_E= -8.57e-05  |g|= 0.0261  |ddm|= 0.00545
  HOMO = -98.7373324904974  LUMO = -95.5584526942371
cycle= 173 E= 46032.6127451487  delta_E= -0.000121  |g|= 0.0226  |ddm|= 0.00735
  HOMO = -98.7370530092273  LUMO = -95.5584740471026
cycle= 174 E= 46032.6126917141  delta_E= -5.34e-05  |g|= 0.0203  |ddm|= 0.00389
  HOMO = -98.7368876519538  LUMO = -95.5584498925449
cycle= 175 E= 46032.6126940929  delta_E= 2.38e-06  |g|= 0.0205  |ddm|= 0.00199
  HOMO = -98.7365933377841  LUMO = -95.5584418178194
cycle= 176 E= 46032.6127103232  delta_E= 1.62e-05  |g|= 0.021  |ddm|= 0.00259
  HOMO = -98.7367541276398  LUMO = -95.5584398731171
cycle= 177 E= 46032.6127401485  delta_E= 2.98e-05  |g|= 0.0221  |ddm|= 0.00272
  HOMO = -98.7365144899513  LUMO = -95.5584275960523
cycle= 178 E= 46032.6127578236  delta_E= 1.77e-05  |g|= 0.0227  |ddm|= 0.00206
  HOMO = -98.7359683656986  LUMO = -95.5584083471881
cycle= 179 E= 46032.6127330432  delta_E= -2.48e-05  |g|= 0.0219  |ddm|= 0.00322
  HOMO = -98.7359747671668  LUMO = -95.5584065578237
cycle= 180 E= 46032.6126700185  delta_E= -6.3e-05  |g|= 0.0197  |ddm|= 0.00555
  HOMO = -98.7366279077486  LUMO = -95.5584446371504
cycle= 181 E= 46032.6125941541  delta_E= -7.59e-05  |g|= 0.0162  |ddm|= 0.00707
  HOMO = -98.7366486660999  LUMO = -95.5584649783143
cycle= 182 E= 46032.6125540339  delta_E= -4.01e-05  |g|= 0.014  |ddm|= 0.00406
  HOMO = -98.7366054093862  LUMO = -95.5584433345195
cycle= 183 E= 46032.6125500303  delta_E= -4e-06  |g|= 0.0137  |ddm|= 0.0012
  HOMO = -98.7369407772769  LUMO = -95.5584454018213
cycle= 184 E= 46032.6125411173  delta_E= -8.91e-06  |g|= 0.0132  |ddm|= 0.00268
  HOMO = -98.7369280292967  LUMO = -95.5584681489172
cycle= 185 E= 46032.6125447932  delta_E= 3.68e-06  |g|= 0.0133  |ddm|= 0.00285
  HOMO = -98.7366656139641  LUMO = -95.5584567835649
cycle= 186 E= 46032.6125499507  delta_E= 5.16e-06  |g|= 0.0136  |ddm|= 0.00177
  HOMO = -98.7363864920819  LUMO = -95.5584393988084
cycle= 187 E= 46032.6125436208  delta_E= -6.33e-06  |g|= 0.0133  |ddm|= 0.00178
  HOMO = -98.7365150160548  LUMO = -95.5584435207096
cycle= 188 E= 46032.612511524  delta_E= -3.21e-05  |g|= 0.0113  |ddm|= 0.004
  HOMO = -98.7367418843667  LUMO = -95.5584504364395
cycle= 189 E= 46032.6124810208  delta_E= -3.05e-05  |g|= 0.00895  |ddm|= 0.00459
  HOMO = -98.7365943726191  LUMO = -95.5584366482003
cycle= 190 E= 46032.6124656817  delta_E= -1.53e-05  |g|= 0.00739  |ddm|= 0.00292
  HOMO = -98.7365341699749  LUMO = -95.5584332689438
cycle= 191 E= 46032.6124634477  delta_E= -2.23e-06  |g|= 0.00718  |ddm|= 0.000986
  HOMO = -98.7363894129752  LUMO = -95.5584354081729
cycle= 192 E= 46032.6124625414  delta_E= -9.06e-07  |g|= 0.00711  |ddm|= 0.00123
  HOMO = -98.7365225388995  LUMO = -95.5584349774885
cycle= 193 E= 46032.6124648373  delta_E= 2.3e-06  |g|= 0.00732  |ddm|= 0.00107
  HOMO = -98.7365799560201  LUMO = -95.5584348925288
cycle= 194 E= 46032.6124678436  delta_E= 3.01e-06  |g|= 0.00764  |ddm|= 0.000829
  HOMO = -98.7364734233082  LUMO = -95.5584312519307
cycle= 195 E= 46032.6124696643  delta_E= 1.82e-06  |g|= 0.00782  |ddm|= 0.000842
  HOMO = -98.7366376443522  LUMO = -95.5584356643038
cycle= 196 E= 46032.6124645488  delta_E= -5.12e-06  |g|= 0.00738  |ddm|= 0.00153
  HOMO = -98.7366503374318  LUMO = -95.5584339508891
cycle= 197 E= 46032.6124552929  delta_E= -9.26e-06  |g|= 0.00637  |ddm|= 0.00241
  HOMO = -98.7365145380075  LUMO = -95.5584323425155
cycle= 198 E= 46032.6124514418  delta_E= -3.85e-06  |g|= 0.0058  |ddm|= 0.00162
  HOMO = -98.7365680135939  LUMO = -95.5584395741961
cycle= 199 E= 46032.6124506724  delta_E= -7.69e-07  |g|= 0.00569  |ddm|= 0.000449
  HOMO = -98.7366719820933  LUMO = -95.5584390385283
cycle= 200 E= 46032.6124487585  delta_E= -1.91e-06  |g|= 0.00549  |ddm|= 0.000702
  HOMO = -98.7365830461795  LUMO = -95.5584417547788
cycle= 201 E= 46032.6124455922  delta_E= -3.17e-06  |g|= 0.005  |ddm|= 0.00135
  HOMO = -98.7364849200493  LUMO = -95.5584435667225
cycle= 202 E= 46032.612443554  delta_E= -2.04e-06  |g|= 0.00457  |ddm|= 0.00157
  HOMO = -98.7365792672642  LUMO = -95.5584397325137
cycle= 203 E= 46032.6124438026  delta_E= 2.49e-07  |g|= 0.0046  |ddm|= 0.000783
  HOMO = -98.7366496639154  LUMO = -95.5584396716512
cycle= 204 E= 46032.6124405049  delta_E= -3.3e-06  |g|= 0.00416  |ddm|= 0.0011
  HOMO = -98.7365123486372  LUMO = -95.5584337203905
cycle= 205 E= 46032.6124363966  delta_E= -4.11e-06  |g|= 0.00316  |ddm|= 0.00168
  HOMO = -98.7364569748836  LUMO = -95.5584339080694
cycle= 206 E= 46032.6124346142  delta_E= -1.78e-06  |g|= 0.0027  |ddm|= 0.000986
  HOMO = -98.7365268115982  LUMO = -95.5584367358638
cycle= 207 E= 46032.612434193  delta_E= -4.21e-07  |g|= 0.00255  |ddm|= 0.000318
  HOMO = -98.7365715530053  LUMO = -95.5584372800145
cycle= 208 E= 46032.6124340989  delta_E= -9.41e-08  |g|= 0.00252  |ddm|= 0.000236
  HOMO = -98.7365430824142  LUMO = -95.5584379682547
cycle= 209 E= 46032.6124341488  delta_E= 4.99e-08  |g|= 0.00253  |ddm|= 0.000384
  HOMO = -98.7365123495017  LUMO = -95.558437198792
cycle= 210 E= 46032.6124342741  delta_E= 1.25e-07  |g|= 0.00257  |ddm|= 0.000423
  HOMO = -98.7365234123524  LUMO = -95.5584355894942
cycle= 211 E= 46032.6124346206  delta_E= 3.46e-07  |g|= 0.00268  |ddm|= 0.000278
  HOMO = -98.7365925166641  LUMO = -95.5584382628054
cycle= 212 E= 46032.6124334023  delta_E= -1.22e-06  |g|= 0.00232  |ddm|= 0.000831
  HOMO = -98.7364957850355  LUMO = -95.5584363872575
cycle= 213 E= 46032.6124322688  delta_E= -1.13e-06  |g|= 0.0019  |ddm|= 0.000919
  HOMO = -98.7364941462029  LUMO = -95.5584359449255
cycle= 214 E= 46032.6124316355  delta_E= -6.33e-07  |g|= 0.00158  |ddm|= 0.000561
  HOMO = -98.7365280080969  LUMO = -95.5584368042557
cycle= 215 E= 46032.6124314494  delta_E= -1.86e-07  |g|= 0.00149  |ddm|= 0.000187
  HOMO = -98.7364887542436  LUMO = -95.5584346208105
cycle= 216 E= 46032.6124314611  delta_E= 1.17e-08  |g|= 0.00149  |ddm|= 0.000153
  HOMO = -98.7365022988784  LUMO = -95.558433554352
cycle= 217 E= 46032.6124314277  delta_E= -3.34e-08  |g|= 0.00149  |ddm|= 0.000246
  HOMO = -98.7365078499909  LUMO = -95.5584343334327
cycle= 218 E= 46032.6124314913  delta_E= 6.35e-08  |g|= 0.00151  |ddm|= 0.000297
  HOMO = -98.7365070644066  LUMO = -95.5584354261664
cycle= 219 E= 46032.6124316183  delta_E= 1.27e-07  |g|= 0.00157  |ddm|= 0.000173
  HOMO = -98.7365289049899  LUMO = -95.5584358773785
cycle= 220 E= 46032.6124315744  delta_E= -4.4e-08  |g|= 0.00155  |ddm|= 0.00019
  HOMO = -98.7364788820754  LUMO = -95.5584349876291
cycle= 221 E= 46032.6124311045  delta_E= -4.7e-07  |g|= 0.00132  |ddm|= 0.000573
  HOMO = -98.7365088408355  LUMO = -95.5584353008202
cycle= 222 E= 46032.6124308146  delta_E= -2.9e-07  |g|= 0.00112  |ddm|= 0.000425
  HOMO = -98.7365348902957  LUMO = -95.5584358132047
cycle= 223 E= 46032.6124307405  delta_E= -7.4e-08  |g|= 0.00107  |ddm|= 0.000173
  HOMO = -98.7365279284016  LUMO = -95.558436421193
cycle= 224 E= 46032.6124307586  delta_E= 1.81e-08  |g|= 0.00108  |ddm|= 6.82e-05
  HOMO = -98.7365206057401  LUMO = -95.5584370549646
cycle= 225 E= 46032.6124306963  delta_E= -6.24e-08  |g|= 0.00104  |ddm|= 0.000133
  HOMO = -98.7365301744332  LUMO = -95.5584365961852
cycle= 226 E= 46032.6124305576  delta_E= -1.39e-07  |g|= 0.000934  |ddm|= 0.000321
  HOMO = -98.7365272605097  LUMO = -95.5584355222572
cycle= 227 E= 46032.6124305315  delta_E= -2.6e-08  |g|= 0.0009  |ddm|= 0.00023
  HOMO = -98.7365146094704  LUMO = -95.5584356375701
cycle= 228 E= 46032.6124305598  delta_E= 2.83e-08  |g|= 0.00092  |ddm|= 9.41e-05
  HOMO = -98.7364932372454  LUMO = -95.5584348085603
cycle= 229 E= 46032.6124303494  delta_E= -2.1e-07  |g|= 0.000738  |ddm|= 0.000352
  HOMO = -98.7365217523703  LUMO = -95.5584354609853
cycle= 230 E= 46032.6124302006  delta_E= -1.49e-07  |g|= 0.000558  |ddm|= 0.000337
  HOMO = -98.7365267110925  LUMO = -95.558435817789
cycle= 231 E= 46032.6124301584  delta_E= -4.22e-08  |g|= 0.000488  |ddm|= 0.000136
  HOMO = -98.736507779433  LUMO = -95.5584350362054
cycle= 232 E= 46032.6124301569  delta_E= -1.48e-09  |g|= 0.00048  |ddm|= 3.33e-05
  HOMO = -98.7365056714485  LUMO = -95.5584356488677
cycle= 233 E= 46032.6124301617  delta_E= 4.77e-09  |g|= 0.000488  |ddm|= 3.42e-05
  HOMO = -98.7365113261629  LUMO = -95.5584351751442
cycle= 234 E= 46032.6124301728  delta_E= 1.12e-08  |g|= 0.000504  |ddm|= 5.19e-05
  HOMO = -98.7365140656212  LUMO = -95.5584352264131
cycle= 235 E= 46032.6124301867  delta_E= 1.38e-08  |g|= 0.000526  |ddm|= 5.31e-05
  HOMO = -98.7365109390532  LUMO = -95.5584353171249
cycle= 236 E= 46032.6124302002  delta_E= 1.36e-08  |g|= 0.000548  |ddm|= 4.08e-05
  HOMO = -98.7365112172407  LUMO = -95.5584353109383
cycle= 237 E= 46032.6124301669  delta_E= -3.33e-08  |g|= 0.000495  |ddm|= 0.00014
  HOMO = -98.7365185015383  LUMO = -95.5584356193423
cycle= 238 E= 46032.6124301304  delta_E= -3.65e-08  |g|= 0.00044  |ddm|= 0.000139
  HOMO = -98.7365107154435  LUMO = -95.5584353041665
cycle= 239 E= 46032.6124301125  delta_E= -1.79e-08  |g|= 0.000404  |ddm|= 7.12e-05
  HOMO = -98.7365054791108  LUMO = -95.5584350377473
cycle= 240 E= 46032.612430108  delta_E= -4.54e-09  |g|= 0.000395  |ddm|= 3.05e-05
  HOMO = -98.7365128726778  LUMO = -95.5584348771271
cycle= 241 E= 46032.612430103  delta_E= -4.97e-09  |g|= 0.000388  |ddm|= 5.53e-05
  HOMO = -98.7365055910811  LUMO = -95.5584348884465
cycle= 242 E= 46032.612430099  delta_E= -4.01e-09  |g|= 0.00038  |ddm|= 6.34e-05
  HOMO = -98.7365011332116  LUMO = -95.5584348155148
cycle= 243 E= 46032.6124301013  delta_E= 2.32e-09  |g|= 0.000381  |ddm|= 7.37e-05
  HOMO = -98.7365078864926  LUMO = -95.5584349344675
cycle= 244 E= 46032.6124301047  delta_E= 3.41e-09  |g|= 0.000389  |ddm|= 3.72e-05
  HOMO = -98.7365062198086  LUMO = -95.5584349264707
cycle= 245 E= 46032.6124300903  delta_E= -1.44e-08  |g|= 0.000355  |ddm|= 5.79e-05
  HOMO = -98.7365147299561  LUMO = -95.5584352991753
cycle= 246 E= 46032.6124300558  delta_E= -3.46e-08  |g|= 0.000276  |ddm|= 0.000151
  HOMO = -98.7365080164808  LUMO = -95.5584352371181
cycle= 247 E= 46032.6124300373  delta_E= -1.85e-08  |g|= 0.000216  |ddm|= 0.000105
  HOMO = -98.73650508891  LUMO = -95.5584348618768
cycle= 248 E= 46032.612430036  delta_E= -1.25e-09  |g|= 0.000211  |ddm|= 2.5e-05
  HOMO = -98.7365074569105  LUMO = -95.5584350482391
cycle= 249 E= 46032.6124300373  delta_E= 1.24e-09  |g|= 0.000215  |ddm|= 1.92e-05
  HOMO = -98.7365105138795  LUMO = -95.558435408407
cycle= 250 E= 46032.6124300389  delta_E= 1.68e-09  |g|= 0.000221  |ddm|= 2.65e-05
  HOMO = -98.7365078921428  LUMO = -95.5584352097837
cycle= 251 E= 46032.612430042  delta_E= 3.05e-09  |g|= 0.000231  |ddm|= 2.47e-05
  HOMO = -98.7365068638439  LUMO = -95.5584349673995
cycle= 252 E= 46032.6124300448  delta_E= 2.82e-09  |g|= 0.000242  |ddm|= 1.69e-05
  HOMO = -98.7365085613854  LUMO = -95.558435039868
cycle= 253 E= 46032.612430046  delta_E= 1.17e-09  |g|= 0.000244  |ddm|= 1.84e-05
  HOMO = -98.7365151186088  LUMO = -95.5584350154577
cycle= 254 E= 46032.6124300354  delta_E= -1.06e-08  |g|= 0.000211  |ddm|= 7.62e-05
  HOMO = -98.7365081302397  LUMO = -95.5584352848805
cycle= 255 E= 46032.6124300303  delta_E= -5.08e-09  |g|= 0.000189  |ddm|= 5.33e-05
  HOMO = -98.736506462128  LUMO = -95.558435189609
cycle= 256 E= 46032.6124300287  delta_E= -1.6e-09  |g|= 0.000182  |ddm|= 1.44e-05
  HOMO = -98.7365062037278  LUMO = -95.5584350056385
cycle= 257 E= 46032.6124300278  delta_E= -8.88e-10  |g|= 0.000179  |ddm|= 1.45e-05
  HOMO = -98.7365027879111  LUMO = -95.5584348979188
cycle= 258 E= 46032.612430025  delta_E= -2.75e-09  |g|= 0.000168  |ddm|= 4.36e-05
  HOMO = -98.7365059306315  LUMO = -95.5584348049466
cycle= 259 E= 46032.612430024  delta_E= -1.01e-09  |g|= 0.000162  |ddm|= 3.89e-05
  HOMO = -98.7365072230315  LUMO = -95.5584348440419
cycle= 260 E= 46032.6124300247  delta_E= 6.48e-10  |g|= 0.000164  |ddm|= 2.47e-05
  HOMO = -98.7365066466239  LUMO = -95.5584349770864
cycle= 261 E= 46032.6124300256  delta_E= 9.68e-10  |g|= 0.00017  |ddm|= 1.55e-05
  HOMO = -98.736513085029  LUMO = -95.558435412283
cycle= 262 E= 46032.6124300181  delta_E= -7.55e-09  |g|= 0.00013  |ddm|= 6.89e-05
  HOMO = -98.7365062104659  LUMO = -95.5584348155572
cycle= 263 E= 46032.6124300143  delta_E= -3.82e-09  |g|= 0.000107  |ddm|= 4.65e-05
  HOMO = -98.7365065145335  LUMO = -95.558434814306
cycle= 264 E= 46032.6124300127  delta_E= -1.57e-09  |g|= 9.22e-05  |ddm|= 2.39e-05
  HOMO = -98.7365081446482  LUMO = -95.5584352217677
cycle= 265 E= 46032.6124300125  delta_E= -2.18e-10  |g|= 9.06e-05  |ddm|= 7.59e-06
  HOMO = -98.7365082326276  LUMO = -95.5584350906561
cycle= 266 E= 46032.6124300126  delta_E= 7.28e-11  |g|= 9.13e-05  |ddm|= 9.8e-06
  HOMO = -98.7365075490248  LUMO = -95.5584351539718
cycle= 267 E= 46032.612430013  delta_E= 4.07e-10  |g|= 9.44e-05  |ddm|= 1.15e-05
  HOMO = -98.736506932406  LUMO = -95.5584351945553
cycle= 268 E= 46032.6124300135  delta_E= 5.68e-10  |g|= 9.91e-05  |ddm|= 1e-05
  HOMO = -98.7365068109633  LUMO = -95.5584350979087
cycle= 269 E= 46032.612430014  delta_E= 4.29e-10  |g|= 0.000103  |ddm|= 6.4e-06
  HOMO = -98.7365100655107  LUMO = -95.5584352481696
cycle= 270 E= 46032.6124300126  delta_E= -1.33e-09  |g|= 9.13e-05  |ddm|= 2.38e-05
  HOMO = -98.7365068796733  LUMO = -95.558435229939
cycle= 271 E= 46032.612430011  delta_E= -1.61e-09  |g|= 7.75e-05  |ddm|= 3.16e-05
  HOMO = -98.7365073890165  LUMO = -95.558435335139
cycle= 272 E= 46032.6124300103  delta_E= -7.35e-10  |g|= 6.91e-05  |ddm|= 1.71e-05
  HOMO = -98.736507094178  LUMO = -95.5584349850886
cycle= 273 E= 46032.61243001  delta_E= -2.62e-10  |g|= 6.61e-05  |ddm|= 6.53e-06
  HOMO = -98.7365066105041  LUMO = -95.5584350005178
cycle= 274 E= 46032.6124300096  delta_E= -4.15e-10  |g|= 6.19e-05  |ddm|= 1.27e-05
  HOMO = -98.736506959129  LUMO = -95.5584350845048
cycle= 275 E= 46032.6124300094  delta_E= -2.33e-10  |g|= 5.86e-05  |ddm|= 1.51e-05
  HOMO = -98.7365068021246  LUMO = -95.5584351532423
cycle= 276 E= 46032.6124300094  delta_E= 4.37e-11  |g|= 5.87e-05  |ddm|= 1.13e-05
  HOMO = -98.7365069682239  LUMO = -95.5584349827727
cycle= 277 E= 46032.6124300095  delta_E= 5.09e-11  |g|= 5.97e-05  |ddm|= 5.82e-06
  HOMO = -98.7365085522237  LUMO = -95.5584348598234
cycle= 278 E= 46032.6124300092  delta_E= -3.06e-10  |g|= 5.47e-05  |ddm|= 8.94e-06
  HOMO = -98.7365070547275  LUMO = -95.5584353176037
cycle= 279 E= 46032.6124300083  delta_E= -8.37e-10  |g|= 4.19e-05  |ddm|= 2.37e-05
  HOMO = -98.7365080335569  LUMO = -95.5584351716932
cycle= 280 E= 46032.6124300079  delta_E= -4.73e-10  |g|= 3.24e-05  |ddm|= 1.78e-05
  HOMO = -98.7365076105134  LUMO = -95.5584349960158
cycle= 281 E= 46032.6124300077  delta_E= -1.67e-10  |g|= 2.77e-05  |ddm|= 7.96e-06
converged SCF energy = 46032.6124300077

计算收敛！总能量: 46032.61243001 Hartree
